# JRE version: OpenJDK Runtime Environment (7.0_95) (build 1.7.0_95-b00)
# Java VM: OpenJDK 64-Bit Server VM (24.95-b01 mixed mode linux-amd64 compressed oops)
Heap
 PSYoungGen      total 130560K, used 125808K [0x00000000ec100000, 0x00000000f4800000, 0x0000000100000000)
  eden space 122880K, 100% used [0x00000000ec100000,0x00000000f3900000,0x00000000f3900000)
  from space 7680K, 38% used [0x00000000f4080000,0x00000000f435c020,0x00000000f4800000)
  to   space 7680K, 0% used [0x00000000f3900000,0x00000000f3900000,0x00000000f4080000)
 ParOldGen       total 40448K, used 9051K [0x00000000c4400000, 0x00000000c6b80000, 0x00000000ec100000)
  object space 40448K, 22% used [0x00000000c4400000,0x00000000c4cd6dc0,0x00000000c6b80000)
 PSPermGen       total 24576K, used 24281K [0x00000000b9e00000, 0x00000000bb600000, 0x00000000c4400000)
  object space 24576K, 98% used [0x00000000b9e00000,0x00000000bb5b67f0,0x00000000bb600000)
GC Heap History (10 events):
Event: 1.350 GC heap before
{Heap before GC invocations=2 (full 0):
 PSYoungGen      total 17920K, used 17899K [0x00000000ec100000, 0x00000000ee400000, 0x0000000100000000)
  eden space 15360K, 100% used [0x00000000ec100000,0x00000000ed000000,0x00000000ed000000)
  from space 2560K, 99% used [0x00000000ed000000,0x00000000ed27ada0,0x00000000ed280000)
  to   space 2560K, 0% used [0x00000000ee180000,0x00000000ee180000,0x00000000ee400000)
 ParOldGen       total 40448K, used 864K [0x00000000c4400000, 0x00000000c6b80000, 0x00000000ec100000)
  object space 40448K, 2% used [0x00000000c4400000,0x00000000c44d8088,0x00000000c6b80000)
 PSPermGen       total 21504K, used 11637K [0x00000000b9e00000, 0x00000000bb300000, 0x00000000c4400000)
  object space 21504K, 54% used [0x00000000b9e00000,0x00000000ba95d518,0x00000000bb300000)
Event: 1.356 GC heap after
Heap after GC invocations=2 (full 0):
 PSYoungGen      total 33280K, used 2558K [0x00000000ec100000, 0x00000000ee400000, 0x0000000100000000)
  eden space 30720K, 0% used [0x00000000ec100000,0x00000000ec100000,0x00000000edf00000)
  from space 2560K, 99% used [0x00000000ee180000,0x00000000ee3ff8c0,0x00000000ee400000)
  to   space 2560K, 0% used [0x00000000edf00000,0x00000000edf00000,0x00000000ee180000)
 ParOldGen       total 40448K, used 1256K [0x00000000c4400000, 0x00000000c6b80000, 0x00000000ec100000)
  object space 40448K, 3% used [0x00000000c4400000,0x00000000c453a140,0x00000000c6b80000)
 PSPermGen       total 21504K, used 11637K [0x00000000b9e00000, 0x00000000bb300000, 0x00000000c4400000)
  object space 21504K, 54% used [0x00000000b9e00000,0x00000000ba95d518,0x00000000bb300000)
}
Event: 1.831 GC heap before
{Heap before GC invocations=3 (full 0):
 PSYoungGen      total 33280K, used 33278K [0x00000000ec100000, 0x00000000ee400000, 0x0000000100000000)
  eden space 30720K, 100% used [0x00000000ec100000,0x00000000edf00000,0x00000000edf00000)
  from space 2560K, 99% used [0x00000000ee180000,0x00000000ee3ff8c0,0x00000000ee400000)
  to   space 2560K, 0% used [0x00000000edf00000,0x00000000edf00000,0x00000000ee180000)
 ParOldGen       total 40448K, used 1256K [0x00000000c4400000, 0x00000000c6b80000, 0x00000000ec100000)
  object space 40448K, 3% used [0x00000000c4400000,0x00000000c453a140,0x00000000c6b80000)
 PSPermGen       total 21504K, used 17736K [0x00000000b9e00000, 0x00000000bb300000, 0x00000000c4400000)
  object space 21504K, 82% used [0x00000000b9e00000,0x00000000baf520a0,0x00000000bb300000)
Event: 1.840 GC heap after
Heap after GC invocations=3 (full 0):
 PSYoungGen      total 33280K, used 2528K [0x00000000ec100000, 0x00000000f0200000, 0x0000000100000000)
  eden space 30720K, 0% used [0x00000000ec100000,0x00000000ec100000,0x00000000edf00000)
  from space 2560K, 98% used [0x00000000edf00000,0x00000000ee178050,0x00000000ee180000)
  to   space 2560K, 0% used [0x00000000eff80000,0x00000000eff80000,0x00000000f0200000)
 ParOldGen       total 40448K, used 6637K [0x00000000c4400000, 0x00000000c6b80000, 0x00000000ec100000)
  object space 40448K, 16% used [0x00000000c4400000,0x00000000c4a7b578,0x00000000c6b80000)
 PSPermGen       total 21504K, used 17736K [0x00000000b9e00000, 0x00000000bb300000, 0x00000000c4400000)
  object space 21504K, 82% used [0x00000000b9e00000,0x00000000baf520a0,0x00000000bb300000)
}
Event: 7.466 GC heap before
{Heap before GC invocations=4 (full 0):
 PSYoungGen      total 33280K, used 33248K [0x00000000ec100000, 0x00000000f0200000, 0x0000000100000000)
  eden space 30720K, 100% used [0x00000000ec100000,0x00000000edf00000,0x00000000edf00000)
  from space 2560K, 98% used [0x00000000edf00000,0x00000000ee178050,0x00000000ee180000)
  to   space 2560K, 0% used [0x00000000eff80000,0x00000000eff80000,0x00000000f0200000)
 ParOldGen       total 40448K, used 6637K [0x00000000c4400000, 0x00000000c6b80000, 0x00000000ec100000)
  object space 40448K, 16% used [0x00000000c4400000,0x00000000c4a7b578,0x00000000c6b80000)
 PSPermGen       total 21504K, used 20631K [0x00000000b9e00000, 0x00000000bb300000, 0x00000000c4400000)
  object space 21504K, 95% used [0x00000000b9e00000,0x00000000bb225fa8,0x00000000bb300000)
Event: 7.477 GC heap after
Heap after GC invocations=4 (full 0):
 PSYoungGen      total 64000K, used 2528K [0x00000000ec100000, 0x00000000f0200000, 0x0000000100000000)
  eden space 61440K, 0% used [0x00000000ec100000,0x00000000ec100000,0x00000000efd00000)
  from space 2560K, 98% used [0x00000000eff80000,0x00000000f01f8020,0x00000000f0200000)
  to   space 2560K, 0% used [0x00000000efd00000,0x00000000efd00000,0x00000000eff80000)
 ParOldGen       total 40448K, used 8727K [0x00000000c4400000, 0x00000000c6b80000, 0x00000000ec100000)
  object space 40448K, 21% used [0x00000000c4400000,0x00000000c4c85da0,0x00000000c6b80000)
 PSPermGen       total 21504K, used 20631K [0x00000000b9e00000, 0x00000000bb300000, 0x00000000c4400000)
  object space 21504K, 95% used [0x00000000b9e00000,0x00000000bb225fa8,0x00000000bb300000)
}
Event: 7.707 GC heap before
{Heap before GC invocations=5 (full 0):
 PSYoungGen      total 64000K, used 63968K [0x00000000ec100000, 0x00000000f0200000, 0x0000000100000000)
  eden space 61440K, 100% used [0x00000000ec100000,0x00000000efd00000,0x00000000efd00000)
  from space 2560K, 98% used [0x00000000eff80000,0x00000000f01f8020,0x00000000f0200000)
  to   space 2560K, 0% used [0x00000000efd00000,0x00000000efd00000,0x00000000eff80000)
 ParOldGen       total 40448K, used 8727K [0x00000000c4400000, 0x00000000c6b80000, 0x00000000ec100000)
  object space 40448K, 21% used [0x00000000c4400000,0x00000000c4c85da0,0x00000000c6b80000)
 PSPermGen       total 21504K, used 20671K [0x00000000b9e00000, 0x00000000bb300000, 0x00000000c4400000)
  object space 21504K, 96% used [0x00000000b9e00000,0x00000000bb22fd20,0x00000000bb300000)
Event: 7.712 GC heap after
Heap after GC invocations=5 (full 0):
 PSYoungGen      total 64000K, used 2544K [0x00000000ec100000, 0x00000000f4800000, 0x0000000100000000)
  eden space 61440K, 0% used [0x00000000ec100000,0x00000000ec100000,0x00000000efd00000)
  from space 2560K, 99% used [0x00000000efd00000,0x00000000eff7c020,0x00000000eff80000)
  to   space 7680K, 0% used [0x00000000f4080000,0x00000000f4080000,0x00000000f4800000)
 ParOldGen       total 40448K, used 9043K [0x00000000c4400000, 0x00000000c6b80000, 0x00000000ec100000)
  object space 40448K, 22% used [0x00000000c4400000,0x00000000c4cd4dc0,0x00000000c6b80000)
 PSPermGen       total 21504K, used 20671K [0x00000000b9e00000, 0x00000000bb300000, 0x00000000c4400000)
  object space 21504K, 96% used [0x00000000b9e00000,0x00000000bb22fd20,0x00000000bb300000)
}
Event: 183.389 GC heap before
{Heap before GC invocations=6 (full 0):
 PSYoungGen      total 64000K, used 63984K [0x00000000ec100000, 0x00000000f4800000, 0x0000000100000000)
  eden space 61440K, 100% used [0x00000000ec100000,0x00000000efd00000,0x00000000efd00000)
  from space 2560K, 99% used [0x00000000efd00000,0x00000000eff7c020,0x00000000eff80000)
  to   space 7680K, 0% used [0x00000000f4080000,0x00000000f4080000,0x00000000f4800000)
 ParOldGen       total 40448K, used 9043K [0x00000000c4400000, 0x00000000c6b80000, 0x00000000ec100000)
  object space 40448K, 22% used [0x00000000c4400000,0x00000000c4cd4dc0,0x00000000c6b80000)
 PSPermGen       total 21504K, used 21116K [0x00000000b9e00000, 0x00000000bb300000, 0x00000000c4400000)
  object space 21504K, 98% used [0x00000000b9e00000,0x00000000bb29f2a0,0x00000000bb300000)
Event: 183.396 GC heap after
Heap after GC invocations=6 (full 0):
 PSYoungGen      total 130560K, used 2928K [0x00000000ec100000, 0x00000000f4800000, 0x0000000100000000)
  eden space 122880K, 0% used [0x00000000ec100000,0x00000000ec100000,0x00000000f3900000)
  from space 7680K, 38% used [0x00000000f4080000,0x00000000f435c020,0x00000000f4800000)
  to   space 7680K, 0% used [0x00000000f3900000,0x00000000f3900000,0x00000000f4080000)
 ParOldGen       total 40448K, used 9051K [0x00000000c4400000, 0x00000000c6b80000, 0x00000000ec100000)
  object space 40448K, 22% used [0x00000000c4400000,0x00000000c4cd6dc0,0x00000000c6b80000)
 PSPermGen       total 21504K, used 21116K [0x00000000b9e00000, 0x00000000bb300000, 0x00000000c4400000)
  object space 21504K, 98% used [0x00000000b9e00000,0x00000000bb29f2a0,0x00000000bb300000)
}

