<?xml version="1.0" encoding="UTF-8"?>
<!-- Generated by org.testng.reporters.JUnitXMLReporter -->
<testsuite hostname="SFR-6086" name="CIMS Automation Execution" tests="6" failures="1" timestamp="13 Jul 2016 18:23:10 GMT" time="7717.618" errors="0">
  <testcase name="@BeforeClass isSkipped" time="0.0" classname="CIMS.CIMS_Company">
    <skipped/>
  </testcase> <!-- @BeforeClass isSkipped -->
  <testcase name="@AfterMethod closeBrowser" time="0.0" classname="CIMS.CIMS_Company">
    <skipped/>
  </testcase> <!-- @AfterMethod closeBrowser -->
  <testcase name="@BeforeClass isSkipped" time="0.0" classname="CIMS.CIMS_Regression_Suite">
    <skipped/>
  </testcase> <!-- @BeforeClass isSkipped -->
  <testcase name="@AfterMethod closeBrowser" time="0.0" classname="CIMS.CIMS_Regression_Suite">
    <skipped/>
  </testcase> <!-- @AfterMethod closeBrowser -->
  <testcase name="@BeforeClass isSkipped" time="0.0" classname="CIMS.CIMS_Left_Navigation">
    <skipped/>
  </testcase> <!-- @BeforeClass isSkipped -->
  <testcase name="@AfterMethod closeBrowser" time="0.0" classname="CIMS.CIMS_Left_Navigation">
    <skipped/>
  </testcase> <!-- @AfterMethod closeBrowser -->
  <testcase name="@BeforeClass isSkipped" time="0.0" classname="CIMS.CIMS_General_Admin">
    <skipped/>
  </testcase> <!-- @BeforeClass isSkipped -->
  <testcase name="@AfterMethod closeBrowser" time="0.0" classname="CIMS.CIMS_General_Admin">
    <skipped/>
  </testcase> <!-- @AfterMethod closeBrowser -->
  <testcase name="ClearTempFiles" time="9.266" classname="CIMS.CIMS_ClearTemp"/>
  <testcase name="CIMSCompany" time="0.0" classname="CIMS.CIMS_Company">
    <skipped/>
  </testcase> <!-- CIMSCompany -->
  <testcase name="CIMSSingleProjectInitiation" time="0.001" classname="CIMS.CIMS_Regression_Suite">
    <skipped/>
  </testcase> <!-- CIMSSingleProjectInitiation -->
  <testcase name="CIMSLeftNavigation" time="0.001" classname="CIMS.CIMS_Left_Navigation">
    <skipped/>
  </testcase> <!-- CIMSLeftNavigation -->
  <testcase name="CIMS_GeneralAdmin" time="0.001" classname="CIMS.CIMS_General_Admin">
    <skipped/>
  </testcase> <!-- CIMS_GeneralAdmin -->
  <testcase name="CIMSMain" time="7694.924" classname="CIMS.CIMS_MainProject">
    <failure type="java.lang.Throwable" message="Multiple failures (117):

Failure 1 of 117:
java.io.IOException: The filename, directory name, or volume label syntax is incorrect
	at java.io.WinNTFileSystem.canonicalize0(Native Method)
	at java.io.WinNTFileSystem.canonicalize(Unknown Source)
	at java.io.File.getCanonicalPath(Unknown Source)
	at org.apache.commons.io.FileUtils.copyFile(FileUtils.java:1079)
	at org.apache.commons.io.FileUtils.copyFile(FileUtils.java:1038)
	at util.UtilFunction.takeScreenShot(UtilFunction.java:918)
	at CIMS.Modules.Questionnaires.CIMS_Login.TakeScreenshot(CIMS_Login.java:402)
	at CIMS.Modules.Questionnaires.CIMS_Login.Welcome_Page(CIMS_Login.java:168)
	at CIMS.CIMS_MainProject.CIMSMain(CIMS_MainProject.java:325)
	at sun.reflect.NativeMethodAccessorImpl.invoke0(Native Method)
	at sun.reflect.NativeMethodAccessorImpl.invoke(Unknown Source)
	at sun.reflect.DelegatingMethodAccessorImpl.invoke(Unknown Source)
	at java.lang.reflect.Method.invoke(Unknown Source)
	at org.testng.internal.MethodInvocationHelper.invokeMethod(MethodInvocationHelper.java:85)
	at org.testng.internal.Invoker.invokeMethod(Invoker.java:648)
	at org.testng.internal.Invoker.invokeTestMethod(Invoker.java:834)
	at org.testng.internal.Invoker.invokeTestMethods(Invoker.java:1142)
	at org.testng.internal.TestMethodWorker.invokeTestMethods(TestMethodWorker.java:124)
	at org.testng.internal.TestMethodWorker.run(TestMethodWorker.java:108)
	at org.testng.TestRunner.privateRun(TestRunner.java:771)
	at org.testng.TestRunner.run(TestRunner.java:621)
	at org.testng.SuiteRunner.runTest(SuiteRunner.java:357)
	at org.testng.SuiteRunner.access$000(SuiteRunner.java:38)
	at org.testng.SuiteRunner$SuiteWorker.run(SuiteRunner.java:391)
	at org.testng.internal.thread.ThreadUtil$2.call(ThreadUtil.java:64)
	at java.util.concurrent.FutureTask.run(Unknown Source)
	at java.util.concurrent.ThreadPoolExecutor.runWorker(Unknown Source)
	at java.util.concurrent.ThreadPoolExecutor$Worker.run(Unknown Source)
	at java.lang.Thread.run(Unknown Source)


Failure 2 of 117:
java.lang.Throwable: Error occoured while getting the column number with data from excel sheet.
	at util.UtilFunction.getColumnWithCellData(UtilFunction.java:623)
	at CIMS.CIMS_MainProject.CIMSMain(CIMS_MainProject.java:425)
	at sun.reflect.NativeMethodAccessorImpl.invoke0(Native Method)
	at sun.reflect.NativeMethodAccessorImpl.invoke(Unknown Source)
	at sun.reflect.DelegatingMethodAccessorImpl.invoke(Unknown Source)
	at java.lang.reflect.Method.invoke(Unknown Source)
	at org.testng.internal.MethodInvocationHelper.invokeMethod(MethodInvocationHelper.java:85)
	at org.testng.internal.Invoker.invokeMethod(Invoker.java:648)
	at org.testng.internal.Invoker.invokeTestMethod(Invoker.java:834)
	at org.testng.internal.Invoker.invokeTestMethods(Invoker.java:1142)
	at org.testng.internal.TestMethodWorker.invokeTestMethods(TestMethodWorker.java:124)
	at org.testng.internal.TestMethodWorker.run(TestMethodWorker.java:108)
	at org.testng.TestRunner.privateRun(TestRunner.java:771)
	at org.testng.TestRunner.run(TestRunner.java:621)
	at org.testng.SuiteRunner.runTest(SuiteRunner.java:357)
	at org.testng.SuiteRunner.access$000(SuiteRunner.java:38)
	at org.testng.SuiteRunner$SuiteWorker.run(SuiteRunner.java:391)
	at org.testng.internal.thread.ThreadUtil$2.call(ThreadUtil.java:64)
	at java.util.concurrent.FutureTask.run(Unknown Source)
	at java.util.concurrent.ThreadPoolExecutor.runWorker(Unknown Source)
	at java.util.concurrent.ThreadPoolExecutor$Worker.run(Unknown Source)
	at java.lang.Thread.run(Unknown Source)


Failure 3 of 117:
java.lang.Throwable: Error occoured while getting the column number with data from excel sheet.
	at util.UtilFunction.getColumnWithCellData(UtilFunction.java:623)
	at CIMS.CIMS_MainProject.ScenarioAndTotalcounter(CIMS_MainProject.java:2379)
	at CIMS.CIMS_MainProject.firstHalfModulesOfQuestionnaire(CIMS_MainProject.java:2401)
	at CIMS.CIMS_MainProject.CIMSMain(CIMS_MainProject.java:431)
	at sun.reflect.NativeMethodAccessorImpl.invoke0(Native Method)
	at sun.reflect.NativeMethodAccessorImpl.invoke(Unknown Source)
	at sun.reflect.DelegatingMethodAccessorImpl.invoke(Unknown Source)
	at java.lang.reflect.Method.invoke(Unknown Source)
	at org.testng.internal.MethodInvocationHelper.invokeMethod(MethodInvocationHelper.java:85)
	at org.testng.internal.Invoker.invokeMethod(Invoker.java:648)
	at org.testng.internal.Invoker.invokeTestMethod(Invoker.java:834)
	at org.testng.internal.Invoker.invokeTestMethods(Invoker.java:1142)
	at org.testng.internal.TestMethodWorker.invokeTestMethods(TestMethodWorker.java:124)
	at org.testng.internal.TestMethodWorker.run(TestMethodWorker.java:108)
	at org.testng.TestRunner.privateRun(TestRunner.java:771)
	at org.testng.TestRunner.run(TestRunner.java:621)
	at org.testng.SuiteRunner.runTest(SuiteRunner.java:357)
	at org.testng.SuiteRunner.access$000(SuiteRunner.java:38)
	at org.testng.SuiteRunner$SuiteWorker.run(SuiteRunner.java:391)
	at org.testng.internal.thread.ThreadUtil$2.call(ThreadUtil.java:64)
	at java.util.concurrent.FutureTask.run(Unknown Source)
	at java.util.concurrent.ThreadPoolExecutor.runWorker(Unknown Source)
	at java.util.concurrent.ThreadPoolExecutor$Worker.run(Unknown Source)
	at java.lang.Thread.run(Unknown Source)


Failure 4 of 117:
java.lang.Throwable: Error occoured while getting the column number with data from excel sheet.
	at util.UtilFunction.getColumnWithCellData(UtilFunction.java:623)
	at util.UtilFunction.custom_field_data(UtilFunction.java:2023)
	at CIMS.Modules.Questionnaires.CIMS_Basic_Information_module.Basic_Information_info(CIMS_Basic_Information_module.java:322)
	at CIMS.CIMS_MainProject.firstHalfModulesOfQuestionnaire(CIMS_MainProject.java:2407)
	at CIMS.CIMS_MainProject.CIMSMain(CIMS_MainProject.java:431)
	at sun.reflect.NativeMethodAccessorImpl.invoke0(Native Method)
	at sun.reflect.NativeMethodAccessorImpl.invoke(Unknown Source)
	at sun.reflect.DelegatingMethodAccessorImpl.invoke(Unknown Source)
	at java.lang.reflect.Method.invoke(Unknown Source)
	at org.testng.internal.MethodInvocationHelper.invokeMethod(MethodInvocationHelper.java:85)
	at org.testng.internal.Invoker.invokeMethod(Invoker.java:648)
	at org.testng.internal.Invoker.invokeTestMethod(Invoker.java:834)
	at org.testng.internal.Invoker.invokeTestMethods(Invoker.java:1142)
	at org.testng.internal.TestMethodWorker.invokeTestMethods(TestMethodWorker.java:124)
	at org.testng.internal.TestMethodWorker.run(TestMethodWorker.java:108)
	at org.testng.TestRunner.privateRun(TestRunner.java:771)
	at org.testng.TestRunner.run(TestRunner.java:621)
	at org.testng.SuiteRunner.runTest(SuiteRunner.java:357)
	at org.testng.SuiteRunner.access$000(SuiteRunner.java:38)
	at org.testng.SuiteRunner$SuiteWorker.run(SuiteRunner.java:391)
	at org.testng.internal.thread.ThreadUtil$2.call(ThreadUtil.java:64)
	at java.util.concurrent.FutureTask.run(Unknown Source)
	at java.util.concurrent.ThreadPoolExecutor.runWorker(Unknown Source)
	at java.util.concurrent.ThreadPoolExecutor$Worker.run(Unknown Source)
	at java.lang.Thread.run(Unknown Source)


Failure 5 of 117:
java.lang.Throwable: Error occoured while getting the column number with data from excel sheet.
	at util.UtilFunction.getColumnWithCellData(UtilFunction.java:623)
	at util.UtilFunction.custom_field_data(UtilFunction.java:2025)
	at CIMS.Modules.Questionnaires.CIMS_Basic_Information_module.Basic_Information_info(CIMS_Basic_Information_module.java:322)
	at CIMS.CIMS_MainProject.firstHalfModulesOfQuestionnaire(CIMS_MainProject.java:2407)
	at CIMS.CIMS_MainProject.CIMSMain(CIMS_MainProject.java:431)
	at sun.reflect.NativeMethodAccessorImpl.invoke0(Native Method)
	at sun.reflect.NativeMethodAccessorImpl.invoke(Unknown Source)
	at sun.reflect.DelegatingMethodAccessorImpl.invoke(Unknown Source)
	at java.lang.reflect.Method.invoke(Unknown Source)
	at org.testng.internal.MethodInvocationHelper.invokeMethod(MethodInvocationHelper.java:85)
	at org.testng.internal.Invoker.invokeMethod(Invoker.java:648)
	at org.testng.internal.Invoker.invokeTestMethod(Invoker.java:834)
	at org.testng.internal.Invoker.invokeTestMethods(Invoker.java:1142)
	at org.testng.internal.TestMethodWorker.invokeTestMethods(TestMethodWorker.java:124)
	at org.testng.internal.TestMethodWorker.run(TestMethodWorker.java:108)
	at org.testng.TestRunner.privateRun(TestRunner.java:771)
	at org.testng.TestRunner.run(TestRunner.java:621)
	at org.testng.SuiteRunner.runTest(SuiteRunner.java:357)
	at org.testng.SuiteRunner.access$000(SuiteRunner.java:38)
	at org.testng.SuiteRunner$SuiteWorker.run(SuiteRunner.java:391)
	at org.testng.internal.thread.ThreadUtil$2.call(ThreadUtil.java:64)
	at java.util.concurrent.FutureTask.run(Unknown Source)
	at java.util.concurrent.ThreadPoolExecutor.runWorker(Unknown Source)
	at java.util.concurrent.ThreadPoolExecutor$Worker.run(Unknown Source)
	at java.lang.Thread.run(Unknown Source)


Failure 6 of 117:
java.lang.Throwable: Error occoured while getting the column number with data from excel sheet.
	at util.UtilFunction.getColumnWithCellData(UtilFunction.java:623)
	at CIMS.CIMS_MainProject.ScenarioAndTotalcounter(CIMS_MainProject.java:2379)
	at CIMS.CIMS_MainProject.firstHalfModulesOfQuestionnaire(CIMS_MainProject.java:2401)
	at CIMS.CIMS_MainProject.CIMSMain(CIMS_MainProject.java:431)
	at sun.reflect.NativeMethodAccessorImpl.invoke0(Native Method)
	at sun.reflect.NativeMethodAccessorImpl.invoke(Unknown Source)
	at sun.reflect.DelegatingMethodAccessorImpl.invoke(Unknown Source)
	at java.lang.reflect.Method.invoke(Unknown Source)
	at org.testng.internal.MethodInvocationHelper.invokeMethod(MethodInvocationHelper.java:85)
	at org.testng.internal.Invoker.invokeMethod(Invoker.java:648)
	at org.testng.internal.Invoker.invokeTestMethod(Invoker.java:834)
	at org.testng.internal.Invoker.invokeTestMethods(Invoker.java:1142)
	at org.testng.internal.TestMethodWorker.invokeTestMethods(TestMethodWorker.java:124)
	at org.testng.internal.TestMethodWorker.run(TestMethodWorker.java:108)
	at org.testng.TestRunner.privateRun(TestRunner.java:771)
	at org.testng.TestRunner.run(TestRunner.java:621)
	at org.testng.SuiteRunner.runTest(SuiteRunner.java:357)
	at org.testng.SuiteRunner.access$000(SuiteRunner.java:38)
	at org.testng.SuiteRunner$SuiteWorker.run(SuiteRunner.java:391)
	at org.testng.internal.thread.ThreadUtil$2.call(ThreadUtil.java:64)
	at java.util.concurrent.FutureTask.run(Unknown Source)
	at java.util.concurrent.ThreadPoolExecutor.runWorker(Unknown Source)
	at java.util.concurrent.ThreadPoolExecutor$Worker.run(Unknown Source)
	at java.lang.Thread.run(Unknown Source)


Failure 7 of 117:
java.lang.Throwable: Error occoured while getting the column number with data from excel sheet.
	at util.UtilFunction.getColumnWithCellData(UtilFunction.java:623)
	at util.UtilFunction.custom_field_data(UtilFunction.java:2023)
	at CIMS.Modules.Questionnaires.CIMS_Basic_Information_module.Basic_Information_info(CIMS_Basic_Information_module.java:322)
	at CIMS.CIMS_MainProject.firstHalfModulesOfQuestionnaire(CIMS_MainProject.java:2407)
	at CIMS.CIMS_MainProject.CIMSMain(CIMS_MainProject.java:431)
	at sun.reflect.NativeMethodAccessorImpl.invoke0(Native Method)
	at sun.reflect.NativeMethodAccessorImpl.invoke(Unknown Source)
	at sun.reflect.DelegatingMethodAccessorImpl.invoke(Unknown Source)
	at java.lang.reflect.Method.invoke(Unknown Source)
	at org.testng.internal.MethodInvocationHelper.invokeMethod(MethodInvocationHelper.java:85)
	at org.testng.internal.Invoker.invokeMethod(Invoker.java:648)
	at org.testng.internal.Invoker.invokeTestMethod(Invoker.java:834)
	at org.testng.internal.Invoker.invokeTestMethods(Invoker.java:1142)
	at org.testng.internal.TestMethodWorker.invokeTestMethods(TestMethodWorker.java:124)
	at org.testng.internal.TestMethodWorker.run(TestMethodWorker.java:108)
	at org.testng.TestRunner.privateRun(TestRunner.java:771)
	at org.testng.TestRunner.run(TestRunner.java:621)
	at org.testng.SuiteRunner.runTest(SuiteRunner.java:357)
	at org.testng.SuiteRunner.access$000(SuiteRunner.java:38)
	at org.testng.SuiteRunner$SuiteWorker.run(SuiteRunner.java:391)
	at org.testng.internal.thread.ThreadUtil$2.call(ThreadUtil.java:64)
	at java.util.concurrent.FutureTask.run(Unknown Source)
	at java.util.concurrent.ThreadPoolExecutor.runWorker(Unknown Source)
	at java.util.concurrent.ThreadPoolExecutor$Worker.run(Unknown Source)
	at java.lang.Thread.run(Unknown Source)


Failure 8 of 117:
java.lang.Throwable: Error occoured while getting the column number with data from excel sheet.
	at util.UtilFunction.getColumnWithCellData(UtilFunction.java:623)
	at util.UtilFunction.custom_field_data(UtilFunction.java:2025)
	at CIMS.Modules.Questionnaires.CIMS_Basic_Information_module.Basic_Information_info(CIMS_Basic_Information_module.java:322)
	at CIMS.CIMS_MainProject.firstHalfModulesOfQuestionnaire(CIMS_MainProject.java:2407)
	at CIMS.CIMS_MainProject.CIMSMain(CIMS_MainProject.java:431)
	at sun.reflect.NativeMethodAccessorImpl.invoke0(Native Method)
	at sun.reflect.NativeMethodAccessorImpl.invoke(Unknown Source)
	at sun.reflect.DelegatingMethodAccessorImpl.invoke(Unknown Source)
	at java.lang.reflect.Method.invoke(Unknown Source)
	at org.testng.internal.MethodInvocationHelper.invokeMethod(MethodInvocationHelper.java:85)
	at org.testng.internal.Invoker.invokeMethod(Invoker.java:648)
	at org.testng.internal.Invoker.invokeTestMethod(Invoker.java:834)
	at org.testng.internal.Invoker.invokeTestMethods(Invoker.java:1142)
	at org.testng.internal.TestMethodWorker.invokeTestMethods(TestMethodWorker.java:124)
	at org.testng.internal.TestMethodWorker.run(TestMethodWorker.java:108)
	at org.testng.TestRunner.privateRun(TestRunner.java:771)
	at org.testng.TestRunner.run(TestRunner.java:621)
	at org.testng.SuiteRunner.runTest(SuiteRunner.java:357)
	at org.testng.SuiteRunner.access$000(SuiteRunner.java:38)
	at org.testng.SuiteRunner$SuiteWorker.run(SuiteRunner.java:391)
	at org.testng.internal.thread.ThreadUtil$2.call(ThreadUtil.java:64)
	at java.util.concurrent.FutureTask.run(Unknown Source)
	at java.util.concurrent.ThreadPoolExecutor.runWorker(Unknown Source)
	at java.util.concurrent.ThreadPoolExecutor$Worker.run(Unknown Source)
	at java.lang.Thread.run(Unknown Source)


Failure 9 of 117:
java.lang.Throwable: Error occoured while fetching the data from excel sheet.
	at util.UtilFunction.getCellData(UtilFunction.java:379)
	at util.UtilFunction.custom_field_data(UtilFunction.java:2032)
	at CIMS.Modules.Questionnaires.CIMS_Basic_Information_module.Basic_Information_info(CIMS_Basic_Information_module.java:322)
	at CIMS.CIMS_MainProject.firstHalfModulesOfQuestionnaire(CIMS_MainProject.java:2407)
	at CIMS.CIMS_MainProject.CIMSMain(CIMS_MainProject.java:431)
	at sun.reflect.NativeMethodAccessorImpl.invoke0(Native Method)
	at sun.reflect.NativeMethodAccessorImpl.invoke(Unknown Source)
	at sun.reflect.DelegatingMethodAccessorImpl.invoke(Unknown Source)
	at java.lang.reflect.Method.invoke(Unknown Source)
	at org.testng.internal.MethodInvocationHelper.invokeMethod(MethodInvocationHelper.java:85)
	at org.testng.internal.Invoker.invokeMethod(Invoker.java:648)
	at org.testng.internal.Invoker.invokeTestMethod(Invoker.java:834)
	at org.testng.internal.Invoker.invokeTestMethods(Invoker.java:1142)
	at org.testng.internal.TestMethodWorker.invokeTestMethods(TestMethodWorker.java:124)
	at org.testng.internal.TestMethodWorker.run(TestMethodWorker.java:108)
	at org.testng.TestRunner.privateRun(TestRunner.java:771)
	at org.testng.TestRunner.run(TestRunner.java:621)
	at org.testng.SuiteRunner.runTest(SuiteRunner.java:357)
	at org.testng.SuiteRunner.access$000(SuiteRunner.java:38)
	at org.testng.SuiteRunner$SuiteWorker.run(SuiteRunner.java:391)
	at org.testng.internal.thread.ThreadUtil$2.call(ThreadUtil.java:64)
	at java.util.concurrent.FutureTask.run(Unknown Source)
	at java.util.concurrent.ThreadPoolExecutor.runWorker(Unknown Source)
	at java.util.concurrent.ThreadPoolExecutor$Worker.run(Unknown Source)
	at java.lang.Thread.run(Unknown Source)


Failure 10 of 117:
java.lang.Throwable: Error occoured while getting the column number with data from excel sheet.
	at util.UtilFunction.getColumnWithCellData(UtilFunction.java:623)
	at CIMS.CIMS_MainProject.CIMSMain(CIMS_MainProject.java:425)
	at sun.reflect.NativeMethodAccessorImpl.invoke0(Native Method)
	at sun.reflect.NativeMethodAccessorImpl.invoke(Unknown Source)
	at sun.reflect.DelegatingMethodAccessorImpl.invoke(Unknown Source)
	at java.lang.reflect.Method.invoke(Unknown Source)
	at org.testng.internal.MethodInvocationHelper.invokeMethod(MethodInvocationHelper.java:85)
	at org.testng.internal.Invoker.invokeMethod(Invoker.java:648)
	at org.testng.internal.Invoker.invokeTestMethod(Invoker.java:834)
	at org.testng.internal.Invoker.invokeTestMethods(Invoker.java:1142)
	at org.testng.internal.TestMethodWorker.invokeTestMethods(TestMethodWorker.java:124)
	at org.testng.internal.TestMethodWorker.run(TestMethodWorker.java:108)
	at org.testng.TestRunner.privateRun(TestRunner.java:771)
	at org.testng.TestRunner.run(TestRunner.java:621)
	at org.testng.SuiteRunner.runTest(SuiteRunner.java:357)
	at org.testng.SuiteRunner.access$000(SuiteRunner.java:38)
	at org.testng.SuiteRunner$SuiteWorker.run(SuiteRunner.java:391)
	at org.testng.internal.thread.ThreadUtil$2.call(ThreadUtil.java:64)
	at java.util.concurrent.FutureTask.run(Unknown Source)
	at java.util.concurrent.ThreadPoolExecutor.runWorker(Unknown Source)
	at java.util.concurrent.ThreadPoolExecutor$Worker.run(Unknown Source)
	at java.lang.Thread.run(Unknown Source)


Failure 11 of 117:
java.lang.Throwable: Error occoured while getting the column number with data from excel sheet.
	at util.UtilFunction.getColumnWithCellData(UtilFunction.java:623)
	at CIMS.CIMS_MainProject.ScenarioAndTotalcounter(CIMS_MainProject.java:2379)
	at CIMS.CIMS_MainProject.firstHalfModulesOfQuestionnaire(CIMS_MainProject.java:2477)
	at CIMS.CIMS_MainProject.CIMSMain(CIMS_MainProject.java:431)
	at sun.reflect.NativeMethodAccessorImpl.invoke0(Native Method)
	at sun.reflect.NativeMethodAccessorImpl.invoke(Unknown Source)
	at sun.reflect.DelegatingMethodAccessorImpl.invoke(Unknown Source)
	at java.lang.reflect.Method.invoke(Unknown Source)
	at org.testng.internal.MethodInvocationHelper.invokeMethod(MethodInvocationHelper.java:85)
	at org.testng.internal.Invoker.invokeMethod(Invoker.java:648)
	at org.testng.internal.Invoker.invokeTestMethod(Invoker.java:834)
	at org.testng.internal.Invoker.invokeTestMethods(Invoker.java:1142)
	at org.testng.internal.TestMethodWorker.invokeTestMethods(TestMethodWorker.java:124)
	at org.testng.internal.TestMethodWorker.run(TestMethodWorker.java:108)
	at org.testng.TestRunner.privateRun(TestRunner.java:771)
	at org.testng.TestRunner.run(TestRunner.java:621)
	at org.testng.SuiteRunner.runTest(SuiteRunner.java:357)
	at org.testng.SuiteRunner.access$000(SuiteRunner.java:38)
	at org.testng.SuiteRunner$SuiteWorker.run(SuiteRunner.java:391)
	at org.testng.internal.thread.ThreadUtil$2.call(ThreadUtil.java:64)
	at java.util.concurrent.FutureTask.run(Unknown Source)
	at java.util.concurrent.ThreadPoolExecutor.runWorker(Unknown Source)
	at java.util.concurrent.ThreadPoolExecutor$Worker.run(Unknown Source)
	at java.lang.Thread.run(Unknown Source)


Failure 12 of 117:
java.lang.Throwable: Error occoured while getting the column number with data from excel sheet.
	at util.UtilFunction.getColumnWithCellData(UtilFunction.java:623)
	at CIMS.CIMS_MainProject.ScenarioAndTotalcounter(CIMS_MainProject.java:2379)
	at CIMS.CIMS_MainProject.firstHalfModulesOfQuestionnaire(CIMS_MainProject.java:2477)
	at CIMS.CIMS_MainProject.CIMSMain(CIMS_MainProject.java:431)
	at sun.reflect.NativeMethodAccessorImpl.invoke0(Native Method)
	at sun.reflect.NativeMethodAccessorImpl.invoke(Unknown Source)
	at sun.reflect.DelegatingMethodAccessorImpl.invoke(Unknown Source)
	at java.lang.reflect.Method.invoke(Unknown Source)
	at org.testng.internal.MethodInvocationHelper.invokeMethod(MethodInvocationHelper.java:85)
	at org.testng.internal.Invoker.invokeMethod(Invoker.java:648)
	at org.testng.internal.Invoker.invokeTestMethod(Invoker.java:834)
	at org.testng.internal.Invoker.invokeTestMethods(Invoker.java:1142)
	at org.testng.internal.TestMethodWorker.invokeTestMethods(TestMethodWorker.java:124)
	at org.testng.internal.TestMethodWorker.run(TestMethodWorker.java:108)
	at org.testng.TestRunner.privateRun(TestRunner.java:771)
	at org.testng.TestRunner.run(TestRunner.java:621)
	at org.testng.SuiteRunner.runTest(SuiteRunner.java:357)
	at org.testng.SuiteRunner.access$000(SuiteRunner.java:38)
	at org.testng.SuiteRunner$SuiteWorker.run(SuiteRunner.java:391)
	at org.testng.internal.thread.ThreadUtil$2.call(ThreadUtil.java:64)
	at java.util.concurrent.FutureTask.run(Unknown Source)
	at java.util.concurrent.ThreadPoolExecutor.runWorker(Unknown Source)
	at java.util.concurrent.ThreadPoolExecutor$Worker.run(Unknown Source)
	at java.lang.Thread.run(Unknown Source)


Failure 13 of 117:
java.lang.Throwable: Error occoured while getting the column number with data from excel sheet.
	at util.UtilFunction.getColumnWithCellData(UtilFunction.java:623)
	at CIMS.CIMS_MainProject.CIMSMain(CIMS_MainProject.java:425)
	at sun.reflect.NativeMethodAccessorImpl.invoke0(Native Method)
	at sun.reflect.NativeMethodAccessorImpl.invoke(Unknown Source)
	at sun.reflect.DelegatingMethodAccessorImpl.invoke(Unknown Source)
	at java.lang.reflect.Method.invoke(Unknown Source)
	at org.testng.internal.MethodInvocationHelper.invokeMethod(MethodInvocationHelper.java:85)
	at org.testng.internal.Invoker.invokeMethod(Invoker.java:648)
	at org.testng.internal.Invoker.invokeTestMethod(Invoker.java:834)
	at org.testng.internal.Invoker.invokeTestMethods(Invoker.java:1142)
	at org.testng.internal.TestMethodWorker.invokeTestMethods(TestMethodWorker.java:124)
	at org.testng.internal.TestMethodWorker.run(TestMethodWorker.java:108)
	at org.testng.TestRunner.privateRun(TestRunner.java:771)
	at org.testng.TestRunner.run(TestRunner.java:621)
	at org.testng.SuiteRunner.runTest(SuiteRunner.java:357)
	at org.testng.SuiteRunner.access$000(SuiteRunner.java:38)
	at org.testng.SuiteRunner$SuiteWorker.run(SuiteRunner.java:391)
	at org.testng.internal.thread.ThreadUtil$2.call(ThreadUtil.java:64)
	at java.util.concurrent.FutureTask.run(Unknown Source)
	at java.util.concurrent.ThreadPoolExecutor.runWorker(Unknown Source)
	at java.util.concurrent.ThreadPoolExecutor$Worker.run(Unknown Source)
	at java.lang.Thread.run(Unknown Source)


Failure 14 of 117:
java.lang.Throwable: Error occoured while getting the column number with data from excel sheet.
	at util.UtilFunction.getColumnWithCellData(UtilFunction.java:623)
	at CIMS.CIMS_MainProject.ScenarioAndTotalcounter(CIMS_MainProject.java:2379)
	at CIMS.CIMS_MainProject.firstHalfModulesOfQuestionnaire(CIMS_MainProject.java:2558)
	at CIMS.CIMS_MainProject.CIMSMain(CIMS_MainProject.java:431)
	at sun.reflect.NativeMethodAccessorImpl.invoke0(Native Method)
	at sun.reflect.NativeMethodAccessorImpl.invoke(Unknown Source)
	at sun.reflect.DelegatingMethodAccessorImpl.invoke(Unknown Source)
	at java.lang.reflect.Method.invoke(Unknown Source)
	at org.testng.internal.MethodInvocationHelper.invokeMethod(MethodInvocationHelper.java:85)
	at org.testng.internal.Invoker.invokeMethod(Invoker.java:648)
	at org.testng.internal.Invoker.invokeTestMethod(Invoker.java:834)
	at org.testng.internal.Invoker.invokeTestMethods(Invoker.java:1142)
	at org.testng.internal.TestMethodWorker.invokeTestMethods(TestMethodWorker.java:124)
	at org.testng.internal.TestMethodWorker.run(TestMethodWorker.java:108)
	at org.testng.TestRunner.privateRun(TestRunner.java:771)
	at org.testng.TestRunner.run(TestRunner.java:621)
	at org.testng.SuiteRunner.runTest(SuiteRunner.java:357)
	at org.testng.SuiteRunner.access$000(SuiteRunner.java:38)
	at org.testng.SuiteRunner$SuiteWorker.run(SuiteRunner.java:391)
	at org.testng.internal.thread.ThreadUtil$2.call(ThreadUtil.java:64)
	at java.util.concurrent.FutureTask.run(Unknown Source)
	at java.util.concurrent.ThreadPoolExecutor.runWorker(Unknown Source)
	at java.util.concurrent.ThreadPoolExecutor$Worker.run(Unknown Source)
	at java.lang.Thread.run(Unknown Source)


Failure 15 of 117:
java.lang.Throwable: Error occoured while getting the column number with data from excel sheet.
	at util.UtilFunction.getColumnWithCellData(UtilFunction.java:623)
	at CIMS.CIMS_MainProject.ScenarioAndTotalcounter(CIMS_MainProject.java:2379)
	at CIMS.CIMS_MainProject.firstHalfModulesOfQuestionnaire(CIMS_MainProject.java:2558)
	at CIMS.CIMS_MainProject.CIMSMain(CIMS_MainProject.java:431)
	at sun.reflect.NativeMethodAccessorImpl.invoke0(Native Method)
	at sun.reflect.NativeMethodAccessorImpl.invoke(Unknown Source)
	at sun.reflect.DelegatingMethodAccessorImpl.invoke(Unknown Source)
	at java.lang.reflect.Method.invoke(Unknown Source)
	at org.testng.internal.MethodInvocationHelper.invokeMethod(MethodInvocationHelper.java:85)
	at org.testng.internal.Invoker.invokeMethod(Invoker.java:648)
	at org.testng.internal.Invoker.invokeTestMethod(Invoker.java:834)
	at org.testng.internal.Invoker.invokeTestMethods(Invoker.java:1142)
	at org.testng.internal.TestMethodWorker.invokeTestMethods(TestMethodWorker.java:124)
	at org.testng.internal.TestMethodWorker.run(TestMethodWorker.java:108)
	at org.testng.TestRunner.privateRun(TestRunner.java:771)
	at org.testng.TestRunner.run(TestRunner.java:621)
	at org.testng.SuiteRunner.runTest(SuiteRunner.java:357)
	at org.testng.SuiteRunner.access$000(SuiteRunner.java:38)
	at org.testng.SuiteRunner$SuiteWorker.run(SuiteRunner.java:391)
	at org.testng.internal.thread.ThreadUtil$2.call(ThreadUtil.java:64)
	at java.util.concurrent.FutureTask.run(Unknown Source)
	at java.util.concurrent.ThreadPoolExecutor.runWorker(Unknown Source)
	at java.util.concurrent.ThreadPoolExecutor$Worker.run(Unknown Source)
	at java.lang.Thread.run(Unknown Source)


Failure 16 of 117:
java.lang.Throwable: Error occoured while fetching the data from excel sheet.
	at util.UtilFunction.getCellData(UtilFunction.java:379)
	at CIMS.Modules.Questionnaires.CIMS_USImmigration_Module.USImmigrationPage(CIMS_USImmigration_Module.java:73)
	at CIMS.CIMS_MainProject.firstHalfModulesOfQuestionnaire(CIMS_MainProject.java:2564)
	at CIMS.CIMS_MainProject.CIMSMain(CIMS_MainProject.java:431)
	at sun.reflect.NativeMethodAccessorImpl.invoke0(Native Method)
	at sun.reflect.NativeMethodAccessorImpl.invoke(Unknown Source)
	at sun.reflect.DelegatingMethodAccessorImpl.invoke(Unknown Source)
	at java.lang.reflect.Method.invoke(Unknown Source)
	at org.testng.internal.MethodInvocationHelper.invokeMethod(MethodInvocationHelper.java:85)
	at org.testng.internal.Invoker.invokeMethod(Invoker.java:648)
	at org.testng.internal.Invoker.invokeTestMethod(Invoker.java:834)
	at org.testng.internal.Invoker.invokeTestMethods(Invoker.java:1142)
	at org.testng.internal.TestMethodWorker.invokeTestMethods(TestMethodWorker.java:124)
	at org.testng.internal.TestMethodWorker.run(TestMethodWorker.java:108)
	at org.testng.TestRunner.privateRun(TestRunner.java:771)
	at org.testng.TestRunner.run(TestRunner.java:621)
	at org.testng.SuiteRunner.runTest(SuiteRunner.java:357)
	at org.testng.SuiteRunner.access$000(SuiteRunner.java:38)
	at org.testng.SuiteRunner$SuiteWorker.run(SuiteRunner.java:391)
	at org.testng.internal.thread.ThreadUtil$2.call(ThreadUtil.java:64)
	at java.util.concurrent.FutureTask.run(Unknown Source)
	at java.util.concurrent.ThreadPoolExecutor.runWorker(Unknown Source)
	at java.util.concurrent.ThreadPoolExecutor$Worker.run(Unknown Source)
	at java.lang.Thread.run(Unknown Source)


Failure 17 of 117:
java.lang.Throwable: Error occoured while getting the column number with data from excel sheet.
	at util.UtilFunction.getColumnWithCellData(UtilFunction.java:623)
	at CIMS.CIMS_MainProject.CIMSMain(CIMS_MainProject.java:425)
	at sun.reflect.NativeMethodAccessorImpl.invoke0(Native Method)
	at sun.reflect.NativeMethodAccessorImpl.invoke(Unknown Source)
	at sun.reflect.DelegatingMethodAccessorImpl.invoke(Unknown Source)
	at java.lang.reflect.Method.invoke(Unknown Source)
	at org.testng.internal.MethodInvocationHelper.invokeMethod(MethodInvocationHelper.java:85)
	at org.testng.internal.Invoker.invokeMethod(Invoker.java:648)
	at org.testng.internal.Invoker.invokeTestMethod(Invoker.java:834)
	at org.testng.internal.Invoker.invokeTestMethods(Invoker.java:1142)
	at org.testng.internal.TestMethodWorker.invokeTestMethods(TestMethodWorker.java:124)
	at org.testng.internal.TestMethodWorker.run(TestMethodWorker.java:108)
	at org.testng.TestRunner.privateRun(TestRunner.java:771)
	at org.testng.TestRunner.run(TestRunner.java:621)
	at org.testng.SuiteRunner.runTest(SuiteRunner.java:357)
	at org.testng.SuiteRunner.access$000(SuiteRunner.java:38)
	at org.testng.SuiteRunner$SuiteWorker.run(SuiteRunner.java:391)
	at org.testng.internal.thread.ThreadUtil$2.call(ThreadUtil.java:64)
	at java.util.concurrent.FutureTask.run(Unknown Source)
	at java.util.concurrent.ThreadPoolExecutor.runWorker(Unknown Source)
	at java.util.concurrent.ThreadPoolExecutor$Worker.run(Unknown Source)
	at java.lang.Thread.run(Unknown Source)


Failure 18 of 117:
java.lang.Throwable: Error occoured while getting the column number with data from excel sheet.
	at util.UtilFunction.getColumnWithCellData(UtilFunction.java:623)
	at CIMS.CIMS_MainProject.ScenarioAndTotalcounter(CIMS_MainProject.java:2379)
	at CIMS.CIMS_MainProject.firstHalfModulesOfQuestionnaire(CIMS_MainProject.java:2637)
	at CIMS.CIMS_MainProject.CIMSMain(CIMS_MainProject.java:431)
	at sun.reflect.NativeMethodAccessorImpl.invoke0(Native Method)
	at sun.reflect.NativeMethodAccessorImpl.invoke(Unknown Source)
	at sun.reflect.DelegatingMethodAccessorImpl.invoke(Unknown Source)
	at java.lang.reflect.Method.invoke(Unknown Source)
	at org.testng.internal.MethodInvocationHelper.invokeMethod(MethodInvocationHelper.java:85)
	at org.testng.internal.Invoker.invokeMethod(Invoker.java:648)
	at org.testng.internal.Invoker.invokeTestMethod(Invoker.java:834)
	at org.testng.internal.Invoker.invokeTestMethods(Invoker.java:1142)
	at org.testng.internal.TestMethodWorker.invokeTestMethods(TestMethodWorker.java:124)
	at org.testng.internal.TestMethodWorker.run(TestMethodWorker.java:108)
	at org.testng.TestRunner.privateRun(TestRunner.java:771)
	at org.testng.TestRunner.run(TestRunner.java:621)
	at org.testng.SuiteRunner.runTest(SuiteRunner.java:357)
	at org.testng.SuiteRunner.access$000(SuiteRunner.java:38)
	at org.testng.SuiteRunner$SuiteWorker.run(SuiteRunner.java:391)
	at org.testng.internal.thread.ThreadUtil$2.call(ThreadUtil.java:64)
	at java.util.concurrent.FutureTask.run(Unknown Source)
	at java.util.concurrent.ThreadPoolExecutor.runWorker(Unknown Source)
	at java.util.concurrent.ThreadPoolExecutor$Worker.run(Unknown Source)
	at java.lang.Thread.run(Unknown Source)


Failure 19 of 117:
java.lang.Throwable: Error occoured while getting the column number with data from excel sheet.
	at util.UtilFunction.getColumnWithCellData(UtilFunction.java:623)
	at CIMS.CIMS_MainProject.ScenarioAndTotalcounter(CIMS_MainProject.java:2379)
	at CIMS.CIMS_MainProject.firstHalfModulesOfQuestionnaire(CIMS_MainProject.java:2637)
	at CIMS.CIMS_MainProject.CIMSMain(CIMS_MainProject.java:431)
	at sun.reflect.NativeMethodAccessorImpl.invoke0(Native Method)
	at sun.reflect.NativeMethodAccessorImpl.invoke(Unknown Source)
	at sun.reflect.DelegatingMethodAccessorImpl.invoke(Unknown Source)
	at java.lang.reflect.Method.invoke(Unknown Source)
	at org.testng.internal.MethodInvocationHelper.invokeMethod(MethodInvocationHelper.java:85)
	at org.testng.internal.Invoker.invokeMethod(Invoker.java:648)
	at org.testng.internal.Invoker.invokeTestMethod(Invoker.java:834)
	at org.testng.internal.Invoker.invokeTestMethods(Invoker.java:1142)
	at org.testng.internal.TestMethodWorker.invokeTestMethods(TestMethodWorker.java:124)
	at org.testng.internal.TestMethodWorker.run(TestMethodWorker.java:108)
	at org.testng.TestRunner.privateRun(TestRunner.java:771)
	at org.testng.TestRunner.run(TestRunner.java:621)
	at org.testng.SuiteRunner.runTest(SuiteRunner.java:357)
	at org.testng.SuiteRunner.access$000(SuiteRunner.java:38)
	at org.testng.SuiteRunner$SuiteWorker.run(SuiteRunner.java:391)
	at org.testng.internal.thread.ThreadUtil$2.call(ThreadUtil.java:64)
	at java.util.concurrent.FutureTask.run(Unknown Source)
	at java.util.concurrent.ThreadPoolExecutor.runWorker(Unknown Source)
	at java.util.concurrent.ThreadPoolExecutor$Worker.run(Unknown Source)
	at java.lang.Thread.run(Unknown Source)


Failure 20 of 117:
java.lang.Throwable: Error occoured while getting the column number with data from excel sheet.
	at util.UtilFunction.getColumnWithCellData(UtilFunction.java:623)
	at CIMS.CIMS_MainProject.CIMSMain(CIMS_MainProject.java:425)
	at sun.reflect.NativeMethodAccessorImpl.invoke0(Native Method)
	at sun.reflect.NativeMethodAccessorImpl.invoke(Unknown Source)
	at sun.reflect.DelegatingMethodAccessorImpl.invoke(Unknown Source)
	at java.lang.reflect.Method.invoke(Unknown Source)
	at org.testng.internal.MethodInvocationHelper.invokeMethod(MethodInvocationHelper.java:85)
	at org.testng.internal.Invoker.invokeMethod(Invoker.java:648)
	at org.testng.internal.Invoker.invokeTestMethod(Invoker.java:834)
	at org.testng.internal.Invoker.invokeTestMethods(Invoker.java:1142)
	at org.testng.internal.TestMethodWorker.invokeTestMethods(TestMethodWorker.java:124)
	at org.testng.internal.TestMethodWorker.run(TestMethodWorker.java:108)
	at org.testng.TestRunner.privateRun(TestRunner.java:771)
	at org.testng.TestRunner.run(TestRunner.java:621)
	at org.testng.SuiteRunner.runTest(SuiteRunner.java:357)
	at org.testng.SuiteRunner.access$000(SuiteRunner.java:38)
	at org.testng.SuiteRunner$SuiteWorker.run(SuiteRunner.java:391)
	at org.testng.internal.thread.ThreadUtil$2.call(ThreadUtil.java:64)
	at java.util.concurrent.FutureTask.run(Unknown Source)
	at java.util.concurrent.ThreadPoolExecutor.runWorker(Unknown Source)
	at java.util.concurrent.ThreadPoolExecutor$Worker.run(Unknown Source)
	at java.lang.Thread.run(Unknown Source)


Failure 21 of 117:
java.lang.Throwable: Error occoured while getting the column number with data from excel sheet.
	at util.UtilFunction.getColumnWithCellData(UtilFunction.java:623)
	at CIMS.CIMS_MainProject.ScenarioAndTotalcounter(CIMS_MainProject.java:2379)
	at CIMS.CIMS_MainProject.firstHalfModulesOfQuestionnaire(CIMS_MainProject.java:2715)
	at CIMS.CIMS_MainProject.CIMSMain(CIMS_MainProject.java:431)
	at sun.reflect.NativeMethodAccessorImpl.invoke0(Native Method)
	at sun.reflect.NativeMethodAccessorImpl.invoke(Unknown Source)
	at sun.reflect.DelegatingMethodAccessorImpl.invoke(Unknown Source)
	at java.lang.reflect.Method.invoke(Unknown Source)
	at org.testng.internal.MethodInvocationHelper.invokeMethod(MethodInvocationHelper.java:85)
	at org.testng.internal.Invoker.invokeMethod(Invoker.java:648)
	at org.testng.internal.Invoker.invokeTestMethod(Invoker.java:834)
	at org.testng.internal.Invoker.invokeTestMethods(Invoker.java:1142)
	at org.testng.internal.TestMethodWorker.invokeTestMethods(TestMethodWorker.java:124)
	at org.testng.internal.TestMethodWorker.run(TestMethodWorker.java:108)
	at org.testng.TestRunner.privateRun(TestRunner.java:771)
	at org.testng.TestRunner.run(TestRunner.java:621)
	at org.testng.SuiteRunner.runTest(SuiteRunner.java:357)
	at org.testng.SuiteRunner.access$000(SuiteRunner.java:38)
	at org.testng.SuiteRunner$SuiteWorker.run(SuiteRunner.java:391)
	at org.testng.internal.thread.ThreadUtil$2.call(ThreadUtil.java:64)
	at java.util.concurrent.FutureTask.run(Unknown Source)
	at java.util.concurrent.ThreadPoolExecutor.runWorker(Unknown Source)
	at java.util.concurrent.ThreadPoolExecutor$Worker.run(Unknown Source)
	at java.lang.Thread.run(Unknown Source)


Failure 22 of 117:
java.lang.Throwable: Error occoured while getting the column number with data from excel sheet.
	at util.UtilFunction.getColumnWithCellData(UtilFunction.java:623)
	at CIMS.CIMS_MainProject.ScenarioAndTotalcounter(CIMS_MainProject.java:2379)
	at CIMS.CIMS_MainProject.firstHalfModulesOfQuestionnaire(CIMS_MainProject.java:2715)
	at CIMS.CIMS_MainProject.CIMSMain(CIMS_MainProject.java:431)
	at sun.reflect.NativeMethodAccessorImpl.invoke0(Native Method)
	at sun.reflect.NativeMethodAccessorImpl.invoke(Unknown Source)
	at sun.reflect.DelegatingMethodAccessorImpl.invoke(Unknown Source)
	at java.lang.reflect.Method.invoke(Unknown Source)
	at org.testng.internal.MethodInvocationHelper.invokeMethod(MethodInvocationHelper.java:85)
	at org.testng.internal.Invoker.invokeMethod(Invoker.java:648)
	at org.testng.internal.Invoker.invokeTestMethod(Invoker.java:834)
	at org.testng.internal.Invoker.invokeTestMethods(Invoker.java:1142)
	at org.testng.internal.TestMethodWorker.invokeTestMethods(TestMethodWorker.java:124)
	at org.testng.internal.TestMethodWorker.run(TestMethodWorker.java:108)
	at org.testng.TestRunner.privateRun(TestRunner.java:771)
	at org.testng.TestRunner.run(TestRunner.java:621)
	at org.testng.SuiteRunner.runTest(SuiteRunner.java:357)
	at org.testng.SuiteRunner.access$000(SuiteRunner.java:38)
	at org.testng.SuiteRunner$SuiteWorker.run(SuiteRunner.java:391)
	at org.testng.internal.thread.ThreadUtil$2.call(ThreadUtil.java:64)
	at java.util.concurrent.FutureTask.run(Unknown Source)
	at java.util.concurrent.ThreadPoolExecutor.runWorker(Unknown Source)
	at java.util.concurrent.ThreadPoolExecutor$Worker.run(Unknown Source)
	at java.lang.Thread.run(Unknown Source)


Failure 23 of 117:
java.lang.Throwable: Error occoured while getting the column number with data from excel sheet.
	at util.UtilFunction.getColumnWithCellData(UtilFunction.java:623)
	at CIMS.CIMS_MainProject.CIMSMain(CIMS_MainProject.java:425)
	at sun.reflect.NativeMethodAccessorImpl.invoke0(Native Method)
	at sun.reflect.NativeMethodAccessorImpl.invoke(Unknown Source)
	at sun.reflect.DelegatingMethodAccessorImpl.invoke(Unknown Source)
	at java.lang.reflect.Method.invoke(Unknown Source)
	at org.testng.internal.MethodInvocationHelper.invokeMethod(MethodInvocationHelper.java:85)
	at org.testng.internal.Invoker.invokeMethod(Invoker.java:648)
	at org.testng.internal.Invoker.invokeTestMethod(Invoker.java:834)
	at org.testng.internal.Invoker.invokeTestMethods(Invoker.java:1142)
	at org.testng.internal.TestMethodWorker.invokeTestMethods(TestMethodWorker.java:124)
	at org.testng.internal.TestMethodWorker.run(TestMethodWorker.java:108)
	at org.testng.TestRunner.privateRun(TestRunner.java:771)
	at org.testng.TestRunner.run(TestRunner.java:621)
	at org.testng.SuiteRunner.runTest(SuiteRunner.java:357)
	at org.testng.SuiteRunner.access$000(SuiteRunner.java:38)
	at org.testng.SuiteRunner$SuiteWorker.run(SuiteRunner.java:391)
	at org.testng.internal.thread.ThreadUtil$2.call(ThreadUtil.java:64)
	at java.util.concurrent.FutureTask.run(Unknown Source)
	at java.util.concurrent.ThreadPoolExecutor.runWorker(Unknown Source)
	at java.util.concurrent.ThreadPoolExecutor$Worker.run(Unknown Source)
	at java.lang.Thread.run(Unknown Source)


Failure 24 of 117:
java.lang.Throwable: Error occoured while getting the column number with data from excel sheet.
	at util.UtilFunction.getColumnWithCellData(UtilFunction.java:623)
	at CIMS.CIMS_MainProject.ScenarioAndTotalcounter(CIMS_MainProject.java:2379)
	at CIMS.CIMS_MainProject.firstHalfModulesOfQuestionnaire(CIMS_MainProject.java:2791)
	at CIMS.CIMS_MainProject.CIMSMain(CIMS_MainProject.java:431)
	at sun.reflect.NativeMethodAccessorImpl.invoke0(Native Method)
	at sun.reflect.NativeMethodAccessorImpl.invoke(Unknown Source)
	at sun.reflect.DelegatingMethodAccessorImpl.invoke(Unknown Source)
	at java.lang.reflect.Method.invoke(Unknown Source)
	at org.testng.internal.MethodInvocationHelper.invokeMethod(MethodInvocationHelper.java:85)
	at org.testng.internal.Invoker.invokeMethod(Invoker.java:648)
	at org.testng.internal.Invoker.invokeTestMethod(Invoker.java:834)
	at org.testng.internal.Invoker.invokeTestMethods(Invoker.java:1142)
	at org.testng.internal.TestMethodWorker.invokeTestMethods(TestMethodWorker.java:124)
	at org.testng.internal.TestMethodWorker.run(TestMethodWorker.java:108)
	at org.testng.TestRunner.privateRun(TestRunner.java:771)
	at org.testng.TestRunner.run(TestRunner.java:621)
	at org.testng.SuiteRunner.runTest(SuiteRunner.java:357)
	at org.testng.SuiteRunner.access$000(SuiteRunner.java:38)
	at org.testng.SuiteRunner$SuiteWorker.run(SuiteRunner.java:391)
	at org.testng.internal.thread.ThreadUtil$2.call(ThreadUtil.java:64)
	at java.util.concurrent.FutureTask.run(Unknown Source)
	at java.util.concurrent.ThreadPoolExecutor.runWorker(Unknown Source)
	at java.util.concurrent.ThreadPoolExecutor$Worker.run(Unknown Source)
	at java.lang.Thread.run(Unknown Source)


Failure 25 of 117:
java.lang.Throwable: Error occoured while getting the column number with data from excel sheet.
	at util.UtilFunction.getColumnWithCellData(UtilFunction.java:623)
	at CIMS.CIMS_MainProject.ScenarioAndTotalcounter(CIMS_MainProject.java:2379)
	at CIMS.CIMS_MainProject.firstHalfModulesOfQuestionnaire(CIMS_MainProject.java:2791)
	at CIMS.CIMS_MainProject.CIMSMain(CIMS_MainProject.java:431)
	at sun.reflect.NativeMethodAccessorImpl.invoke0(Native Method)
	at sun.reflect.NativeMethodAccessorImpl.invoke(Unknown Source)
	at sun.reflect.DelegatingMethodAccessorImpl.invoke(Unknown Source)
	at java.lang.reflect.Method.invoke(Unknown Source)
	at org.testng.internal.MethodInvocationHelper.invokeMethod(MethodInvocationHelper.java:85)
	at org.testng.internal.Invoker.invokeMethod(Invoker.java:648)
	at org.testng.internal.Invoker.invokeTestMethod(Invoker.java:834)
	at org.testng.internal.Invoker.invokeTestMethods(Invoker.java:1142)
	at org.testng.internal.TestMethodWorker.invokeTestMethods(TestMethodWorker.java:124)
	at org.testng.internal.TestMethodWorker.run(TestMethodWorker.java:108)
	at org.testng.TestRunner.privateRun(TestRunner.java:771)
	at org.testng.TestRunner.run(TestRunner.java:621)
	at org.testng.SuiteRunner.runTest(SuiteRunner.java:357)
	at org.testng.SuiteRunner.access$000(SuiteRunner.java:38)
	at org.testng.SuiteRunner$SuiteWorker.run(SuiteRunner.java:391)
	at org.testng.internal.thread.ThreadUtil$2.call(ThreadUtil.java:64)
	at java.util.concurrent.FutureTask.run(Unknown Source)
	at java.util.concurrent.ThreadPoolExecutor.runWorker(Unknown Source)
	at java.util.concurrent.ThreadPoolExecutor$Worker.run(Unknown Source)
	at java.lang.Thread.run(Unknown Source)


Failure 26 of 117:
java.lang.Throwable: Error occoured while getting the column number with data from excel sheet.
	at util.UtilFunction.getColumnWithCellData(UtilFunction.java:623)
	at CIMS.CIMS_MainProject.CIMSMain(CIMS_MainProject.java:425)
	at sun.reflect.NativeMethodAccessorImpl.invoke0(Native Method)
	at sun.reflect.NativeMethodAccessorImpl.invoke(Unknown Source)
	at sun.reflect.DelegatingMethodAccessorImpl.invoke(Unknown Source)
	at java.lang.reflect.Method.invoke(Unknown Source)
	at org.testng.internal.MethodInvocationHelper.invokeMethod(MethodInvocationHelper.java:85)
	at org.testng.internal.Invoker.invokeMethod(Invoker.java:648)
	at org.testng.internal.Invoker.invokeTestMethod(Invoker.java:834)
	at org.testng.internal.Invoker.invokeTestMethods(Invoker.java:1142)
	at org.testng.internal.TestMethodWorker.invokeTestMethods(TestMethodWorker.java:124)
	at org.testng.internal.TestMethodWorker.run(TestMethodWorker.java:108)
	at org.testng.TestRunner.privateRun(TestRunner.java:771)
	at org.testng.TestRunner.run(TestRunner.java:621)
	at org.testng.SuiteRunner.runTest(SuiteRunner.java:357)
	at org.testng.SuiteRunner.access$000(SuiteRunner.java:38)
	at org.testng.SuiteRunner$SuiteWorker.run(SuiteRunner.java:391)
	at org.testng.internal.thread.ThreadUtil$2.call(ThreadUtil.java:64)
	at java.util.concurrent.FutureTask.run(Unknown Source)
	at java.util.concurrent.ThreadPoolExecutor.runWorker(Unknown Source)
	at java.util.concurrent.ThreadPoolExecutor$Worker.run(Unknown Source)
	at java.lang.Thread.run(Unknown Source)


Failure 27 of 117:
java.lang.Throwable: Error occoured while getting the column number with data from excel sheet.
	at util.UtilFunction.getColumnWithCellData(UtilFunction.java:623)
	at CIMS.CIMS_MainProject.ScenarioAndTotalcounter(CIMS_MainProject.java:2379)
	at CIMS.CIMS_MainProject.firstHalfModulesOfQuestionnaire(CIMS_MainProject.java:2868)
	at CIMS.CIMS_MainProject.CIMSMain(CIMS_MainProject.java:431)
	at sun.reflect.NativeMethodAccessorImpl.invoke0(Native Method)
	at sun.reflect.NativeMethodAccessorImpl.invoke(Unknown Source)
	at sun.reflect.DelegatingMethodAccessorImpl.invoke(Unknown Source)
	at java.lang.reflect.Method.invoke(Unknown Source)
	at org.testng.internal.MethodInvocationHelper.invokeMethod(MethodInvocationHelper.java:85)
	at org.testng.internal.Invoker.invokeMethod(Invoker.java:648)
	at org.testng.internal.Invoker.invokeTestMethod(Invoker.java:834)
	at org.testng.internal.Invoker.invokeTestMethods(Invoker.java:1142)
	at org.testng.internal.TestMethodWorker.invokeTestMethods(TestMethodWorker.java:124)
	at org.testng.internal.TestMethodWorker.run(TestMethodWorker.java:108)
	at org.testng.TestRunner.privateRun(TestRunner.java:771)
	at org.testng.TestRunner.run(TestRunner.java:621)
	at org.testng.SuiteRunner.runTest(SuiteRunner.java:357)
	at org.testng.SuiteRunner.access$000(SuiteRunner.java:38)
	at org.testng.SuiteRunner$SuiteWorker.run(SuiteRunner.java:391)
	at org.testng.internal.thread.ThreadUtil$2.call(ThreadUtil.java:64)
	at java.util.concurrent.FutureTask.run(Unknown Source)
	at java.util.concurrent.ThreadPoolExecutor.runWorker(Unknown Source)
	at java.util.concurrent.ThreadPoolExecutor$Worker.run(Unknown Source)
	at java.lang.Thread.run(Unknown Source)


Failure 28 of 117:
java.lang.Throwable: Error occoured while getting the column number with data from excel sheet.
	at util.UtilFunction.getColumnWithCellData(UtilFunction.java:623)
	at CIMS.CIMS_MainProject.ScenarioAndTotalcounter(CIMS_MainProject.java:2379)
	at CIMS.CIMS_MainProject.firstHalfModulesOfQuestionnaire(CIMS_MainProject.java:2868)
	at CIMS.CIMS_MainProject.CIMSMain(CIMS_MainProject.java:431)
	at sun.reflect.NativeMethodAccessorImpl.invoke0(Native Method)
	at sun.reflect.NativeMethodAccessorImpl.invoke(Unknown Source)
	at sun.reflect.DelegatingMethodAccessorImpl.invoke(Unknown Source)
	at java.lang.reflect.Method.invoke(Unknown Source)
	at org.testng.internal.MethodInvocationHelper.invokeMethod(MethodInvocationHelper.java:85)
	at org.testng.internal.Invoker.invokeMethod(Invoker.java:648)
	at org.testng.internal.Invoker.invokeTestMethod(Invoker.java:834)
	at org.testng.internal.Invoker.invokeTestMethods(Invoker.java:1142)
	at org.testng.internal.TestMethodWorker.invokeTestMethods(TestMethodWorker.java:124)
	at org.testng.internal.TestMethodWorker.run(TestMethodWorker.java:108)
	at org.testng.TestRunner.privateRun(TestRunner.java:771)
	at org.testng.TestRunner.run(TestRunner.java:621)
	at org.testng.SuiteRunner.runTest(SuiteRunner.java:357)
	at org.testng.SuiteRunner.access$000(SuiteRunner.java:38)
	at org.testng.SuiteRunner$SuiteWorker.run(SuiteRunner.java:391)
	at org.testng.internal.thread.ThreadUtil$2.call(ThreadUtil.java:64)
	at java.util.concurrent.FutureTask.run(Unknown Source)
	at java.util.concurrent.ThreadPoolExecutor.runWorker(Unknown Source)
	at java.util.concurrent.ThreadPoolExecutor$Worker.run(Unknown Source)
	at java.lang.Thread.run(Unknown Source)


Failure 29 of 117:
java.lang.Throwable: Error occoured while getting the column number with data from excel sheet.
	at util.UtilFunction.getColumnWithCellData(UtilFunction.java:623)
	at CIMS.CIMS_MainProject.CIMSMain(CIMS_MainProject.java:425)
	at sun.reflect.NativeMethodAccessorImpl.invoke0(Native Method)
	at sun.reflect.NativeMethodAccessorImpl.invoke(Unknown Source)
	at sun.reflect.DelegatingMethodAccessorImpl.invoke(Unknown Source)
	at java.lang.reflect.Method.invoke(Unknown Source)
	at org.testng.internal.MethodInvocationHelper.invokeMethod(MethodInvocationHelper.java:85)
	at org.testng.internal.Invoker.invokeMethod(Invoker.java:648)
	at org.testng.internal.Invoker.invokeTestMethod(Invoker.java:834)
	at org.testng.internal.Invoker.invokeTestMethods(Invoker.java:1142)
	at org.testng.internal.TestMethodWorker.invokeTestMethods(TestMethodWorker.java:124)
	at org.testng.internal.TestMethodWorker.run(TestMethodWorker.java:108)
	at org.testng.TestRunner.privateRun(TestRunner.java:771)
	at org.testng.TestRunner.run(TestRunner.java:621)
	at org.testng.SuiteRunner.runTest(SuiteRunner.java:357)
	at org.testng.SuiteRunner.access$000(SuiteRunner.java:38)
	at org.testng.SuiteRunner$SuiteWorker.run(SuiteRunner.java:391)
	at org.testng.internal.thread.ThreadUtil$2.call(ThreadUtil.java:64)
	at java.util.concurrent.FutureTask.run(Unknown Source)
	at java.util.concurrent.ThreadPoolExecutor.runWorker(Unknown Source)
	at java.util.concurrent.ThreadPoolExecutor$Worker.run(Unknown Source)
	at java.lang.Thread.run(Unknown Source)


Failure 30 of 117:
java.lang.Throwable: Error occoured while getting the column number with data from excel sheet.
	at util.UtilFunction.getColumnWithCellData(UtilFunction.java:623)
	at CIMS.CIMS_MainProject.ScenarioAndTotalcounter(CIMS_MainProject.java:2379)
	at CIMS.CIMS_MainProject.firstHalfModulesOfQuestionnaire(CIMS_MainProject.java:2946)
	at CIMS.CIMS_MainProject.CIMSMain(CIMS_MainProject.java:431)
	at sun.reflect.NativeMethodAccessorImpl.invoke0(Native Method)
	at sun.reflect.NativeMethodAccessorImpl.invoke(Unknown Source)
	at sun.reflect.DelegatingMethodAccessorImpl.invoke(Unknown Source)
	at java.lang.reflect.Method.invoke(Unknown Source)
	at org.testng.internal.MethodInvocationHelper.invokeMethod(MethodInvocationHelper.java:85)
	at org.testng.internal.Invoker.invokeMethod(Invoker.java:648)
	at org.testng.internal.Invoker.invokeTestMethod(Invoker.java:834)
	at org.testng.internal.Invoker.invokeTestMethods(Invoker.java:1142)
	at org.testng.internal.TestMethodWorker.invokeTestMethods(TestMethodWorker.java:124)
	at org.testng.internal.TestMethodWorker.run(TestMethodWorker.java:108)
	at org.testng.TestRunner.privateRun(TestRunner.java:771)
	at org.testng.TestRunner.run(TestRunner.java:621)
	at org.testng.SuiteRunner.runTest(SuiteRunner.java:357)
	at org.testng.SuiteRunner.access$000(SuiteRunner.java:38)
	at org.testng.SuiteRunner$SuiteWorker.run(SuiteRunner.java:391)
	at org.testng.internal.thread.ThreadUtil$2.call(ThreadUtil.java:64)
	at java.util.concurrent.FutureTask.run(Unknown Source)
	at java.util.concurrent.ThreadPoolExecutor.runWorker(Unknown Source)
	at java.util.concurrent.ThreadPoolExecutor$Worker.run(Unknown Source)
	at java.lang.Thread.run(Unknown Source)


Failure 31 of 117:
java.lang.Throwable: Error occoured while getting the column number with data from excel sheet.
	at util.UtilFunction.getColumnWithCellData(UtilFunction.java:623)
	at CIMS.CIMS_MainProject.ScenarioAndTotalcounter(CIMS_MainProject.java:2379)
	at CIMS.CIMS_MainProject.firstHalfModulesOfQuestionnaire(CIMS_MainProject.java:2946)
	at CIMS.CIMS_MainProject.CIMSMain(CIMS_MainProject.java:431)
	at sun.reflect.NativeMethodAccessorImpl.invoke0(Native Method)
	at sun.reflect.NativeMethodAccessorImpl.invoke(Unknown Source)
	at sun.reflect.DelegatingMethodAccessorImpl.invoke(Unknown Source)
	at java.lang.reflect.Method.invoke(Unknown Source)
	at org.testng.internal.MethodInvocationHelper.invokeMethod(MethodInvocationHelper.java:85)
	at org.testng.internal.Invoker.invokeMethod(Invoker.java:648)
	at org.testng.internal.Invoker.invokeTestMethod(Invoker.java:834)
	at org.testng.internal.Invoker.invokeTestMethods(Invoker.java:1142)
	at org.testng.internal.TestMethodWorker.invokeTestMethods(TestMethodWorker.java:124)
	at org.testng.internal.TestMethodWorker.run(TestMethodWorker.java:108)
	at org.testng.TestRunner.privateRun(TestRunner.java:771)
	at org.testng.TestRunner.run(TestRunner.java:621)
	at org.testng.SuiteRunner.runTest(SuiteRunner.java:357)
	at org.testng.SuiteRunner.access$000(SuiteRunner.java:38)
	at org.testng.SuiteRunner$SuiteWorker.run(SuiteRunner.java:391)
	at org.testng.internal.thread.ThreadUtil$2.call(ThreadUtil.java:64)
	at java.util.concurrent.FutureTask.run(Unknown Source)
	at java.util.concurrent.ThreadPoolExecutor.runWorker(Unknown Source)
	at java.util.concurrent.ThreadPoolExecutor$Worker.run(Unknown Source)
	at java.lang.Thread.run(Unknown Source)


Failure 32 of 117:
java.lang.Throwable: Error occoured while getting the column number with data from excel sheet.
	at util.UtilFunction.getColumnWithCellData(UtilFunction.java:623)
	at CIMS.CIMS_MainProject.CIMSMain(CIMS_MainProject.java:425)
	at sun.reflect.NativeMethodAccessorImpl.invoke0(Native Method)
	at sun.reflect.NativeMethodAccessorImpl.invoke(Unknown Source)
	at sun.reflect.DelegatingMethodAccessorImpl.invoke(Unknown Source)
	at java.lang.reflect.Method.invoke(Unknown Source)
	at org.testng.internal.MethodInvocationHelper.invokeMethod(MethodInvocationHelper.java:85)
	at org.testng.internal.Invoker.invokeMethod(Invoker.java:648)
	at org.testng.internal.Invoker.invokeTestMethod(Invoker.java:834)
	at org.testng.internal.Invoker.invokeTestMethods(Invoker.java:1142)
	at org.testng.internal.TestMethodWorker.invokeTestMethods(TestMethodWorker.java:124)
	at org.testng.internal.TestMethodWorker.run(TestMethodWorker.java:108)
	at org.testng.TestRunner.privateRun(TestRunner.java:771)
	at org.testng.TestRunner.run(TestRunner.java:621)
	at org.testng.SuiteRunner.runTest(SuiteRunner.java:357)
	at org.testng.SuiteRunner.access$000(SuiteRunner.java:38)
	at org.testng.SuiteRunner$SuiteWorker.run(SuiteRunner.java:391)
	at org.testng.internal.thread.ThreadUtil$2.call(ThreadUtil.java:64)
	at java.util.concurrent.FutureTask.run(Unknown Source)
	at java.util.concurrent.ThreadPoolExecutor.runWorker(Unknown Source)
	at java.util.concurrent.ThreadPoolExecutor$Worker.run(Unknown Source)
	at java.lang.Thread.run(Unknown Source)


Failure 33 of 117:
java.lang.Throwable: Error occoured while getting the column number with data from excel sheet.
	at util.UtilFunction.getColumnWithCellData(UtilFunction.java:623)
	at CIMS.CIMS_MainProject.ScenarioAndTotalcounter(CIMS_MainProject.java:2379)
	at CIMS.CIMS_MainProject.firstHalfModulesOfQuestionnaire(CIMS_MainProject.java:3023)
	at CIMS.CIMS_MainProject.CIMSMain(CIMS_MainProject.java:431)
	at sun.reflect.NativeMethodAccessorImpl.invoke0(Native Method)
	at sun.reflect.NativeMethodAccessorImpl.invoke(Unknown Source)
	at sun.reflect.DelegatingMethodAccessorImpl.invoke(Unknown Source)
	at java.lang.reflect.Method.invoke(Unknown Source)
	at org.testng.internal.MethodInvocationHelper.invokeMethod(MethodInvocationHelper.java:85)
	at org.testng.internal.Invoker.invokeMethod(Invoker.java:648)
	at org.testng.internal.Invoker.invokeTestMethod(Invoker.java:834)
	at org.testng.internal.Invoker.invokeTestMethods(Invoker.java:1142)
	at org.testng.internal.TestMethodWorker.invokeTestMethods(TestMethodWorker.java:124)
	at org.testng.internal.TestMethodWorker.run(TestMethodWorker.java:108)
	at org.testng.TestRunner.privateRun(TestRunner.java:771)
	at org.testng.TestRunner.run(TestRunner.java:621)
	at org.testng.SuiteRunner.runTest(SuiteRunner.java:357)
	at org.testng.SuiteRunner.access$000(SuiteRunner.java:38)
	at org.testng.SuiteRunner$SuiteWorker.run(SuiteRunner.java:391)
	at org.testng.internal.thread.ThreadUtil$2.call(ThreadUtil.java:64)
	at java.util.concurrent.FutureTask.run(Unknown Source)
	at java.util.concurrent.ThreadPoolExecutor.runWorker(Unknown Source)
	at java.util.concurrent.ThreadPoolExecutor$Worker.run(Unknown Source)
	at java.lang.Thread.run(Unknown Source)


Failure 34 of 117:
java.lang.Throwable: Error occoured while getting the column number with data from excel sheet.
	at util.UtilFunction.getColumnWithCellData(UtilFunction.java:623)
	at CIMS.CIMS_MainProject.ScenarioAndTotalcounter(CIMS_MainProject.java:2379)
	at CIMS.CIMS_MainProject.firstHalfModulesOfQuestionnaire(CIMS_MainProject.java:3023)
	at CIMS.CIMS_MainProject.CIMSMain(CIMS_MainProject.java:431)
	at sun.reflect.NativeMethodAccessorImpl.invoke0(Native Method)
	at sun.reflect.NativeMethodAccessorImpl.invoke(Unknown Source)
	at sun.reflect.DelegatingMethodAccessorImpl.invoke(Unknown Source)
	at java.lang.reflect.Method.invoke(Unknown Source)
	at org.testng.internal.MethodInvocationHelper.invokeMethod(MethodInvocationHelper.java:85)
	at org.testng.internal.Invoker.invokeMethod(Invoker.java:648)
	at org.testng.internal.Invoker.invokeTestMethod(Invoker.java:834)
	at org.testng.internal.Invoker.invokeTestMethods(Invoker.java:1142)
	at org.testng.internal.TestMethodWorker.invokeTestMethods(TestMethodWorker.java:124)
	at org.testng.internal.TestMethodWorker.run(TestMethodWorker.java:108)
	at org.testng.TestRunner.privateRun(TestRunner.java:771)
	at org.testng.TestRunner.run(TestRunner.java:621)
	at org.testng.SuiteRunner.runTest(SuiteRunner.java:357)
	at org.testng.SuiteRunner.access$000(SuiteRunner.java:38)
	at org.testng.SuiteRunner$SuiteWorker.run(SuiteRunner.java:391)
	at org.testng.internal.thread.ThreadUtil$2.call(ThreadUtil.java:64)
	at java.util.concurrent.FutureTask.run(Unknown Source)
	at java.util.concurrent.ThreadPoolExecutor.runWorker(Unknown Source)
	at java.util.concurrent.ThreadPoolExecutor$Worker.run(Unknown Source)
	at java.lang.Thread.run(Unknown Source)


Failure 35 of 117:
java.lang.Throwable: Error occoured while fetching the data from excel sheet.
	at util.UtilFunction.getCellData(UtilFunction.java:379)
	at CIMS.Modules.Questionnaires.CIMS_Patents_Module.PatentsPage(CIMS_Patents_Module.java:84)
	at CIMS.CIMS_MainProject.firstHalfModulesOfQuestionnaire(CIMS_MainProject.java:3030)
	at CIMS.CIMS_MainProject.CIMSMain(CIMS_MainProject.java:431)
	at sun.reflect.NativeMethodAccessorImpl.invoke0(Native Method)
	at sun.reflect.NativeMethodAccessorImpl.invoke(Unknown Source)
	at sun.reflect.DelegatingMethodAccessorImpl.invoke(Unknown Source)
	at java.lang.reflect.Method.invoke(Unknown Source)
	at org.testng.internal.MethodInvocationHelper.invokeMethod(MethodInvocationHelper.java:85)
	at org.testng.internal.Invoker.invokeMethod(Invoker.java:648)
	at org.testng.internal.Invoker.invokeTestMethod(Invoker.java:834)
	at org.testng.internal.Invoker.invokeTestMethods(Invoker.java:1142)
	at org.testng.internal.TestMethodWorker.invokeTestMethods(TestMethodWorker.java:124)
	at org.testng.internal.TestMethodWorker.run(TestMethodWorker.java:108)
	at org.testng.TestRunner.privateRun(TestRunner.java:771)
	at org.testng.TestRunner.run(TestRunner.java:621)
	at org.testng.SuiteRunner.runTest(SuiteRunner.java:357)
	at org.testng.SuiteRunner.access$000(SuiteRunner.java:38)
	at org.testng.SuiteRunner$SuiteWorker.run(SuiteRunner.java:391)
	at org.testng.internal.thread.ThreadUtil$2.call(ThreadUtil.java:64)
	at java.util.concurrent.FutureTask.run(Unknown Source)
	at java.util.concurrent.ThreadPoolExecutor.runWorker(Unknown Source)
	at java.util.concurrent.ThreadPoolExecutor$Worker.run(Unknown Source)
	at java.lang.Thread.run(Unknown Source)


Failure 36 of 117:
java.lang.Throwable: Error occoured while fetching the data from excel sheet.
	at util.UtilFunction.getCellData(UtilFunction.java:379)
	at CIMS.Modules.Questionnaires.CIMS_Patents_Module.PatentsPage(CIMS_Patents_Module.java:85)
	at CIMS.CIMS_MainProject.firstHalfModulesOfQuestionnaire(CIMS_MainProject.java:3030)
	at CIMS.CIMS_MainProject.CIMSMain(CIMS_MainProject.java:431)
	at sun.reflect.NativeMethodAccessorImpl.invoke0(Native Method)
	at sun.reflect.NativeMethodAccessorImpl.invoke(Unknown Source)
	at sun.reflect.DelegatingMethodAccessorImpl.invoke(Unknown Source)
	at java.lang.reflect.Method.invoke(Unknown Source)
	at org.testng.internal.MethodInvocationHelper.invokeMethod(MethodInvocationHelper.java:85)
	at org.testng.internal.Invoker.invokeMethod(Invoker.java:648)
	at org.testng.internal.Invoker.invokeTestMethod(Invoker.java:834)
	at org.testng.internal.Invoker.invokeTestMethods(Invoker.java:1142)
	at org.testng.internal.TestMethodWorker.invokeTestMethods(TestMethodWorker.java:124)
	at org.testng.internal.TestMethodWorker.run(TestMethodWorker.java:108)
	at org.testng.TestRunner.privateRun(TestRunner.java:771)
	at org.testng.TestRunner.run(TestRunner.java:621)
	at org.testng.SuiteRunner.runTest(SuiteRunner.java:357)
	at org.testng.SuiteRunner.access$000(SuiteRunner.java:38)
	at org.testng.SuiteRunner$SuiteWorker.run(SuiteRunner.java:391)
	at org.testng.internal.thread.ThreadUtil$2.call(ThreadUtil.java:64)
	at java.util.concurrent.FutureTask.run(Unknown Source)
	at java.util.concurrent.ThreadPoolExecutor.runWorker(Unknown Source)
	at java.util.concurrent.ThreadPoolExecutor$Worker.run(Unknown Source)
	at java.lang.Thread.run(Unknown Source)


Failure 37 of 117:
java.lang.Throwable: Error occoured while fetching the data from excel sheet.
	at util.UtilFunction.getCellData(UtilFunction.java:379)
	at CIMS.Modules.Questionnaires.CIMS_Patents_Module.PatentsPage(CIMS_Patents_Module.java:86)
	at CIMS.CIMS_MainProject.firstHalfModulesOfQuestionnaire(CIMS_MainProject.java:3030)
	at CIMS.CIMS_MainProject.CIMSMain(CIMS_MainProject.java:431)
	at sun.reflect.NativeMethodAccessorImpl.invoke0(Native Method)
	at sun.reflect.NativeMethodAccessorImpl.invoke(Unknown Source)
	at sun.reflect.DelegatingMethodAccessorImpl.invoke(Unknown Source)
	at java.lang.reflect.Method.invoke(Unknown Source)
	at org.testng.internal.MethodInvocationHelper.invokeMethod(MethodInvocationHelper.java:85)
	at org.testng.internal.Invoker.invokeMethod(Invoker.java:648)
	at org.testng.internal.Invoker.invokeTestMethod(Invoker.java:834)
	at org.testng.internal.Invoker.invokeTestMethods(Invoker.java:1142)
	at org.testng.internal.TestMethodWorker.invokeTestMethods(TestMethodWorker.java:124)
	at org.testng.internal.TestMethodWorker.run(TestMethodWorker.java:108)
	at org.testng.TestRunner.privateRun(TestRunner.java:771)
	at org.testng.TestRunner.run(TestRunner.java:621)
	at org.testng.SuiteRunner.runTest(SuiteRunner.java:357)
	at org.testng.SuiteRunner.access$000(SuiteRunner.java:38)
	at org.testng.SuiteRunner$SuiteWorker.run(SuiteRunner.java:391)
	at org.testng.internal.thread.ThreadUtil$2.call(ThreadUtil.java:64)
	at java.util.concurrent.FutureTask.run(Unknown Source)
	at java.util.concurrent.ThreadPoolExecutor.runWorker(Unknown Source)
	at java.util.concurrent.ThreadPoolExecutor$Worker.run(Unknown Source)
	at java.lang.Thread.run(Unknown Source)


Failure 38 of 117:
java.lang.Throwable: Error occoured while getting the column number with data from excel sheet.
	at util.UtilFunction.getColumnWithCellData(UtilFunction.java:623)
	at CIMS.CIMS_MainProject.CIMSMain(CIMS_MainProject.java:425)
	at sun.reflect.NativeMethodAccessorImpl.invoke0(Native Method)
	at sun.reflect.NativeMethodAccessorImpl.invoke(Unknown Source)
	at sun.reflect.DelegatingMethodAccessorImpl.invoke(Unknown Source)
	at java.lang.reflect.Method.invoke(Unknown Source)
	at org.testng.internal.MethodInvocationHelper.invokeMethod(MethodInvocationHelper.java:85)
	at org.testng.internal.Invoker.invokeMethod(Invoker.java:648)
	at org.testng.internal.Invoker.invokeTestMethod(Invoker.java:834)
	at org.testng.internal.Invoker.invokeTestMethods(Invoker.java:1142)
	at org.testng.internal.TestMethodWorker.invokeTestMethods(TestMethodWorker.java:124)
	at org.testng.internal.TestMethodWorker.run(TestMethodWorker.java:108)
	at org.testng.TestRunner.privateRun(TestRunner.java:771)
	at org.testng.TestRunner.run(TestRunner.java:621)
	at org.testng.SuiteRunner.runTest(SuiteRunner.java:357)
	at org.testng.SuiteRunner.access$000(SuiteRunner.java:38)
	at org.testng.SuiteRunner$SuiteWorker.run(SuiteRunner.java:391)
	at org.testng.internal.thread.ThreadUtil$2.call(ThreadUtil.java:64)
	at java.util.concurrent.FutureTask.run(Unknown Source)
	at java.util.concurrent.ThreadPoolExecutor.runWorker(Unknown Source)
	at java.util.concurrent.ThreadPoolExecutor$Worker.run(Unknown Source)
	at java.lang.Thread.run(Unknown Source)


Failure 39 of 117:
java.lang.Throwable: Error occoured while getting the column number with data from excel sheet.
	at util.UtilFunction.getColumnWithCellData(UtilFunction.java:623)
	at CIMS.CIMS_MainProject.ScenarioAndTotalcounter(CIMS_MainProject.java:2379)
	at CIMS.CIMS_MainProject.firstHalfModulesOfQuestionnaire(CIMS_MainProject.java:3101)
	at CIMS.CIMS_MainProject.CIMSMain(CIMS_MainProject.java:431)
	at sun.reflect.NativeMethodAccessorImpl.invoke0(Native Method)
	at sun.reflect.NativeMethodAccessorImpl.invoke(Unknown Source)
	at sun.reflect.DelegatingMethodAccessorImpl.invoke(Unknown Source)
	at java.lang.reflect.Method.invoke(Unknown Source)
	at org.testng.internal.MethodInvocationHelper.invokeMethod(MethodInvocationHelper.java:85)
	at org.testng.internal.Invoker.invokeMethod(Invoker.java:648)
	at org.testng.internal.Invoker.invokeTestMethod(Invoker.java:834)
	at org.testng.internal.Invoker.invokeTestMethods(Invoker.java:1142)
	at org.testng.internal.TestMethodWorker.invokeTestMethods(TestMethodWorker.java:124)
	at org.testng.internal.TestMethodWorker.run(TestMethodWorker.java:108)
	at org.testng.TestRunner.privateRun(TestRunner.java:771)
	at org.testng.TestRunner.run(TestRunner.java:621)
	at org.testng.SuiteRunner.runTest(SuiteRunner.java:357)
	at org.testng.SuiteRunner.access$000(SuiteRunner.java:38)
	at org.testng.SuiteRunner$SuiteWorker.run(SuiteRunner.java:391)
	at org.testng.internal.thread.ThreadUtil$2.call(ThreadUtil.java:64)
	at java.util.concurrent.FutureTask.run(Unknown Source)
	at java.util.concurrent.ThreadPoolExecutor.runWorker(Unknown Source)
	at java.util.concurrent.ThreadPoolExecutor$Worker.run(Unknown Source)
	at java.lang.Thread.run(Unknown Source)


Failure 40 of 117:
java.lang.Throwable: Error occoured while getting the column number with data from excel sheet.
	at util.UtilFunction.getColumnWithCellData(UtilFunction.java:623)
	at CIMS.CIMS_MainProject.ScenarioAndTotalcounter(CIMS_MainProject.java:2379)
	at CIMS.CIMS_MainProject.firstHalfModulesOfQuestionnaire(CIMS_MainProject.java:3101)
	at CIMS.CIMS_MainProject.CIMSMain(CIMS_MainProject.java:431)
	at sun.reflect.NativeMethodAccessorImpl.invoke0(Native Method)
	at sun.reflect.NativeMethodAccessorImpl.invoke(Unknown Source)
	at sun.reflect.DelegatingMethodAccessorImpl.invoke(Unknown Source)
	at java.lang.reflect.Method.invoke(Unknown Source)
	at org.testng.internal.MethodInvocationHelper.invokeMethod(MethodInvocationHelper.java:85)
	at org.testng.internal.Invoker.invokeMethod(Invoker.java:648)
	at org.testng.internal.Invoker.invokeTestMethod(Invoker.java:834)
	at org.testng.internal.Invoker.invokeTestMethods(Invoker.java:1142)
	at org.testng.internal.TestMethodWorker.invokeTestMethods(TestMethodWorker.java:124)
	at org.testng.internal.TestMethodWorker.run(TestMethodWorker.java:108)
	at org.testng.TestRunner.privateRun(TestRunner.java:771)
	at org.testng.TestRunner.run(TestRunner.java:621)
	at org.testng.SuiteRunner.runTest(SuiteRunner.java:357)
	at org.testng.SuiteRunner.access$000(SuiteRunner.java:38)
	at org.testng.SuiteRunner$SuiteWorker.run(SuiteRunner.java:391)
	at org.testng.internal.thread.ThreadUtil$2.call(ThreadUtil.java:64)
	at java.util.concurrent.FutureTask.run(Unknown Source)
	at java.util.concurrent.ThreadPoolExecutor.runWorker(Unknown Source)
	at java.util.concurrent.ThreadPoolExecutor$Worker.run(Unknown Source)
	at java.lang.Thread.run(Unknown Source)


Failure 41 of 117:
java.lang.Throwable: Error occoured while fetching the data from excel sheet.
	at util.UtilFunction.getCellData(UtilFunction.java:379)
	at CIMS.Modules.Questionnaires.CIMS_Id_Documents_Module.Id_DocumentsPage(CIMS_Id_Documents_Module.java:92)
	at CIMS.CIMS_MainProject.firstHalfModulesOfQuestionnaire(CIMS_MainProject.java:3107)
	at CIMS.CIMS_MainProject.CIMSMain(CIMS_MainProject.java:431)
	at sun.reflect.NativeMethodAccessorImpl.invoke0(Native Method)
	at sun.reflect.NativeMethodAccessorImpl.invoke(Unknown Source)
	at sun.reflect.DelegatingMethodAccessorImpl.invoke(Unknown Source)
	at java.lang.reflect.Method.invoke(Unknown Source)
	at org.testng.internal.MethodInvocationHelper.invokeMethod(MethodInvocationHelper.java:85)
	at org.testng.internal.Invoker.invokeMethod(Invoker.java:648)
	at org.testng.internal.Invoker.invokeTestMethod(Invoker.java:834)
	at org.testng.internal.Invoker.invokeTestMethods(Invoker.java:1142)
	at org.testng.internal.TestMethodWorker.invokeTestMethods(TestMethodWorker.java:124)
	at org.testng.internal.TestMethodWorker.run(TestMethodWorker.java:108)
	at org.testng.TestRunner.privateRun(TestRunner.java:771)
	at org.testng.TestRunner.run(TestRunner.java:621)
	at org.testng.SuiteRunner.runTest(SuiteRunner.java:357)
	at org.testng.SuiteRunner.access$000(SuiteRunner.java:38)
	at org.testng.SuiteRunner$SuiteWorker.run(SuiteRunner.java:391)
	at org.testng.internal.thread.ThreadUtil$2.call(ThreadUtil.java:64)
	at java.util.concurrent.FutureTask.run(Unknown Source)
	at java.util.concurrent.ThreadPoolExecutor.runWorker(Unknown Source)
	at java.util.concurrent.ThreadPoolExecutor$Worker.run(Unknown Source)
	at java.lang.Thread.run(Unknown Source)


Failure 42 of 117:
java.lang.Throwable: Error occoured while fetching the data from excel sheet.
	at util.UtilFunction.getCellData(UtilFunction.java:379)
	at CIMS.Modules.Questionnaires.CIMS_Id_Documents_Module.Id_DocumentsPage(CIMS_Id_Documents_Module.java:93)
	at CIMS.CIMS_MainProject.firstHalfModulesOfQuestionnaire(CIMS_MainProject.java:3107)
	at CIMS.CIMS_MainProject.CIMSMain(CIMS_MainProject.java:431)
	at sun.reflect.NativeMethodAccessorImpl.invoke0(Native Method)
	at sun.reflect.NativeMethodAccessorImpl.invoke(Unknown Source)
	at sun.reflect.DelegatingMethodAccessorImpl.invoke(Unknown Source)
	at java.lang.reflect.Method.invoke(Unknown Source)
	at org.testng.internal.MethodInvocationHelper.invokeMethod(MethodInvocationHelper.java:85)
	at org.testng.internal.Invoker.invokeMethod(Invoker.java:648)
	at org.testng.internal.Invoker.invokeTestMethod(Invoker.java:834)
	at org.testng.internal.Invoker.invokeTestMethods(Invoker.java:1142)
	at org.testng.internal.TestMethodWorker.invokeTestMethods(TestMethodWorker.java:124)
	at org.testng.internal.TestMethodWorker.run(TestMethodWorker.java:108)
	at org.testng.TestRunner.privateRun(TestRunner.java:771)
	at org.testng.TestRunner.run(TestRunner.java:621)
	at org.testng.SuiteRunner.runTest(SuiteRunner.java:357)
	at org.testng.SuiteRunner.access$000(SuiteRunner.java:38)
	at org.testng.SuiteRunner$SuiteWorker.run(SuiteRunner.java:391)
	at org.testng.internal.thread.ThreadUtil$2.call(ThreadUtil.java:64)
	at java.util.concurrent.FutureTask.run(Unknown Source)
	at java.util.concurrent.ThreadPoolExecutor.runWorker(Unknown Source)
	at java.util.concurrent.ThreadPoolExecutor$Worker.run(Unknown Source)
	at java.lang.Thread.run(Unknown Source)


Failure 43 of 117:
java.lang.Throwable: Error occoured while fetching the data from excel sheet.
	at util.UtilFunction.getCellData(UtilFunction.java:379)
	at CIMS.Modules.Questionnaires.CIMS_Id_Documents_Module.Id_DocumentsPage(CIMS_Id_Documents_Module.java:94)
	at CIMS.CIMS_MainProject.firstHalfModulesOfQuestionnaire(CIMS_MainProject.java:3107)
	at CIMS.CIMS_MainProject.CIMSMain(CIMS_MainProject.java:431)
	at sun.reflect.NativeMethodAccessorImpl.invoke0(Native Method)
	at sun.reflect.NativeMethodAccessorImpl.invoke(Unknown Source)
	at sun.reflect.DelegatingMethodAccessorImpl.invoke(Unknown Source)
	at java.lang.reflect.Method.invoke(Unknown Source)
	at org.testng.internal.MethodInvocationHelper.invokeMethod(MethodInvocationHelper.java:85)
	at org.testng.internal.Invoker.invokeMethod(Invoker.java:648)
	at org.testng.internal.Invoker.invokeTestMethod(Invoker.java:834)
	at org.testng.internal.Invoker.invokeTestMethods(Invoker.java:1142)
	at org.testng.internal.TestMethodWorker.invokeTestMethods(TestMethodWorker.java:124)
	at org.testng.internal.TestMethodWorker.run(TestMethodWorker.java:108)
	at org.testng.TestRunner.privateRun(TestRunner.java:771)
	at org.testng.TestRunner.run(TestRunner.java:621)
	at org.testng.SuiteRunner.runTest(SuiteRunner.java:357)
	at org.testng.SuiteRunner.access$000(SuiteRunner.java:38)
	at org.testng.SuiteRunner$SuiteWorker.run(SuiteRunner.java:391)
	at org.testng.internal.thread.ThreadUtil$2.call(ThreadUtil.java:64)
	at java.util.concurrent.FutureTask.run(Unknown Source)
	at java.util.concurrent.ThreadPoolExecutor.runWorker(Unknown Source)
	at java.util.concurrent.ThreadPoolExecutor$Worker.run(Unknown Source)
	at java.lang.Thread.run(Unknown Source)


Failure 44 of 117:
java.lang.Throwable: Error occoured while getting the column number with data from excel sheet.
	at util.UtilFunction.getColumnWithCellData(UtilFunction.java:623)
	at CIMS.CIMS_MainProject.CIMSMain(CIMS_MainProject.java:425)
	at sun.reflect.NativeMethodAccessorImpl.invoke0(Native Method)
	at sun.reflect.NativeMethodAccessorImpl.invoke(Unknown Source)
	at sun.reflect.DelegatingMethodAccessorImpl.invoke(Unknown Source)
	at java.lang.reflect.Method.invoke(Unknown Source)
	at org.testng.internal.MethodInvocationHelper.invokeMethod(MethodInvocationHelper.java:85)
	at org.testng.internal.Invoker.invokeMethod(Invoker.java:648)
	at org.testng.internal.Invoker.invokeTestMethod(Invoker.java:834)
	at org.testng.internal.Invoker.invokeTestMethods(Invoker.java:1142)
	at org.testng.internal.TestMethodWorker.invokeTestMethods(TestMethodWorker.java:124)
	at org.testng.internal.TestMethodWorker.run(TestMethodWorker.java:108)
	at org.testng.TestRunner.privateRun(TestRunner.java:771)
	at org.testng.TestRunner.run(TestRunner.java:621)
	at org.testng.SuiteRunner.runTest(SuiteRunner.java:357)
	at org.testng.SuiteRunner.access$000(SuiteRunner.java:38)
	at org.testng.SuiteRunner$SuiteWorker.run(SuiteRunner.java:391)
	at org.testng.internal.thread.ThreadUtil$2.call(ThreadUtil.java:64)
	at java.util.concurrent.FutureTask.run(Unknown Source)
	at java.util.concurrent.ThreadPoolExecutor.runWorker(Unknown Source)
	at java.util.concurrent.ThreadPoolExecutor$Worker.run(Unknown Source)
	at java.lang.Thread.run(Unknown Source)


Failure 45 of 117:
java.lang.Throwable: Error occoured while getting the column number with data from excel sheet.
	at util.UtilFunction.getColumnWithCellData(UtilFunction.java:623)
	at CIMS.CIMS_MainProject.ScenarioAndTotalcounter(CIMS_MainProject.java:2379)
	at CIMS.CIMS_MainProject.CIMSMain(CIMS_MainProject.java:1665)
	at sun.reflect.NativeMethodAccessorImpl.invoke0(Native Method)
	at sun.reflect.NativeMethodAccessorImpl.invoke(Unknown Source)
	at sun.reflect.DelegatingMethodAccessorImpl.invoke(Unknown Source)
	at java.lang.reflect.Method.invoke(Unknown Source)
	at org.testng.internal.MethodInvocationHelper.invokeMethod(MethodInvocationHelper.java:85)
	at org.testng.internal.Invoker.invokeMethod(Invoker.java:648)
	at org.testng.internal.Invoker.invokeTestMethod(Invoker.java:834)
	at org.testng.internal.Invoker.invokeTestMethods(Invoker.java:1142)
	at org.testng.internal.TestMethodWorker.invokeTestMethods(TestMethodWorker.java:124)
	at org.testng.internal.TestMethodWorker.run(TestMethodWorker.java:108)
	at org.testng.TestRunner.privateRun(TestRunner.java:771)
	at org.testng.TestRunner.run(TestRunner.java:621)
	at org.testng.SuiteRunner.runTest(SuiteRunner.java:357)
	at org.testng.SuiteRunner.access$000(SuiteRunner.java:38)
	at org.testng.SuiteRunner$SuiteWorker.run(SuiteRunner.java:391)
	at org.testng.internal.thread.ThreadUtil$2.call(ThreadUtil.java:64)
	at java.util.concurrent.FutureTask.run(Unknown Source)
	at java.util.concurrent.ThreadPoolExecutor.runWorker(Unknown Source)
	at java.util.concurrent.ThreadPoolExecutor$Worker.run(Unknown Source)
	at java.lang.Thread.run(Unknown Source)


Failure 46 of 117:
java.lang.Throwable: Error occoured while getting the column number with data from excel sheet.
	at util.UtilFunction.getColumnWithCellData(UtilFunction.java:623)
	at CIMS.CIMS_MainProject.ScenarioAndTotalcounter(CIMS_MainProject.java:2379)
	at CIMS.CIMS_MainProject.CIMSMain(CIMS_MainProject.java:1665)
	at sun.reflect.NativeMethodAccessorImpl.invoke0(Native Method)
	at sun.reflect.NativeMethodAccessorImpl.invoke(Unknown Source)
	at sun.reflect.DelegatingMethodAccessorImpl.invoke(Unknown Source)
	at java.lang.reflect.Method.invoke(Unknown Source)
	at org.testng.internal.MethodInvocationHelper.invokeMethod(MethodInvocationHelper.java:85)
	at org.testng.internal.Invoker.invokeMethod(Invoker.java:648)
	at org.testng.internal.Invoker.invokeTestMethod(Invoker.java:834)
	at org.testng.internal.Invoker.invokeTestMethods(Invoker.java:1142)
	at org.testng.internal.TestMethodWorker.invokeTestMethods(TestMethodWorker.java:124)
	at org.testng.internal.TestMethodWorker.run(TestMethodWorker.java:108)
	at org.testng.TestRunner.privateRun(TestRunner.java:771)
	at org.testng.TestRunner.run(TestRunner.java:621)
	at org.testng.SuiteRunner.runTest(SuiteRunner.java:357)
	at org.testng.SuiteRunner.access$000(SuiteRunner.java:38)
	at org.testng.SuiteRunner$SuiteWorker.run(SuiteRunner.java:391)
	at org.testng.internal.thread.ThreadUtil$2.call(ThreadUtil.java:64)
	at java.util.concurrent.FutureTask.run(Unknown Source)
	at java.util.concurrent.ThreadPoolExecutor.runWorker(Unknown Source)
	at java.util.concurrent.ThreadPoolExecutor$Worker.run(Unknown Source)
	at java.lang.Thread.run(Unknown Source)


Failure 47 of 117:
java.lang.Throwable: Error occoured while fetching the data from excel sheet.
	at util.UtilFunction.getCellData(UtilFunction.java:379)
	at CIMS.Modules.Questionnaires.CIMS_Participation_as_Judge_Module.Participation_as_Judge_info(CIMS_Participation_as_Judge_Module.java:58)
	at CIMS.CIMS_MainProject.CIMSMain(CIMS_MainProject.java:1671)
	at sun.reflect.NativeMethodAccessorImpl.invoke0(Native Method)
	at sun.reflect.NativeMethodAccessorImpl.invoke(Unknown Source)
[...]
	at CIMS.CIMS_MainProject.CIMSMain(CIMS_MainProject.java:431)
	at java.util.concurrent.FutureTask.run(Unknown Source)
	at java.util.concurrent.ThreadPoolExecutor.runWorker(Unknown Source)
	at java.util.concurrent.ThreadPoolExecutor$Worker.run(Unknown Source)
	at java.lang.Thread.run(Unknown Source)


Failure 85 of 117:
java.lang.Throwable: Error occoured while fetching the data from excel sheet.
	at util.UtilFunction.getCellData(UtilFunction.java:379)
	at CIMS.Modules.Questionnaires.CIMS_Visits_Module.Visits_info(CIMS_Visits_Module.java:78)
	at CIMS.CIMS_MainProject.firstHalfModulesOfQuestionnaire(CIMS_MainProject.java:4603)
	at CIMS.CIMS_MainProject.CIMSMain(CIMS_MainProject.java:431)
	at java.util.concurrent.FutureTask.run(Unknown Source)
	at java.util.concurrent.ThreadPoolExecutor.runWorker(Unknown Source)
	at java.util.concurrent.ThreadPoolExecutor$Worker.run(Unknown Source)
	at java.lang.Thread.run(Unknown Source)


Failure 86 of 117:
java.lang.Throwable: Error occoured while fetching the data from excel sheet.
	at util.UtilFunction.getCellData(UtilFunction.java:379)
	at CIMS.Modules.Questionnaires.CIMS_Visits_Module.Visits_info(CIMS_Visits_Module.java:79)
	at CIMS.CIMS_MainProject.firstHalfModulesOfQuestionnaire(CIMS_MainProject.java:4603)
	at CIMS.CIMS_MainProject.CIMSMain(CIMS_MainProject.java:431)
	at java.util.concurrent.FutureTask.run(Unknown Source)
	at java.util.concurrent.ThreadPoolExecutor.runWorker(Unknown Source)
	at java.util.concurrent.ThreadPoolExecutor$Worker.run(Unknown Source)
	at java.lang.Thread.run(Unknown Source)


Failure 87 of 117:
java.lang.Throwable: Error occoured while fetching the data from excel sheet.
	at util.UtilFunction.getCellData(UtilFunction.java:379)
	at CIMS.Modules.Questionnaires.CIMS_Visits_Module.Visits_info(CIMS_Visits_Module.java:80)
	at CIMS.CIMS_MainProject.firstHalfModulesOfQuestionnaire(CIMS_MainProject.java:4603)
	at CIMS.CIMS_MainProject.CIMSMain(CIMS_MainProject.java:431)
	at java.util.concurrent.FutureTask.run(Unknown Source)
	at java.util.concurrent.ThreadPoolExecutor.runWorker(Unknown Source)
	at java.util.concurrent.ThreadPoolExecutor$Worker.run(Unknown Source)
	at java.lang.Thread.run(Unknown Source)


Failure 88 of 117:
java.lang.Throwable: Error occoured while fetching the data from excel sheet.
	at util.UtilFunction.getCellData(UtilFunction.java:379)
	at CIMS.Modules.Questionnaires.CIMS_Employer_Processing_Module.Employer_Processing_info(CIMS_Employer_Processing_Module.java:68)
	at CIMS.CIMS_MainProject.firstHalfModulesOfQuestionnaire(CIMS_MainProject.java:4757)
	at CIMS.CIMS_MainProject.CIMSMain(CIMS_MainProject.java:431)
	at java.util.concurrent.FutureTask.run(Unknown Source)
	at java.util.concurrent.ThreadPoolExecutor.runWorker(Unknown Source)
	at java.util.concurrent.ThreadPoolExecutor$Worker.run(Unknown Source)
	at java.lang.Thread.run(Unknown Source)


Failure 89 of 117:
java.lang.Throwable: Error occoured while fetching the data from excel sheet.
	at util.UtilFunction.getCellData(UtilFunction.java:379)
	at CIMS.Modules.Questionnaires.CIMS_Employer_Processing_Module.Employer_Processing_info(CIMS_Employer_Processing_Module.java:68)
	at CIMS.CIMS_MainProject.firstHalfModulesOfQuestionnaire(CIMS_MainProject.java:4757)
	at CIMS.CIMS_MainProject.CIMSMain(CIMS_MainProject.java:431)
	at java.util.concurrent.FutureTask.run(Unknown Source)
	at java.util.concurrent.ThreadPoolExecutor.runWorker(Unknown Source)
	at java.util.concurrent.ThreadPoolExecutor$Worker.run(Unknown Source)
	at java.lang.Thread.run(Unknown Source)


Failure 90 of 117:
java.lang.Throwable: Error occoured while getting the column number with data from excel sheet.
	at util.UtilFunction.getColumnWithCellData(UtilFunction.java:623)
	at CIMS.CIMS_MainProject.CIMSMain(CIMS_MainProject.java:425)
	at java.util.concurrent.FutureTask.run(Unknown Source)
	at java.util.concurrent.ThreadPoolExecutor.runWorker(Unknown Source)
	at java.util.concurrent.ThreadPoolExecutor$Worker.run(Unknown Source)
	at java.lang.Thread.run(Unknown Source)


Failure 91 of 117:
java.lang.Throwable: Error occoured while getting the column number with data from excel sheet.
	at util.UtilFunction.getColumnWithCellData(UtilFunction.java:623)
	at CIMS.CIMS_MainProject.ScenarioAndTotalcounter(CIMS_MainProject.java:2379)
	at CIMS.CIMS_MainProject.CIMSMain(CIMS_MainProject.java:822)
	at java.util.concurrent.FutureTask.run(Unknown Source)
	at java.util.concurrent.ThreadPoolExecutor.runWorker(Unknown Source)
	at java.util.concurrent.ThreadPoolExecutor$Worker.run(Unknown Source)
	at java.lang.Thread.run(Unknown Source)


Failure 92 of 117:
java.lang.Throwable: Error occoured while getting the column number with data from excel sheet.
	at util.UtilFunction.getColumnWithCellData(UtilFunction.java:623)
	at CIMS.CIMS_MainProject.ScenarioAndTotalcounter(CIMS_MainProject.java:2379)
	at CIMS.CIMS_MainProject.CIMSMain(CIMS_MainProject.java:822)
	at java.util.concurrent.FutureTask.run(Unknown Source)
	at java.util.concurrent.ThreadPoolExecutor.runWorker(Unknown Source)
	at java.util.concurrent.ThreadPoolExecutor$Worker.run(Unknown Source)
	at java.lang.Thread.run(Unknown Source)


Failure 93 of 117:
java.lang.Throwable: Error occoured while getting the column number with data from excel sheet.
	at util.UtilFunction.getColumnWithCellData(UtilFunction.java:623)
	at CIMS.CIMS_MainProject.CIMSMain(CIMS_MainProject.java:425)
	at java.util.concurrent.FutureTask.run(Unknown Source)
	at java.util.concurrent.ThreadPoolExecutor.runWorker(Unknown Source)
	at java.util.concurrent.ThreadPoolExecutor$Worker.run(Unknown Source)
	at java.lang.Thread.run(Unknown Source)


Failure 94 of 117:
java.lang.Throwable: Error occoured while getting the column number with data from excel sheet.
	at util.UtilFunction.getColumnWithCellData(UtilFunction.java:623)
	at CIMS.CIMS_MainProject.ScenarioAndTotalcounter(CIMS_MainProject.java:2379)
	at CIMS.CIMS_MainProject.firstHalfModulesOfQuestionnaire(CIMS_MainProject.java:4828)
	at CIMS.CIMS_MainProject.CIMSMain(CIMS_MainProject.java:431)
	at java.util.concurrent.FutureTask.run(Unknown Source)
	at java.util.concurrent.ThreadPoolExecutor.runWorker(Unknown Source)
	at java.util.concurrent.ThreadPoolExecutor$Worker.run(Unknown Source)
	at java.lang.Thread.run(Unknown Source)


Failure 95 of 117:
java.lang.Throwable: Error occoured while fetching the data from excel sheet.
	at util.UtilFunction.getCellData(UtilFunction.java:379)
	at CIMS.Modules.Questionnaires.CIMS_Personal_Attributes_Module.Personal_Attributes_info(CIMS_Personal_Attributes_Module.java:73)
	at CIMS.CIMS_MainProject.firstHalfModulesOfQuestionnaire(CIMS_MainProject.java:4834)
	at CIMS.CIMS_MainProject.CIMSMain(CIMS_MainProject.java:431)
	at java.util.concurrent.FutureTask.run(Unknown Source)
	at java.util.concurrent.ThreadPoolExecutor.runWorker(Unknown Source)
	at java.util.concurrent.ThreadPoolExecutor$Worker.run(Unknown Source)
	at java.lang.Thread.run(Unknown Source)


Failure 96 of 117:
java.lang.Throwable: Error occoured while getting the column number with data from excel sheet.
	at util.UtilFunction.getColumnWithCellData(UtilFunction.java:623)
	at CIMS.CIMS_MainProject.ScenarioAndTotalcounter(CIMS_MainProject.java:2379)
	at CIMS.CIMS_MainProject.firstHalfModulesOfQuestionnaire(CIMS_MainProject.java:4828)
	at CIMS.CIMS_MainProject.CIMSMain(CIMS_MainProject.java:431)
	at java.util.concurrent.FutureTask.run(Unknown Source)
	at java.util.concurrent.ThreadPoolExecutor.runWorker(Unknown Source)
	at java.util.concurrent.ThreadPoolExecutor$Worker.run(Unknown Source)
	at java.lang.Thread.run(Unknown Source)


Failure 97 of 117:
java.lang.Throwable: Error occoured while getting the column number with data from excel sheet.
	at util.UtilFunction.getColumnWithCellData(UtilFunction.java:623)
	at CIMS.CIMS_MainProject.CIMSMain(CIMS_MainProject.java:425)
	at java.util.concurrent.FutureTask.run(Unknown Source)
	at java.util.concurrent.ThreadPoolExecutor.runWorker(Unknown Source)
	at java.util.concurrent.ThreadPoolExecutor$Worker.run(Unknown Source)
	at java.lang.Thread.run(Unknown Source)


Failure 98 of 117:
java.lang.Throwable: Error occoured while getting the column number with data from excel sheet.
	at util.UtilFunction.getColumnWithCellData(UtilFunction.java:623)
	at CIMS.CIMS_MainProject.ScenarioAndTotalcounter(CIMS_MainProject.java:2379)
	at CIMS.CIMS_MainProject.firstHalfModulesOfQuestionnaire(CIMS_MainProject.java:4982)
	at CIMS.CIMS_MainProject.CIMSMain(CIMS_MainProject.java:431)
	at java.util.concurrent.FutureTask.run(Unknown Source)
	at java.util.concurrent.ThreadPoolExecutor.runWorker(Unknown Source)
	at java.util.concurrent.ThreadPoolExecutor$Worker.run(Unknown Source)
	at java.lang.Thread.run(Unknown Source)


Failure 99 of 117:
java.lang.Throwable: Error occoured while getting the column number with data from excel sheet.
	at util.UtilFunction.getColumnWithCellData(UtilFunction.java:623)
	at CIMS.CIMS_MainProject.ScenarioAndTotalcounter(CIMS_MainProject.java:2379)
	at CIMS.CIMS_MainProject.firstHalfModulesOfQuestionnaire(CIMS_MainProject.java:4982)
	at CIMS.CIMS_MainProject.CIMSMain(CIMS_MainProject.java:431)
	at java.util.concurrent.FutureTask.run(Unknown Source)
	at java.util.concurrent.ThreadPoolExecutor.runWorker(Unknown Source)
	at java.util.concurrent.ThreadPoolExecutor$Worker.run(Unknown Source)
	at java.lang.Thread.run(Unknown Source)


Failure 100 of 117:
java.lang.Throwable: Error occoured while fetching the data from excel sheet.
	at util.UtilFunction.getCellData(UtilFunction.java:379)
	at CIMS.Modules.Questionnaires.CIMS_CitationsofYourWork_Module.CitationsofYourWork_info(CIMS_CitationsofYourWork_Module.java:63)
	at CIMS.CIMS_MainProject.firstHalfModulesOfQuestionnaire(CIMS_MainProject.java:4988)
	at CIMS.CIMS_MainProject.CIMSMain(CIMS_MainProject.java:431)
	at java.util.concurrent.FutureTask.run(Unknown Source)
	at java.util.concurrent.ThreadPoolExecutor.runWorker(Unknown Source)
	at java.util.concurrent.ThreadPoolExecutor$Worker.run(Unknown Source)
	at java.lang.Thread.run(Unknown Source)


Failure 101 of 117:
java.lang.Throwable: Error occoured while getting the column number with data from excel sheet.
	at util.UtilFunction.getColumnWithCellData(UtilFunction.java:623)
	at CIMS.CIMS_MainProject.CIMSMain(CIMS_MainProject.java:425)
	at java.util.concurrent.FutureTask.run(Unknown Source)
	at java.util.concurrent.ThreadPoolExecutor.runWorker(Unknown Source)
	at java.util.concurrent.ThreadPoolExecutor$Worker.run(Unknown Source)
	at java.lang.Thread.run(Unknown Source)


Failure 102 of 117:
java.lang.Throwable: Error occoured while getting the column number with data from excel sheet.
	at util.UtilFunction.getColumnWithCellData(UtilFunction.java:623)
	at CIMS.CIMS_MainProject.ScenarioAndTotalcounter(CIMS_MainProject.java:2379)
	at CIMS.CIMS_MainProject.firstHalfModulesOfQuestionnaire(CIMS_MainProject.java:5135)
	at CIMS.CIMS_MainProject.CIMSMain(CIMS_MainProject.java:431)
	at java.util.concurrent.FutureTask.run(Unknown Source)
	at java.util.concurrent.ThreadPoolExecutor.runWorker(Unknown Source)
	at java.util.concurrent.ThreadPoolExecutor$Worker.run(Unknown Source)
	at java.lang.Thread.run(Unknown Source)


Failure 103 of 117:
java.lang.Throwable: Error occoured while getting the column number with data from excel sheet.
	at util.UtilFunction.getColumnWithCellData(UtilFunction.java:623)
	at CIMS.CIMS_MainProject.ScenarioAndTotalcounter(CIMS_MainProject.java:2379)
	at CIMS.CIMS_MainProject.firstHalfModulesOfQuestionnaire(CIMS_MainProject.java:5135)
	at CIMS.CIMS_MainProject.CIMSMain(CIMS_MainProject.java:431)
	at java.util.concurrent.FutureTask.run(Unknown Source)
	at java.util.concurrent.ThreadPoolExecutor.runWorker(Unknown Source)
	at java.util.concurrent.ThreadPoolExecutor$Worker.run(Unknown Source)
	at java.lang.Thread.run(Unknown Source)


Failure 104 of 117:
java.lang.Throwable: Error occoured while fetching the data from excel sheet.
	at util.UtilFunction.getCellData(UtilFunction.java:379)
	at CIMS.Modules.Questionnaires.CIMS_Commercial_Success_Module.Commercial_SuccessPage(CIMS_Commercial_Success_Module.java:81)
	at CIMS.CIMS_MainProject.firstHalfModulesOfQuestionnaire(CIMS_MainProject.java:5142)
	at CIMS.CIMS_MainProject.CIMSMain(CIMS_MainProject.java:431)
	at java.util.concurrent.FutureTask.run(Unknown Source)
	at java.util.concurrent.ThreadPoolExecutor.runWorker(Unknown Source)
	at java.util.concurrent.ThreadPoolExecutor$Worker.run(Unknown Source)
	at java.lang.Thread.run(Unknown Source)


Failure 105 of 117:
java.lang.Throwable: Error occoured while fetching the data from excel sheet.
	at util.UtilFunction.getCellData(UtilFunction.java:379)
	at CIMS.Modules.Questionnaires.CIMS_Commercial_Success_Module.Commercial_SuccessPage(CIMS_Commercial_Success_Module.java:82)
	at CIMS.CIMS_MainProject.firstHalfModulesOfQuestionnaire(CIMS_MainProject.java:5142)
	at CIMS.CIMS_MainProject.CIMSMain(CIMS_MainProject.java:431)
	at java.util.concurrent.FutureTask.run(Unknown Source)
	at java.util.concurrent.ThreadPoolExecutor.runWorker(Unknown Source)
	at java.util.concurrent.ThreadPoolExecutor$Worker.run(Unknown Source)
	at java.lang.Thread.run(Unknown Source)


Failure 106 of 117:
java.lang.Throwable: Error occoured while fetching the data from excel sheet.
	at util.UtilFunction.getCellData(UtilFunction.java:379)
	at CIMS.Modules.Questionnaires.CIMS_Commercial_Success_Module.Commercial_SuccessPage(CIMS_Commercial_Success_Module.java:83)
	at CIMS.CIMS_MainProject.firstHalfModulesOfQuestionnaire(CIMS_MainProject.java:5142)
	at CIMS.CIMS_MainProject.CIMSMain(CIMS_MainProject.java:431)
	at java.util.concurrent.FutureTask.run(Unknown Source)
	at java.util.concurrent.ThreadPoolExecutor.runWorker(Unknown Source)
	at java.util.concurrent.ThreadPoolExecutor$Worker.run(Unknown Source)
	at java.lang.Thread.run(Unknown Source)


Failure 107 of 117:
java.lang.Throwable: Error occoured while getting the column number with data from excel sheet.
	at util.UtilFunction.getColumnWithCellData(UtilFunction.java:623)
	at CIMS.CIMS_MainProject.CIMSMain(CIMS_MainProject.java:425)
	at java.util.concurrent.FutureTask.run(Unknown Source)
	at java.util.concurrent.ThreadPoolExecutor.runWorker(Unknown Source)
	at java.util.concurrent.ThreadPoolExecutor$Worker.run(Unknown Source)
	at java.lang.Thread.run(Unknown Source)


Failure 108 of 117:
java.lang.Throwable: Error occoured while getting the column number with data from excel sheet.
	at util.UtilFunction.getColumnWithCellData(UtilFunction.java:623)
	at CIMS.CIMS_MainProject.ScenarioAndTotalcounter(CIMS_MainProject.java:2379)
	at CIMS.CIMS_MainProject.firstHalfModulesOfQuestionnaire(CIMS_MainProject.java:5290)
	at CIMS.CIMS_MainProject.CIMSMain(CIMS_MainProject.java:431)
	at java.util.concurrent.FutureTask.run(Unknown Source)
	at java.util.concurrent.ThreadPoolExecutor.runWorker(Unknown Source)
	at java.util.concurrent.ThreadPoolExecutor$Worker.run(Unknown Source)
	at java.lang.Thread.run(Unknown Source)


Failure 109 of 117:
java.lang.Throwable: Error occoured while getting the column number with data from excel sheet.
	at util.UtilFunction.getColumnWithCellData(UtilFunction.java:623)
	at CIMS.CIMS_MainProject.ScenarioAndTotalcounter(CIMS_MainProject.java:2379)
	at CIMS.CIMS_MainProject.firstHalfModulesOfQuestionnaire(CIMS_MainProject.java:5290)
	at CIMS.CIMS_MainProject.CIMSMain(CIMS_MainProject.java:431)
	at java.util.concurrent.FutureTask.run(Unknown Source)
	at java.util.concurrent.ThreadPoolExecutor.runWorker(Unknown Source)
	at java.util.concurrent.ThreadPoolExecutor$Worker.run(Unknown Source)
	at java.lang.Thread.run(Unknown Source)


Failure 110 of 117:
java.lang.Throwable: Error occoured while getting the column number with data from excel sheet.
	at util.UtilFunction.getColumnWithCellData(UtilFunction.java:623)
	at CIMS.CIMS_MainProject.CIMSMain(CIMS_MainProject.java:425)
	at java.util.concurrent.FutureTask.run(Unknown Source)
	at java.util.concurrent.ThreadPoolExecutor.runWorker(Unknown Source)
	at java.util.concurrent.ThreadPoolExecutor$Worker.run(Unknown Source)
	at java.lang.Thread.run(Unknown Source)


Failure 111 of 117:
java.lang.Throwable: Error occoured while getting the column number with data from excel sheet.
	at util.UtilFunction.getColumnWithCellData(UtilFunction.java:623)
	at CIMS.CIMS_MainProject.ScenarioAndTotalcounter(CIMS_MainProject.java:2379)
	at CIMS.CIMS_MainProject.firstHalfModulesOfQuestionnaire(CIMS_MainProject.java:5445)
	at CIMS.CIMS_MainProject.CIMSMain(CIMS_MainProject.java:431)
	at java.util.concurrent.FutureTask.run(Unknown Source)
	at java.util.concurrent.ThreadPoolExecutor.runWorker(Unknown Source)
	at java.util.concurrent.ThreadPoolExecutor$Worker.run(Unknown Source)
	at java.lang.Thread.run(Unknown Source)


Failure 112 of 117:
java.lang.Throwable: Error occoured while getting the column number with data from excel sheet.
	at util.UtilFunction.getColumnWithCellData(UtilFunction.java:623)
	at CIMS.CIMS_MainProject.ScenarioAndTotalcounter(CIMS_MainProject.java:2379)
	at CIMS.CIMS_MainProject.firstHalfModulesOfQuestionnaire(CIMS_MainProject.java:5445)
	at CIMS.CIMS_MainProject.CIMSMain(CIMS_MainProject.java:431)
	at java.util.concurrent.FutureTask.run(Unknown Source)
	at java.util.concurrent.ThreadPoolExecutor.runWorker(Unknown Source)
	at java.util.concurrent.ThreadPoolExecutor$Worker.run(Unknown Source)
	at java.lang.Thread.run(Unknown Source)


Failure 113 of 117:
java.lang.Throwable: Error occoured while getting the column number with data from excel sheet.
	at util.UtilFunction.getColumnWithCellData(UtilFunction.java:623)
	at CIMS.CIMS_MainProject.CIMSMain(CIMS_MainProject.java:425)
	at java.util.concurrent.FutureTask.run(Unknown Source)
	at java.util.concurrent.ThreadPoolExecutor.runWorker(Unknown Source)
	at java.util.concurrent.ThreadPoolExecutor$Worker.run(Unknown Source)
	at java.lang.Thread.run(Unknown Source)


Failure 114 of 117:
java.lang.Throwable: Error occoured while getting the column number with data from excel sheet.
	at util.UtilFunction.getColumnWithCellData(UtilFunction.java:623)
	at CIMS.CIMS_MainProject.ScenarioAndTotalcounter(CIMS_MainProject.java:2379)
	at CIMS.CIMS_MainProject.CIMSMain(CIMS_MainProject.java:745)
	at java.util.concurrent.FutureTask.run(Unknown Source)
	at java.util.concurrent.ThreadPoolExecutor.runWorker(Unknown Source)
	at java.util.concurrent.ThreadPoolExecutor$Worker.run(Unknown Source)
	at java.lang.Thread.run(Unknown Source)


Failure 115 of 117:
java.lang.Throwable: Error occoured while getting the column number with data from excel sheet.
	at util.UtilFunction.getColumnWithCellData(UtilFunction.java:623)
	at CIMS.CIMS_MainProject.ScenarioAndTotalcounter(CIMS_MainProject.java:2379)
	at CIMS.CIMS_MainProject.CIMSMain(CIMS_MainProject.java:745)
	at java.util.concurrent.FutureTask.run(Unknown Source)
	at java.util.concurrent.ThreadPoolExecutor.runWorker(Unknown Source)
	at java.util.concurrent.ThreadPoolExecutor$Worker.run(Unknown Source)
	at java.lang.Thread.run(Unknown Source)


Failure 116 of 117:
java.lang.Throwable: Error occoured while fetching the data from excel sheet.
	at util.UtilFunction.getCellData(UtilFunction.java:379)
	at CIMS.CIMS_MainProject.CIMSMain(CIMS_MainProject.java:744)
	at java.util.concurrent.FutureTask.run(Unknown Source)
	at java.util.concurrent.ThreadPoolExecutor.runWorker(Unknown Source)
	at java.util.concurrent.ThreadPoolExecutor$Worker.run(Unknown Source)
	at java.lang.Thread.run(Unknown Source)


Failure 117 of 117:
java.lang.Throwable: Error Occured !!
	at CIMS.CIMS_MainProject.CIMSMain(CIMS_MainProject.java:2069)
	at java.util.concurrent.FutureTask.run(Unknown Source)
	at java.util.concurrent.ThreadPoolExecutor.runWorker(Unknown Source)
	at java.util.concurrent.ThreadPoolExecutor$Worker.run(Unknown Source)
	at java.lang.Thread.run(Unknown Source)
... Removed 1872 stack frames]]>
    </failure>
  </testcase> <!-- CIMSMain -->
</testsuite> <!-- CIMS Automation Execution -->
