<?xml version="1.0" encoding="UTF-8"?>
<!-- Generated by org.testng.reporters.JUnitXMLReporter -->
<testsuite hostname="dr13" name="testscript2" tests="1" failures="1" timestamp="15 May 2015 12:32:37 GMT" time="4.035" errors="0">
  <testcase name="CIMSMain" time="4.021" classname="CIMS.CIMSEmail">
    <failure type="javax.mail.SendFailedException" message="Sending failed;
  nested exception is:
	class javax.mail.MessagingException: IOException while sending message;
  nested exception is:
	java.io.FileNotFoundException: user.dir/test-output/index.html (No such file or directory)">
      <![CDATA[javax.mail.SendFailedException: Sending failed;
  nested exception is:
	class javax.mail.MessagingException: IOException while sending message;
  nested exception is:
	java.io.FileNotFoundException: user.dir/test-output/index.html (No such file or directory)
	at javax.mail.Transport.send0(Transport.java:218)
	at javax.mail.Transport.send(Transport.java:80)
	at util.Email.postMail(Email.java:91)
	at util.Email.SendMailtoUser(Email.java:48)
	at CIMS.CIMSEmail.CIMSMain(CIMSEmail.java:47)
	at java.util.concurrent.FutureTask.run(FutureTask.java:262)
	at java.util.concurrent.ThreadPoolExecutor.runWorker(ThreadPoolExecutor.java:1145)
	at java.util.concurrent.ThreadPoolExecutor$Worker.run(ThreadPoolExecutor.java:615)
	at java.lang.Thread.run(Thread.java:745)
... Removed 16 stack frames]]>
    </failure>
  </testcase> <!-- CIMSMain -->
</testsuite> <!-- testscript2 -->
