<?xml version="1.0" encoding="UTF-8"?>
<!-- Generated by org.testng.reporters.JUnitXMLReporter -->
<testsuite hostname="dr13" name="testscript1" tests="1" failures="0" timestamp="15 May 2015 12:32:33 GMT" time="0.809" errors="0">
  <testcase name="@BeforeClass isSkipped" time="0.0" classname="CIMS.CIMS_MainProject">
    <skipped/>
  </testcase> <!-- @BeforeClass isSkipped -->
  <testcase name="@AfterMethod closeBrowser" time="0.0" classname="CIMS.CIMS_MainProject">
    <skipped/>
  </testcase> <!-- @AfterMethod closeBrowser -->
  <testcase name="CIMSMain" time="0.0" classname="CIMS.CIMS_MainProject">
    <skipped/>
  </testcase> <!-- CIMSMain -->
</testsuite> <!-- testscript1 -->
