<?xml version="1.0" encoding="UTF-8"?>
<!-- Generated by org.testng.reporters.JUnitXMLReporter -->
<testsuite hostname="dr13" name="testscript4" tests="1" failures="0" timestamp="15 May 2015 12:32:38 GMT" time="0.136" errors="0">
  <testcase name="@BeforeClass isSkipped" time="0.0" classname="CIMS.CIMS_Printview">
    <skipped/>
  </testcase> <!-- @BeforeClass isSkipped -->
  <testcase name="@AfterClass closeBrowser" time="0.0" classname="CIMS.CIMS_Printview">
    <skipped/>
  </testcase> <!-- @AfterClass closeBrowser -->
  <testcase name="CIMSPrintview" time="0.0" classname="CIMS.CIMS_Printview">
    <skipped/>
  </testcase> <!-- CIMSPrintview -->
</testsuite> <!-- testscript4 -->
