<html xmlns:math="http://exslt.org/math" xmlns:testng="http://testng.org">
   <head>
      <title>TestNG Results</title>
      <meta http-equiv="content-type" content="text/html; charset=utf-8"></meta>
      <meta http-equiv="pragma" content="no-cache"></meta>
      <meta http-equiv="cache-control" content="max-age=0"></meta>
      <meta http-equiv="cache-control" content="no-cache"></meta>
      <meta http-equiv="cache-control" content="no-store"></meta>
      <LINK rel="stylesheet" href="style.css"></LINK>
      <script type="text/javascript" src="main.js"></script>
   </head>
   <body>
      <table width="100%" style="font-size: 16px; margin-bottom: 10px;" cellspacing="1">
         <tr>
            <td width="100%">
               All methods in suite
               
               <b>Test Suite</b>
            </td>
            <td style="background-color: #FFBBBB; padding: 3px 3px 3px 0;" align="center">
               <div style="width: 50px;">2</div>
            </td>
            <td style="background-color: lightgreen; padding: 3px 3px 3px 0;" align="center">
               <div style="width: 50px;">0</div>
            </td>
            <td style="background-color: #FFFFBB; padding: 3px 3px 3px 0;" align="center">
               <div style="width: 50px;">0</div>
            </td>
            <td align="center" style="background-color: #eaf0f7; padding: 3px 3px 3px 0;">
               <div style="width: 50px;">2</div>
            </td>
            <td align="center"
                style="font-weight: bold; background-color: #eaf0f7; padding: 3px 3px 3px 0;">
               <div style="width: 50px;">0%</div>
            </td>
         </tr>
      </table>
      <div style="width: 200px;">
         <label for="groupMethodsCheckBox" style="font-weight: bold; margin: 0;">
            <input id="groupMethodsCheckBox" type="checkbox" onclick="switchTestMethodsView(this)"></input>
            Group by class
            
         </label>
         <br></br>
         <label for="methodsFilter_ALL" style="font-weight: bold; margin: 0;">
            <input id="methodsFilter_ALL" type="checkbox"
                   onclick="testMethodsFilterChanged(this, 'ALL')"></input>
            All
            
         </label>
      </div>
      <label for="methodsFilter_FAIL" style="margin-left: 20px;">
         <input id="methodsFilter_FAIL" type="checkbox"
                onclick="testMethodsFilterChanged(this, 'FAIL')"
                checked=""></input>
         Failed
         
      </label>
      <label for="methodsFilter_PASS">
         <input id="methodsFilter_PASS" type="checkbox"
                onclick="testMethodsFilterChanged(this, 'PASS')"
                checked=""></input>
         Passed
         
      </label>
      <label for="methodsFilter_SKIP">
         <input id="methodsFilter_SKIP" type="checkbox"
                onclick="testMethodsFilterChanged(this, 'SKIP')"
                checked=""></input>
         Skipped
         
      </label>
      <label for="methodsFilter_CONF">
         <input id="methodsFilter_CONF" type="checkbox"
                onclick="testMethodsFilterChanged(this, 'CONF')"></input>
         Config
         
      </label>
      <br></br>
      <div id="testMethodsByStatus">
         <table class="testMethodsTable" cellpadding="0" cellspacing="0">
            <tr class="methodsTableHeader">
               <td width="100%">Name</td>
               <td nowrap="true">Started</td>
               <td nowrap="true">Duration</td>
               <td>Exception</td>
            </tr>
            <tr id="CIMS.CIMS_MainProject_CIMSMain_byStatus_failed_FAIL1_row"
                class="testMethodStatusFAIL">
               <td width="100%" class="firstMethodCell">
                  <a onclick="toggleDetailsVisibility('CIMS.CIMS_MainProject_CIMSMain_byStatus_failed_FAIL1_details')">CIMSMain()</a>
               </td>
               <td nowrap="true">08:03:01</td>
               <td nowrap="true" align="right">31s
                  
               </td>
               <td nowrap="true">
                  <a onclick="toggleDetailsVisibility('CIMS.CIMS_MainProject_CIMSMain_byStatus_failed_FAIL1_exception')">java.lang.Throwable: 
                     Multiple failures (3):
                     
                     Failure 1 of 3:
                     java.io.FileNotFoundException: C:\JavaWorkspace\CIMS\test-output\Error Screenshot\errorSceenshot2015-03-06 08:03:11.jpg (The
                     filename, directory name, or volume label syntax is incorrect)
                     	at java.io.FileOutputStream.open(Native Method)
                     	at java.io.FileOutputStream.&lt;init&gt;(Unknown Source)
                     	at java.io.FileOutputStream.&lt;init&gt;(Unknown Source)
                     	at org.apache.commons.io.FileUtils.doCopyFile(FileUtils.java:1069)
                     	at org.apache.commons.io.FileUtils.copyFile(FileUtils.java:1021)
                     	at org.apache.commons.io.FileUtils.copyFile(FileUtils.java:968)
                     	at util.UtilFunction.takeScreenShot(Unknown Source)
                     	at CIMS.Modules.CIMS_Login.TakeScreenshot(Unknown Source)
                     	at CIMS.Modules.CIMS_Login.Welcome_Page(Unknown Source)
                     	at CIMS.CIMS_MainProject.CIMSMain(Unknown Source)
                     	at sun.reflect.NativeMethodAccessorImpl.invoke0(Native Method)
                     	at sun.reflect.NativeMethodAccessorImpl.invoke(Unknown Source)
                     	at sun.reflect.DelegatingMethodAccessorImpl.invoke(Unknown Source)
                     	at java.lang.reflect.Method.invoke(Unknown Source)
                     	at org.testng.internal.MethodInvocationHelper.invokeMethod(MethodInvocationHelper.java:84)
                     	at org.testng.internal.Invoker.invokeMethod(Invoker.java:714)
                     	at org.testng.internal.Invoker.invokeTestMethod(Invoker.java:901)
                     	at org.testng.internal.Invoker.invokeTestMethods(Invoker.java:1231)
                     	at org.testng.internal.TestMethodWorker.invokeTestMethods(TestMethodWorker.java:127)
                     	at org.testng.internal.TestMethodWorker.run(TestMethodWorker.java:111)
                     	at org.testng.TestRunner.privateRun(TestRunner.java:767)
                     	at org.testng.TestRunner.run(TestRunner.java:617)
                     	at org.testng.SuiteRunner.runTest(SuiteRunner.java:334)
                     	at org.testng.SuiteRunner.access$000(SuiteRunner.java:37)
                     	at org.testng.SuiteRunner$SuiteWorker.run(SuiteRunner.java:368)
                     	at org.testng.internal.thread.ThreadUtil$2.call(ThreadUtil.java:64)
                     	at java.util.concurrent.FutureTask.run(Unknown Source)
                     	at java.util.concurrent.ThreadPoolExecutor.runWorker(Unknown Source)
                     	at java.util.concurrent.ThreadPoolExecutor$Worker.run(Unknown Source)
                     	at java.lang.Thread.run(Unknown Source)
                     
                     
                     Failure 2 of 3:
                     java.lang.Throwable: Error occoured while getting the column number with data from excel sheet.
                     	at util.UtilFunction.getColumnWithCellData(Unknown Source)
                     	at CIMS.CIMS_MainProject.CIMSMain(Unknown Source)
                     	at sun.reflect.NativeMethodAccessorImpl.invoke0(Native Method)
                     	at sun.reflect.NativeMethodAccessorImpl.invoke(Unknown Source)
                     	at sun.reflect.DelegatingMethodAccessorImpl.invoke(Unknown Source)
                     	at java.lang.reflect.Method.invoke(Unknown Source)
                     	at org.testng.internal.MethodInvocationHelper.invokeMethod(MethodInvocationHelper.java:84)
                     	at org.testng.internal.Invoker.invokeMethod(Invoker.java:714)
                     	at org.testng.internal.Invoker.invokeTestMethod(Invoker.java:901)
                     	at org.testng.internal.Invoker.invokeTestMethods(Invoker.java:1231)
                     	at org.testng.internal.TestMethodWorker.invokeTestMethods(TestMethodWorker.java:127)
                     	at org.testng.internal.TestMethodWorker.run(TestMethodWorker.java:111)
                     	at org.testng.TestRunner.privateRun(TestRunner.java:767)
                     	at org.testng.TestRunner.run(TestRunner.java:617)
                     	at org.testng.SuiteRunner.runTest(SuiteRunner.java:334)
                     	at org.testng.SuiteRunner.access$000(SuiteRunner.java:37)
                     	at org.testng.SuiteRunner$SuiteWorker.run(SuiteRunner.java:368)
                     	at org.testng.internal.thread.ThreadUtil$2.call(ThreadUtil.java:64)
                     	at java.util.concurrent.FutureTask.run(Unknown Source)
                     	at java.util.concurrent.ThreadPoolExecutor.runWorker(Unknown Source)
                     	at java.util.concurrent.ThreadPoolExecutor$Worker.run(Unknown Source)
                     	at java.lang.Thread.run(Unknown Source)
                     
                     
                     Failure 3 of 3:
                     java.io.IOException: The filename, directory name, or volume label syntax is incorrect
                     
                  </a>
                   
                  
               </td>
            </tr>
            <tr>
               <td colspan="4" class="detailsBox">
                  <div id="CIMS.CIMS_MainProject_CIMSMain_byStatus_failed_FAIL1_details"
                       class="testMethodDetails">
                     <div>
                        <b>Name: </b>CIMSMain
                     </div>
                     <div>
                        <b>Signature: </b>CIMSMain()[pri:0, instance:CIMS.CIMS_MainProject@1e38d900]
                     </div>
                     <div>
                        <b>Start time: </b>08:03:01
                     </div>
                     <div>
                        <b>End time: </b>08:03:32
                     </div>
                     <div>
                        <b>Duration: </b>31s
                        
                     </div>
                  </div>
               </td>
            </tr>
            <tr>
               <td colspan="4" class="detailsBox">
                  <div id="CIMS.CIMS_MainProject_CIMSMain_byStatus_failed_FAIL1_exception"
                       class="testMethodDetails">
                     <pre style="padding: 5px; margin: 0;">java.lang.Throwable: Multiple failures (3):
                        
                        Failure 1 of 3:
                        java.io.FileNotFoundException: C:\JavaWorkspace\CIMS\test-output\Error Screenshot\errorSceenshot2015-03-06 08:03:11.jpg (The
                        filename, directory name, or volume label syntax is incorrect)
                        	at java.io.FileOutputStream.open(Native Method)
                        	at java.io.FileOutputStream.&lt;init&gt;(Unknown Source)
                        	at java.io.FileOutputStream.&lt;init&gt;(Unknown Source)
                        	at org.apache.commons.io.FileUtils.doCopyFile(FileUtils.java:1069)
                        	at org.apache.commons.io.FileUtils.copyFile(FileUtils.java:1021)
                        	at org.apache.commons.io.FileUtils.copyFile(FileUtils.java:968)
                        	at util.UtilFunction.takeScreenShot(Unknown Source)
                        	at CIMS.Modules.CIMS_Login.TakeScreenshot(Unknown Source)
                        	at CIMS.Modules.CIMS_Login.Welcome_Page(Unknown Source)
                        	at CIMS.CIMS_MainProject.CIMSMain(Unknown Source)
                        	at sun.reflect.NativeMethodAccessorImpl.invoke0(Native Method)
                        	at sun.reflect.NativeMethodAccessorImpl.invoke(Unknown Source)
                        	at sun.reflect.DelegatingMethodAccessorImpl.invoke(Unknown Source)
                        	at java.lang.reflect.Method.invoke(Unknown Source)
                        	at org.testng.internal.MethodInvocationHelper.invokeMethod(MethodInvocationHelper.java:84)
                        	at org.testng.internal.Invoker.invokeMethod(Invoker.java:714)
                        	at org.testng.internal.Invoker.invokeTestMethod(Invoker.java:901)
                        	at org.testng.internal.Invoker.invokeTestMethods(Invoker.java:1231)
                        	at org.testng.internal.TestMethodWorker.invokeTestMethods(TestMethodWorker.java:127)
                        	at org.testng.internal.TestMethodWorker.run(TestMethodWorker.java:111)
                        	at org.testng.TestRunner.privateRun(TestRunner.java:767)
                        	at org.testng.TestRunner.run(TestRunner.java:617)
                        	at org.testng.SuiteRunner.runTest(SuiteRunner.java:334)
                        	at org.testng.SuiteRunner.access$000(SuiteRunner.java:37)
                        	at org.testng.SuiteRunner$SuiteWorker.run(SuiteRunner.java:368)
                        	at org.testng.internal.thread.ThreadUtil$2.call(ThreadUtil.java:64)
                        	at java.util.concurrent.FutureTask.run(Unknown Source)
                        	at java.util.concurrent.ThreadPoolExecutor.runWorker(Unknown Source)
                        	at java.util.concurrent.ThreadPoolExecutor$Worker.run(Unknown Source)
                        	at java.lang.Thread.run(Unknown Source)
                        
                        
                        Failure 2 of 3:
                        java.lang.Throwable: Error occoured while getting the column number with data from excel sheet.
                        	at util.UtilFunction.getColumnWithCellData(Unknown Source)
                        	at CIMS.CIMS_MainProject.CIMSMain(Unknown Source)
                        	at sun.reflect.NativeMethodAccessorImpl.invoke0(Native Method)
                        	at sun.reflect.NativeMethodAccessorImpl.invoke(Unknown Source)
                        	at sun.reflect.DelegatingMethodAccessorImpl.invoke(Unknown Source)
                        	at java.lang.reflect.Method.invoke(Unknown Source)
                        	at org.testng.internal.MethodInvocationHelper.invokeMethod(MethodInvocationHelper.java:84)
                        	at org.testng.internal.Invoker.invokeMethod(Invoker.java:714)
                        	at org.testng.internal.Invoker.invokeTestMethod(Invoker.java:901)
                        	at org.testng.internal.Invoker.invokeTestMethods(Invoker.java:1231)
                        	at org.testng.internal.TestMethodWorker.invokeTestMethods(TestMethodWorker.java:127)
                        	at org.testng.internal.TestMethodWorker.run(TestMethodWorker.java:111)
                        	at org.testng.TestRunner.privateRun(TestRunner.java:767)
                        	at org.testng.TestRunner.run(TestRunner.java:617)
                        	at org.testng.SuiteRunner.runTest(SuiteRunner.java:334)
                        	at org.testng.SuiteRunner.access$000(SuiteRunner.java:37)
                        	at org.testng.SuiteRunner$SuiteWorker.run(SuiteRunner.java:368)
                        	at org.testng.internal.thread.ThreadUtil$2.call(ThreadUtil.java:64)
                        	at java.util.concurrent.FutureTask.run(Unknown Source)
                        	at java.util.concurrent.ThreadPoolExecutor.runWorker(Unknown Source)
                        	at java.util.concurrent.ThreadPoolExecutor$Worker.run(Unknown Source)
                        	at java.lang.Thread.run(Unknown Source)
                        
                        
                        Failure 3 of 3:
                        java.io.IOException: The filename, directory name, or volume label syntax is incorrect
                        	at java.io.WinNTFileSystem.canonicalize0(Native Method)
                        	at java.io.Win32FileSystem.canonicalize(Unknown Source)
                        	at java.io.File.getCanonicalPath(Unknown Source)
                        	at org.apache.commons.io.FileUtils.copyFile(FileUtils.java:1009)
                        	at org.apache.commons.io.FileUtils.copyFile(FileUtils.java:968)
                        	at util.UtilFunction.takeScreenShot(Unknown Source)
                        	at CIMS.Modules.CIMS_Other_Name_Module.TakeScreenshot(Unknown Source)
                        	at CIMS.Modules.CIMS_Other_Name_Module.OtherNamePage(Unknown Source)
                        	at CIMS.CIMS_MainProject.CIMSMain(Unknown Source)
                        	at sun.reflect.NativeMethodAccessorImpl.invoke0(Native Method)
                        	at sun.reflect.NativeMethodAccessorImpl.invoke(Unknown Source)
                        	at sun.reflect.DelegatingMethodAccessorImpl.invoke(Unknown Source)
                        	at java.lang.reflect.Method.invoke(Unknown Source)
                        	at org.testng.internal.MethodInvocationHelper.invokeMethod(MethodInvocationHelper.java:84)
                        	at org.testng.internal.Invoker.invokeMethod(Invoker.java:714)
                        	at org.testng.internal.Invoker.invokeTestMethod(Invoker.java:901)
                        	at org.testng.internal.Invoker.invokeTestMethods(Invoker.java:1231)
                        	at org.testng.internal.TestMethodWorker.invokeTestMethods(TestMethodWorker.java:127)
                        	at org.testng.internal.TestMethodWorker.run(TestMethodWorker.java:111)
                        	at org.testng.TestRunner.privateRun(TestRunner.java:767)
                        	at org.testng.TestRunner.run(TestRunner.java:617)
                        	at org.testng.SuiteRunner.runTest(SuiteRunner.java:334)
                        	at org.testng.SuiteRunner.access$000(SuiteRunner.java:37)
                        	at org.testng.SuiteRunner$SuiteWorker.run(SuiteRunner.java:368)
                        	at org.testng.internal.thread.ThreadUtil$2.call(ThreadUtil.java:64)
                        	at java.util.concurrent.FutureTask.run(Unknown Source)
                        	at java.util.concurrent.ThreadPoolExecutor.runWorker(Unknown Source)
                        	at java.util.concurrent.ThreadPoolExecutor$Worker.run(Unknown Source)
                        	at java.lang.Thread.run(Unknown Source)
                     </pre>
                  </div>
               </td>
            </tr>
            <tr id="CIMS.CIMSEmail_CIMSMain_byStatus_failed_FAIL2_row"
                class="testMethodStatusFAIL">
               <td width="100%" class="firstMethodCell">
                  <a onclick="toggleDetailsVisibility('CIMS.CIMSEmail_CIMSMain_byStatus_failed_FAIL2_details')">CIMSMain()</a>
               </td>
               <td nowrap="true">08:03:32</td>
               <td nowrap="true" align="right">4s
                  
               </td>
               <td nowrap="true">
                  <a onclick="toggleDetailsVisibility('CIMS.CIMSEmail_CIMSMain_byStatus_failed_FAIL2_exception')">javax.mail.SendFailedException: 
                     Sending failed;
                     nested exception is:
                     	class javax.mail.MessagingException: IOException while sending message;
                     nested exception is:
                     	java.io.FileNotFoundException: C:\JavaWorkspace\CIMS\test-output\emailable-report.html (The system cannot find the file specified)
                     
                  </a>
                   
                  
               </td>
            </tr>
            <tr>
               <td colspan="4" class="detailsBox">
                  <div id="CIMS.CIMSEmail_CIMSMain_byStatus_failed_FAIL2_details"
                       class="testMethodDetails">
                     <div>
                        <b>Name: </b>CIMSMain
                     </div>
                     <div>
                        <b>Signature: </b>CIMSMain()[pri:0, instance:CIMS.CIMSEmail@2644c9f6]
                     </div>
                     <div>
                        <b>Start time: </b>08:03:32
                     </div>
                     <div>
                        <b>End time: </b>08:03:36
                     </div>
                     <div>
                        <b>Duration: </b>4s
                        
                     </div>
                  </div>
               </td>
            </tr>
            <tr>
               <td colspan="4" class="detailsBox">
                  <div id="CIMS.CIMSEmail_CIMSMain_byStatus_failed_FAIL2_exception"
                       class="testMethodDetails">
                     <pre style="padding: 5px; margin: 0;">javax.mail.SendFailedException: Sending failed;
                        nested exception is:
                        	class javax.mail.MessagingException: IOException while sending message;
                        nested exception is:
                        	java.io.FileNotFoundException: C:\JavaWorkspace\CIMS\test-output\emailable-report.html (The system cannot find the file specified)
                        	at javax.mail.Transport.send0(Transport.java:218)
                        	at javax.mail.Transport.send(Transport.java:80)
                        	at util.Email.postMail(Unknown Source)
                        	at util.Email.SendMailtoUser(Unknown Source)
                        	at CIMS.CIMSEmail.CIMSMain(Unknown Source)
                        	at sun.reflect.NativeMethodAccessorImpl.invoke0(Native Method)
                        	at sun.reflect.NativeMethodAccessorImpl.invoke(Unknown Source)
                        	at sun.reflect.DelegatingMethodAccessorImpl.invoke(Unknown Source)
                        	at java.lang.reflect.Method.invoke(Unknown Source)
                        	at org.testng.internal.MethodInvocationHelper.invokeMethod(MethodInvocationHelper.java:84)
                        	at org.testng.internal.Invoker.invokeMethod(Invoker.java:714)
                        	at org.testng.internal.Invoker.invokeTestMethod(Invoker.java:901)
                        	at org.testng.internal.Invoker.invokeTestMethods(Invoker.java:1231)
                        	at org.testng.internal.TestMethodWorker.invokeTestMethods(TestMethodWorker.java:127)
                        	at org.testng.internal.TestMethodWorker.run(TestMethodWorker.java:111)
                        	at org.testng.TestRunner.privateRun(TestRunner.java:767)
                        	at org.testng.TestRunner.run(TestRunner.java:617)
                        	at org.testng.SuiteRunner.runTest(SuiteRunner.java:334)
                        	at org.testng.SuiteRunner.access$000(SuiteRunner.java:37)
                        	at org.testng.SuiteRunner$SuiteWorker.run(SuiteRunner.java:368)
                        	at org.testng.internal.thread.ThreadUtil$2.call(ThreadUtil.java:64)
                        	at java.util.concurrent.FutureTask.run(Unknown Source)
                        	at java.util.concurrent.ThreadPoolExecutor.runWorker(Unknown Source)
                        	at java.util.concurrent.ThreadPoolExecutor$Worker.run(Unknown Source)
                        	at java.lang.Thread.run(Unknown Source)
                     </pre>
                  </div>
               </td>
            </tr>
            <tr id="CIMS.CIMS_MainProject_isSkipped_byStatus_passed_PASS1_row"
                class="testMethodStatusPASS testMethodStatusCONF">
               <td width="100%" class="firstMethodCell">
                  <a onclick="toggleDetailsVisibility('CIMS.CIMS_MainProject_isSkipped_byStatus_passed_PASS1_details')">isSkipped()</a>
               </td>
               <td nowrap="true">08:02:47</td>
               <td nowrap="true" align="right">14s
                  
               </td>
               <td nowrap="true">
                   
                  
               </td>
            </tr>
            <tr>
               <td colspan="4" class="detailsBox">
                  <div id="CIMS.CIMS_MainProject_isSkipped_byStatus_passed_PASS1_details"
                       class="testMethodDetails">
                     <div>
                        <b>Name: </b>isSkipped
                     </div>
                     <div>
                        <b>Signature: </b>isSkipped()[pri:0, instance:CIMS.CIMS_MainProject@1e38d900]
                     </div>
                     <div>
                        <b>Start time: </b>08:02:47
                     </div>
                     <div>
                        <b>End time: </b>08:03:01
                     </div>
                     <div>
                        <b>Duration: </b>14s
                        
                     </div>
                  </div>
               </td>
            </tr>
            <tr></tr>
            <tr id="CIMS.CIMS_MainProject_closeBrowser_byStatus_passed_PASS2_row"
                class="testMethodStatusPASS testMethodStatusCONF">
               <td width="100%" class="firstMethodCell">
                  <a onclick="toggleDetailsVisibility('CIMS.CIMS_MainProject_closeBrowser_byStatus_passed_PASS2_details')">closeBrowser()</a>
               </td>
               <td nowrap="true">08:03:32</td>
               <td nowrap="true" align="right">157 ms
                  
               </td>
               <td nowrap="true">
                   
                  
               </td>
            </tr>
            <tr>
               <td colspan="4" class="detailsBox">
                  <div id="CIMS.CIMS_MainProject_closeBrowser_byStatus_passed_PASS2_details"
                       class="testMethodDetails">
                     <div>
                        <b>Name: </b>closeBrowser
                     </div>
                     <div>
                        <b>Signature: </b>closeBrowser()[pri:0, instance:CIMS.CIMS_MainProject@1e38d900]
                     </div>
                     <div>
                        <b>Start time: </b>08:03:32
                     </div>
                     <div>
                        <b>End time: </b>08:03:32
                     </div>
                     <div>
                        <b>Duration: </b>157 ms
                        
                     </div>
                  </div>
               </td>
            </tr>
            <tr></tr>
            <tr id="CIMS.CIMSEmail_isSkipped_byStatus_passed_PASS3_row"
                class="testMethodStatusPASS testMethodStatusCONF">
               <td width="100%" class="firstMethodCell">
                  <a onclick="toggleDetailsVisibility('CIMS.CIMSEmail_isSkipped_byStatus_passed_PASS3_details')">isSkipped()</a>
               </td>
               <td nowrap="true">08:03:32</td>
               <td nowrap="true" align="right">0 ms
                  
               </td>
               <td nowrap="true">
                   
                  
               </td>
            </tr>
            <tr>
               <td colspan="4" class="detailsBox">
                  <div id="CIMS.CIMSEmail_isSkipped_byStatus_passed_PASS3_details"
                       class="testMethodDetails">
                     <div>
                        <b>Name: </b>isSkipped
                     </div>
                     <div>
                        <b>Signature: </b>isSkipped()[pri:0, instance:CIMS.CIMSEmail@2644c9f6]
                     </div>
                     <div>
                        <b>Start time: </b>08:03:32
                     </div>
                     <div>
                        <b>End time: </b>08:03:32
                     </div>
                     <div>
                        <b>Duration: </b>0 ms
                        
                     </div>
                  </div>
               </td>
            </tr>
            <tr></tr>
         </table>
      </div>
      <div id="testMethodsByClass" style="display: none;">
         <table class="testMethodsTable" cellpadding="0" cellspacing="0">
            <tr>
               <td colspan="4">
                  <h3 style="display: inline;">CIMS.CIMS_MainProject</h3>
               </td>
            </tr>
            <tr class="methodsTableHeader">
               <td width="100%">Name</td>
               <td nowrap="true">Started</td>
               <td nowrap="true">Duration</td>
               <td>Exception</td>
            </tr>
            <tr id="CIMS.CIMS_MainProject_isSkipped_byClass_PASS1_row"
                class="testMethodStatusPASS testMethodStatusCONF">
               <td width="100%" class="firstMethodCell">
                  <a onclick="toggleDetailsVisibility('CIMS.CIMS_MainProject_isSkipped_byClass_PASS1_details')">isSkipped()</a>
               </td>
               <td nowrap="true">08:02:47</td>
               <td nowrap="true" align="right">14s
                  
               </td>
               <td nowrap="true">
                   
                  
               </td>
            </tr>
            <tr>
               <td colspan="4" class="detailsBox">
                  <div id="CIMS.CIMS_MainProject_isSkipped_byClass_PASS1_details"
                       class="testMethodDetails">
                     <div>
                        <b>Name: </b>isSkipped
                     </div>
                     <div>
                        <b>Signature: </b>isSkipped()[pri:0, instance:CIMS.CIMS_MainProject@1e38d900]
                     </div>
                     <div>
                        <b>Start time: </b>08:02:47
                     </div>
                     <div>
                        <b>End time: </b>08:03:01
                     </div>
                     <div>
                        <b>Duration: </b>14s
                        
                     </div>
                  </div>
               </td>
            </tr>
            <tr></tr>
            <tr id="CIMS.CIMS_MainProject_CIMSMain_byClass_FAIL2_row"
                class="testMethodStatusFAIL">
               <td width="100%" class="firstMethodCell">
                  <a onclick="toggleDetailsVisibility('CIMS.CIMS_MainProject_CIMSMain_byClass_FAIL2_details')">CIMSMain()</a>
               </td>
               <td nowrap="true">08:03:01</td>
               <td nowrap="true" align="right">31s
                  
               </td>
               <td nowrap="true">
                  <a onclick="toggleDetailsVisibility('CIMS.CIMS_MainProject_CIMSMain_byClass_FAIL2_exception')">java.lang.Throwable: 
                     Multiple failures (3):
                     
                     Failure 1 of 3:
                     java.io.FileNotFoundException: C:\JavaWorkspace\CIMS\test-output\Error Screenshot\errorSceenshot2015-03-06 08:03:11.jpg (The
                     filename, directory name, or volume label syntax is incorrect)
                     	at java.io.FileOutputStream.open(Native Method)
                     	at java.io.FileOutputStream.&lt;init&gt;(Unknown Source)
                     	at java.io.FileOutputStream.&lt;init&gt;(Unknown Source)
                     	at org.apache.commons.io.FileUtils.doCopyFile(FileUtils.java:1069)
                     	at org.apache.commons.io.FileUtils.copyFile(FileUtils.java:1021)
                     	at org.apache.commons.io.FileUtils.copyFile(FileUtils.java:968)
                     	at util.UtilFunction.takeScreenShot(Unknown Source)
                     	at CIMS.Modules.CIMS_Login.TakeScreenshot(Unknown Source)
                     	at CIMS.Modules.CIMS_Login.Welcome_Page(Unknown Source)
                     	at CIMS.CIMS_MainProject.CIMSMain(Unknown Source)
                     	at sun.reflect.NativeMethodAccessorImpl.invoke0(Native Method)
                     	at sun.reflect.NativeMethodAccessorImpl.invoke(Unknown Source)
                     	at sun.reflect.DelegatingMethodAccessorImpl.invoke(Unknown Source)
                     	at java.lang.reflect.Method.invoke(Unknown Source)
                     	at org.testng.internal.MethodInvocationHelper.invokeMethod(MethodInvocationHelper.java:84)
                     	at org.testng.internal.Invoker.invokeMethod(Invoker.java:714)
                     	at org.testng.internal.Invoker.invokeTestMethod(Invoker.java:901)
                     	at org.testng.internal.Invoker.invokeTestMethods(Invoker.java:1231)
                     	at org.testng.internal.TestMethodWorker.invokeTestMethods(TestMethodWorker.java:127)
                     	at org.testng.internal.TestMethodWorker.run(TestMethodWorker.java:111)
                     	at org.testng.TestRunner.privateRun(TestRunner.java:767)
                     	at org.testng.TestRunner.run(TestRunner.java:617)
                     	at org.testng.SuiteRunner.runTest(SuiteRunner.java:334)
                     	at org.testng.SuiteRunner.access$000(SuiteRunner.java:37)
                     	at org.testng.SuiteRunner$SuiteWorker.run(SuiteRunner.java:368)
                     	at org.testng.internal.thread.ThreadUtil$2.call(ThreadUtil.java:64)
                     	at java.util.concurrent.FutureTask.run(Unknown Source)
                     	at java.util.concurrent.ThreadPoolExecutor.runWorker(Unknown Source)
                     	at java.util.concurrent.ThreadPoolExecutor$Worker.run(Unknown Source)
                     	at java.lang.Thread.run(Unknown Source)
                     
                     
                     Failure 2 of 3:
                     java.lang.Throwable: Error occoured while getting the column number with data from excel sheet.
                     	at util.UtilFunction.getColumnWithCellData(Unknown Source)
                     	at CIMS.CIMS_MainProject.CIMSMain(Unknown Source)
                     	at sun.reflect.NativeMethodAccessorImpl.invoke0(Native Method)
                     	at sun.reflect.NativeMethodAccessorImpl.invoke(Unknown Source)
                     	at sun.reflect.DelegatingMethodAccessorImpl.invoke(Unknown Source)
                     	at java.lang.reflect.Method.invoke(Unknown Source)
                     	at org.testng.internal.MethodInvocationHelper.invokeMethod(MethodInvocationHelper.java:84)
                     	at org.testng.internal.Invoker.invokeMethod(Invoker.java:714)
                     	at org.testng.internal.Invoker.invokeTestMethod(Invoker.java:901)
                     	at org.testng.internal.Invoker.invokeTestMethods(Invoker.java:1231)
                     	at org.testng.internal.TestMethodWorker.invokeTestMethods(TestMethodWorker.java:127)
                     	at org.testng.internal.TestMethodWorker.run(TestMethodWorker.java:111)
                     	at org.testng.TestRunner.privateRun(TestRunner.java:767)
                     	at org.testng.TestRunner.run(TestRunner.java:617)
                     	at org.testng.SuiteRunner.runTest(SuiteRunner.java:334)
                     	at org.testng.SuiteRunner.access$000(SuiteRunner.java:37)
                     	at org.testng.SuiteRunner$SuiteWorker.run(SuiteRunner.java:368)
                     	at org.testng.internal.thread.ThreadUtil$2.call(ThreadUtil.java:64)
                     	at java.util.concurrent.FutureTask.run(Unknown Source)
                     	at java.util.concurrent.ThreadPoolExecutor.runWorker(Unknown Source)
                     	at java.util.concurrent.ThreadPoolExecutor$Worker.run(Unknown Source)
                     	at java.lang.Thread.run(Unknown Source)
                     
                     
                     Failure 3 of 3:
                     java.io.IOException: The filename, directory name, or volume label syntax is incorrect
                     
                  </a>
                   
                  
               </td>
            </tr>
            <tr>
               <td colspan="4" class="detailsBox">
                  <div id="CIMS.CIMS_MainProject_CIMSMain_byClass_FAIL2_details"
                       class="testMethodDetails">
                     <div>
                        <b>Name: </b>CIMSMain
                     </div>
                     <div>
                        <b>Signature: </b>CIMSMain()[pri:0, instance:CIMS.CIMS_MainProject@1e38d900]
                     </div>
                     <div>
                        <b>Start time: </b>08:03:01
                     </div>
                     <div>
                        <b>End time: </b>08:03:32
                     </div>
                     <div>
                        <b>Duration: </b>31s
                        
                     </div>
                  </div>
               </td>
            </tr>
            <tr>
               <td colspan="4" class="detailsBox">
                  <div id="CIMS.CIMS_MainProject_CIMSMain_byClass_FAIL2_exception"
                       class="testMethodDetails">
                     <pre style="padding: 5px; margin: 0;">java.lang.Throwable: Multiple failures (3):
                        
                        Failure 1 of 3:
                        java.io.FileNotFoundException: C:\JavaWorkspace\CIMS\test-output\Error Screenshot\errorSceenshot2015-03-06 08:03:11.jpg (The
                        filename, directory name, or volume label syntax is incorrect)
                        	at java.io.FileOutputStream.open(Native Method)
                        	at java.io.FileOutputStream.&lt;init&gt;(Unknown Source)
                        	at java.io.FileOutputStream.&lt;init&gt;(Unknown Source)
                        	at org.apache.commons.io.FileUtils.doCopyFile(FileUtils.java:1069)
                        	at org.apache.commons.io.FileUtils.copyFile(FileUtils.java:1021)
                        	at org.apache.commons.io.FileUtils.copyFile(FileUtils.java:968)
                        	at util.UtilFunction.takeScreenShot(Unknown Source)
                        	at CIMS.Modules.CIMS_Login.TakeScreenshot(Unknown Source)
                        	at CIMS.Modules.CIMS_Login.Welcome_Page(Unknown Source)
                        	at CIMS.CIMS_MainProject.CIMSMain(Unknown Source)
                        	at sun.reflect.NativeMethodAccessorImpl.invoke0(Native Method)
                        	at sun.reflect.NativeMethodAccessorImpl.invoke(Unknown Source)
                        	at sun.reflect.DelegatingMethodAccessorImpl.invoke(Unknown Source)
                        	at java.lang.reflect.Method.invoke(Unknown Source)
                        	at org.testng.internal.MethodInvocationHelper.invokeMethod(MethodInvocationHelper.java:84)
                        	at org.testng.internal.Invoker.invokeMethod(Invoker.java:714)
                        	at org.testng.internal.Invoker.invokeTestMethod(Invoker.java:901)
                        	at org.testng.internal.Invoker.invokeTestMethods(Invoker.java:1231)
                        	at org.testng.internal.TestMethodWorker.invokeTestMethods(TestMethodWorker.java:127)
                        	at org.testng.internal.TestMethodWorker.run(TestMethodWorker.java:111)
                        	at org.testng.TestRunner.privateRun(TestRunner.java:767)
                        	at org.testng.TestRunner.run(TestRunner.java:617)
                        	at org.testng.SuiteRunner.runTest(SuiteRunner.java:334)
                        	at org.testng.SuiteRunner.access$000(SuiteRunner.java:37)
                        	at org.testng.SuiteRunner$SuiteWorker.run(SuiteRunner.java:368)
                        	at org.testng.internal.thread.ThreadUtil$2.call(ThreadUtil.java:64)
                        	at java.util.concurrent.FutureTask.run(Unknown Source)
                        	at java.util.concurrent.ThreadPoolExecutor.runWorker(Unknown Source)
                        	at java.util.concurrent.ThreadPoolExecutor$Worker.run(Unknown Source)
                        	at java.lang.Thread.run(Unknown Source)
                        
                        
                        Failure 2 of 3:
                        java.lang.Throwable: Error occoured while getting the column number with data from excel sheet.
                        	at util.UtilFunction.getColumnWithCellData(Unknown Source)
                        	at CIMS.CIMS_MainProject.CIMSMain(Unknown Source)
                        	at sun.reflect.NativeMethodAccessorImpl.invoke0(Native Method)
                        	at sun.reflect.NativeMethodAccessorImpl.invoke(Unknown Source)
                        	at sun.reflect.DelegatingMethodAccessorImpl.invoke(Unknown Source)
                        	at java.lang.reflect.Method.invoke(Unknown Source)
                        	at org.testng.internal.MethodInvocationHelper.invokeMethod(MethodInvocationHelper.java:84)
                        	at org.testng.internal.Invoker.invokeMethod(Invoker.java:714)
                        	at org.testng.internal.Invoker.invokeTestMethod(Invoker.java:901)
                        	at org.testng.internal.Invoker.invokeTestMethods(Invoker.java:1231)
                        	at org.testng.internal.TestMethodWorker.invokeTestMethods(TestMethodWorker.java:127)
                        	at org.testng.internal.TestMethodWorker.run(TestMethodWorker.java:111)
                        	at org.testng.TestRunner.privateRun(TestRunner.java:767)
                        	at org.testng.TestRunner.run(TestRunner.java:617)
                        	at org.testng.SuiteRunner.runTest(SuiteRunner.java:334)
                        	at org.testng.SuiteRunner.access$000(SuiteRunner.java:37)
                        	at org.testng.SuiteRunner$SuiteWorker.run(SuiteRunner.java:368)
                        	at org.testng.internal.thread.ThreadUtil$2.call(ThreadUtil.java:64)
                        	at java.util.concurrent.FutureTask.run(Unknown Source)
                        	at java.util.concurrent.ThreadPoolExecutor.runWorker(Unknown Source)
                        	at java.util.concurrent.ThreadPoolExecutor$Worker.run(Unknown Source)
                        	at java.lang.Thread.run(Unknown Source)
                        
                        
                        Failure 3 of 3:
                        java.io.IOException: The filename, directory name, or volume label syntax is incorrect
                        	at java.io.WinNTFileSystem.canonicalize0(Native Method)
                        	at java.io.Win32FileSystem.canonicalize(Unknown Source)
                        	at java.io.File.getCanonicalPath(Unknown Source)
                        	at org.apache.commons.io.FileUtils.copyFile(FileUtils.java:1009)
                        	at org.apache.commons.io.FileUtils.copyFile(FileUtils.java:968)
                        	at util.UtilFunction.takeScreenShot(Unknown Source)
                        	at CIMS.Modules.CIMS_Other_Name_Module.TakeScreenshot(Unknown Source)
                        	at CIMS.Modules.CIMS_Other_Name_Module.OtherNamePage(Unknown Source)
                        	at CIMS.CIMS_MainProject.CIMSMain(Unknown Source)
                        	at sun.reflect.NativeMethodAccessorImpl.invoke0(Native Method)
                        	at sun.reflect.NativeMethodAccessorImpl.invoke(Unknown Source)
                        	at sun.reflect.DelegatingMethodAccessorImpl.invoke(Unknown Source)
                        	at java.lang.reflect.Method.invoke(Unknown Source)
                        	at org.testng.internal.MethodInvocationHelper.invokeMethod(MethodInvocationHelper.java:84)
                        	at org.testng.internal.Invoker.invokeMethod(Invoker.java:714)
                        	at org.testng.internal.Invoker.invokeTestMethod(Invoker.java:901)
                        	at org.testng.internal.Invoker.invokeTestMethods(Invoker.java:1231)
                        	at org.testng.internal.TestMethodWorker.invokeTestMethods(TestMethodWorker.java:127)
                        	at org.testng.internal.TestMethodWorker.run(TestMethodWorker.java:111)
                        	at org.testng.TestRunner.privateRun(TestRunner.java:767)
                        	at org.testng.TestRunner.run(TestRunner.java:617)
                        	at org.testng.SuiteRunner.runTest(SuiteRunner.java:334)
                        	at org.testng.SuiteRunner.access$000(SuiteRunner.java:37)
                        	at org.testng.SuiteRunner$SuiteWorker.run(SuiteRunner.java:368)
                        	at org.testng.internal.thread.ThreadUtil$2.call(ThreadUtil.java:64)
                        	at java.util.concurrent.FutureTask.run(Unknown Source)
                        	at java.util.concurrent.ThreadPoolExecutor.runWorker(Unknown Source)
                        	at java.util.concurrent.ThreadPoolExecutor$Worker.run(Unknown Source)
                        	at java.lang.Thread.run(Unknown Source)
                     </pre>
                  </div>
               </td>
            </tr>
            <tr id="CIMS.CIMS_MainProject_closeBrowser_byClass_PASS3_row"
                class="testMethodStatusPASS testMethodStatusCONF">
               <td width="100%" class="firstMethodCell">
                  <a onclick="toggleDetailsVisibility('CIMS.CIMS_MainProject_closeBrowser_byClass_PASS3_details')">closeBrowser()</a>
               </td>
               <td nowrap="true">08:03:32</td>
               <td nowrap="true" align="right">157 ms
                  
               </td>
               <td nowrap="true">
                   
                  
               </td>
            </tr>
            <tr>
               <td colspan="4" class="detailsBox">
                  <div id="CIMS.CIMS_MainProject_closeBrowser_byClass_PASS3_details"
                       class="testMethodDetails">
                     <div>
                        <b>Name: </b>closeBrowser
                     </div>
                     <div>
                        <b>Signature: </b>closeBrowser()[pri:0, instance:CIMS.CIMS_MainProject@1e38d900]
                     </div>
                     <div>
                        <b>Start time: </b>08:03:32
                     </div>
                     <div>
                        <b>End time: </b>08:03:32
                     </div>
                     <div>
                        <b>Duration: </b>157 ms
                        
                     </div>
                  </div>
               </td>
            </tr>
            <tr></tr>
         </table>
         <br></br>
         <table class="testMethodsTable" cellpadding="0" cellspacing="0">
            <tr>
               <td colspan="4">
                  <h3 style="display: inline;">CIMS.CIMSEmail</h3>
               </td>
            </tr>
            <tr class="methodsTableHeader">
               <td width="100%">Name</td>
               <td nowrap="true">Started</td>
               <td nowrap="true">Duration</td>
               <td>Exception</td>
            </tr>
            <tr id="CIMS.CIMSEmail_isSkipped_byClass_PASS1_row"
                class="testMethodStatusPASS testMethodStatusCONF">
               <td width="100%" class="firstMethodCell">
                  <a onclick="toggleDetailsVisibility('CIMS.CIMSEmail_isSkipped_byClass_PASS1_details')">isSkipped()</a>
               </td>
               <td nowrap="true">08:03:32</td>
               <td nowrap="true" align="right">0 ms
                  
               </td>
               <td nowrap="true">
                   
                  
               </td>
            </tr>
            <tr>
               <td colspan="4" class="detailsBox">
                  <div id="CIMS.CIMSEmail_isSkipped_byClass_PASS1_details" class="testMethodDetails">
                     <div>
                        <b>Name: </b>isSkipped
                     </div>
                     <div>
                        <b>Signature: </b>isSkipped()[pri:0, instance:CIMS.CIMSEmail@2644c9f6]
                     </div>
                     <div>
                        <b>Start time: </b>08:03:32
                     </div>
                     <div>
                        <b>End time: </b>08:03:32
                     </div>
                     <div>
                        <b>Duration: </b>0 ms
                        
                     </div>
                  </div>
               </td>
            </tr>
            <tr></tr>
            <tr id="CIMS.CIMSEmail_CIMSMain_byClass_FAIL2_row" class="testMethodStatusFAIL">
               <td width="100%" class="firstMethodCell">
                  <a onclick="toggleDetailsVisibility('CIMS.CIMSEmail_CIMSMain_byClass_FAIL2_details')">CIMSMain()</a>
               </td>
               <td nowrap="true">08:03:32</td>
               <td nowrap="true" align="right">4s
                  
               </td>
               <td nowrap="true">
                  <a onclick="toggleDetailsVisibility('CIMS.CIMSEmail_CIMSMain_byClass_FAIL2_exception')">javax.mail.SendFailedException: 
                     Sending failed;
                     nested exception is:
                     	class javax.mail.MessagingException: IOException while sending message;
                     nested exception is:
                     	java.io.FileNotFoundException: C:\JavaWorkspace\CIMS\test-output\emailable-report.html (The system cannot find the file specified)
                     
                  </a>
                   
                  
               </td>
            </tr>
            <tr>
               <td colspan="4" class="detailsBox">
                  <div id="CIMS.CIMSEmail_CIMSMain_byClass_FAIL2_details" class="testMethodDetails">
                     <div>
                        <b>Name: </b>CIMSMain
                     </div>
                     <div>
                        <b>Signature: </b>CIMSMain()[pri:0, instance:CIMS.CIMSEmail@2644c9f6]
                     </div>
                     <div>
                        <b>Start time: </b>08:03:32
                     </div>
                     <div>
                        <b>End time: </b>08:03:36
                     </div>
                     <div>
                        <b>Duration: </b>4s
                        
                     </div>
                  </div>
               </td>
            </tr>
            <tr>
               <td colspan="4" class="detailsBox">
                  <div id="CIMS.CIMSEmail_CIMSMain_byClass_FAIL2_exception" class="testMethodDetails">
                     <pre style="padding: 5px; margin: 0;">javax.mail.SendFailedException: Sending failed;
                        nested exception is:
                        	class javax.mail.MessagingException: IOException while sending message;
                        nested exception is:
                        	java.io.FileNotFoundException: C:\JavaWorkspace\CIMS\test-output\emailable-report.html (The system cannot find the file specified)
                        	at javax.mail.Transport.send0(Transport.java:218)
                        	at javax.mail.Transport.send(Transport.java:80)
                        	at util.Email.postMail(Unknown Source)
                        	at util.Email.SendMailtoUser(Unknown Source)
                        	at CIMS.CIMSEmail.CIMSMain(Unknown Source)
                        	at sun.reflect.NativeMethodAccessorImpl.invoke0(Native Method)
                        	at sun.reflect.NativeMethodAccessorImpl.invoke(Unknown Source)
                        	at sun.reflect.DelegatingMethodAccessorImpl.invoke(Unknown Source)
                        	at java.lang.reflect.Method.invoke(Unknown Source)
                        	at org.testng.internal.MethodInvocationHelper.invokeMethod(MethodInvocationHelper.java:84)
                        	at org.testng.internal.Invoker.invokeMethod(Invoker.java:714)
                        	at org.testng.internal.Invoker.invokeTestMethod(Invoker.java:901)
                        	at org.testng.internal.Invoker.invokeTestMethods(Invoker.java:1231)
                        	at org.testng.internal.TestMethodWorker.invokeTestMethods(TestMethodWorker.java:127)
                        	at org.testng.internal.TestMethodWorker.run(TestMethodWorker.java:111)
                        	at org.testng.TestRunner.privateRun(TestRunner.java:767)
                        	at org.testng.TestRunner.run(TestRunner.java:617)
                        	at org.testng.SuiteRunner.runTest(SuiteRunner.java:334)
                        	at org.testng.SuiteRunner.access$000(SuiteRunner.java:37)
                        	at org.testng.SuiteRunner$SuiteWorker.run(SuiteRunner.java:368)
                        	at org.testng.internal.thread.ThreadUtil$2.call(ThreadUtil.java:64)
                        	at java.util.concurrent.FutureTask.run(Unknown Source)
                        	at java.util.concurrent.ThreadPoolExecutor.runWorker(Unknown Source)
                        	at java.util.concurrent.ThreadPoolExecutor$Worker.run(Unknown Source)
                        	at java.lang.Thread.run(Unknown Source)
                     </pre>
                  </div>
               </td>
            </tr>
         </table>
         <br></br>
      </div>
      <div style="margin-top: 15px; color: gray; text-align: center; font-size: 9px;">
         Generated with
         
         <a href="http://code.google.com/p/testng-xslt/" style="color: #8888aa;"
            target="_blank">
            TestNG XSLT
            
         </a>
      </div>
   </body>
</html>