<?xml version="1.0" encoding="UTF-8"?>
<testng-results skipped="4" failed="2" total="7" passed="1">
  <reporter-output>
    <line>
      <![CDATA[]]>
    </line>
    <line>
      <![CDATA[CIMS.CIMS_Company Test is Skipped Intentionally.]]>
    </line>
    <line>
      <![CDATA[]]>
    </line>
    <line>
      <![CDATA[This Test will be Skipped as Run Mode is set 'No' in the Test Data Excel Sheet.]]>
    </line>
    <line>
      <![CDATA[]]>
    </line>
    <line>
      <![CDATA[CIMS.CIMS_Regression_Suite Test is Skipped Intentionally.]]>
    </line>
    <line>
      <![CDATA[]]>
    </line>
    <line>
      <![CDATA[This Test will be Skipped as Run Mode is set 'No' in the Test Data Excel Sheet.]]>
    </line>
    <line>
      <![CDATA[]]>
    </line>
    <line>
      <![CDATA[CIMS.CIMS_General_Admin Test is Skipped Intentionally.]]>
    </line>
    <line>
      <![CDATA[]]>
    </line>
    <line>
      <![CDATA[This Test will be Skipped as Run Mode is set 'No' in the Test Data Excel Sheet.]]>
    </line>
    <line>
      <![CDATA[Opening the IE Browser]]>
    </line>
    <line>
      <![CDATA[]]>
    </line>
    <line>
      <![CDATA[***************************Opening the Application*********************************]]>
    </line>
    <line>
      <![CDATA[Opening Application URL is :https://cobalt-qa.baldev.local/]]>
    </line>
    <line>
      <![CDATA[Opened the Application URL Successfully]]>
    </line>
    <line>
      <![CDATA[COBALT Project Statstics Report]]>
    </line>
    <line>
      <![CDATA[]]>
    </line>
    <line>
      <![CDATA[<br/>]]>
    </line>
    <line>
      <![CDATA[<img class='image1' style='width:100%;height:30px;' src='C:\JavaWorkspace\CIMS/CIMS/img.png'/>]]>
    </line>
    <line>
      <![CDATA[<table border='1' style='background-color:white;border-color:black;width:100%;text-align:center'><tr style='color: rgb(255, 255, 255); background-color: rgb(255, 0, 0);'><td><b>Basic_Information Page Report</b></td></tr></table><table cellspacing='1' cellpadding='3' border='1' style='background-color:white;width:100%;border-color:black'><thead style='color: rgb(255, 255, 255); background-color: rgb(255, 0, 0);'><tr><td>Test Case ID</td><td>Browser</td><td>Scenerio</td><td>Action</td><td>Test Case Description</td><td>Employee Name</td><td>Exceution Status</td><td>Error Message</td><td>Error Screenshot</td><td>Time taken to Execute</td></tr></thead><tbody><tr><td>TC001</td><td>IE</td><td>Positive</td><td>New</td><td>Verify that user is able to enter the Basic details of an users with Positive Data</td><td>S Plus, Auto Iphone Six</td><td>FAIL</td><td>Please enter date in the yyyy/mm/dd format and Date must be between 1/1/1753 and 12/31/9999.
Please enter date in the yyyy/mm/dd format and Date must be between 1/1/1753 and 12/31/9999.</td><td><a href=file:///C:\JavaWorkspace\CIMS\test-output\ErrorScreenshot\Basic_Information_2016_07_13_09_16_31.jpg target=_blank>Check Error</a></td><td>71.564 seconds</td></tr></tbody></table>]]>
    </line>
    <line>
      <![CDATA[<table border='1' style='background-color:white;border-color:black;width:100%;text-align:center'><tr style='color: rgb(255, 255, 255); background-color: rgb(255, 0, 0);'><td><b>Basic_Information Page Report</b></td></tr></table><table cellspacing='1' cellpadding='3' border='1' style='background-color:white;width:100%;border-color:black'><thead style='color: rgb(255, 255, 255); background-color: rgb(255, 0, 0);'><tr><td>Test Case ID</td><td>Browser</td><td>Scenerio</td><td>Action</td><td>Test Case Description</td><td>Employee Name</td><td>Exceution Status</td><td>Error Message</td><td>Error Screenshot</td><td>Time taken to Execute</td></tr></thead><tbody><tr><td>TC002</td><td>IE</td><td>Negative</td><td>New</td><td>Verify that user is able to leave blank First Name .
Expected Result- “First Name is required”</td><td>S Plus, Auto Iphone Six</td><td>FAIL</td><td>Please enter date in the yyyy/mm/dd format and Date must be between 1/1/1753 and 12/31/9999.
First Name is required</td><td><a href=file:///C:\JavaWorkspace\CIMS\test-output\ErrorScreenshot\Basic_Information_2016_07_13_09_17_47.jpg target=_blank>Check Error</a></td><td>75.603 seconds</td></tr></tbody></table>]]>
    </line>
    <line>
      <![CDATA[<table border='1' style='background-color:white;border-color:black;width:100%;text-align:center'><tr style='color: rgb(255, 255, 255); background-color: rgb(0, 99, 0);'><td><b>Other_Name Page Report</b></td></tr></table><table cellspacing='1' cellpadding='3' border='1' style='background-color:white;width:100%;border-color:black'><thead style='color: rgb(255, 255, 255); background-color: rgb(0, 99, 0);'><tr><td>Test Case ID</td><td>Browser</td><td>Scenerio</td><td>Action</td><td>Test Case Description</td><td>Employee Name</td><td>Exceution Status</td><td>Time taken to Execute</td></tr></thead><tbody><tr><td>TC001</td><td>IE</td><td>Positive</td><td>New</td><td>Verify that user is able to enter the Basic details of an users with Positive Data.
Expected Result-Success message should be displayed. </td><td>S Plus, Auto Iphone Six</td><td>PASS</td><td>28.04 seconds </td></tr></tbody></table>]]>
    </line>
    <line>
      <![CDATA[<table border='1' style='background-color:white;border-color:black;width:100%;text-align:center'><tr style='color: rgb(255, 255, 255); background-color: rgb(122, 120, 6);'><td><b>Other_Name Page Report</b></td></tr></table><table cellspacing='1' cellpadding='3' border='1' style='background-color:white;width:100%;border-color:black'><thead style='color: rgb(255, 255, 255); background-color: rgb(122, 120, 6);'><tr><td>Test Case ID</td><td>Browser</td><td>Scenerio</td><td>Action</td><td>Test Case Description</td><td>Employee Name</td><td>Exceution Status</td><td>Error Message</td><td>Error Screenshot</td><td>Time taken to Execute</td></tr></thead><tbody><tr><td>TC002</td><td>IE</td><td>Negative</td><td>New</td><td>Verify that user is able to leave blank First Name .
Expected Result- “First Name is required”</td><td>S Plus, Auto Iphone Six</td><td>PASS</td><td>First Name is required</td><td><a href=file:///C:\JavaWorkspace\CIMS\test-output\ErrorScreenshot\Other_Name_2016_07_13_09_18_44.jpg target=_blank>Check Error</a></td><td>28.446 seconds</td></tr></tbody></table>]]>
    </line>
    <line>
      <![CDATA[<table border='1' style='background-color:white;border-color:black;width:100%;text-align:center'><tr style='color: rgb(255, 255, 255); background-color: rgb(0, 99, 0);'><td><b>USImmigration Page Report</b></td></tr></table><table cellspacing='1' cellpadding='3' border='1' style='background-color:white;width:100%;border-color:black'><thead style='color: rgb(255, 255, 255); background-color: rgb(0, 99, 0);'><tr><td>Test Case ID</td><td>Browser</td><td>Scenerio</td><td>Action</td><td>Test Case Description</td><td>Employee Name</td><td>Exceution Status</td><td>Time taken to Execute</td></tr></thead><tbody><tr><td>TC001</td><td>IE</td><td>Positive</td><td>New</td><td>Verify that user is able to enter valid data in all fields and click on save button 
Expected Result-User should be able to save data successfully.</td><td>S Plus, Auto Iphone Six</td><td>PASS</td><td>100.229 seconds </td></tr></tbody></table>]]>
    </line>
    <line>
      <![CDATA[<table border='1' style='background-color:white;border-color:black;width:100%;text-align:center'><tr style='color: rgb(255, 255, 255); background-color: rgb(0, 99, 0);'><td><b>USImmigration Page Report</b></td></tr></table><table cellspacing='1' cellpadding='3' border='1' style='background-color:white;width:100%;border-color:black'><thead style='color: rgb(255, 255, 255); background-color: rgb(0, 99, 0);'><tr><td>Test Case ID</td><td>Browser</td><td>Scenerio</td><td>Action</td><td>Test Case Description</td><td>Employee Name</td><td>Exceution Status</td><td>Time taken to Execute</td></tr></thead><tbody><tr><td>TC002</td><td>IE</td><td>Negative </td><td>New</td><td>Verify that user is able to leave blank "R_Sentence Text " text box under "Additional Info" section
 Expected Result - Error!
Missing required field [R_Sentence Text ].</td><td>S Plus, Auto Iphone Six</td><td>PASS</td><td>98.572 seconds </td></tr></tbody></table>]]>
    </line>
    <line>
      <![CDATA[<table border='1' style='background-color:white;border-color:black;width:100%;text-align:center'><tr style='color: rgb(255, 255, 255); background-color: rgb(255, 0, 0);'><td><b>Education_History Page Report</b></td></tr></table><table cellspacing='1' cellpadding='3' border='1' style='background-color:white;width:100%;border-color:black'><thead style='color: rgb(255, 255, 255); background-color: rgb(255, 0, 0);'><tr><td>Test Case ID</td><td>Browser</td><td>Scenerio</td><td>Action</td><td>Test Case Description</td><td>Employee Name</td><td>Exceution Status</td><td>Error Message</td><td>Error Screenshot</td><td>Time taken to Execute</td></tr></thead><tbody><tr><td>TC001</td><td>IE</td><td>Positive</td><td>New</td><td>Verify that user is able to enter the Basic details of an users with Positive Data.
Expected Result-Success message should be displayed</td><td>S Plus, Auto Iphone Six</td><td>FAIL</td><td>Please enter end date in the yyyy/mm/dd format.
Date must be between 1753/01/01 and 9999/12/31</td><td><a href=file:///C:\JavaWorkspace\CIMS\test-output\ErrorScreenshot\Education_History_2016_07_13_09_28_50.jpg target=_blank>Check Error</a></td><td>405.966 seconds</td></tr></tbody></table>]]>
    </line>
    <line>
      <![CDATA[<table border='1' style='background-color:white;border-color:black;width:100%;text-align:center'><tr style='color: rgb(255, 255, 255); background-color: rgb(255, 0, 0);'><td><b>Education_History Page Report</b></td></tr></table><table cellspacing='1' cellpadding='3' border='1' style='background-color:white;width:100%;border-color:black'><thead style='color: rgb(255, 255, 255); background-color: rgb(255, 0, 0);'><tr><td>Test Case ID</td><td>Browser</td><td>Scenerio</td><td>Action</td><td>Test Case Description</td><td>Employee Name</td><td>Exceution Status</td><td>Error Message</td><td>Error Screenshot</td><td>Time taken to Execute</td></tr></thead><tbody><tr><td>TC002</td><td>IE</td><td>Negative</td><td>New</td><td>Verify that If user Leave Empty mandatory field  “Name of Institution”
Expected Result-”Name Of Institution is Required”</td><td>S Plus, Auto Iphone Six</td><td>FAIL</td><td>Please enter end date in the yyyy/mm/dd format.
Name of Institution is required</td><td><a href=file:///C:\JavaWorkspace\CIMS\test-output\ErrorScreenshot\Education_History_2016_07_13_09_34_32.jpg target=_blank>Check Error</a></td><td>341.271 seconds</td></tr></tbody></table>]]>
    </line>
    <line>
      <![CDATA[<table border='1' style='background-color:white;border-color:black;width:100%;text-align:center'><tr style='color: rgb(255, 255, 255); background-color: rgb(255, 0, 0);'><td><b>Group_Memberships Page Report</b></td></tr></table><table cellspacing='1' cellpadding='3' border='1' style='background-color:white;width:100%;border-color:black'><thead style='color: rgb(255, 255, 255); background-color: rgb(255, 0, 0);'><tr><td>Test Case ID</td><td>Browser</td><td>Scenerio</td><td>Action</td><td>Test Case Description</td><td>Employee Name</td><td>Exceution Status</td><td>Error Message</td><td>Error Screenshot</td><td>Time taken to Execute</td></tr></thead><tbody><tr><td>TC001</td><td>IE</td><td>Positive</td><td>New</td><td>Verify that user is able to enter valid data in all fields and click on save button 
Expected Result-User should be able to save data successfully.</td><td>S Plus, Auto Iphone Six</td><td>FAIL</td><td>Please enter Membership Start Date in the yyyy/mm/dd format.
Please enter Membership End Date in the yyyy/mm/dd format.</td><td><a href=file:///C:\JavaWorkspace\CIMS\test-output\ErrorScreenshot\Group_Memberships_2016_07_13_09_35_31.jpg target=_blank>Check Error</a></td><td>57.372 seconds</td></tr></tbody></table>]]>
    </line>
    <line>
      <![CDATA[<table border='1' style='background-color:white;border-color:black;width:100%;text-align:center'><tr style='color: rgb(255, 255, 255); background-color: rgb(255, 0, 0);'><td><b>Group_Memberships Page Report</b></td></tr></table><table cellspacing='1' cellpadding='3' border='1' style='background-color:white;width:100%;border-color:black'><thead style='color: rgb(255, 255, 255); background-color: rgb(255, 0, 0);'><tr><td>Test Case ID</td><td>Browser</td><td>Scenerio</td><td>Action</td><td>Test Case Description</td><td>Employee Name</td><td>Exceution Status</td><td>Error Message</td><td>Error Screenshot</td><td>Time taken to Execute</td></tr></thead><tbody><tr><td>TC002</td><td>IE</td><td>Negative</td><td>New</td><td>Verify that user is able to enter data without Group name. 
Expected Result-A validation message should be displayed as Group name is required</td><td>S Plus, Auto Iphone Six</td><td>FAIL</td><td>Group Name is required
Please enter Membership Start Date in the yyyy/mm/dd format.
Please enter Membership End Date in the yyyy/mm/dd format.</td><td><a href=file:///C:\JavaWorkspace\CIMS\test-output\ErrorScreenshot\Group_Memberships_2016_07_13_09_36_29.jpg target=_blank>Check Error</a></td><td>57.768 seconds</td></tr></tbody></table>]]>
    </line>
    <line>
      <![CDATA[<table border='1' style='background-color:white;border-color:black;width:100%;text-align:center'><tr style='color: rgb(255, 255, 255); background-color: rgb(0, 99, 0);'><td><b>Health_Insurance Page Report</b></td></tr></table><table cellspacing='1' cellpadding='3' border='1' style='background-color:white;width:100%;border-color:black'><thead style='color: rgb(255, 255, 255); background-color: rgb(0, 99, 0);'><tr><td>Test Case ID</td><td>Browser</td><td>Scenerio</td><td>Action</td><td>Test Case Description</td><td>Employee Name</td><td>Exceution Status</td><td>Time taken to Execute</td></tr></thead><tbody><tr><td>TC001</td><td>IE</td><td>Positive</td><td>New</td><td>Verify that user is able to enter valid data in all fields and click on save button 
Expected Result-User should be able to save data successfully.</td><td>S Plus, Auto Iphone Six</td><td>PASS</td><td>23.371 seconds </td></tr></tbody></table>]]>
    </line>
    <line>
      <![CDATA[<table border='1' style='background-color:white;border-color:black;width:100%;text-align:center'><tr style='color: rgb(255, 255, 255); background-color: rgb(0, 99, 0);'><td><b>Health_Insurance Page Report</b></td></tr></table><table cellspacing='1' cellpadding='3' border='1' style='background-color:white;width:100%;border-color:black'><thead style='color: rgb(255, 255, 255); background-color: rgb(0, 99, 0);'><tr><td>Test Case ID</td><td>Browser</td><td>Scenerio</td><td>Action</td><td>Test Case Description</td><td>Employee Name</td><td>Exceution Status</td><td>Time taken to Execute</td></tr></thead><tbody><tr><td>TC002</td><td>IE</td><td>Negative </td><td>New</td><td>Verify that user is able to enter alphabets , Special Character and alphanumeric values in "Whole Number" text box 
Expected Result - Error!
Whole Number is invalid. Please enter numbers only</td><td>S Plus, Auto Iphone Six</td><td>PASS</td><td>22.422 seconds </td></tr></tbody></table>]]>
    </line>
    <line>
      <![CDATA[<table border='1' style='background-color:white;border-color:black;width:100%;text-align:center'><tr style='color: rgb(255, 255, 255); background-color: rgb(0, 99, 0);'><td><b>Medical_History Page Report</b></td></tr></table><table cellspacing='1' cellpadding='3' border='1' style='background-color:white;width:100%;border-color:black'><thead style='color: rgb(255, 255, 255); background-color: rgb(0, 99, 0);'><tr><td>Test Case ID</td><td>Browser</td><td>Scenerio</td><td>Action</td><td>Test Case Description</td><td>Employee Name</td><td>Exceution Status</td><td>Time taken to Execute</td></tr></thead><tbody><tr><td>TC001</td><td>IE</td><td>Positive</td><td>New</td><td>Verify that user is able to enter valid data in all fields and click on save button 
Expected Result-User should be able to save data successfully.</td><td>S Plus, Auto Iphone Six</td><td>PASS</td><td>131.759 seconds </td></tr></tbody></table>]]>
    </line>
    <line>
      <![CDATA[<table border='1' style='background-color:white;border-color:black;width:100%;text-align:center'><tr style='color: rgb(255, 255, 255); background-color: rgb(0, 99, 0);'><td><b>Medical_History Page Report</b></td></tr></table><table cellspacing='1' cellpadding='3' border='1' style='background-color:white;width:100%;border-color:black'><thead style='color: rgb(255, 255, 255); background-color: rgb(0, 99, 0);'><tr><td>Test Case ID</td><td>Browser</td><td>Scenerio</td><td>Action</td><td>Test Case Description</td><td>Employee Name</td><td>Exceution Status</td><td>Time taken to Execute</td></tr></thead><tbody><tr><td>TC002</td><td>IE</td><td>Negative </td><td>New</td><td>Verify that user is able to enter alphabets , Alphanumeric and special character value in "www" text box under "Additional Info" section
Expected Result - Error!
www is invalid. Please enter numbers only</td><td>S Plus, Auto Iphone Six</td><td>PASS</td><td>130.638 seconds </td></tr></tbody></table>]]>
    </line>
    <line>
      <![CDATA[<table border='1' style='background-color:white;border-color:black;width:100%;text-align:center'><tr style='color: rgb(255, 255, 255); background-color: rgb(0, 99, 0);'><td><b>Teacher_ChildHealthCare Page Report</b></td></tr></table><table cellspacing='1' cellpadding='3' border='1' style='background-color:white;width:100%;border-color:black'><thead style='color: rgb(255, 255, 255); background-color: rgb(0, 99, 0);'><tr><td>Test Case ID</td><td>Browser</td><td>Scenerio</td><td>Action</td><td>Test Case Description</td><td>Employee Name</td><td>Exceution Status</td><td>Time taken to Execute</td></tr></thead><tbody><tr><td>TC001</td><td>IE</td><td>Positive</td><td>New</td><td>Verify that user is able to enter valid data in all fields and click on save button 
Expected Result-User should be able to save data successfully.</td><td>S Plus, Auto Iphone Six</td><td>PASS</td><td>28.946 seconds </td></tr></tbody></table>]]>
    </line>
    <line>
      <![CDATA[<table border='1' style='background-color:white;border-color:black;width:100%;text-align:center'><tr style='color: rgb(255, 255, 255); background-color: rgb(0, 99, 0);'><td><b>Teacher_ChildHealthCare Page Report</b></td></tr></table><table cellspacing='1' cellpadding='3' border='1' style='background-color:white;width:100%;border-color:black'><thead style='color: rgb(255, 255, 255); background-color: rgb(0, 99, 0);'><tr><td>Test Case ID</td><td>Browser</td><td>Scenerio</td><td>Action</td><td>Test Case Description</td><td>Employee Name</td><td>Exceution Status</td><td>Time taken to Execute</td></tr></thead><tbody><tr><td>TC002</td><td>IE</td><td>Negative </td><td>New</td><td>Verify that user leave blank "Teacher_Sent" text box 
Expected Resul - Error!
Missing required field [Teacher_Sent].</td><td>S Plus, Auto Iphone Six</td><td>PASS</td><td>27.311 seconds </td></tr></tbody></table>]]>
    </line>
    <line>
      <![CDATA[<table border='1' style='background-color:white;border-color:black;width:100%;text-align:center'><tr style='color: rgb(255, 255, 255); background-color: rgb(255, 0, 0);'><td><b>Patents Page Report</b></td></tr></table><table cellspacing='1' cellpadding='3' border='1' style='background-color:white;width:100%;border-color:black'><thead style='color: rgb(255, 255, 255); background-color: rgb(255, 0, 0);'><tr><td>Test Case ID</td><td>Browser</td><td>Scenerio</td><td>Action</td><td>Test Case Description</td><td>Employee Name</td><td>Exceution Status</td><td>Error Message</td><td>Error Screenshot</td><td>Time taken to Execute</td></tr></thead><tbody><tr><td>TC001</td><td>IE</td><td>Positive</td><td>New</td><td>Verify that user is able to enter valid data in all fields and click on save button 
Expected Result-User should be able to save data successfully.</td><td>S Plus, Auto Iphone Six</td><td>FAIL</td><td>Error!
Server was unable to process request. ---> Can not find list with url: sites/DEV/9999/913 on web: http://home.baldev.local/sites/DEV/9999</td><td><a href=file:///C:\JavaWorkspace\CIMS\test-output\ErrorScreenshot\Patents_2016_07_13_09_45_04.jpg target=_blank>Check Error</a></td><td>147.709 seconds</td></tr></tbody></table>]]>
    </line>
    <line>
      <![CDATA[<table border='1' style='background-color:white;border-color:black;width:100%;text-align:center'><tr style='color: rgb(255, 255, 255); background-color: rgb(122, 120, 6);'><td><b>Patents Page Report</b></td></tr></table><table cellspacing='1' cellpadding='3' border='1' style='background-color:white;width:100%;border-color:black'><thead style='color: rgb(255, 255, 255); background-color: rgb(122, 120, 6);'><tr><td>Test Case ID</td><td>Browser</td><td>Scenerio</td><td>Action</td><td>Test Case Description</td><td>Employee Name</td><td>Exceution Status</td><td>Error Message</td><td>Error Screenshot</td><td>Time taken to Execute</td></tr></thead><tbody><tr><td>TC002</td><td>IE</td><td>Negative</td><td>New</td><td>Verify that user is able to save records without country
Expected Result-A validation message should be displayed: Country is required</td><td>S Plus, Auto Iphone Six</td><td>PASS</td><td>Country is required</td><td><a href=file:///C:\JavaWorkspace\CIMS\test-output\ErrorScreenshot\Patents_2016_07_13_09_46_32.jpg target=_blank>Check Error</a></td><td>88.089 seconds</td></tr></tbody></table>]]>
    </line>
    <line>
      <![CDATA[<table border='1' style='background-color:white;border-color:black;width:100%;text-align:center'><tr style='color: rgb(255, 255, 255); background-color: rgb(255, 0, 0);'><td><b>Id_Documents Page Report</b></td></tr></table><table cellspacing='1' cellpadding='3' border='1' style='background-color:white;width:100%;border-color:black'><thead style='color: rgb(255, 255, 255); background-color: rgb(255, 0, 0);'><tr><td>Test Case ID</td><td>Browser</td><td>Scenerio</td><td>Action</td><td>Test Case Description</td><td>Employee Name</td><td>Exceution Status</td><td>Error Message</td><td>Error Screenshot</td><td>Time taken to Execute</td></tr></thead><tbody><tr><td>TC001</td><td>IE</td><td>Positive</td><td>New</td><td>Verify that user is able to enter valid data in all fields and click on save button 
Expected Result-User should be able to save data successfully</td><td>S Plus, Auto Iphone Six</td><td>FAIL</td><td>Please enter date in the yyyy/mm/dd format.
Please enter date in the yyyy/mm/dd format.</td><td><a href=file:///C:\JavaWorkspace\CIMS\test-output\ErrorScreenshot\Id_Documents_2016_07_13_09_50_34.jpg target=_blank>Check Error</a></td><td>241.506 seconds</td></tr></tbody></table>]]>
    </line>
    <line>
      <![CDATA[<table border='1' style='background-color:white;border-color:black;width:100%;text-align:center'><tr style='color: rgb(255, 255, 255); background-color: rgb(255, 0, 0);'><td><b>Id_Documents Page Report</b></td></tr></table><table cellspacing='1' cellpadding='3' border='1' style='background-color:white;width:100%;border-color:black'><thead style='color: rgb(255, 255, 255); background-color: rgb(255, 0, 0);'><tr><td>Test Case ID</td><td>Browser</td><td>Scenerio</td><td>Action</td><td>Test Case Description</td><td>Employee Name</td><td>Exceution Status</td><td>Error Message</td><td>Error Screenshot</td><td>Time taken to Execute</td></tr></thead><tbody><tr><td>TC002</td><td>IE</td><td>Negative</td><td>New</td><td>Verify that user is able to Enter Invalid Date
Expected Result-A validation message should be displayed: Please enter date in m/d/yyyy format</td><td>S Plus, Auto Iphone Six</td><td>FAIL</td><td>Please enter date in the yyyy/mm/dd format.
Please enter date in the yyyy/mm/dd format.</td><td><a href=file:///C:\JavaWorkspace\CIMS\test-output\ErrorScreenshot\Id_Documents_2016_07_13_09_53_23.jpg target=_blank>Check Error</a></td><td>168.395 seconds</td></tr></tbody></table>]]>
    </line>
    <line>
      <![CDATA[<table border='1' style='background-color:white;border-color:black;width:100%;text-align:center'><tr style='color: rgb(255, 255, 255); background-color: rgb(255, 0, 0);'><td><b>Citizenship Page Report</b></td></tr></table><table cellspacing='1' cellpadding='3' border='1' style='background-color:white;width:100%;border-color:black'><thead style='color: rgb(255, 255, 255); background-color: rgb(255, 0, 0);'><tr><td>Test Case ID</td><td>Browser</td><td>Scenerio</td><td>Action</td><td>Test Case Description</td><td>Employee Name</td><td>Exceution Status</td><td>Error Message</td><td>Error Screenshot</td><td>Time taken to Execute</td></tr></thead><tbody><tr><td>TC001</td><td>IE</td><td>Positive</td><td>New</td><td>Verify that user is able to enter valid data in all fields and click on save button 
Expected Result-User should be able to save data successfully.</td><td>S Plus, Auto Iphone Six</td><td>FAIL</td><td>Please enter date in the yyyy/mm/dd format and Date must be between 1/1/1753 and 12/31/9999.
Please enter date in the yyyy/mm/dd format and Date must be between 1/1/1753 and 12/31/9999.</td><td><a href=file:///C:\JavaWorkspace\CIMS\test-output\ErrorScreenshot\Citizenship_2016_07_13_09_54_34.jpg target=_blank>Check Error</a></td><td>69.896 seconds</td></tr></tbody></table>]]>
    </line>
    <line>
      <![CDATA[<table border='1' style='background-color:white;border-color:black;width:100%;text-align:center'><tr style='color: rgb(255, 255, 255); background-color: rgb(255, 0, 0);'><td><b>Citizenship Page Report</b></td></tr></table><table cellspacing='1' cellpadding='3' border='1' style='background-color:white;width:100%;border-color:black'><thead style='color: rgb(255, 255, 255); background-color: rgb(255, 0, 0);'><tr><td>Test Case ID</td><td>Browser</td><td>Scenerio</td><td>Action</td><td>Test Case Description</td><td>Employee Name</td><td>Exceution Status</td><td>Error Message</td><td>Error Screenshot</td><td>Time taken to Execute</td></tr></thead><tbody><tr><td>TC002</td><td>IE</td><td>Negative</td><td>New</td><td>Verify that user is able to save records without enter Country.
Expected Result-A validation message should be displayed as  * Select Country</td><td>S Plus, Auto Iphone Six</td><td>FAIL</td><td>Country is required
Please enter date in the yyyy/mm/dd format and Date must be between 1/1/1753 and 12/31/9999.
Please enter date in the yyyy/mm/dd format and Date must be between 1/1/1753 and 12/31/9999.</td><td><a href=file:///C:\JavaWorkspace\CIMS\test-output\ErrorScreenshot\Citizenship_2016_07_13_09_55_40.jpg target=_blank>Check Error</a></td><td>65.872 seconds</td></tr></tbody></table>]]>
    </line>
    <line>
      <![CDATA[<table border='1' style='background-color:white;border-color:black;width:100%;text-align:center'><tr style='color: rgb(255, 255, 255); background-color: rgb(255, 0, 0);'><td><b>Participation_as_Judge Page Report</b></td></tr></table><table cellspacing='1' cellpadding='3' border='1' style='background-color:white;width:100%;border-color:black'><thead style='color: rgb(255, 255, 255); background-color: rgb(255, 0, 0);'><tr><td>Test Case ID</td><td>Browser</td><td>Scenerio</td><td>Action</td><td>Test Case Description</td><td>Employee Name</td><td>Exceution Status</td><td>Error Message</td><td>Error Screenshot</td><td>Time taken to Execute</td></tr></thead><tbody><tr><td>TC001</td><td>IE</td><td>Positive</td><td>New</td><td>Verify that user is able to enter all the  details of an users with Positive Data.
Expected Result- User should be able to save information successfully .</td><td>S Plus, Auto Iphone Six</td><td>FAIL</td><td>Please enter date in the format yyyy/mm/dd</td><td><a href=file:///C:\JavaWorkspace\CIMS\test-output\ErrorScreenshot\Participation_as_Judge_2016_07_13_09_56_50.jpg target=_blank>Check Error</a></td><td>69.264 seconds</td></tr></tbody></table>]]>
    </line>
    <line>
      <![CDATA[<table border='1' style='background-color:white;border-color:black;width:100%;text-align:center'><tr style='color: rgb(255, 255, 255); background-color: rgb(122, 120, 6);'><td><b>Participation_as_Judge Page Report</b></td></tr></table><table cellspacing='1' cellpadding='3' border='1' style='background-color:white;width:100%;border-color:black'><thead style='color: rgb(255, 255, 255); background-color: rgb(122, 120, 6);'><tr><td>Test Case ID</td><td>Browser</td><td>Scenerio</td><td>Action</td><td>Test Case Description</td><td>Employee Name</td><td>Exceution Status</td><td>Error Message</td><td>Error Screenshot</td><td>Time taken to Execute</td></tr></thead><tbody><tr><td>TC002</td><td>IE</td><td>Negative</td><td>New</td><td>Verify that user leaves blank all the fields 
Expected Result - Journal Article is required
Name of Peer-Reviewed Journal Article is required
Date of Publication is required
</td><td>S Plus, Auto Iphone Six</td><td>PASS</td><td>Journal Article is required
Name of Peer-Reviewed Journal Article is required
Date of Publication is required</td><td><a href=file:///C:\JavaWorkspace\CIMS\test-output\ErrorScreenshot\Participation_as_Judge_2016_07_13_09_57_52.jpg target=_blank>Check Error</a></td><td>61.255 seconds</td></tr></tbody></table>]]>
    </line>
    <line>
      <![CDATA[<table border='1' style='background-color:white;border-color:black;width:100%;text-align:center'><tr style='color: rgb(255, 255, 255); background-color: rgb(255, 0, 0);'><td><b>SpeakingEngagements Page Report</b></td></tr></table><table cellspacing='1' cellpadding='3' border='1' style='background-color:white;width:100%;border-color:black'><thead style='color: rgb(255, 255, 255); background-color: rgb(255, 0, 0);'><tr><td>Test Case ID</td><td>Browser</td><td>Scenerio</td><td>Action</td><td>Test Case Description</td><td>Employee Name</td><td>Exceution Status</td><td>Error Message</td><td>Error Screenshot</td><td>Time taken to Execute</td></tr></thead><tbody><tr><td>TC001</td><td>IE</td><td>Positive</td><td>New</td><td>Verify that user is able to enter valid data in all fields and click on save button 
Expected Result-User should be able to save data successfully.</td><td>S Plus, Auto Iphone Six</td><td>FAIL</td><td>Please enter date in the yyyy/mm/dd format.</td><td><a href=file:///C:\JavaWorkspace\CIMS\test-output\ErrorScreenshot\SpeakingEngagements_2016_07_13_09_59_45.jpg target=_blank>Check Error</a></td><td>112.257 seconds</td></tr></tbody></table>]]>
    </line>
    <line>
      <![CDATA[<table border='1' style='background-color:white;border-color:black;width:100%;text-align:center'><tr style='color: rgb(255, 255, 255); background-color: rgb(255, 0, 0);'><td><b>SpeakingEngagements Page Report</b></td></tr></table><table cellspacing='1' cellpadding='3' border='1' style='background-color:white;width:100%;border-color:black'><thead style='color: rgb(255, 255, 255); background-color: rgb(255, 0, 0);'><tr><td>Test Case ID</td><td>Browser</td><td>Scenerio</td><td>Action</td><td>Test Case Description</td><td>Employee Name</td><td>Exceution Status</td><td>Error Message</td><td>Error Screenshot</td><td>Time taken to Execute</td></tr></thead><tbody><tr><td>TC002</td><td>IE</td><td>Negative</td><td>New</td><td>Verify that user is able to save records without enter Name of Conference.
Expected Result-A validation message should be displayed “Name of Conference is required"</td><td>S Plus, Auto Iphone Six</td><td>FAIL</td><td>Name of Conference is required Please enter date in the yyyy/mm/dd format.</td><td><a href=file:///C:\JavaWorkspace\CIMS\test-output\ErrorScreenshot\SpeakingEngagements_2016_07_13_10_01_09.jpg target=_blank>Check Error</a></td><td>83.663 seconds</td></tr></tbody></table>]]>
    </line>
    <line>
      <![CDATA[<table border='1' style='background-color:white;border-color:black;width:100%;text-align:center'><tr style='color: rgb(255, 255, 255); background-color: rgb(0, 99, 0);'><td><b>Global_Immigration_History Page Report</b></td></tr></table><table cellspacing='1' cellpadding='3' border='1' style='background-color:white;width:100%;border-color:black'><thead style='color: rgb(255, 255, 255); background-color: rgb(0, 99, 0);'><tr><td>Test Case ID</td><td>Browser</td><td>Scenerio</td><td>Action</td><td>Test Case Description</td><td>Employee Name</td><td>Exceution Status</td><td>Time taken to Execute</td></tr></thead><tbody><tr><td>TC001</td><td>IE</td><td>Positive</td><td>New</td><td>Verify that user is able to click on add button</td><td>S Plus, Auto Iphone Six</td><td>PASS</td><td>78.836 seconds </td></tr></tbody></table>]]>
    </line>
    <line>
      <![CDATA[<table border='1' style='background-color:white;border-color:black;width:100%;text-align:center'><tr style='color: rgb(255, 255, 255); background-color: rgb(0, 99, 0);'><td><b>Global_Immigration_History Page Report</b></td></tr></table><table cellspacing='1' cellpadding='3' border='1' style='background-color:white;width:100%;border-color:black'><thead style='color: rgb(255, 255, 255); background-color: rgb(0, 99, 0);'><tr><td>Test Case ID</td><td>Browser</td><td>Scenerio</td><td>Action</td><td>Test Case Description</td><td>Employee Name</td><td>Exceution Status</td><td>Time taken to Execute</td></tr></thead><tbody><tr><td>TC002</td><td>IE</td><td>Negative </td><td>New</td><td>Verify that user leaves blank "R_Sentence Of Text " text box 
Expected Result - Error!
Missing required field [R_Sentence Of Text ].</td><td>S Plus, Auto Iphone Six</td><td>PASS</td><td>78.235 seconds </td></tr></tbody></table>]]>
    </line>
    <line>
      <![CDATA[<table border='1' style='background-color:white;border-color:black;width:100%;text-align:center'><tr style='color: rgb(255, 255, 255); background-color: rgb(255, 0, 0);'><td><b>Exhibitions_and_Showcases Page Report</b></td></tr></table><table cellspacing='1' cellpadding='3' border='1' style='background-color:white;width:100%;border-color:black'><thead style='color: rgb(255, 255, 255); background-color: rgb(255, 0, 0);'><tr><td>Test Case ID</td><td>Browser</td><td>Scenerio</td><td>Action</td><td>Test Case Description</td><td>Employee Name</td><td>Exceution Status</td><td>Error Message</td><td>Error Screenshot</td><td>Time taken to Execute</td></tr></thead><tbody><tr><td>TC001</td><td>IE</td><td>Positive</td><td>New</td><td>Verify that user is able to save to save information with valid data .
Expected Result-Success message should be displayed </td><td>S Plus, Auto Iphone Six</td><td>FAIL</td><td>Please enter date in the yyyy/mm/dd format and Date must be between 1/1/1753 and 12/31/9999.</td><td><a href=file:///C:\JavaWorkspace\CIMS\test-output\ErrorScreenshot\Exhibitions_and_Showcases_2016_07_13_10_05_28.jpg target=_blank>Check Error</a></td><td>100.417 seconds</td></tr></tbody></table>]]>
    </line>
    <line>
      <![CDATA[<table border='1' style='background-color:white;border-color:black;width:100%;text-align:center'><tr style='color: rgb(255, 255, 255); background-color: rgb(255, 0, 0);'><td><b>Exhibitions_and_Showcases Page Report</b></td></tr></table><table cellspacing='1' cellpadding='3' border='1' style='background-color:white;width:100%;border-color:black'><thead style='color: rgb(255, 255, 255); background-color: rgb(255, 0, 0);'><tr><td>Test Case ID</td><td>Browser</td><td>Scenerio</td><td>Action</td><td>Test Case Description</td><td>Employee Name</td><td>Exceution Status</td><td>Error Message</td><td>Error Screenshot</td><td>Time taken to Execute</td></tr></thead><tbody><tr><td>TC002</td><td>IE</td><td>Negative</td><td>New</td><td>Verify that if user leave Empty mandatory field “Name and description of event” .
Expected Result-Event Name is Required</td><td>S Plus, Auto Iphone Six</td><td>FAIL</td><td>Name of Event is required
Please enter date in the yyyy/mm/dd format and Date must be between 1/1/1753 and 12/31/9999.</td><td><a href=file:///C:\JavaWorkspace\CIMS\test-output\ErrorScreenshot\Exhibitions_and_Showcases_2016_07_13_10_07_09.jpg target=_blank>Check Error</a></td><td>100.311 seconds</td></tr></tbody></table>]]>
    </line>
    <line>
      <![CDATA[<table border='1' style='background-color:white;border-color:black;width:100%;text-align:center'><tr style='color: rgb(255, 255, 255); background-color: rgb(0, 99, 0);'><td><b>Medical_Treatment Page Report</b></td></tr></table><table cellspacing='1' cellpadding='3' border='1' style='background-color:white;width:100%;border-color:black'><thead style='color: rgb(255, 255, 255); background-color: rgb(0, 99, 0);'><tr><td>Test Case ID</td><td>Browser</td><td>Scenerio</td><td>Action</td><td>Test Case Description</td><td>Employee Name</td><td>Exceution Status</td><td>Time taken to Execute</td></tr></thead><tbody><tr><td>TC001</td><td>IE</td><td>Positive</td><td>New</td><td>Verify that user is able to save information with valid data 
Expected Result-User should be able to save information successfully </td><td>S Plus, Auto Iphone Six</td><td>PASS</td><td>42.673 seconds </td></tr></tbody></table>]]>
    </line>
    <line>
      <![CDATA[<table border='1' style='background-color:white;border-color:black;width:100%;text-align:center'><tr style='color: rgb(255, 255, 255); background-color: rgb(122, 120, 6);'><td><b>Medical_Treatment Page Report</b></td></tr></table><table cellspacing='1' cellpadding='3' border='1' style='background-color:white;width:100%;border-color:black'><thead style='color: rgb(255, 255, 255); background-color: rgb(122, 120, 6);'><tr><td>Test Case ID</td><td>Browser</td><td>Scenerio</td><td>Action</td><td>Test Case Description</td><td>Employee Name</td><td>Exceution Status</td><td>Error Message</td><td>Error Screenshot</td><td>Time taken to Execute</td></tr></thead><tbody><tr><td>TC002</td><td>IE</td><td>Negative</td><td>New</td><td>Verify that if user enter invalid phone number .
Expected Result-Phone Number should not exceeds maximum length of 15</td><td>S Plus, Auto Iphone Six</td><td>PASS</td><td>Maximum length 15</td><td><a href=file:///C:\JavaWorkspace\CIMS\test-output\ErrorScreenshot\Medical_Treatment_2016_07_13_10_08_33.jpg target=_blank>Check Error</a></td><td>40.935 seconds</td></tr></tbody></table>]]>
    </line>
    <line>
      <![CDATA[<table border='1' style='background-color:white;border-color:black;width:100%;text-align:center'><tr style='color: rgb(255, 255, 255); background-color: rgb(255, 0, 0);'><td><b>Pregnancy Page Report</b></td></tr></table><table cellspacing='1' cellpadding='3' border='1' style='background-color:white;width:100%;border-color:black'><thead style='color: rgb(255, 255, 255); background-color: rgb(255, 0, 0);'><tr><td>Test Case ID</td><td>Browser</td><td>Scenerio</td><td>Action</td><td>Test Case Description</td><td>Employee Name</td><td>Exceution Status</td><td>Error Message</td><td>Error Screenshot</td><td>Time taken to Execute</td></tr></thead><tbody><tr><td>TC001</td><td>IE</td><td>Positive</td><td>New</td><td>Verify that user is able to enter the Basic details of an users with Positive Data
Expected Result - Success message should be displayed </td><td>S Plus, Auto Iphone Six</td><td>FAIL</td><td>Please enter due date in the format yyyy/mm/dd</td><td><a href=file:///C:\JavaWorkspace\CIMS\test-output\ErrorScreenshot\Pregnancy_2016_07_13_10_10_29.jpg target=_blank>Check Error</a></td><td>115.454 seconds</td></tr></tbody></table>]]>
    </line>
    <line>
      <![CDATA[<table border='1' style='background-color:white;border-color:black;width:100%;text-align:center'><tr style='color: rgb(255, 255, 255); background-color: rgb(122, 120, 6);'><td><b>Pregnancy Page Report</b></td></tr></table><table cellspacing='1' cellpadding='3' border='1' style='background-color:white;width:100%;border-color:black'><thead style='color: rgb(255, 255, 255); background-color: rgb(122, 120, 6);'><tr><td>Test Case ID</td><td>Browser</td><td>Scenerio</td><td>Action</td><td>Test Case Description</td><td>Employee Name</td><td>Exceution Status</td><td>Error Message</td><td>Error Screenshot</td><td>Time taken to Execute</td></tr></thead><tbody><tr><td>TC002</td><td>IE</td><td>Negative</td><td>New</td><td>Verify that user is able to save records without enter due date.
Expected Result-A validation message should be displayed “Due Date is required.”</td><td>S Plus, Auto Iphone Six</td><td>PASS</td><td>Due Date is required.</td><td><a href=file:///C:\JavaWorkspace\CIMS\test-output\ErrorScreenshot\Pregnancy_2016_07_13_10_11_27.jpg target=_blank>Check Error</a></td><td>57.588 seconds</td></tr></tbody></table>]]>
    </line>
    <line>
      <![CDATA[<table border='1' style='background-color:white;border-color:black;width:100%;text-align:center'><tr style='color: rgb(255, 255, 255); background-color: rgb(0, 99, 0);'><td><b>SpecialAbility Page Report</b></td></tr></table><table cellspacing='1' cellpadding='3' border='1' style='background-color:white;width:100%;border-color:black'><thead style='color: rgb(255, 255, 255); background-color: rgb(0, 99, 0);'><tr><td>Test Case ID</td><td>Browser</td><td>Scenerio</td><td>Action</td><td>Test Case Description</td><td>Employee Name</td><td>Exceution Status</td><td>Time taken to Execute</td></tr></thead><tbody><tr><td>TC001</td><td>IE</td><td>Positive</td><td>New</td><td>Verify that user is able to enter the Basic details of an users with Positive Data</td><td>S Plus, Auto Iphone Six</td><td>PASS</td><td>60.223 seconds </td></tr></tbody></table>]]>
    </line>
    <line>
      <![CDATA[<table border='1' style='background-color:white;border-color:black;width:100%;text-align:center'><tr style='color: rgb(255, 255, 255); background-color: rgb(122, 120, 6);'><td><b>SpecialAbility Page Report</b></td></tr></table><table cellspacing='1' cellpadding='3' border='1' style='background-color:white;width:100%;border-color:black'><thead style='color: rgb(255, 255, 255); background-color: rgb(122, 120, 6);'><tr><td>Test Case ID</td><td>Browser</td><td>Scenerio</td><td>Action</td><td>Test Case Description</td><td>Employee Name</td><td>Exceution Status</td><td>Error Message</td><td>Error Screenshot</td><td>Time taken to Execute</td></tr></thead><tbody><tr><td>TC002</td><td>IE</td><td>Negative</td><td>New</td><td>Verify that user is able to save records without enter Job title
Expected Result-A validation message should be displayed “Job Title is Required”</td><td>S Plus, Auto Iphone Six</td><td>PASS</td><td>Job Title/Position is required</td><td><a href=file:///C:\JavaWorkspace\CIMS\test-output\ErrorScreenshot\SpecialAbility_2016_07_13_10_13_29.jpg target=_blank>Check Error</a></td><td>60.577 seconds</td></tr></tbody></table>]]>
    </line>
    <line>
      <![CDATA[<table border='1' style='background-color:white;border-color:black;width:100%;text-align:center'><tr style='color: rgb(255, 255, 255); background-color: rgb(255, 0, 0);'><td><b>Employment_History Page Report</b></td></tr></table><table cellspacing='1' cellpadding='3' border='1' style='background-color:white;width:100%;border-color:black'><thead style='color: rgb(255, 255, 255); background-color: rgb(255, 0, 0);'><tr><td>Test Case ID</td><td>Browser</td><td>Scenerio</td><td>Action</td><td>Test Case Description</td><td>Employee Name</td><td>Exceution Status</td><td>Error Message</td><td>Error Screenshot</td><td>Time taken to Execute</td></tr></thead><tbody><tr><td>TC001</td><td>IE</td><td>Positive</td><td>New</td><td>Verify that user is able to save information with valid data .
Expected Result-User should be able to save information successfully </td><td>S Plus, Auto Iphone Six</td><td>FAIL</td><td>Please enter date in the format yyyy/mm/dd
Please enter date in the format yyyy/mm/dd</td><td><a href=file:///C:\JavaWorkspace\CIMS\test-output\ErrorScreenshot\Employment_History_2016_07_13_10_16_16.jpg target=_blank>Check Error</a></td><td>166.589 seconds</td></tr></tbody></table>]]>
    </line>
    <line>
      <![CDATA[<table border='1' style='background-color:white;border-color:black;width:100%;text-align:center'><tr style='color: rgb(255, 255, 255); background-color: rgb(255, 0, 0);'><td><b>Employment_History Page Report</b></td></tr></table><table cellspacing='1' cellpadding='3' border='1' style='background-color:white;width:100%;border-color:black'><thead style='color: rgb(255, 255, 255); background-color: rgb(255, 0, 0);'><tr><td>Test Case ID</td><td>Browser</td><td>Scenerio</td><td>Action</td><td>Test Case Description</td><td>Employee Name</td><td>Exceution Status</td><td>Error Message</td><td>Error Screenshot</td><td>Time taken to Execute</td></tr></thead><tbody><tr><td>TC003</td><td>IE</td><td>Negative </td><td>New</td><td>Verify that user is able to enter invalid data in "Start Date" and "End Date" text box 
Expected Result - Please enter date in the format m/d/yyyy
Please enter date in the format m/d/yyyy</td><td>S Plus, Auto Iphone Six</td><td>FAIL</td><td>Please enter date in the format yyyy/mm/dd
Please enter date in the format yyyy/mm/dd</td><td><a href=file:///C:\JavaWorkspace\CIMS\test-output\ErrorScreenshot\Employment_History_2016_07_13_10_19_06.jpg target=_blank>Check Error</a></td><td>169.587 seconds</td></tr></tbody></table>]]>
    </line>
    <line>
      <![CDATA[<table border='1' style='background-color:white;border-color:black;width:100%;text-align:center'><tr style='color: rgb(255, 255, 255); background-color: rgb(0, 99, 0);'><td><b>EmployeeProcessing Page Report</b></td></tr></table><table cellspacing='1' cellpadding='3' border='1' style='background-color:white;width:100%;border-color:black'><thead style='color: rgb(255, 255, 255); background-color: rgb(0, 99, 0);'><tr><td>Test Case ID</td><td>Browser</td><td>Scenerio</td><td>Action</td><td>Test Case Description</td><td>Employee Name</td><td>Exceution Status</td><td>Time taken to Execute</td></tr></thead><tbody><tr><td>TC001</td><td>IE</td><td>Positive</td><td>New</td><td>Verify that user is able to enter the Medical details of an users with Positive Data</td><td>S Plus, Auto Iphone Six</td><td>PASS</td><td>63.933 seconds </td></tr></tbody></table>]]>
    </line>
    <line>
      <![CDATA[<table border='1' style='background-color:white;border-color:black;width:100%;text-align:center'><tr style='color: rgb(255, 255, 255); background-color: rgb(255, 0, 0);'><td><b>awards Page Report</b></td></tr></table><table cellspacing='1' cellpadding='3' border='1' style='background-color:white;width:100%;border-color:black'><thead style='color: rgb(255, 255, 255); background-color: rgb(255, 0, 0);'><tr><td>Test Case ID</td><td>Browser</td><td>Scenerio</td><td>Action</td><td>Test Case Description</td><td>Employee Name</td><td>Exceution Status</td><td>Error Message</td><td>Error Screenshot</td><td>Time taken to Execute</td></tr></thead><tbody><tr><td>TC001</td><td>IE</td><td>Positive</td><td>New</td><td>Verify that user is able to enter valid data in all fields and click on save button 
Expected Result-User should be able to save data successfully.</td><td>S Plus, Auto Iphone Six</td><td>FAIL</td><td></td><td><a href=file:///C:\JavaWorkspace\CIMS\test-output\ErrorScreenshot\awards_2016_07_13_10_22_08.jpg target=_blank>Check Error</a></td><td>115.578 seconds</td></tr></tbody></table>]]>
    </line>
    <line>
      <![CDATA[<table border='1' style='background-color:white;border-color:black;width:100%;text-align:center'><tr style='color: rgb(255, 255, 255); background-color: rgb(255, 0, 0);'><td><b>awards Page Report</b></td></tr></table><table cellspacing='1' cellpadding='3' border='1' style='background-color:white;width:100%;border-color:black'><thead style='color: rgb(255, 255, 255); background-color: rgb(255, 0, 0);'><tr><td>Test Case ID</td><td>Browser</td><td>Scenerio</td><td>Action</td><td>Test Case Description</td><td>Employee Name</td><td>Exceution Status</td><td>Error Message</td><td>Error Screenshot</td><td>Time taken to Execute</td></tr></thead><tbody><tr><td>TC002</td><td>IE</td><td>Negative</td><td>New</td><td>Verify that user is able to save records without enter award name.  Expected Result-A validation message should be displayed as:Name of Award is required</td><td>S Plus, Auto Iphone Six</td><td>FAIL</td><td>Name of Award is required
Please enter date in the yyyy/mm/dd format.</td><td><a href=file:///C:\JavaWorkspace\CIMS\test-output\ErrorScreenshot\awards_2016_07_13_10_23_36.jpg target=_blank>Check Error</a></td><td>88.007 seconds</td></tr></tbody></table>]]>
    </line>
    <line>
      <![CDATA[<table border='1' style='background-color:white;border-color:black;width:100%;text-align:center'><tr style='color: rgb(255, 255, 255); background-color: rgb(0, 99, 0);'><td><b>AddionalQuestionnaire Page Report</b></td></tr></table><table cellspacing='1' cellpadding='3' border='1' style='background-color:white;width:100%;border-color:black'><thead style='color: rgb(255, 255, 255); background-color: rgb(0, 99, 0);'><tr><td>Test Case ID</td><td>Browser</td><td>Scenerio</td><td>Action</td><td>Test Case Description</td><td>Employee Name</td><td>Exceution Status</td><td>Time taken to Execute</td></tr></thead><tbody><tr><td>TC001</td><td>IE</td><td>Positive</td><td>New</td><td>Verify that user ia able to select all the radio button and save record with positive data 
Expected Result - Success message should be displayed and records should be saved successfully </td><td>S Plus, Auto Iphone Six</td><td>PASS</td><td>223.869 seconds </td></tr></tbody></table>]]>
    </line>
    <line>
      <![CDATA[<table border='1' style='background-color:white;border-color:black;width:100%;text-align:center'><tr style='color: rgb(255, 255, 255); background-color: rgb(0, 99, 0);'><td><b>AddionalQuestionnaire Page Report</b></td></tr></table><table cellspacing='1' cellpadding='3' border='1' style='background-color:white;width:100%;border-color:black'><thead style='color: rgb(255, 255, 255); background-color: rgb(0, 99, 0);'><tr><td>Test Case ID</td><td>Browser</td><td>Scenerio</td><td>Action</td><td>Test Case Description</td><td>Employee Name</td><td>Exceution Status</td><td>Time taken to Execute</td></tr></thead><tbody><tr><td>TC002</td><td>IE</td><td>Positive</td><td>New</td><td>Verify that user leaves blank all the fields and click on save button
Expected Result - Success message should be displayed successfully  </td><td>S Plus, Auto Iphone Six</td><td>PASS</td><td>225.114 seconds </td></tr></tbody></table>]]>
    </line>
    <line>
      <![CDATA[<table border='1' style='background-color:white;border-color:black;width:100%;text-align:center'><tr style='color: rgb(255, 255, 255); background-color: rgb(0, 99, 0);'><td><b>Additional_Medical-history Page Report</b></td></tr></table><table cellspacing='1' cellpadding='3' border='1' style='background-color:white;width:100%;border-color:black'><thead style='color: rgb(255, 255, 255); background-color: rgb(0, 99, 0);'><tr><td>Test Case ID</td><td>Browser</td><td>Scenerio</td><td>Action</td><td>Test Case Description</td><td>Employee Name</td><td>Exceution Status</td><td>Time taken to Execute</td></tr></thead><tbody><tr><td>TC001</td><td>IE</td><td>Positive</td><td>New</td><td>Verify that user is able to select all the radio buttons and fill all the fields with positive data 
Expected Result - Success message should be displayed </td><td>S Plus, Auto Iphone Six</td><td>PASS</td><td>21.855 seconds </td></tr></tbody></table>]]>
    </line>
    <line>
      <![CDATA[<table border='1' style='background-color:white;border-color:black;width:100%;text-align:center'><tr style='color: rgb(255, 255, 255); background-color: rgb(0, 99, 0);'><td><b>Additional_Medical-history Page Report</b></td></tr></table><table cellspacing='1' cellpadding='3' border='1' style='background-color:white;width:100%;border-color:black'><thead style='color: rgb(255, 255, 255); background-color: rgb(0, 99, 0);'><tr><td>Test Case ID</td><td>Browser</td><td>Scenerio</td><td>Action</td><td>Test Case Description</td><td>Employee Name</td><td>Exceution Status</td><td>Time taken to Execute</td></tr></thead><tbody><tr><td>TC002</td><td>IE</td><td>Positive </td><td>New</td><td>Verify that user leaves blank all the fields and click on save button 
Expected Result - Success message should be displayed and record should be saved successfully </td><td>S Plus, Auto Iphone Six</td><td>PASS</td><td>21.378 seconds </td></tr></tbody></table>]]>
    </line>
    <line>
      <![CDATA[<table border='1' style='background-color:white;border-color:black;width:100%;text-align:center'><tr style='color: rgb(255, 255, 255); background-color: rgb(255, 0, 0);'><td><b>Passport Page Report</b></td></tr></table><table cellspacing='1' cellpadding='3' border='1' style='background-color:white;width:100%;border-color:black'><thead style='color: rgb(255, 255, 255); background-color: rgb(255, 0, 0);'><tr><td>Test Case ID</td><td>Browser</td><td>Scenerio</td><td>Action</td><td>Test Case Description</td><td>Employee Name</td><td>Exceution Status</td><td>Error Message</td><td>Error Screenshot</td><td>Time taken to Execute</td></tr></thead><tbody><tr><td>TC001</td><td>IE</td><td>Positive</td><td>New</td><td>Verify that user is able to enter valid data in all fields and click on save button 
Expected Result-User should be able to save data successfully.</td><td>S Plus, Auto Iphone Six</td><td>FAIL</td><td>Please enter date in the yyyy/mm/dd format and Date must be between 1753/01/01 and 9999/12/31
Please enter date in the yyyy/mm/dd format and Date must be between 1753/01/01 and 9999/12/31</td><td><a href=file:///C:\JavaWorkspace\CIMS\test-output\ErrorScreenshot\Passport_2016_07_13_10_33_25.jpg target=_blank>Check Error</a></td><td>94.833 seconds</td></tr></tbody></table>]]>
    </line>
    <line>
      <![CDATA[<table border='1' style='background-color:white;border-color:black;width:100%;text-align:center'><tr style='color: rgb(255, 255, 255); background-color: rgb(122, 120, 6);'><td><b>Passport Page Report</b></td></tr></table><table cellspacing='1' cellpadding='3' border='1' style='background-color:white;width:100%;border-color:black'><thead style='color: rgb(255, 255, 255); background-color: rgb(122, 120, 6);'><tr><td>Test Case ID</td><td>Browser</td><td>Scenerio</td><td>Action</td><td>Test Case Description</td><td>Employee Name</td><td>Exceution Status</td><td>Error Message</td><td>Error Screenshot</td><td>Time taken to Execute</td></tr></thead><tbody><tr><td>TC002</td><td>IE</td><td>Negative</td><td>New</td><td>Verify that user is able to save records without country,Passport number and Expiration date Expected Result-A validation message should be displayed as:The Country field is required,The Passport Number field is required,The Expiration Date field is required.</td><td>S Plus, Auto Iphone Six</td><td>PASS</td><td>The Country field is required
The Passport Number field is required
The Expiration Date field is required</td><td><a href=file:///C:\JavaWorkspace\CIMS\test-output\ErrorScreenshot\Passport_2016_07_13_10_34_59.jpg target=_blank>Check Error</a></td><td>93.424 seconds</td></tr></tbody></table>]]>
    </line>
    <line>
      <![CDATA[<table border='1' style='background-color:white;border-color:black;width:100%;text-align:center'><tr style='color: rgb(255, 255, 255); background-color: rgb(0, 102, 255);'><td><b>LCA_INFO Page Report</b></td></tr></table><table cellspacing='1' cellpadding='3' border='1' style='background-color:white;width:100%;border-color:black'><thead style='color: rgb(255, 255, 255); background-color: rgb(0, 102, 255);'><tr><td>Test Case ID</td><td>Browser</td><td>Scenerio</td><td>Action</td><td>Test Case Description</td><td>Employee Name</td><td>Exceution Status</td><td>Reason</td><td>Time taken to Execute</td></tr></thead><tbody><tr><td>TC001</td><td>IE</td><td>Positive</td><td>New</td><td>Verify that user is able to save information with valid data .
Expected result- User should be able to save data successfully </td><td>S Plus, Auto Iphone Six</td><td>PASS</td><td>LCA_INFO is not assigned to S Plus, Auto Iphone Six User</td><td>8.22 seconds</td></tr></tbody></table>]]>
    </line>
    <line>
      <![CDATA[<table border='1' style='background-color:white;border-color:black;width:100%;text-align:center'><tr style='color: rgb(255, 255, 255); background-color: rgb(0, 102, 255);'><td><b>LCA_INFO Page Report</b></td></tr></table><table cellspacing='1' cellpadding='3' border='1' style='background-color:white;width:100%;border-color:black'><thead style='color: rgb(255, 255, 255); background-color: rgb(0, 102, 255);'><tr><td>Test Case ID</td><td>Browser</td><td>Scenerio</td><td>Action</td><td>Test Case Description</td><td>Employee Name</td><td>Exceution Status</td><td>Reason</td><td>Time taken to Execute</td></tr></thead><tbody><tr><td>TC002</td><td>IE</td><td>Negative</td><td>New</td><td>Verify that if user enter invalid date in “Date of Survey” Field.
Expected Result-    Please enter date in the format m/d/yyyy

</td><td>S Plus, Auto Iphone Six</td><td>PASS</td><td>LCA_INFO is not assigned to S Plus, Auto Iphone Six User</td><td>8.002 seconds</td></tr></tbody></table>]]>
    </line>
    <line>
      <![CDATA[<table border='1' style='background-color:white;border-color:black;width:100%;text-align:center'><tr style='color: rgb(255, 255, 255); background-color: rgb(255, 0, 0);'><td><b>compensation_and_benifit Page Report</b></td></tr></table><table cellspacing='1' cellpadding='3' border='1' style='background-color:white;width:100%;border-color:black'><thead style='color: rgb(255, 255, 255); background-color: rgb(255, 0, 0);'><tr><td>Test Case ID</td><td>Browser</td><td>Scenerio</td><td>Action</td><td>Test Case Description</td><td>Employee Name</td><td>Exceution Status</td><td>Error Message</td><td>Error Screenshot</td><td>Time taken to Execute</td></tr></thead><tbody><tr><td>TC001</td><td>IE</td><td>Positive</td><td>New</td><td>Verify that user is able to save record with all postive Data 
Expected Result - Success message should be displayed and data should be saved successfully </td><td>S Plus, Auto Iphone Six</td><td>FAIL</td><td>Error!
Server was unable to process request. ---> Can not find list with url: sites/DEV/9999/913 on web: http://home.baldev.local/sites/DEV/9999</td><td><a href=file:///C:\JavaWorkspace\CIMS\test-output\ErrorScreenshot\compensation_and_benifit_2016_07_13_10_39_19.jpg target=_blank>Check Error</a></td><td>242.372 seconds</td></tr></tbody></table>]]>
    </line>
    <line>
      <![CDATA[<table border='1' style='background-color:white;border-color:black;width:100%;text-align:center'><tr style='color: rgb(255, 255, 255); background-color: rgb(122, 120, 6);'><td><b>compensation_and_benifit Page Report</b></td></tr></table><table cellspacing='1' cellpadding='3' border='1' style='background-color:white;width:100%;border-color:black'><thead style='color: rgb(255, 255, 255); background-color: rgb(122, 120, 6);'><tr><td>Test Case ID</td><td>Browser</td><td>Scenerio</td><td>Action</td><td>Test Case Description</td><td>Employee Name</td><td>Exceution Status</td><td>Error Message</td><td>Error Screenshot</td><td>Time taken to Execute</td></tr></thead><tbody><tr><td>TC002</td><td>IE</td><td>Negative</td><td>New</td><td>Verify that user leaves blank all the fields and click on save button 
Expected Result - Type of Compensation is required 
Amount is required
Currency is required</td><td>S Plus, Auto Iphone Six</td><td>PASS</td><td>Type of Compensation is required
Amount is required
Currency is required</td><td><a href=file:///C:\JavaWorkspace\CIMS\test-output\ErrorScreenshot\compensation_and_benifit_2016_07_13_10_42_02.jpg target=_blank>Check Error</a></td><td>162.111 seconds</td></tr></tbody></table>]]>
    </line>
    <line>
      <![CDATA[<table border='1' style='background-color:white;border-color:black;width:100%;text-align:center'><tr style='color: rgb(255, 255, 255); background-color: rgb(255, 0, 0);'><td><b>Memberships_in_Professional Page Report</b></td></tr></table><table cellspacing='1' cellpadding='3' border='1' style='background-color:white;width:100%;border-color:black'><thead style='color: rgb(255, 255, 255); background-color: rgb(255, 0, 0);'><tr><td>Test Case ID</td><td>Browser</td><td>Scenerio</td><td>Action</td><td>Test Case Description</td><td>Employee Name</td><td>Exceution Status</td><td>Error Message</td><td>Error Screenshot</td><td>Time taken to Execute</td></tr></thead><tbody><tr><td>TC001</td><td>IE</td><td>Positive</td><td>New</td><td>Verify that user is able to save information with valid data .
Expected Result- User should be able to save information</td><td>S Plus, Auto Iphone Six</td><td>FAIL</td><td>Please Enter Valid Membership Start date
Please Enter Valid Membership End Date</td><td><a href=file:///C:\JavaWorkspace\CIMS\test-output\ErrorScreenshot\Memberships_in_Professional_2016_07_13_10_42_58.jpg target=_blank>Check Error</a></td><td>55.889 seconds</td></tr></tbody></table>]]>
    </line>
    <line>
      <![CDATA[<table border='1' style='background-color:white;border-color:black;width:100%;text-align:center'><tr style='color: rgb(255, 255, 255); background-color: rgb(122, 120, 6);'><td><b>Memberships_in_Professional Page Report</b></td></tr></table><table cellspacing='1' cellpadding='3' border='1' style='background-color:white;width:100%;border-color:black'><thead style='color: rgb(255, 255, 255); background-color: rgb(122, 120, 6);'><tr><td>Test Case ID</td><td>Browser</td><td>Scenerio</td><td>Action</td><td>Test Case Description</td><td>Employee Name</td><td>Exceution Status</td><td>Error Message</td><td>Error Screenshot</td><td>Time taken to Execute</td></tr></thead><tbody><tr><td>TC002</td><td>IE</td><td>Negative</td><td>New</td><td>Verify that user leaves blank all the fields and click on save button 
Expected Result - Association Name is required</td><td>S Plus, Auto Iphone Six</td><td>PASS</td><td>Association Name is required</td><td><a href=file:///C:\JavaWorkspace\CIMS\test-output\ErrorScreenshot\Memberships_in_Professional_2016_07_13_10_43_51.jpg target=_blank>Check Error</a></td><td>52.142 seconds</td></tr></tbody></table>]]>
    </line>
    <line>
      <![CDATA[<table border='1' style='background-color:white;border-color:black;width:100%;text-align:center'><tr style='color: rgb(255, 255, 255); background-color: rgb(255, 0, 0);'><td><b>Residence_History Page Report</b></td></tr></table><table cellspacing='1' cellpadding='3' border='1' style='background-color:white;width:100%;border-color:black'><thead style='color: rgb(255, 255, 255); background-color: rgb(255, 0, 0);'><tr><td>Test Case ID</td><td>Browser</td><td>Scenerio</td><td>Action</td><td>Test Case Description</td><td>Employee Name</td><td>Exceution Status</td><td>Error Message</td><td>Error Screenshot</td><td>Time taken to Execute</td></tr></thead><tbody><tr><td>TC001</td><td>IE</td><td>Positive</td><td>New</td><td>Verify that user is able to save information after enter valid data in all fields .

Expected Result-User should be able to save information</td><td>S Plus, Auto Iphone Six</td><td>FAIL</td><td>Please enter date in the yyyy/mm/dd format and Date must be between 1/1/1753 and 12/31/9999.
Please enter date in the yyyy/mm/dd format and Date must be between 1/1/1753 and 12/31/9999.</td><td><a href=file:///C:\JavaWorkspace\CIMS\test-output\ErrorScreenshot\Residence_History_2016_07_13_10_44_58.jpg target=_blank>Check Error</a></td><td>66.63 seconds</td></tr></tbody></table>]]>
    </line>
    <line>
      <![CDATA[<table border='1' style='background-color:white;border-color:black;width:100%;text-align:center'><tr style='color: rgb(255, 255, 255); background-color: rgb(255, 0, 0);'><td><b>Residence_History Page Report</b></td></tr></table><table cellspacing='1' cellpadding='3' border='1' style='background-color:white;width:100%;border-color:black'><thead style='color: rgb(255, 255, 255); background-color: rgb(255, 0, 0);'><tr><td>Test Case ID</td><td>Browser</td><td>Scenerio</td><td>Action</td><td>Test Case Description</td><td>Employee Name</td><td>Exceution Status</td><td>Error Message</td><td>Error Screenshot</td><td>Time taken to Execute</td></tr></thead><tbody><tr><td>TC002</td><td>IE</td><td>Negative</td><td>New</td><td>Verify that user is able to save information without select country.

Expected Result-A validation message should be displayed “Country is required,Street Address is required, City/Town/Locality is required”</td><td>S Plus, Auto Iphone Six</td><td>FAIL</td><td>Please enter date in the yyyy/mm/dd format and Date must be between 1/1/1753 and 12/31/9999.
Please enter date in the yyyy/mm/dd format and Date must be between 1/1/1753 and 12/31/9999.
Country is required</td><td><a href=file:///C:\JavaWorkspace\CIMS\test-output\ErrorScreenshot\Residence_History_2016_07_13_10_46_04.jpg target=_blank>Check Error</a></td><td>64.866 seconds</td></tr></tbody></table>]]>
    </line>
    <line>
      <![CDATA[<table border='1' style='background-color:white;border-color:black;width:100%;text-align:center'><tr style='color: rgb(255, 255, 255); background-color: rgb(255, 0, 0);'><td><b>Marriages Page Report</b></td></tr></table><table cellspacing='1' cellpadding='3' border='1' style='background-color:white;width:100%;border-color:black'><thead style='color: rgb(255, 255, 255); background-color: rgb(255, 0, 0);'><tr><td>Test Case ID</td><td>Browser</td><td>Scenerio</td><td>Action</td><td>Test Case Description</td><td>Employee Name</td><td>Exceution Status</td><td>Error Message</td><td>Error Screenshot</td><td>Time taken to Execute</td></tr></thead><tbody><tr><td>TC001</td><td>IE</td><td>Positive</td><td>New</td><td>Verify that user is able to enter valid data in all fields and click on save button 
Expected Result-User should be able to save data successfully.</td><td>S Plus, Auto Iphone Six</td><td>FAIL</td><td>Please enter date in the yyyy/mm/dd format and Date must be between 1/1/1753 and 12/31/9999.
Please enter date in the yyyy/mm/dd format and Date must be between 1/1/1753 and 12/31/9999.
Please enter date in the yyyy/mm/dd format and Date must be between 1/1/1753 and 12/31/9999.</td><td><a href=file:///C:\JavaWorkspace\CIMS\test-output\ErrorScreenshot\Marriages_2016_07_13_10_49_56.jpg target=_blank>Check Error</a></td><td>230.948 seconds</td></tr></tbody></table>]]>
    </line>
    <line>
      <![CDATA[<table border='1' style='background-color:white;border-color:black;width:100%;text-align:center'><tr style='color: rgb(255, 255, 255); background-color: rgb(255, 0, 0);'><td><b>Marriages Page Report</b></td></tr></table><table cellspacing='1' cellpadding='3' border='1' style='background-color:white;width:100%;border-color:black'><thead style='color: rgb(255, 255, 255); background-color: rgb(255, 0, 0);'><tr><td>Test Case ID</td><td>Browser</td><td>Scenerio</td><td>Action</td><td>Test Case Description</td><td>Employee Name</td><td>Exceution Status</td><td>Error Message</td><td>Error Screenshot</td><td>Time taken to Execute</td></tr></thead><tbody><tr><td>TC002</td><td>IE</td><td>Negative</td><td>New</td><td>Verify that user is able to save records without enter First name. and Last Name 
Expected Result-A validation message should be displayed  “First Name is required”
"Last Name is required"</td><td>S Plus, Auto Iphone Six</td><td>FAIL</td><td>Please enter date in the yyyy/mm/dd format and Date must be between 1/1/1753 and 12/31/9999.
Please enter date in the yyyy/mm/dd format and Date must be between 1/1/1753 and 12/31/9999.
Please enter date in the yyyy/mm/dd format and Date must be between 1/1/1753 and 12/31/9999.
First Name is required
Last Name is required</td><td><a href=file:///C:\JavaWorkspace\CIMS\test-output\ErrorScreenshot\Marriages_2016_07_13_10_53_03.jpg target=_blank>Check Error</a></td><td>187.073 seconds</td></tr></tbody></table>]]>
    </line>
    <line>
      <![CDATA[<table border='1' style='background-color:white;border-color:black;width:100%;text-align:center'><tr style='color: rgb(255, 255, 255); background-color: rgb(255, 0, 0);'><td><b>Family_Members Page Report</b></td></tr></table><table cellspacing='1' cellpadding='3' border='1' style='background-color:white;width:100%;border-color:black'><thead style='color: rgb(255, 255, 255); background-color: rgb(255, 0, 0);'><tr><td>Test Case ID</td><td>Browser</td><td>Scenerio</td><td>Action</td><td>Test Case Description</td><td>Employee Name</td><td>Exceution Status</td><td>Error Message</td><td>Error Screenshot</td><td>Time taken to Execute</td></tr></thead><tbody><tr><td>TC001</td><td>IE</td><td>Positive</td><td>New</td><td>Verify that user is able to save information with valid data .
Expected Result- User should be able to save information successfully </td><td>S Plus, Auto Iphone Six</td><td>FAIL</td><td>Error!
An error has occurred. An error occured while processing business service.</td><td><a href=file:///C:\JavaWorkspace\CIMS\test-output\ErrorScreenshot\Family_Members_2016_07_13_10_54_14.jpg target=_blank>Check Error</a></td><td>70.162 seconds</td></tr></tbody></table>]]>
    </line>
    <line>
      <![CDATA[<table border='1' style='background-color:white;border-color:black;width:100%;text-align:center'><tr style='color: rgb(255, 255, 255); background-color: rgb(122, 120, 6);'><td><b>Family_Members Page Report</b></td></tr></table><table cellspacing='1' cellpadding='3' border='1' style='background-color:white;width:100%;border-color:black'><thead style='color: rgb(255, 255, 255); background-color: rgb(122, 120, 6);'><tr><td>Test Case ID</td><td>Browser</td><td>Scenerio</td><td>Action</td><td>Test Case Description</td><td>Employee Name</td><td>Exceution Status</td><td>Error Message</td><td>Error Screenshot</td><td>Time taken to Execute</td></tr></thead><tbody><tr><td>TC002</td><td>IE</td><td>Negative</td><td>New</td><td>Verify that if user leave empty First Name .
Expected Result-”First Name is required” </td><td>S Plus, Auto Iphone Six</td><td>PASS</td><td>Error!
First Name and LastName are required</td><td><a href=file:///C:\JavaWorkspace\CIMS\test-output\ErrorScreenshot\Family_Members_2016_07_13_10_55_25.jpg target=_blank>Check Error</a></td><td>69.798 seconds</td></tr></tbody></table>]]>
    </line>
    <line>
      <![CDATA[<table border='1' style='background-color:white;border-color:black;width:100%;text-align:center'><tr style='color: rgb(255, 255, 255); background-color: rgb(255, 0, 0);'><td><b>Immigration_Documents Page Report</b></td></tr></table><table cellspacing='1' cellpadding='3' border='1' style='background-color:white;width:100%;border-color:black'><thead style='color: rgb(255, 255, 255); background-color: rgb(255, 0, 0);'><tr><td>Test Case ID</td><td>Browser</td><td>Scenerio</td><td>Action</td><td>Test Case Description</td><td>Employee Name</td><td>Exceution Status</td><td>Error Message</td><td>Error Screenshot</td><td>Time taken to Execute</td></tr></thead><tbody><tr><td>TC001</td><td>IE</td><td>Positive</td><td>New</td><td>Verify that user is able to save information after enter valid data in all fields .

Expected Result-User should be able to save information</td><td>S Plus, Auto Iphone Six</td><td>FAIL</td><td>Please enter Date Applied in yyyy/mm/dd format
Please Enter the Granted Or Denied yyyy/mm/dd format.
Please Enter the Validity Start Date yyyy/mm/dd format.
Please Enter the Validity End Date yyyy/mm/dd format.</td><td><a href=file:///C:\JavaWorkspace\CIMS\test-output\ErrorScreenshot\Immigration_Documents_2016_07_13_10_59_33.jpg target=_blank>Check Error</a></td><td>247.511 seconds</td></tr></tbody></table>]]>
    </line>
    <line>
      <![CDATA[<table border='1' style='background-color:white;border-color:black;width:100%;text-align:center'><tr style='color: rgb(255, 255, 255); background-color: rgb(0, 99, 0);'><td><b>Immigration_Documents Page Report</b></td></tr></table><table cellspacing='1' cellpadding='3' border='1' style='background-color:white;width:100%;border-color:black'><thead style='color: rgb(255, 255, 255); background-color: rgb(0, 99, 0);'><tr><td>Test Case ID</td><td>Browser</td><td>Scenerio</td><td>Action</td><td>Test Case Description</td><td>Employee Name</td><td>Exceution Status</td><td>Time taken to Execute</td></tr></thead><tbody><tr><td>TC002</td><td>IE</td><td>Negative</td><td>New</td><td>Verify that user leaves blank all the fields on the formand click on save button
Expected Result - Successmessage should be displayed </td><td>S Plus, Auto Iphone Six</td><td>PASS</td><td>162.93 seconds </td></tr></tbody></table>]]>
    </line>
    <line>
      <![CDATA[<table border='1' style='background-color:white;border-color:black;width:100%;text-align:center'><tr style='color: rgb(255, 255, 255); background-color: rgb(255, 0, 0);'><td><b>Previous_Travel Page Report</b></td></tr></table><table cellspacing='1' cellpadding='3' border='1' style='background-color:white;width:100%;border-color:black'><thead style='color: rgb(255, 255, 255); background-color: rgb(255, 0, 0);'><tr><td>Test Case ID</td><td>Browser</td><td>Scenerio</td><td>Action</td><td>Test Case Description</td><td>Employee Name</td><td>Exceution Status</td><td>Error Message</td><td>Error Screenshot</td><td>Time taken to Execute</td></tr></thead><tbody><tr><td>TC001</td><td>IE</td><td>Positive</td><td>New</td><td>Verify that user is able to save information with valid data.
Expected Result- User should be able to save information.</td><td>S Plus, Auto Iphone Six</td><td>FAIL</td><td>Please enter the correct date format.
Please enter the correct date format.
Please enter date in the yyyy/mm/dd format and Date must be between 1/1/1753 and 12/31/9999.</td><td><a href=file:///C:\JavaWorkspace\CIMS\test-output\ErrorScreenshot\Previous_Travel_2016_07_13_11_04_42.jpg target=_blank>Check Error</a></td><td>145.078 seconds</td></tr></tbody></table>]]>
    </line>
    <line>
      <![CDATA[<table border='1' style='background-color:white;border-color:black;width:100%;text-align:center'><tr style='color: rgb(255, 255, 255); background-color: rgb(255, 0, 0);'><td><b>Previous_Travel Page Report</b></td></tr></table><table cellspacing='1' cellpadding='3' border='1' style='background-color:white;width:100%;border-color:black'><thead style='color: rgb(255, 255, 255); background-color: rgb(255, 0, 0);'><tr><td>Test Case ID</td><td>Browser</td><td>Scenerio</td><td>Action</td><td>Test Case Description</td><td>Employee Name</td><td>Exceution Status</td><td>Error Message</td><td>Error Screenshot</td><td>Time taken to Execute</td></tr></thead><tbody><tr><td>TC002</td><td>IE</td><td>Negative</td><td>New</td><td>Verify that if user leave empty Destination country 
Expected Result-”Destination Country is Required”</td><td>S Plus, Auto Iphone Six</td><td>FAIL</td><td>Destination Country is required
Please enter the correct date format.
Please enter the correct date format.
Please enter date in the yyyy/mm/dd format and Date must be between 1/1/1753 and 12/31/9999.</td><td><a href=file:///C:\JavaWorkspace\CIMS\test-output\ErrorScreenshot\Previous_Travel_2016_07_13_11_06_09.jpg target=_blank>Check Error</a></td><td>87.205 seconds</td></tr></tbody></table>]]>
    </line>
    <line>
      <![CDATA[<table border='1' style='background-color:white;border-color:black;width:100%;text-align:center'><tr style='color: rgb(255, 255, 255); background-color: rgb(0, 102, 255);'><td><b>Work_Locations Page Report</b></td></tr></table><table cellspacing='1' cellpadding='3' border='1' style='background-color:white;width:100%;border-color:black'><thead style='color: rgb(255, 255, 255); background-color: rgb(0, 102, 255);'><tr><td>Test Case ID</td><td>Browser</td><td>Scenerio</td><td>Action</td><td>Test Case Description</td><td>Employee Name</td><td>Exceution Status</td><td>Reason</td><td>Time taken to Execute</td></tr></thead><tbody><tr><td>TC001</td><td>IE</td><td>Positive</td><td>New</td><td>Verify that user is able to save information with valid data .
Expected Result- User should be able to save information successfully </td><td>S Plus, Auto Iphone Six</td><td>PASS</td><td>Work_Locations is not assigned to S Plus, Auto Iphone Six User</td><td>8.169 seconds</td></tr></tbody></table>]]>
    </line>
    <line>
      <![CDATA[<table border='1' style='background-color:white;border-color:black;width:100%;text-align:center'><tr style='color: rgb(255, 255, 255); background-color: rgb(0, 102, 255);'><td><b>Work_Locations Page Report</b></td></tr></table><table cellspacing='1' cellpadding='3' border='1' style='background-color:white;width:100%;border-color:black'><thead style='color: rgb(255, 255, 255); background-color: rgb(0, 102, 255);'><tr><td>Test Case ID</td><td>Browser</td><td>Scenerio</td><td>Action</td><td>Test Case Description</td><td>Employee Name</td><td>Exceution Status</td><td>Reason</td><td>Time taken to Execute</td></tr></thead><tbody><tr><td>TC002</td><td>IE</td><td>Negative</td><td>New</td><td>Verify that if user leave empty Type of Location.
Expected Result-”Please Select Location”</td><td>S Plus, Auto Iphone Six</td><td>PASS</td><td>Work_Locations is not assigned to S Plus, Auto Iphone Six User</td><td>8.152 seconds</td></tr></tbody></table>]]>
    </line>
    <line>
      <![CDATA[<table border='1' style='background-color:white;border-color:black;width:100%;text-align:center'><tr style='color: rgb(255, 255, 255); background-color: rgb(0, 102, 255);'><td><b>Employer_Processing Page Report</b></td></tr></table><table cellspacing='1' cellpadding='3' border='1' style='background-color:white;width:100%;border-color:black'><thead style='color: rgb(255, 255, 255); background-color: rgb(0, 102, 255);'><tr><td>Test Case ID</td><td>Browser</td><td>Scenerio</td><td>Action</td><td>Test Case Description</td><td>Employee Name</td><td>Exceution Status</td><td>Reason</td><td>Time taken to Execute</td></tr></thead><tbody><tr><td>TC001</td><td>IE</td><td>Positive</td><td>New</td><td>Verify that user is able  to save information with valid data .
Expected Result-User should be able to save information successfully </td><td>S Plus, Auto Iphone Six</td><td>PASS</td><td>Employer_Processing is not assigned to S Plus, Auto Iphone Six User</td><td>7.89 seconds</td></tr></tbody></table>]]>
    </line>
    <line>
      <![CDATA[<table border='1' style='background-color:white;border-color:black;width:100%;text-align:center'><tr style='color: rgb(255, 255, 255); background-color: rgb(0, 102, 255);'><td><b>Employer_Processing Page Report</b></td></tr></table><table cellspacing='1' cellpadding='3' border='1' style='background-color:white;width:100%;border-color:black'><thead style='color: rgb(255, 255, 255); background-color: rgb(0, 102, 255);'><tr><td>Test Case ID</td><td>Browser</td><td>Scenerio</td><td>Action</td><td>Test Case Description</td><td>Employee Name</td><td>Exceution Status</td><td>Reason</td><td>Time taken to Execute</td></tr></thead><tbody><tr><td>TC002</td><td>IE</td><td>Positive</td><td>New</td><td>Verify that user leaves blank all the fields and click ln save button 
Expected Result - Success message should be displayed </td><td>S Plus, Auto Iphone Six</td><td>PASS</td><td>Employer_Processing is not assigned to S Plus, Auto Iphone Six User</td><td>8.118 seconds</td></tr></tbody></table>]]>
    </line>
    <line>
      <![CDATA[<table border='1' style='background-color:white;border-color:black;width:100%;text-align:center'><tr style='color: rgb(255, 255, 255); background-color: rgb(0, 102, 255);'><td><b>Position_Requirements Page Report</b></td></tr></table><table cellspacing='1' cellpadding='3' border='1' style='background-color:white;width:100%;border-color:black'><thead style='color: rgb(255, 255, 255); background-color: rgb(0, 102, 255);'><tr><td>Test Case ID</td><td>Browser</td><td>Scenerio</td><td>Action</td><td>Test Case Description</td><td>Employee Name</td><td>Exceution Status</td><td>Reason</td><td>Time taken to Execute</td></tr></thead><tbody><tr><td>TC001</td><td>IE</td><td>Positive</td><td>New</td><td>Verify that user is able to save information with valid data 
[...]
	at CIMS.CIMS_Dashboard.numberOfSuiteCounters(CIMS_Dashboard.java:618)
	at CIMS.CIMS_Dashboard.CobaltDashboard(CIMS_Dashboard.java:320)
	at sun.reflect.NativeMethodAccessorImpl.invoke0(Native Method)
	at sun.reflect.NativeMethodAccessorImpl.invoke(Unknown Source)
	at sun.reflect.DelegatingMethodAccessorImpl.invoke(Unknown Source)
	at java.lang.reflect.Method.invoke(Unknown Source)
	at org.testng.internal.MethodInvocationHelper.invokeMethod(MethodInvocationHelper.java:85)
	at org.testng.internal.Invoker.invokeMethod(Invoker.java:648)
	at org.testng.internal.Invoker.invokeTestMethod(Invoker.java:834)
	at org.testng.internal.Invoker.invokeTestMethods(Invoker.java:1142)
	at org.testng.internal.TestMethodWorker.invokeTestMethods(TestMethodWorker.java:124)
	at org.testng.internal.TestMethodWorker.run(TestMethodWorker.java:108)
	at org.testng.TestRunner.privateRun(TestRunner.java:771)
	at org.testng.TestRunner.run(TestRunner.java:621)
	at org.testng.SuiteRunner.runTest(SuiteRunner.java:357)
	at org.testng.SuiteRunner.access$000(SuiteRunner.java:38)
	at org.testng.SuiteRunner$SuiteWorker.run(SuiteRunner.java:391)
	at org.testng.internal.thread.ThreadUtil$2.call(ThreadUtil.java:64)
	at java.util.concurrent.FutureTask.run(Unknown Source)
	at java.util.concurrent.ThreadPoolExecutor.runWorker(Unknown Source)
	at java.util.concurrent.ThreadPoolExecutor$Worker.run(Unknown Source)
	at java.lang.Thread.run(Unknown Source)


Failure 61 of 71:
java.lang.Throwable: Error occoured while getting the column number with data from excel sheet.
	at util.UtilFunction.getColumnWithCellData(UtilFunction.java:623)
	at CIMS.CIMS_Dashboard.numberOfSuiteCounters(CIMS_Dashboard.java:619)
	at CIMS.CIMS_Dashboard.CobaltDashboard(CIMS_Dashboard.java:320)
	at sun.reflect.NativeMethodAccessorImpl.invoke0(Native Method)
	at sun.reflect.NativeMethodAccessorImpl.invoke(Unknown Source)
	at sun.reflect.DelegatingMethodAccessorImpl.invoke(Unknown Source)
	at java.lang.reflect.Method.invoke(Unknown Source)
	at org.testng.internal.MethodInvocationHelper.invokeMethod(MethodInvocationHelper.java:85)
	at org.testng.internal.Invoker.invokeMethod(Invoker.java:648)
	at org.testng.internal.Invoker.invokeTestMethod(Invoker.java:834)
	at org.testng.internal.Invoker.invokeTestMethods(Invoker.java:1142)
	at org.testng.internal.TestMethodWorker.invokeTestMethods(TestMethodWorker.java:124)
	at org.testng.internal.TestMethodWorker.run(TestMethodWorker.java:108)
	at org.testng.TestRunner.privateRun(TestRunner.java:771)
	at org.testng.TestRunner.run(TestRunner.java:621)
	at org.testng.SuiteRunner.runTest(SuiteRunner.java:357)
	at org.testng.SuiteRunner.access$000(SuiteRunner.java:38)
	at org.testng.SuiteRunner$SuiteWorker.run(SuiteRunner.java:391)
	at org.testng.internal.thread.ThreadUtil$2.call(ThreadUtil.java:64)
	at java.util.concurrent.FutureTask.run(Unknown Source)
	at java.util.concurrent.ThreadPoolExecutor.runWorker(Unknown Source)
	at java.util.concurrent.ThreadPoolExecutor$Worker.run(Unknown Source)
	at java.lang.Thread.run(Unknown Source)


Failure 62 of 71:
java.lang.Throwable: Error occoured while getting the column number with data from excel sheet.
	at util.UtilFunction.getColumnWithCellData(UtilFunction.java:623)
	at CIMS.CIMS_Dashboard.numberOfSuiteCounters(CIMS_Dashboard.java:618)
	at CIMS.CIMS_Dashboard.CobaltDashboard(CIMS_Dashboard.java:320)
	at sun.reflect.NativeMethodAccessorImpl.invoke0(Native Method)
	at sun.reflect.NativeMethodAccessorImpl.invoke(Unknown Source)
	at sun.reflect.DelegatingMethodAccessorImpl.invoke(Unknown Source)
	at java.lang.reflect.Method.invoke(Unknown Source)
	at org.testng.internal.MethodInvocationHelper.invokeMethod(MethodInvocationHelper.java:85)
	at org.testng.internal.Invoker.invokeMethod(Invoker.java:648)
	at org.testng.internal.Invoker.invokeTestMethod(Invoker.java:834)
	at org.testng.internal.Invoker.invokeTestMethods(Invoker.java:1142)
	at org.testng.internal.TestMethodWorker.invokeTestMethods(TestMethodWorker.java:124)
	at org.testng.internal.TestMethodWorker.run(TestMethodWorker.java:108)
	at org.testng.TestRunner.privateRun(TestRunner.java:771)
	at org.testng.TestRunner.run(TestRunner.java:621)
	at org.testng.SuiteRunner.runTest(SuiteRunner.java:357)
	at org.testng.SuiteRunner.access$000(SuiteRunner.java:38)
	at org.testng.SuiteRunner$SuiteWorker.run(SuiteRunner.java:391)
	at org.testng.internal.thread.ThreadUtil$2.call(ThreadUtil.java:64)
	at java.util.concurrent.FutureTask.run(Unknown Source)
	at java.util.concurrent.ThreadPoolExecutor.runWorker(Unknown Source)
	at java.util.concurrent.ThreadPoolExecutor$Worker.run(Unknown Source)
	at java.lang.Thread.run(Unknown Source)


Failure 63 of 71:
java.lang.Throwable: Error occoured while getting the column number with data from excel sheet.
	at util.UtilFunction.getColumnWithCellData(UtilFunction.java:623)
	at CIMS.CIMS_Dashboard.numberOfSuiteCounters(CIMS_Dashboard.java:619)
	at CIMS.CIMS_Dashboard.CobaltDashboard(CIMS_Dashboard.java:320)
	at sun.reflect.NativeMethodAccessorImpl.invoke0(Native Method)
	at sun.reflect.NativeMethodAccessorImpl.invoke(Unknown Source)
	at sun.reflect.DelegatingMethodAccessorImpl.invoke(Unknown Source)
	at java.lang.reflect.Method.invoke(Unknown Source)
	at org.testng.internal.MethodInvocationHelper.invokeMethod(MethodInvocationHelper.java:85)
	at org.testng.internal.Invoker.invokeMethod(Invoker.java:648)
	at org.testng.internal.Invoker.invokeTestMethod(Invoker.java:834)
	at org.testng.internal.Invoker.invokeTestMethods(Invoker.java:1142)
	at org.testng.internal.TestMethodWorker.invokeTestMethods(TestMethodWorker.java:124)
	at org.testng.internal.TestMethodWorker.run(TestMethodWorker.java:108)
	at org.testng.TestRunner.privateRun(TestRunner.java:771)
	at org.testng.TestRunner.run(TestRunner.java:621)
	at org.testng.SuiteRunner.runTest(SuiteRunner.java:357)
	at org.testng.SuiteRunner.access$000(SuiteRunner.java:38)
	at org.testng.SuiteRunner$SuiteWorker.run(SuiteRunner.java:391)
	at org.testng.internal.thread.ThreadUtil$2.call(ThreadUtil.java:64)
	at java.util.concurrent.FutureTask.run(Unknown Source)
	at java.util.concurrent.ThreadPoolExecutor.runWorker(Unknown Source)
	at java.util.concurrent.ThreadPoolExecutor$Worker.run(Unknown Source)
	at java.lang.Thread.run(Unknown Source)


Failure 64 of 71:
java.lang.Throwable: Error occoured while getting the column number with data from excel sheet.
	at util.UtilFunction.getColumnWithCellData(UtilFunction.java:623)
	at CIMS.CIMS_Dashboard.numberOfSuiteCounters(CIMS_Dashboard.java:618)
	at CIMS.CIMS_Dashboard.CobaltDashboard(CIMS_Dashboard.java:320)
	at sun.reflect.NativeMethodAccessorImpl.invoke0(Native Method)
	at sun.reflect.NativeMethodAccessorImpl.invoke(Unknown Source)
	at sun.reflect.DelegatingMethodAccessorImpl.invoke(Unknown Source)
	at java.lang.reflect.Method.invoke(Unknown Source)
	at org.testng.internal.MethodInvocationHelper.invokeMethod(MethodInvocationHelper.java:85)
	at org.testng.internal.Invoker.invokeMethod(Invoker.java:648)
	at org.testng.internal.Invoker.invokeTestMethod(Invoker.java:834)
	at org.testng.internal.Invoker.invokeTestMethods(Invoker.java:1142)
	at org.testng.internal.TestMethodWorker.invokeTestMethods(TestMethodWorker.java:124)
	at org.testng.internal.TestMethodWorker.run(TestMethodWorker.java:108)
	at org.testng.TestRunner.privateRun(TestRunner.java:771)
	at org.testng.TestRunner.run(TestRunner.java:621)
	at org.testng.SuiteRunner.runTest(SuiteRunner.java:357)
	at org.testng.SuiteRunner.access$000(SuiteRunner.java:38)
	at org.testng.SuiteRunner$SuiteWorker.run(SuiteRunner.java:391)
	at org.testng.internal.thread.ThreadUtil$2.call(ThreadUtil.java:64)
	at java.util.concurrent.FutureTask.run(Unknown Source)
	at java.util.concurrent.ThreadPoolExecutor.runWorker(Unknown Source)
	at java.util.concurrent.ThreadPoolExecutor$Worker.run(Unknown Source)
	at java.lang.Thread.run(Unknown Source)


Failure 65 of 71:
java.lang.Throwable: Error occoured while getting the column number with data from excel sheet.
	at util.UtilFunction.getColumnWithCellData(UtilFunction.java:623)
	at CIMS.CIMS_Dashboard.numberOfSuiteCounters(CIMS_Dashboard.java:619)
	at CIMS.CIMS_Dashboard.CobaltDashboard(CIMS_Dashboard.java:320)
	at sun.reflect.NativeMethodAccessorImpl.invoke0(Native Method)
	at sun.reflect.NativeMethodAccessorImpl.invoke(Unknown Source)
	at sun.reflect.DelegatingMethodAccessorImpl.invoke(Unknown Source)
	at java.lang.reflect.Method.invoke(Unknown Source)
	at org.testng.internal.MethodInvocationHelper.invokeMethod(MethodInvocationHelper.java:85)
	at org.testng.internal.Invoker.invokeMethod(Invoker.java:648)
	at org.testng.internal.Invoker.invokeTestMethod(Invoker.java:834)
	at org.testng.internal.Invoker.invokeTestMethods(Invoker.java:1142)
	at org.testng.internal.TestMethodWorker.invokeTestMethods(TestMethodWorker.java:124)
	at org.testng.internal.TestMethodWorker.run(TestMethodWorker.java:108)
	at org.testng.TestRunner.privateRun(TestRunner.java:771)
	at org.testng.TestRunner.run(TestRunner.java:621)
	at org.testng.SuiteRunner.runTest(SuiteRunner.java:357)
	at org.testng.SuiteRunner.access$000(SuiteRunner.java:38)
	at org.testng.SuiteRunner$SuiteWorker.run(SuiteRunner.java:391)
	at org.testng.internal.thread.ThreadUtil$2.call(ThreadUtil.java:64)
	at java.util.concurrent.FutureTask.run(Unknown Source)
	at java.util.concurrent.ThreadPoolExecutor.runWorker(Unknown Source)
	at java.util.concurrent.ThreadPoolExecutor$Worker.run(Unknown Source)
	at java.lang.Thread.run(Unknown Source)


Failure 66 of 71:
java.lang.Throwable: Error occoured while getting the column number with data from excel sheet.
	at util.UtilFunction.getColumnWithCellData(UtilFunction.java:623)
	at CIMS.CIMS_Dashboard.numberOfSuiteCounters(CIMS_Dashboard.java:618)
	at CIMS.CIMS_Dashboard.CobaltDashboard(CIMS_Dashboard.java:320)
	at sun.reflect.NativeMethodAccessorImpl.invoke0(Native Method)
	at sun.reflect.NativeMethodAccessorImpl.invoke(Unknown Source)
	at sun.reflect.DelegatingMethodAccessorImpl.invoke(Unknown Source)
	at java.lang.reflect.Method.invoke(Unknown Source)
	at org.testng.internal.MethodInvocationHelper.invokeMethod(MethodInvocationHelper.java:85)
	at org.testng.internal.Invoker.invokeMethod(Invoker.java:648)
	at org.testng.internal.Invoker.invokeTestMethod(Invoker.java:834)
	at org.testng.internal.Invoker.invokeTestMethods(Invoker.java:1142)
	at org.testng.internal.TestMethodWorker.invokeTestMethods(TestMethodWorker.java:124)
	at org.testng.internal.TestMethodWorker.run(TestMethodWorker.java:108)
	at org.testng.TestRunner.privateRun(TestRunner.java:771)
	at org.testng.TestRunner.run(TestRunner.java:621)
	at org.testng.SuiteRunner.runTest(SuiteRunner.java:357)
	at org.testng.SuiteRunner.access$000(SuiteRunner.java:38)
	at org.testng.SuiteRunner$SuiteWorker.run(SuiteRunner.java:391)
	at org.testng.internal.thread.ThreadUtil$2.call(ThreadUtil.java:64)
	at java.util.concurrent.FutureTask.run(Unknown Source)
	at java.util.concurrent.ThreadPoolExecutor.runWorker(Unknown Source)
	at java.util.concurrent.ThreadPoolExecutor$Worker.run(Unknown Source)
	at java.lang.Thread.run(Unknown Source)


Failure 67 of 71:
java.lang.Throwable: Error occoured while getting the column number with data from excel sheet.
	at util.UtilFunction.getColumnWithCellData(UtilFunction.java:623)
	at CIMS.CIMS_Dashboard.numberOfSuiteCounters(CIMS_Dashboard.java:619)
	at CIMS.CIMS_Dashboard.CobaltDashboard(CIMS_Dashboard.java:320)
	at sun.reflect.NativeMethodAccessorImpl.invoke0(Native Method)
	at sun.reflect.NativeMethodAccessorImpl.invoke(Unknown Source)
	at sun.reflect.DelegatingMethodAccessorImpl.invoke(Unknown Source)
	at java.lang.reflect.Method.invoke(Unknown Source)
	at org.testng.internal.MethodInvocationHelper.invokeMethod(MethodInvocationHelper.java:85)
	at org.testng.internal.Invoker.invokeMethod(Invoker.java:648)
	at org.testng.internal.Invoker.invokeTestMethod(Invoker.java:834)
	at org.testng.internal.Invoker.invokeTestMethods(Invoker.java:1142)
	at org.testng.internal.TestMethodWorker.invokeTestMethods(TestMethodWorker.java:124)
	at org.testng.internal.TestMethodWorker.run(TestMethodWorker.java:108)
	at org.testng.TestRunner.privateRun(TestRunner.java:771)
	at org.testng.TestRunner.run(TestRunner.java:621)
	at org.testng.SuiteRunner.runTest(SuiteRunner.java:357)
	at org.testng.SuiteRunner.access$000(SuiteRunner.java:38)
	at org.testng.SuiteRunner$SuiteWorker.run(SuiteRunner.java:391)
	at org.testng.internal.thread.ThreadUtil$2.call(ThreadUtil.java:64)
	at java.util.concurrent.FutureTask.run(Unknown Source)
	at java.util.concurrent.ThreadPoolExecutor.runWorker(Unknown Source)
	at java.util.concurrent.ThreadPoolExecutor$Worker.run(Unknown Source)
	at java.lang.Thread.run(Unknown Source)


Failure 68 of 71:
java.lang.Throwable: Error occoured while getting the column number with data from excel sheet.
	at util.UtilFunction.getColumnWithCellData(UtilFunction.java:623)
	at CIMS.CIMS_Dashboard.numberOfSuiteCounters(CIMS_Dashboard.java:618)
	at CIMS.CIMS_Dashboard.CobaltDashboard(CIMS_Dashboard.java:320)
	at sun.reflect.NativeMethodAccessorImpl.invoke0(Native Method)
	at sun.reflect.NativeMethodAccessorImpl.invoke(Unknown Source)
	at sun.reflect.DelegatingMethodAccessorImpl.invoke(Unknown Source)
	at java.lang.reflect.Method.invoke(Unknown Source)
	at org.testng.internal.MethodInvocationHelper.invokeMethod(MethodInvocationHelper.java:85)
	at org.testng.internal.Invoker.invokeMethod(Invoker.java:648)
	at org.testng.internal.Invoker.invokeTestMethod(Invoker.java:834)
	at org.testng.internal.Invoker.invokeTestMethods(Invoker.java:1142)
	at org.testng.internal.TestMethodWorker.invokeTestMethods(TestMethodWorker.java:124)
	at org.testng.internal.TestMethodWorker.run(TestMethodWorker.java:108)
	at org.testng.TestRunner.privateRun(TestRunner.java:771)
	at org.testng.TestRunner.run(TestRunner.java:621)
	at org.testng.SuiteRunner.runTest(SuiteRunner.java:357)
	at org.testng.SuiteRunner.access$000(SuiteRunner.java:38)
	at org.testng.SuiteRunner$SuiteWorker.run(SuiteRunner.java:391)
	at org.testng.internal.thread.ThreadUtil$2.call(ThreadUtil.java:64)
	at java.util.concurrent.FutureTask.run(Unknown Source)
	at java.util.concurrent.ThreadPoolExecutor.runWorker(Unknown Source)
	at java.util.concurrent.ThreadPoolExecutor$Worker.run(Unknown Source)
	at java.lang.Thread.run(Unknown Source)


Failure 69 of 71:
java.lang.Throwable: Error occoured while getting the column number with data from excel sheet.
	at util.UtilFunction.getColumnWithCellData(UtilFunction.java:623)
	at CIMS.CIMS_Dashboard.numberOfSuiteCounters(CIMS_Dashboard.java:619)
	at CIMS.CIMS_Dashboard.CobaltDashboard(CIMS_Dashboard.java:320)
	at sun.reflect.NativeMethodAccessorImpl.invoke0(Native Method)
	at sun.reflect.NativeMethodAccessorImpl.invoke(Unknown Source)
	at sun.reflect.DelegatingMethodAccessorImpl.invoke(Unknown Source)
	at java.lang.reflect.Method.invoke(Unknown Source)
	at org.testng.internal.MethodInvocationHelper.invokeMethod(MethodInvocationHelper.java:85)
	at org.testng.internal.Invoker.invokeMethod(Invoker.java:648)
	at org.testng.internal.Invoker.invokeTestMethod(Invoker.java:834)
	at org.testng.internal.Invoker.invokeTestMethods(Invoker.java:1142)
	at org.testng.internal.TestMethodWorker.invokeTestMethods(TestMethodWorker.java:124)
	at org.testng.internal.TestMethodWorker.run(TestMethodWorker.java:108)
	at org.testng.TestRunner.privateRun(TestRunner.java:771)
	at org.testng.TestRunner.run(TestRunner.java:621)
	at org.testng.SuiteRunner.runTest(SuiteRunner.java:357)
	at org.testng.SuiteRunner.access$000(SuiteRunner.java:38)
	at org.testng.SuiteRunner$SuiteWorker.run(SuiteRunner.java:391)
	at org.testng.internal.thread.ThreadUtil$2.call(ThreadUtil.java:64)
	at java.util.concurrent.FutureTask.run(Unknown Source)
	at java.util.concurrent.ThreadPoolExecutor.runWorker(Unknown Source)
	at java.util.concurrent.ThreadPoolExecutor$Worker.run(Unknown Source)
	at java.lang.Thread.run(Unknown Source)


Failure 70 of 71:
java.lang.Throwable: Error occoured while getting the column number with data from excel sheet.
	at util.UtilFunction.getColumnWithCellData(UtilFunction.java:623)
	at CIMS.CIMS_Dashboard.numberOfSuiteCounters(CIMS_Dashboard.java:618)
	at CIMS.CIMS_Dashboard.CobaltDashboard(CIMS_Dashboard.java:320)
	at sun.reflect.NativeMethodAccessorImpl.invoke0(Native Method)
	at sun.reflect.NativeMethodAccessorImpl.invoke(Unknown Source)
	at sun.reflect.DelegatingMethodAccessorImpl.invoke(Unknown Source)
	at java.lang.reflect.Method.invoke(Unknown Source)
	at org.testng.internal.MethodInvocationHelper.invokeMethod(MethodInvocationHelper.java:85)
	at org.testng.internal.Invoker.invokeMethod(Invoker.java:648)
	at org.testng.internal.Invoker.invokeTestMethod(Invoker.java:834)
	at org.testng.internal.Invoker.invokeTestMethods(Invoker.java:1142)
	at org.testng.internal.TestMethodWorker.invokeTestMethods(TestMethodWorker.java:124)
	at org.testng.internal.TestMethodWorker.run(TestMethodWorker.java:108)
	at org.testng.TestRunner.privateRun(TestRunner.java:771)
	at org.testng.TestRunner.run(TestRunner.java:621)
	at org.testng.SuiteRunner.runTest(SuiteRunner.java:357)
	at org.testng.SuiteRunner.access$000(SuiteRunner.java:38)
	at org.testng.SuiteRunner$SuiteWorker.run(SuiteRunner.java:391)
	at org.testng.internal.thread.ThreadUtil$2.call(ThreadUtil.java:64)
	at java.util.concurrent.FutureTask.run(Unknown Source)
	at java.util.concurrent.ThreadPoolExecutor.runWorker(Unknown Source)
	at java.util.concurrent.ThreadPoolExecutor$Worker.run(Unknown Source)
	at java.lang.Thread.run(Unknown Source)


Failure 71 of 71:
java.lang.Throwable: Error occoured while getting the column number with data from excel sheet.
	at util.UtilFunction.getColumnWithCellData(UtilFunction.java:623)
	at CIMS.CIMS_Dashboard.numberOfSuiteCounters(CIMS_Dashboard.java:619)
	at CIMS.CIMS_Dashboard.CobaltDashboard(CIMS_Dashboard.java:320)
	at sun.reflect.NativeMethodAccessorImpl.invoke0(Native Method)
	at sun.reflect.NativeMethodAccessorImpl.invoke(Unknown Source)
	at sun.reflect.DelegatingMethodAccessorImpl.invoke(Unknown Source)
	at java.lang.reflect.Method.invoke(Unknown Source)
	at org.testng.internal.MethodInvocationHelper.invokeMethod(MethodInvocationHelper.java:85)
	at org.testng.internal.Invoker.invokeMethod(Invoker.java:648)
	at org.testng.internal.Invoker.invokeTestMethod(Invoker.java:834)
	at org.testng.internal.Invoker.invokeTestMethods(Invoker.java:1142)
	at org.testng.internal.TestMethodWorker.invokeTestMethods(TestMethodWorker.java:124)
	at org.testng.internal.TestMethodWorker.run(TestMethodWorker.java:108)
	at org.testng.TestRunner.privateRun(TestRunner.java:771)
	at org.testng.TestRunner.run(TestRunner.java:621)
	at org.testng.SuiteRunner.runTest(SuiteRunner.java:357)
	at org.testng.SuiteRunner.access$000(SuiteRunner.java:38)
	at org.testng.SuiteRunner$SuiteWorker.run(SuiteRunner.java:391)
	at org.testng.internal.thread.ThreadUtil$2.call(ThreadUtil.java:64)
	at java.util.concurrent.FutureTask.run(Unknown Source)
	at java.util.concurrent.ThreadPoolExecutor.runWorker(Unknown Source)
	at java.util.concurrent.ThreadPoolExecutor$Worker.run(Unknown Source)
	at java.lang.Thread.run(Unknown Source)
]]>
            </full-stacktrace>
          </exception> <!-- java.lang.Throwable -->
          <reporter-output>
          </reporter-output>
        </test-method> <!-- CobaltDashboard -->
        <test-method status="PASS" signature="Setter()[pri:0, instance:CIMS.CIMS_Dashboard@7f674d]" name="Setter" is-config="true" duration-ms="0" started-at="2016-07-13T11:23:10Z" finished-at="2016-07-13T11:23:10Z">
          <reporter-output>
          </reporter-output>
        </test-method> <!-- Setter -->
      </class> <!-- CIMS.CIMS_Dashboard -->
    </test> <!-- Cobalt Dashboard Report -->
  </suite> <!-- Dashboard Report Suite -->
  <suite name="Test Suite" duration-ms="0" started-at="2016-07-13T18:23:57Z" finished-at="2016-07-13T18:23:57Z">
    <groups>
    </groups>
  </suite> <!-- Test Suite -->
</testng-results>
