<html xmlns:math="http://exslt.org/math" xmlns:testng="http://testng.org">
   <head>
      <title>TestNG Results</title>
      <meta http-equiv="content-type" content="text/html; charset=utf-8"></meta>
      <meta http-equiv="pragma" content="no-cache"></meta>
      <meta http-equiv="cache-control" content="max-age=0"></meta>
      <meta http-equiv="cache-control" content="no-cache"></meta>
      <meta http-equiv="cache-control" content="no-store"></meta>
      <LINK rel="stylesheet" href="style.css"></LINK>
      <script type="text/javascript" src="main.js"></script>
   </head>
   <body>
      <table width="100%" style="font-size: 16px; margin-bottom: 10px;" cellspacing="1">
         <tr>
            <td width="100%">
               All methods in suite
               
               <b>Telemundo Test Suite</b>
            </td>
            <td style="background-color: #FFBBBB; padding: 3px 3px 3px 0;" align="center">
               <div style="width: 50px;">3</div>
            </td>
            <td style="background-color: lightgreen; padding: 3px 3px 3px 0;" align="center">
               <div style="width: 50px;">0</div>
            </td>
            <td style="background-color: #FFFFBB; padding: 3px 3px 3px 0;" align="center">
               <div style="width: 50px;">6</div>
            </td>
            <td align="center" style="background-color: #eaf0f7; padding: 3px 3px 3px 0;">
               <div style="width: 50px;">9</div>
            </td>
            <td align="center"
                style="font-weight: bold; background-color: #eaf0f7; padding: 3px 3px 3px 0;">
               <div style="width: 50px;">0%</div>
            </td>
         </tr>
      </table>
      <div style="width: 200px;">
         <label for="groupMethodsCheckBox" style="font-weight: bold; margin: 0;">
            <input id="groupMethodsCheckBox" type="checkbox" onclick="switchTestMethodsView(this)"></input>
            Group by class
            
         </label>
         <br></br>
         <label for="methodsFilter_ALL" style="font-weight: bold; margin: 0;">
            <input id="methodsFilter_ALL" type="checkbox"
                   onclick="testMethodsFilterChanged(this, 'ALL')"></input>
            All
            
         </label>
      </div>
      <label for="methodsFilter_FAIL" style="margin-left: 20px;">
         <input id="methodsFilter_FAIL" type="checkbox"
                onclick="testMethodsFilterChanged(this, 'FAIL')"
                checked=""></input>
         Failed
         
      </label>
      <label for="methodsFilter_PASS">
         <input id="methodsFilter_PASS" type="checkbox"
                onclick="testMethodsFilterChanged(this, 'PASS')"
                checked=""></input>
         Passed
         
      </label>
      <label for="methodsFilter_SKIP">
         <input id="methodsFilter_SKIP" type="checkbox"
                onclick="testMethodsFilterChanged(this, 'SKIP')"
                checked=""></input>
         Skipped
         
      </label>
      <label for="methodsFilter_CONF">
         <input id="methodsFilter_CONF" type="checkbox"
                onclick="testMethodsFilterChanged(this, 'CONF')"></input>
         Config
         
      </label>
      <br></br>
      <div id="testMethodsByStatus">
         <table class="testMethodsTable" cellpadding="0" cellspacing="0">
            <tr class="methodsTableHeader">
               <td width="100%">Name</td>
               <td nowrap="true">Started</td>
               <td nowrap="true">Duration</td>
               <td>Exception</td>
            </tr>
            <tr id="savedraft_Content.PhotoGallery_savePhotoGallery_byStatus_failed_FAIL1_row"
                class="testMethodStatusFAIL">
               <td width="100%" class="firstMethodCell">
                  <a onclick="toggleDetailsVisibility('savedraft_Content.PhotoGallery_savePhotoGallery_byStatus_failed_FAIL1_details')">savePhotoGallery()</a>
               </td>
               <td nowrap="true">14:10:48</td>
               <td nowrap="true" align="right">2m
                  5s
                  
               </td>
               <td nowrap="true">
                  <a onclick="toggleDetailsVisibility('savedraft_Content.PhotoGallery_savePhotoGallery_byStatus_failed_FAIL1_exception')">java.lang.Throwable: 
                     Multiple failures (2):
                     
                     Failure 1 of 2:
                     org.openqa.selenium.IllegalLocatorException: Compound class names are not supported. Consider searching for one class name
                     and filtering the results.
                     Build info: version: '2.16.1', revision: '15405', time: '2012-01-05 12:23:54'
                     System info: os.name: 'Windows XP', os.arch: 'x86', os.version: '5.1', java.version: '1.6.0_29-ea'
                     Driver info: driver.version: unknown
                     	at org.openqa.selenium.By.className(By.java:132)
                     	at util.UtilFunction.getWebelement(Unknown Source)
                     	at util.UtilFunction.searchContent(Unknown Source)
                     	at savedraft_Content.PhotoGallery.savePhotoGallery(Unknown Source)
                     	at sun.reflect.NativeMethodAccessorImpl.invoke0(Native Method)
                     	at sun.reflect.NativeMethodAccessorImpl.invoke(NativeMethodAccessorImpl.java:39)
                     	at sun.reflect.DelegatingMethodAccessorImpl.invoke(DelegatingMethodAccessorImpl.java:25)
                     	at java.lang.reflect.Method.invoke(Method.java:597)
                     	at org.testng.internal.MethodInvocationHelper.invokeMethod(MethodInvocationHelper.java:76)
                     	at org.testng.internal.Invoker.invokeMethod(Invoker.java:673)
                     	at org.testng.internal.Invoker.invokeTestMethod(Invoker.java:846)
                     	at org.testng.internal.Invoker.invokeTestMethods(Invoker.java:1170)
                     	at org.testng.internal.TestMethodWorker.invokeTestMethods(TestMethodWorker.java:125)
                     	at org.testng.internal.TestMethodWorker.run(TestMethodWorker.java:109)
                     	at org.testng.TestRunner.runWorkers(TestRunner.java:1147)
                     	at org.testng.TestRunner.privateRun(TestRunner.java:749)
                     	at org.testng.TestRunner.run(TestRunner.java:600)
                     	at org.testng.SuiteRunner.runTest(SuiteRunner.java:317)
                     	at org.testng.SuiteRunner.runSequentially(SuiteRunner.java:312)
                     	at org.testng.SuiteRunner.privateRun(SuiteRunner.java:274)
                     	at org.testng.SuiteRunner.run(SuiteRunner.java:223)
                     	at org.testng.SuiteRunnerWorker.runSuite(SuiteRunnerWorker.java:52)
                     	at org.testng.SuiteRunnerWorker.run(SuiteRunnerWorker.java:86)
                     	at org.testng.TestNG.runSuitesSequentially(TestNG.java:1039)
                     	at org.testng.TestNG.runSuitesLocally(TestNG.java:964)
                     	at org.testng.TestNG.run(TestNG.java:900)
                     	at org.testng.TestNG.privateMain(TestNG.java:1182)
                     	at org.testng.TestNG.main(TestNG.java:1146)
                     
                     
                     Failure 2 of 2:
                     java.lang.NullPointerException
                     
                  </a>
                   
                  
               </td>
            </tr>
            <tr>
               <td colspan="4" class="detailsBox">
                  <div id="savedraft_Content.PhotoGallery_savePhotoGallery_byStatus_failed_FAIL1_details"
                       class="testMethodDetails">
                     <div>
                        <b>Name: </b>savePhotoGallery
                     </div>
                     <div>
                        <b>Signature: </b>savePhotoGallery()
                     </div>
                     <div>
                        <b>Start time: </b>14:10:48
                     </div>
                     <div>
                        <b>End time: </b>14:12:52
                     </div>
                     <div>
                        <b>Duration: </b>2m
                        5s
                        
                     </div>
                  </div>
               </td>
            </tr>
            <tr>
               <td colspan="4" class="detailsBox">
                  <div id="savedraft_Content.PhotoGallery_savePhotoGallery_byStatus_failed_FAIL1_exception"
                       class="testMethodDetails">
                     <pre style="padding: 5px; margin: 0;">java.lang.Throwable: Multiple failures (2):
                        
                        Failure 1 of 2:
                        org.openqa.selenium.IllegalLocatorException: Compound class names are not supported. Consider searching for one class name
                        and filtering the results.
                        Build info: version: '2.16.1', revision: '15405', time: '2012-01-05 12:23:54'
                        System info: os.name: 'Windows XP', os.arch: 'x86', os.version: '5.1', java.version: '1.6.0_29-ea'
                        Driver info: driver.version: unknown
                        	at org.openqa.selenium.By.className(By.java:132)
                        	at util.UtilFunction.getWebelement(Unknown Source)
                        	at util.UtilFunction.searchContent(Unknown Source)
                        	at savedraft_Content.PhotoGallery.savePhotoGallery(Unknown Source)
                        	at sun.reflect.NativeMethodAccessorImpl.invoke0(Native Method)
                        	at sun.reflect.NativeMethodAccessorImpl.invoke(NativeMethodAccessorImpl.java:39)
                        	at sun.reflect.DelegatingMethodAccessorImpl.invoke(DelegatingMethodAccessorImpl.java:25)
                        	at java.lang.reflect.Method.invoke(Method.java:597)
                        	at org.testng.internal.MethodInvocationHelper.invokeMethod(MethodInvocationHelper.java:76)
                        	at org.testng.internal.Invoker.invokeMethod(Invoker.java:673)
                        	at org.testng.internal.Invoker.invokeTestMethod(Invoker.java:846)
                        	at org.testng.internal.Invoker.invokeTestMethods(Invoker.java:1170)
                        	at org.testng.internal.TestMethodWorker.invokeTestMethods(TestMethodWorker.java:125)
                        	at org.testng.internal.TestMethodWorker.run(TestMethodWorker.java:109)
                        	at org.testng.TestRunner.runWorkers(TestRunner.java:1147)
                        	at org.testng.TestRunner.privateRun(TestRunner.java:749)
                        	at org.testng.TestRunner.run(TestRunner.java:600)
                        	at org.testng.SuiteRunner.runTest(SuiteRunner.java:317)
                        	at org.testng.SuiteRunner.runSequentially(SuiteRunner.java:312)
                        	at org.testng.SuiteRunner.privateRun(SuiteRunner.java:274)
                        	at org.testng.SuiteRunner.run(SuiteRunner.java:223)
                        	at org.testng.SuiteRunnerWorker.runSuite(SuiteRunnerWorker.java:52)
                        	at org.testng.SuiteRunnerWorker.run(SuiteRunnerWorker.java:86)
                        	at org.testng.TestNG.runSuitesSequentially(TestNG.java:1039)
                        	at org.testng.TestNG.runSuitesLocally(TestNG.java:964)
                        	at org.testng.TestNG.run(TestNG.java:900)
                        	at org.testng.TestNG.privateMain(TestNG.java:1182)
                        	at org.testng.TestNG.main(TestNG.java:1146)
                        
                        
                        Failure 2 of 2:
                        java.lang.NullPointerException
                        	at util.UtilFunction.searchContent(Unknown Source)
                        	at savedraft_Content.PhotoGallery.savePhotoGallery(Unknown Source)
                        	at sun.reflect.NativeMethodAccessorImpl.invoke0(Native Method)
                        	at sun.reflect.NativeMethodAccessorImpl.invoke(NativeMethodAccessorImpl.java:39)
                        	at sun.reflect.DelegatingMethodAccessorImpl.invoke(DelegatingMethodAccessorImpl.java:25)
                        	at java.lang.reflect.Method.invoke(Method.java:597)
                        	at org.testng.internal.MethodInvocationHelper.invokeMethod(MethodInvocationHelper.java:76)
                        	at org.testng.internal.Invoker.invokeMethod(Invoker.java:673)
                        	at org.testng.internal.Invoker.invokeTestMethod(Invoker.java:846)
                        	at org.testng.internal.Invoker.invokeTestMethods(Invoker.java:1170)
                        	at org.testng.internal.TestMethodWorker.invokeTestMethods(TestMethodWorker.java:125)
                        	at org.testng.internal.TestMethodWorker.run(TestMethodWorker.java:109)
                        	at org.testng.TestRunner.runWorkers(TestRunner.java:1147)
                        	at org.testng.TestRunner.privateRun(TestRunner.java:749)
                        	at org.testng.TestRunner.run(TestRunner.java:600)
                        	at org.testng.SuiteRunner.runTest(SuiteRunner.java:317)
                        	at org.testng.SuiteRunner.runSequentially(SuiteRunner.java:312)
                        	at org.testng.SuiteRunner.privateRun(SuiteRunner.java:274)
                        	at org.testng.SuiteRunner.run(SuiteRunner.java:223)
                        	at org.testng.SuiteRunnerWorker.runSuite(SuiteRunnerWorker.java:52)
                        	at org.testng.SuiteRunnerWorker.run(SuiteRunnerWorker.java:86)
                        	at org.testng.TestNG.runSuitesSequentially(TestNG.java:1039)
                        	at org.testng.TestNG.runSuitesLocally(TestNG.java:964)
                        	at org.testng.TestNG.run(TestNG.java:900)
                        	at org.testng.TestNG.privateMain(TestNG.java:1182)
                        	at org.testng.TestNG.main(TestNG.java:1146)
                     </pre>
                  </div>
               </td>
            </tr>
            <tr id="previewdraft_Content.PhotoGallery_previewPhotoGallery_byStatus_failed_FAIL2_row"
                class="testMethodStatusFAIL">
               <td width="100%" class="firstMethodCell">
                  <a onclick="toggleDetailsVisibility('previewdraft_Content.PhotoGallery_previewPhotoGallery_byStatus_failed_FAIL2_details')">previewPhotoGallery()</a>
               </td>
               <td nowrap="true">14:13:10</td>
               <td nowrap="true" align="right">2m
                  15s
                  
               </td>
               <td nowrap="true">
                  <a onclick="toggleDetailsVisibility('previewdraft_Content.PhotoGallery_previewPhotoGallery_byStatus_failed_FAIL2_exception')">java.lang.Throwable: 
                     Multiple failures (2):
                     
                     Failure 1 of 2:
                     org.openqa.selenium.IllegalLocatorException: Compound class names are not supported. Consider searching for one class name
                     and filtering the results.
                     Build info: version: '2.16.1', revision: '15405', time: '2012-01-05 12:23:54'
                     System info: os.name: 'Windows XP', os.arch: 'x86', os.version: '5.1', java.version: '1.6.0_29-ea'
                     Driver info: driver.version: unknown
                     	at org.openqa.selenium.By.className(By.java:132)
                     	at util.UtilFunction.getWebelement(Unknown Source)
                     	at util.UtilFunction.searchContent(Unknown Source)
                     	at previewdraft_Content.PhotoGallery.previewPhotoGallery(Unknown Source)
                     	at sun.reflect.NativeMethodAccessorImpl.invoke0(Native Method)
                     	at sun.reflect.NativeMethodAccessorImpl.invoke(NativeMethodAccessorImpl.java:39)
                     	at sun.reflect.DelegatingMethodAccessorImpl.invoke(DelegatingMethodAccessorImpl.java:25)
                     	at java.lang.reflect.Method.invoke(Method.java:597)
                     	at org.testng.internal.MethodInvocationHelper.invokeMethod(MethodInvocationHelper.java:76)
                     	at org.testng.internal.Invoker.invokeMethod(Invoker.java:673)
                     	at org.testng.internal.Invoker.invokeTestMethod(Invoker.java:846)
                     	at org.testng.internal.Invoker.invokeTestMethods(Invoker.java:1170)
                     	at org.testng.internal.TestMethodWorker.invokeTestMethods(TestMethodWorker.java:125)
                     	at org.testng.internal.TestMethodWorker.run(TestMethodWorker.java:109)
                     	at org.testng.TestRunner.runWorkers(TestRunner.java:1147)
                     	at org.testng.TestRunner.privateRun(TestRunner.java:749)
                     	at org.testng.TestRunner.run(TestRunner.java:600)
                     	at org.testng.SuiteRunner.runTest(SuiteRunner.java:317)
                     	at org.testng.SuiteRunner.runSequentially(SuiteRunner.java:312)
                     	at org.testng.SuiteRunner.privateRun(SuiteRunner.java:274)
                     	at org.testng.SuiteRunner.run(SuiteRunner.java:223)
                     	at org.testng.SuiteRunnerWorker.runSuite(SuiteRunnerWorker.java:52)
                     	at org.testng.SuiteRunnerWorker.run(SuiteRunnerWorker.java:86)
                     	at org.testng.TestNG.runSuitesSequentially(TestNG.java:1039)
                     	at org.testng.TestNG.runSuitesLocally(TestNG.java:964)
                     	at org.testng.TestNG.run(TestNG.java:900)
                     	at org.testng.TestNG.privateMain(TestNG.java:1182)
                     	at org.testng.TestNG.main(TestNG.java:1146)
                     
                     
                     Failure 2 of 2:
                     java.lang.NullPointerException
                     
                  </a>
                   
                  
               </td>
            </tr>
            <tr>
               <td colspan="4" class="detailsBox">
                  <div id="previewdraft_Content.PhotoGallery_previewPhotoGallery_byStatus_failed_FAIL2_details"
                       class="testMethodDetails">
                     <div>
                        <b>Name: </b>previewPhotoGallery
                     </div>
                     <div>
                        <b>Signature: </b>previewPhotoGallery()
                     </div>
                     <div>
                        <b>Start time: </b>14:13:10
                     </div>
                     <div>
                        <b>End time: </b>14:15:25
                     </div>
                     <div>
                        <b>Duration: </b>2m
                        15s
                        
                     </div>
                  </div>
               </td>
            </tr>
            <tr>
               <td colspan="4" class="detailsBox">
                  <div id="previewdraft_Content.PhotoGallery_previewPhotoGallery_byStatus_failed_FAIL2_exception"
                       class="testMethodDetails">
                     <pre style="padding: 5px; margin: 0;">java.lang.Throwable: Multiple failures (2):
                        
                        Failure 1 of 2:
                        org.openqa.selenium.IllegalLocatorException: Compound class names are not supported. Consider searching for one class name
                        and filtering the results.
                        Build info: version: '2.16.1', revision: '15405', time: '2012-01-05 12:23:54'
                        System info: os.name: 'Windows XP', os.arch: 'x86', os.version: '5.1', java.version: '1.6.0_29-ea'
                        Driver info: driver.version: unknown
                        	at org.openqa.selenium.By.className(By.java:132)
                        	at util.UtilFunction.getWebelement(Unknown Source)
                        	at util.UtilFunction.searchContent(Unknown Source)
                        	at previewdraft_Content.PhotoGallery.previewPhotoGallery(Unknown Source)
                        	at sun.reflect.NativeMethodAccessorImpl.invoke0(Native Method)
                        	at sun.reflect.NativeMethodAccessorImpl.invoke(NativeMethodAccessorImpl.java:39)
                        	at sun.reflect.DelegatingMethodAccessorImpl.invoke(DelegatingMethodAccessorImpl.java:25)
                        	at java.lang.reflect.Method.invoke(Method.java:597)
                        	at org.testng.internal.MethodInvocationHelper.invokeMethod(MethodInvocationHelper.java:76)
                        	at org.testng.internal.Invoker.invokeMethod(Invoker.java:673)
                        	at org.testng.internal.Invoker.invokeTestMethod(Invoker.java:846)
                        	at org.testng.internal.Invoker.invokeTestMethods(Invoker.java:1170)
                        	at org.testng.internal.TestMethodWorker.invokeTestMethods(TestMethodWorker.java:125)
                        	at org.testng.internal.TestMethodWorker.run(TestMethodWorker.java:109)
                        	at org.testng.TestRunner.runWorkers(TestRunner.java:1147)
                        	at org.testng.TestRunner.privateRun(TestRunner.java:749)
                        	at org.testng.TestRunner.run(TestRunner.java:600)
                        	at org.testng.SuiteRunner.runTest(SuiteRunner.java:317)
                        	at org.testng.SuiteRunner.runSequentially(SuiteRunner.java:312)
                        	at org.testng.SuiteRunner.privateRun(SuiteRunner.java:274)
                        	at org.testng.SuiteRunner.run(SuiteRunner.java:223)
                        	at org.testng.SuiteRunnerWorker.runSuite(SuiteRunnerWorker.java:52)
                        	at org.testng.SuiteRunnerWorker.run(SuiteRunnerWorker.java:86)
                        	at org.testng.TestNG.runSuitesSequentially(TestNG.java:1039)
                        	at org.testng.TestNG.runSuitesLocally(TestNG.java:964)
                        	at org.testng.TestNG.run(TestNG.java:900)
                        	at org.testng.TestNG.privateMain(TestNG.java:1182)
                        	at org.testng.TestNG.main(TestNG.java:1146)
                        
                        
                        Failure 2 of 2:
                        java.lang.NullPointerException
                        	at util.UtilFunction.searchContent(Unknown Source)
                        	at previewdraft_Content.PhotoGallery.previewPhotoGallery(Unknown Source)
                        	at sun.reflect.NativeMethodAccessorImpl.invoke0(Native Method)
                        	at sun.reflect.NativeMethodAccessorImpl.invoke(NativeMethodAccessorImpl.java:39)
                        	at sun.reflect.DelegatingMethodAccessorImpl.invoke(DelegatingMethodAccessorImpl.java:25)
                        	at java.lang.reflect.Method.invoke(Method.java:597)
                        	at org.testng.internal.MethodInvocationHelper.invokeMethod(MethodInvocationHelper.java:76)
                        	at org.testng.internal.Invoker.invokeMethod(Invoker.java:673)
                        	at org.testng.internal.Invoker.invokeTestMethod(Invoker.java:846)
                        	at org.testng.internal.Invoker.invokeTestMethods(Invoker.java:1170)
                        	at org.testng.internal.TestMethodWorker.invokeTestMethods(TestMethodWorker.java:125)
                        	at org.testng.internal.TestMethodWorker.run(TestMethodWorker.java:109)
                        	at org.testng.TestRunner.runWorkers(TestRunner.java:1147)
                        	at org.testng.TestRunner.privateRun(TestRunner.java:749)
                        	at org.testng.TestRunner.run(TestRunner.java:600)
                        	at org.testng.SuiteRunner.runTest(SuiteRunner.java:317)
                        	at org.testng.SuiteRunner.runSequentially(SuiteRunner.java:312)
                        	at org.testng.SuiteRunner.privateRun(SuiteRunner.java:274)
                        	at org.testng.SuiteRunner.run(SuiteRunner.java:223)
                        	at org.testng.SuiteRunnerWorker.runSuite(SuiteRunnerWorker.java:52)
                        	at org.testng.SuiteRunnerWorker.run(SuiteRunnerWorker.java:86)
                        	at org.testng.TestNG.runSuitesSequentially(TestNG.java:1039)
                        	at org.testng.TestNG.runSuitesLocally(TestNG.java:964)
                        	at org.testng.TestNG.run(TestNG.java:900)
                        	at org.testng.TestNG.privateMain(TestNG.java:1182)
                        	at org.testng.TestNG.main(TestNG.java:1146)
                     </pre>
                  </div>
               </td>
            </tr>
            <tr id="publish_Content.PhotoGallery_publishPhotoGallery_byStatus_failed_FAIL3_row"
                class="testMethodStatusFAIL">
               <td width="100%" class="firstMethodCell">
                  <a onclick="toggleDetailsVisibility('publish_Content.PhotoGallery_publishPhotoGallery_byStatus_failed_FAIL3_details')">publishPhotoGallery()</a>
               </td>
               <td nowrap="true">14:08:46</td>
               <td nowrap="true" align="right">2m
                  39s
                  
               </td>
               <td nowrap="true">
                  <a onclick="toggleDetailsVisibility('publish_Content.PhotoGallery_publishPhotoGallery_byStatus_failed_FAIL3_exception')">java.lang.Throwable: 
                     Multiple failures (2):
                     
                     Failure 1 of 2:
                     org.openqa.selenium.IllegalLocatorException: Compound class names are not supported. Consider searching for one class name
                     and filtering the results.
                     Build info: version: '2.16.1', revision: '15405', time: '2012-01-05 12:23:54'
                     System info: os.name: 'Windows XP', os.arch: 'x86', os.version: '5.1', java.version: '1.6.0_29-ea'
                     Driver info: driver.version: unknown
                     	at org.openqa.selenium.By.className(By.java:132)
                     	at util.UtilFunction.getWebelement(Unknown Source)
                     	at util.UtilFunction.searchContent(Unknown Source)
                     	at publish_Content.PhotoGallery.publishPhotoGallery(Unknown Source)
                     	at sun.reflect.NativeMethodAccessorImpl.invoke0(Native Method)
                     	at sun.reflect.NativeMethodAccessorImpl.invoke(NativeMethodAccessorImpl.java:39)
                     	at sun.reflect.DelegatingMethodAccessorImpl.invoke(DelegatingMethodAccessorImpl.java:25)
                     	at java.lang.reflect.Method.invoke(Method.java:597)
                     	at org.testng.internal.MethodInvocationHelper.invokeMethod(MethodInvocationHelper.java:76)
                     	at org.testng.internal.Invoker.invokeMethod(Invoker.java:673)
                     	at org.testng.internal.Invoker.invokeTestMethod(Invoker.java:846)
                     	at org.testng.internal.Invoker.invokeTestMethods(Invoker.java:1170)
                     	at org.testng.internal.TestMethodWorker.invokeTestMethods(TestMethodWorker.java:125)
                     	at org.testng.internal.TestMethodWorker.run(TestMethodWorker.java:109)
                     	at org.testng.TestRunner.runWorkers(TestRunner.java:1147)
                     	at org.testng.TestRunner.privateRun(TestRunner.java:749)
                     	at org.testng.TestRunner.run(TestRunner.java:600)
                     	at org.testng.SuiteRunner.runTest(SuiteRunner.java:317)
                     	at org.testng.SuiteRunner.runSequentially(SuiteRunner.java:312)
                     	at org.testng.SuiteRunner.privateRun(SuiteRunner.java:274)
                     	at org.testng.SuiteRunner.run(SuiteRunner.java:223)
                     	at org.testng.SuiteRunnerWorker.runSuite(SuiteRunnerWorker.java:52)
                     	at org.testng.SuiteRunnerWorker.run(SuiteRunnerWorker.java:86)
                     	at org.testng.TestNG.runSuitesSequentially(TestNG.java:1039)
                     	at org.testng.TestNG.runSuitesLocally(TestNG.java:964)
                     	at org.testng.TestNG.run(TestNG.java:900)
                     	at org.testng.TestNG.privateMain(TestNG.java:1182)
                     	at org.testng.TestNG.main(TestNG.java:1146)
                     
                     
                     Failure 2 of 2:
                     java.lang.NullPointerException
                     
                  </a>
                   
                  
               </td>
            </tr>
            <tr>
               <td colspan="4" class="detailsBox">
                  <div id="publish_Content.PhotoGallery_publishPhotoGallery_byStatus_failed_FAIL3_details"
                       class="testMethodDetails">
                     <div>
                        <b>Name: </b>publishPhotoGallery
                     </div>
                     <div>
                        <b>Signature: </b>publishPhotoGallery()
                     </div>
                     <div>
                        <b>Start time: </b>14:08:46
                     </div>
                     <div>
                        <b>End time: </b>14:10:26
                     </div>
                     <div>
                        <b>Duration: </b>2m
                        39s
                        
                     </div>
                  </div>
               </td>
            </tr>
            <tr>
               <td colspan="4" class="detailsBox">
                  <div id="publish_Content.PhotoGallery_publishPhotoGallery_byStatus_failed_FAIL3_exception"
                       class="testMethodDetails">
                     <pre style="padding: 5px; margin: 0;">java.lang.Throwable: Multiple failures (2):
                        
                        Failure 1 of 2:
                        org.openqa.selenium.IllegalLocatorException: Compound class names are not supported. Consider searching for one class name
                        and filtering the results.
                        Build info: version: '2.16.1', revision: '15405', time: '2012-01-05 12:23:54'
                        System info: os.name: 'Windows XP', os.arch: 'x86', os.version: '5.1', java.version: '1.6.0_29-ea'
                        Driver info: driver.version: unknown
                        	at org.openqa.selenium.By.className(By.java:132)
                        	at util.UtilFunction.getWebelement(Unknown Source)
                        	at util.UtilFunction.searchContent(Unknown Source)
                        	at publish_Content.PhotoGallery.publishPhotoGallery(Unknown Source)
                        	at sun.reflect.NativeMethodAccessorImpl.invoke0(Native Method)
                        	at sun.reflect.NativeMethodAccessorImpl.invoke(NativeMethodAccessorImpl.java:39)
                        	at sun.reflect.DelegatingMethodAccessorImpl.invoke(DelegatingMethodAccessorImpl.java:25)
                        	at java.lang.reflect.Method.invoke(Method.java:597)
                        	at org.testng.internal.MethodInvocationHelper.invokeMethod(MethodInvocationHelper.java:76)
                        	at org.testng.internal.Invoker.invokeMethod(Invoker.java:673)
                        	at org.testng.internal.Invoker.invokeTestMethod(Invoker.java:846)
                        	at org.testng.internal.Invoker.invokeTestMethods(Invoker.java:1170)
                        	at org.testng.internal.TestMethodWorker.invokeTestMethods(TestMethodWorker.java:125)
                        	at org.testng.internal.TestMethodWorker.run(TestMethodWorker.java:109)
                        	at org.testng.TestRunner.runWorkers(TestRunner.java:1147)
                        	at org.testng.TestRunner.privateRun(TestRunner.java:749)
                        	at org.testng.TestRunner.run(TestRunner.java:600)
                        	at org.testng.SuiteRunner.runTest(SuiteRunner.java:317)
                        	at org.testng.SuiteRunner.runSequentially(SuiteRunner.java:312)
                        	at org.testng.SuiteRunner.privateRun(SuiteRunner.java:274)
                        	at org.testng.SuiteRunner.run(SuiteRunner.java:223)
                        	at org.testng.SuiteRunnerWorker.runSuite(SuiteRunnerWorker.java:52)
                        	at org.testng.SuiteRunnerWorker.run(SuiteRunnerWorker.java:86)
                        	at org.testng.TestNG.runSuitesSequentially(TestNG.java:1039)
                        	at org.testng.TestNG.runSuitesLocally(TestNG.java:964)
                        	at org.testng.TestNG.run(TestNG.java:900)
                        	at org.testng.TestNG.privateMain(TestNG.java:1182)
                        	at org.testng.TestNG.main(TestNG.java:1146)
                        
                        
                        Failure 2 of 2:
                        java.lang.NullPointerException
                        	at util.UtilFunction.searchContent(Unknown Source)
                        	at publish_Content.PhotoGallery.publishPhotoGallery(Unknown Source)
                        	at sun.reflect.NativeMethodAccessorImpl.invoke0(Native Method)
                        	at sun.reflect.NativeMethodAccessorImpl.invoke(NativeMethodAccessorImpl.java:39)
                        	at sun.reflect.DelegatingMethodAccessorImpl.invoke(DelegatingMethodAccessorImpl.java:25)
                        	at java.lang.reflect.Method.invoke(Method.java:597)
                        	at org.testng.internal.MethodInvocationHelper.invokeMethod(MethodInvocationHelper.java:76)
                        	at org.testng.internal.Invoker.invokeMethod(Invoker.java:673)
                        	at org.testng.internal.Invoker.invokeTestMethod(Invoker.java:846)
                        	at org.testng.internal.Invoker.invokeTestMethods(Invoker.java:1170)
                        	at org.testng.internal.TestMethodWorker.invokeTestMethods(TestMethodWorker.java:125)
                        	at org.testng.internal.TestMethodWorker.run(TestMethodWorker.java:109)
                        	at org.testng.TestRunner.runWorkers(TestRunner.java:1147)
                        	at org.testng.TestRunner.privateRun(TestRunner.java:749)
                        	at org.testng.TestRunner.run(TestRunner.java:600)
                        	at org.testng.SuiteRunner.runTest(SuiteRunner.java:317)
                        	at org.testng.SuiteRunner.runSequentially(SuiteRunner.java:312)
                        	at org.testng.SuiteRunner.privateRun(SuiteRunner.java:274)
                        	at org.testng.SuiteRunner.run(SuiteRunner.java:223)
                        	at org.testng.SuiteRunnerWorker.runSuite(SuiteRunnerWorker.java:52)
                        	at org.testng.SuiteRunnerWorker.run(SuiteRunnerWorker.java:86)
                        	at org.testng.TestNG.runSuitesSequentially(TestNG.java:1039)
                        	at org.testng.TestNG.runSuitesLocally(TestNG.java:964)
                        	at org.testng.TestNG.run(TestNG.java:900)
                        	at org.testng.TestNG.privateMain(TestNG.java:1182)
                        	at org.testng.TestNG.main(TestNG.java:1146)
                     </pre>
                  </div>
               </td>
            </tr>
            <tr id="savedraft_Content.PhotoGallery_isSkipped_byStatus_passed_PASS1_row"
                class="testMethodStatusPASS testMethodStatusCONF">
               <td width="100%" class="firstMethodCell">
                  <a onclick="toggleDetailsVisibility('savedraft_Content.PhotoGallery_isSkipped_byStatus_passed_PASS1_details')">isSkipped()</a>
               </td>
               <td nowrap="true">14:10:26</td>
               <td nowrap="true" align="right">22s
                  
               </td>
               <td nowrap="true">
                   
                  
               </td>
            </tr>
            <tr>
               <td colspan="4" class="detailsBox">
                  <div id="savedraft_Content.PhotoGallery_isSkipped_byStatus_passed_PASS1_details"
                       class="testMethodDetails">
                     <div>
                        <b>Name: </b>isSkipped
                     </div>
                     <div>
                        <b>Signature: </b>isSkipped()
                     </div>
                     <div>
                        <b>Start time: </b>14:10:26
                     </div>
                     <div>
                        <b>End time: </b>14:10:48
                     </div>
                     <div>
                        <b>Duration: </b>22s
                        
                     </div>
                  </div>
               </td>
            </tr>
            <tr></tr>
            <tr id="savedraft_Content.PhotoGallery_closeBrowser_byStatus_passed_PASS2_row"
                class="testMethodStatusPASS testMethodStatusCONF">
               <td width="100%" class="firstMethodCell">
                  <a onclick="toggleDetailsVisibility('savedraft_Content.PhotoGallery_closeBrowser_byStatus_passed_PASS2_details')">closeBrowser()</a>
               </td>
               <td nowrap="true">14:12:52</td>
               <td nowrap="true" align="right">203 ms
                  
               </td>
               <td nowrap="true">
                   
                  
               </td>
            </tr>
            <tr>
               <td colspan="4" class="detailsBox">
                  <div id="savedraft_Content.PhotoGallery_closeBrowser_byStatus_passed_PASS2_details"
                       class="testMethodDetails">
                     <div>
                        <b>Name: </b>closeBrowser
                     </div>
                     <div>
                        <b>Signature: </b>closeBrowser()
                     </div>
                     <div>
                        <b>Start time: </b>14:12:52
                     </div>
                     <div>
                        <b>End time: </b>14:12:52
                     </div>
                     <div>
                        <b>Duration: </b>203 ms
                        
                     </div>
                  </div>
               </td>
            </tr>
            <tr></tr>
            <tr id="previewdraft_Content.PhotoGallery_isSkipped_byStatus_passed_PASS3_row"
                class="testMethodStatusPASS testMethodStatusCONF">
               <td width="100%" class="firstMethodCell">
                  <a onclick="toggleDetailsVisibility('previewdraft_Content.PhotoGallery_isSkipped_byStatus_passed_PASS3_details')">isSkipped()</a>
               </td>
               <td nowrap="true">14:12:52</td>
               <td nowrap="true" align="right">17s
                  
               </td>
               <td nowrap="true">
                   
                  
               </td>
            </tr>
            <tr>
               <td colspan="4" class="detailsBox">
                  <div id="previewdraft_Content.PhotoGallery_isSkipped_byStatus_passed_PASS3_details"
                       class="testMethodDetails">
                     <div>
                        <b>Name: </b>isSkipped
                     </div>
                     <div>
                        <b>Signature: </b>isSkipped()
                     </div>
                     <div>
                        <b>Start time: </b>14:12:52
                     </div>
                     <div>
                        <b>End time: </b>14:13:10
                     </div>
                     <div>
                        <b>Duration: </b>17s
                        
                     </div>
                  </div>
               </td>
            </tr>
            <tr></tr>
            <tr id="previewdraft_Content.PhotoGallery_closeBrowser_byStatus_passed_PASS4_row"
                class="testMethodStatusPASS testMethodStatusCONF">
               <td width="100%" class="firstMethodCell">
                  <a onclick="toggleDetailsVisibility('previewdraft_Content.PhotoGallery_closeBrowser_byStatus_passed_PASS4_details')">closeBrowser()</a>
               </td>
               <td nowrap="true">14:15:25</td>
               <td nowrap="true" align="right">2s
                  
               </td>
               <td nowrap="true">
                   
                  
               </td>
            </tr>
            <tr>
               <td colspan="4" class="detailsBox">
                  <div id="previewdraft_Content.PhotoGallery_closeBrowser_byStatus_passed_PASS4_details"
                       class="testMethodDetails">
                     <div>
                        <b>Name: </b>closeBrowser
                     </div>
                     <div>
                        <b>Signature: </b>closeBrowser()
                     </div>
                     <div>
                        <b>Start time: </b>14:15:25
                     </div>
                     <div>
                        <b>End time: </b>14:15:27
                     </div>
                     <div>
                        <b>Duration: </b>2s
                        
                     </div>
                  </div>
               </td>
            </tr>
            <tr></tr>
            <tr id="publish_Content.PhotoGallery_isSkipped_byStatus_passed_PASS5_row"
                class="testMethodStatusPASS testMethodStatusCONF">
               <td width="100%" class="firstMethodCell">
                  <a onclick="toggleDetailsVisibility('publish_Content.PhotoGallery_isSkipped_byStatus_passed_PASS5_details')">isSkipped()</a>
               </td>
               <td nowrap="true">14:08:23</td>
               <td nowrap="true" align="right">24s
                  
               </td>
               <td nowrap="true">
                   
                  
               </td>
            </tr>
            <tr>
               <td colspan="4" class="detailsBox">
                  <div id="publish_Content.PhotoGallery_isSkipped_byStatus_passed_PASS5_details"
                       class="testMethodDetails">
                     <div>
                        <b>Name: </b>isSkipped
                     </div>
                     <div>
                        <b>Signature: </b>isSkipped()
                     </div>
                     <div>
                        <b>Start time: </b>14:08:23
                     </div>
                     <div>
                        <b>End time: </b>14:08:46
                     </div>
                     <div>
                        <b>Duration: </b>24s
                        
                     </div>
                  </div>
               </td>
            </tr>
            <tr></tr>
            <tr id="publish_Content.PhotoGallery_closeBrowser_byStatus_passed_PASS6_row"
                class="testMethodStatusPASS testMethodStatusCONF">
               <td width="100%" class="firstMethodCell">
                  <a onclick="toggleDetailsVisibility('publish_Content.PhotoGallery_closeBrowser_byStatus_passed_PASS6_details')">closeBrowser()</a>
               </td>
               <td nowrap="true">14:10:26</td>
               <td nowrap="true" align="right">359 ms
                  
               </td>
               <td nowrap="true">
                   
                  
               </td>
            </tr>
            <tr>
               <td colspan="4" class="detailsBox">
                  <div id="publish_Content.PhotoGallery_closeBrowser_byStatus_passed_PASS6_details"
                       class="testMethodDetails">
                     <div>
                        <b>Name: </b>closeBrowser
                     </div>
                     <div>
                        <b>Signature: </b>closeBrowser()
                     </div>
                     <div>
                        <b>Start time: </b>14:10:26
                     </div>
                     <div>
                        <b>End time: </b>14:10:26
                     </div>
                     <div>
                        <b>Duration: </b>359 ms
                        
                     </div>
                  </div>
               </td>
            </tr>
            <tr></tr>
            <tr id="savedraft_Content.Article_isSkipped_byStatus_skiped_SKIP1_row"
                class="testMethodStatusSKIP testMethodStatusCONF">
               <td width="100%" class="firstMethodCell">
                  <a onclick="toggleDetailsVisibility('savedraft_Content.Article_isSkipped_byStatus_skiped_SKIP1_details')">isSkipped()</a>
               </td>
               <td nowrap="true">14:08:22</td>
               <td nowrap="true" align="right">0 ms
                  
               </td>
               <td nowrap="true">
                  <a onclick="toggleDetailsVisibility('savedraft_Content.Article_isSkipped_byStatus_skiped_SKIP1_exception')">org.testng.SkipException: 
                     Test will be Skiped as Run Mode is Set to 'N' in Test Data xls File.
                     
                  </a>
                   
                  
               </td>
            </tr>
            <tr>
               <td colspan="4" class="detailsBox">
                  <div id="savedraft_Content.Article_isSkipped_byStatus_skiped_SKIP1_details"
                       class="testMethodDetails">
                     <div>
                        <b>Name: </b>isSkipped
                     </div>
                     <div>
                        <b>Signature: </b>isSkipped()
                     </div>
                     <div>
                        <b>Start time: </b>14:08:22
                     </div>
                     <div>
                        <b>End time: </b>14:08:22
                     </div>
                     <div>
                        <b>Duration: </b>0 ms
                        
                     </div>
                  </div>
               </td>
            </tr>
            <tr>
               <td colspan="4" class="detailsBox">
                  <div id="savedraft_Content.Article_isSkipped_byStatus_skiped_SKIP1_exception"
                       class="testMethodDetails">
                     <pre style="padding: 5px; margin: 0;">org.testng.SkipException: Test will be Skiped as Run Mode is Set to 'N' in Test Data xls File.
                        	at savedraft_Content.Article.isSkipped(Unknown Source)
                        	at sun.reflect.NativeMethodAccessorImpl.invoke0(Native Method)
                        	at sun.reflect.NativeMethodAccessorImpl.invoke(NativeMethodAccessorImpl.java:39)
                        	at sun.reflect.DelegatingMethodAccessorImpl.invoke(DelegatingMethodAccessorImpl.java:25)
                        	at java.lang.reflect.Method.invoke(Method.java:597)
                        	at org.testng.internal.MethodInvocationHelper.invokeMethod(MethodInvocationHelper.java:76)
                        	at org.testng.internal.Invoker.invokeConfigurationMethod(Invoker.java:525)
                        	at org.testng.internal.Invoker.invokeConfigurations(Invoker.java:202)
                        	at org.testng.internal.Invoker.invokeConfigurations(Invoker.java:130)
                        	at org.testng.TestRunner.beforeRun(TestRunner.java:624)
                        	at org.testng.TestRunner.run(TestRunner.java:592)
                        	at org.testng.SuiteRunner.runTest(SuiteRunner.java:317)
                        	at org.testng.SuiteRunner.runSequentially(SuiteRunner.java:312)
                        	at org.testng.SuiteRunner.privateRun(SuiteRunner.java:274)
                        	at org.testng.SuiteRunner.run(SuiteRunner.java:223)
                        	at org.testng.SuiteRunnerWorker.runSuite(SuiteRunnerWorker.java:52)
                        	at org.testng.SuiteRunnerWorker.run(SuiteRunnerWorker.java:86)
                        	at org.testng.TestNG.runSuitesSequentially(TestNG.java:1039)
                        	at org.testng.TestNG.runSuitesLocally(TestNG.java:964)
                        	at org.testng.TestNG.run(TestNG.java:900)
                        	at org.testng.TestNG.privateMain(TestNG.java:1182)
                        	at org.testng.TestNG.main(TestNG.java:1146)
                     </pre>
                  </div>
               </td>
            </tr>
            <tr id="savedraft_Content.Article_saveArticle_byStatus_skiped_SKIP2_row"
                class="testMethodStatusSKIP">
               <td width="100%" class="firstMethodCell">
                  <a onclick="toggleDetailsVisibility('savedraft_Content.Article_saveArticle_byStatus_skiped_SKIP2_details')">saveArticle()</a>
               </td>
               <td nowrap="true">14:08:22</td>
               <td nowrap="true" align="right">0 ms
                  
               </td>
               <td nowrap="true">
                   
                  
               </td>
            </tr>
            <tr>
               <td colspan="4" class="detailsBox">
                  <div id="savedraft_Content.Article_saveArticle_byStatus_skiped_SKIP2_details"
                       class="testMethodDetails">
                     <div>
                        <b>Name: </b>saveArticle
                     </div>
                     <div>
                        <b>Signature: </b>saveArticle()
                     </div>
                     <div>
                        <b>Start time: </b>14:08:22
                     </div>
                     <div>
                        <b>End time: </b>14:08:22
                     </div>
                     <div>
                        <b>Duration: </b>0 ms
                        
                     </div>
                  </div>
               </td>
            </tr>
            <tr></tr>
            <tr id="savedraft_Content.Article_closeBrowser_byStatus_skiped_SKIP3_row"
                class="testMethodStatusSKIP testMethodStatusCONF">
               <td width="100%" class="firstMethodCell">
                  <a onclick="toggleDetailsVisibility('savedraft_Content.Article_closeBrowser_byStatus_skiped_SKIP3_details')">closeBrowser()</a>
               </td>
               <td nowrap="true">14:08:22</td>
               <td nowrap="true" align="right">0 ms
                  
               </td>
               <td nowrap="true">
                   
                  
               </td>
            </tr>
            <tr>
               <td colspan="4" class="detailsBox">
                  <div id="savedraft_Content.Article_closeBrowser_byStatus_skiped_SKIP3_details"
                       class="testMethodDetails">
                     <div>
                        <b>Name: </b>closeBrowser
                     </div>
                     <div>
                        <b>Signature: </b>closeBrowser()
                     </div>
                     <div>
                        <b>Start time: </b>14:08:22
                     </div>
                     <div>
                        <b>End time: </b>14:08:22
                     </div>
                     <div>
                        <b>Duration: </b>0 ms
                        
                     </div>
                  </div>
               </td>
            </tr>
            <tr></tr>
            <tr id="previewdraft_Content.BlogPost_isSkipped_byStatus_skiped_SKIP4_row"
                class="testMethodStatusSKIP testMethodStatusCONF">
               <td width="100%" class="firstMethodCell">
                  <a onclick="toggleDetailsVisibility('previewdraft_Content.BlogPost_isSkipped_byStatus_skiped_SKIP4_details')">isSkipped()</a>
               </td>
               <td nowrap="true">14:08:23</td>
               <td nowrap="true" align="right">0 ms
                  
               </td>
               <td nowrap="true">
                  <a onclick="toggleDetailsVisibility('previewdraft_Content.BlogPost_isSkipped_byStatus_skiped_SKIP4_exception')">org.testng.SkipException: 
                     Test will be Skiped as Run Mode is Set to 'N' in Test Data xls File.
                     
                  </a>
                   
                  
               </td>
            </tr>
            <tr>
               <td colspan="4" class="detailsBox">
                  <div id="previewdraft_Content.BlogPost_isSkipped_byStatus_skiped_SKIP4_details"
                       class="testMethodDetails">
                     <div>
                        <b>Name: </b>isSkipped
                     </div>
                     <div>
                        <b>Signature: </b>isSkipped()
                     </div>
                     <div>
                        <b>Start time: </b>14:08:23
                     </div>
                     <div>
                        <b>End time: </b>14:08:23
                     </div>
                     <div>
                        <b>Duration: </b>0 ms
                        
                     </div>
                  </div>
               </td>
            </tr>
            <tr>
               <td colspan="4" class="detailsBox">
                  <div id="previewdraft_Content.BlogPost_isSkipped_byStatus_skiped_SKIP4_exception"
                       class="testMethodDetails">
                     <pre style="padding: 5px; margin: 0;">org.testng.SkipException: Test will be Skiped as Run Mode is Set to 'N' in Test Data xls File.
                        	at previewdraft_Content.BlogPost.isSkipped(Unknown Source)
                        	at sun.reflect.NativeMethodAccessorImpl.invoke0(Native Method)
                        	at sun.reflect.NativeMethodAccessorImpl.invoke(NativeMethodAccessorImpl.java:39)
                        	at sun.reflect.DelegatingMethodAccessorImpl.invoke(DelegatingMethodAccessorImpl.java:25)
                        	at java.lang.reflect.Method.invoke(Method.java:597)
                        	at org.testng.internal.MethodInvocationHelper.invokeMethod(MethodInvocationHelper.java:76)
                        	at org.testng.internal.Invoker.invokeConfigurationMethod(Invoker.java:525)
                        	at org.testng.internal.Invoker.invokeConfigurations(Invoker.java:202)
                        	at org.testng.internal.Invoker.invokeConfigurations(Invoker.java:130)
                        	at org.testng.TestRunner.beforeRun(TestRunner.java:624)
                        	at org.testng.TestRunner.run(TestRunner.java:592)
                        	at org.testng.SuiteRunner.runTest(SuiteRunner.java:317)
                        	at org.testng.SuiteRunner.runSequentially(SuiteRunner.java:312)
                        	at org.testng.SuiteRunner.privateRun(SuiteRunner.java:274)
                        	at org.testng.SuiteRunner.run(SuiteRunner.java:223)
                        	at org.testng.SuiteRunnerWorker.runSuite(SuiteRunnerWorker.java:52)
                        	at org.testng.SuiteRunnerWorker.run(SuiteRunnerWorker.java:86)
                        	at org.testng.TestNG.runSuitesSequentially(TestNG.java:1039)
                        	at org.testng.TestNG.runSuitesLocally(TestNG.java:964)
                        	at org.testng.TestNG.run(TestNG.java:900)
                        	at org.testng.TestNG.privateMain(TestNG.java:1182)
                        	at org.testng.TestNG.main(TestNG.java:1146)
                     </pre>
                  </div>
               </td>
            </tr>
            <tr id="previewdraft_Content.BlogPost_previewBlogPost_byStatus_skiped_SKIP5_row"
                class="testMethodStatusSKIP">
               <td width="100%" class="firstMethodCell">
                  <a onclick="toggleDetailsVisibility('previewdraft_Content.BlogPost_previewBlogPost_byStatus_skiped_SKIP5_details')">previewBlogPost()</a>
               </td>
               <td nowrap="true">14:08:23</td>
               <td nowrap="true" align="right">0 ms
                  
               </td>
               <td nowrap="true">
                   
                  
               </td>
            </tr>
            <tr>
               <td colspan="4" class="detailsBox">
                  <div id="previewdraft_Content.BlogPost_previewBlogPost_byStatus_skiped_SKIP5_details"
                       class="testMethodDetails">
                     <div>
                        <b>Name: </b>previewBlogPost
                     </div>
                     <div>
                        <b>Signature: </b>previewBlogPost()
                     </div>
                     <div>
                        <b>Start time: </b>14:08:23
                     </div>
                     <div>
                        <b>End time: </b>14:08:23
                     </div>
                     <div>
                        <b>Duration: </b>0 ms
                        
                     </div>
                  </div>
               </td>
            </tr>
            <tr></tr>
            <tr id="previewdraft_Content.BlogPost_closeBrowser_byStatus_skiped_SKIP6_row"
                class="testMethodStatusSKIP testMethodStatusCONF">
               <td width="100%" class="firstMethodCell">
                  <a onclick="toggleDetailsVisibility('previewdraft_Content.BlogPost_closeBrowser_byStatus_skiped_SKIP6_details')">closeBrowser()</a>
               </td>
               <td nowrap="true">14:08:23</td>
               <td nowrap="true" align="right">0 ms
                  
               </td>
               <td nowrap="true">
                   
                  
               </td>
            </tr>
            <tr>
               <td colspan="4" class="detailsBox">
                  <div id="previewdraft_Content.BlogPost_closeBrowser_byStatus_skiped_SKIP6_details"
                       class="testMethodDetails">
                     <div>
                        <b>Name: </b>closeBrowser
                     </div>
                     <div>
                        <b>Signature: </b>closeBrowser()
                     </div>
                     <div>
                        <b>Start time: </b>14:08:23
                     </div>
                     <div>
                        <b>End time: </b>14:08:23
                     </div>
                     <div>
                        <b>Duration: </b>0 ms
                        
                     </div>
                  </div>
               </td>
            </tr>
            <tr></tr>
            <tr id="previewdraft_Content.Article_isSkipped_byStatus_skiped_SKIP7_row"
                class="testMethodStatusSKIP testMethodStatusCONF">
               <td width="100%" class="firstMethodCell">
                  <a onclick="toggleDetailsVisibility('previewdraft_Content.Article_isSkipped_byStatus_skiped_SKIP7_details')">isSkipped()</a>
               </td>
               <td nowrap="true">14:08:22</td>
               <td nowrap="true" align="right">0 ms
                  
               </td>
               <td nowrap="true">
                  <a onclick="toggleDetailsVisibility('previewdraft_Content.Article_isSkipped_byStatus_skiped_SKIP7_exception')">org.testng.SkipException: 
                     Test will be Skiped as Run Mode is Set to 'N' in Test Data xls File.
                     
                  </a>
                   
                  
               </td>
            </tr>
            <tr>
               <td colspan="4" class="detailsBox">
                  <div id="previewdraft_Content.Article_isSkipped_byStatus_skiped_SKIP7_details"
                       class="testMethodDetails">
                     <div>
                        <b>Name: </b>isSkipped
                     </div>
                     <div>
                        <b>Signature: </b>isSkipped()
                     </div>
                     <div>
                        <b>Start time: </b>14:08:22
                     </div>
                     <div>
                        <b>End time: </b>14:08:22
                     </div>
                     <div>
                        <b>Duration: </b>0 ms
                        
                     </div>
                  </div>
               </td>
            </tr>
            <tr>
               <td colspan="4" class="detailsBox">
                  <div id="previewdraft_Content.Article_isSkipped_byStatus_skiped_SKIP7_exception"
                       class="testMethodDetails">
                     <pre style="padding: 5px; margin: 0;">org.testng.SkipException: Test will be Skiped as Run Mode is Set to 'N' in Test Data xls File.
                        	at previewdraft_Content.Article.isSkipped(Unknown Source)
                        	at sun.reflect.NativeMethodAccessorImpl.invoke0(Native Method)
                        	at sun.reflect.NativeMethodAccessorImpl.invoke(NativeMethodAccessorImpl.java:39)
                        	at sun.reflect.DelegatingMethodAccessorImpl.invoke(DelegatingMethodAccessorImpl.java:25)
                        	at java.lang.reflect.Method.invoke(Method.java:597)
                        	at org.testng.internal.MethodInvocationHelper.invokeMethod(MethodInvocationHelper.java:76)
                        	at org.testng.internal.Invoker.invokeConfigurationMethod(Invoker.java:525)
                        	at org.testng.internal.Invoker.invokeConfigurations(Invoker.java:202)
                        	at org.testng.internal.Invoker.invokeConfigurations(Invoker.java:130)
                        	at org.testng.TestRunner.beforeRun(TestRunner.java:624)
                        	at org.testng.TestRunner.run(TestRunner.java:592)
                        	at org.testng.SuiteRunner.runTest(SuiteRunner.java:317)
                        	at org.testng.SuiteRunner.runSequentially(SuiteRunner.java:312)
                        	at org.testng.SuiteRunner.privateRun(SuiteRunner.java:274)
                        	at org.testng.SuiteRunner.run(SuiteRunner.java:223)
                        	at org.testng.SuiteRunnerWorker.runSuite(SuiteRunnerWorker.java:52)
                        	at org.testng.SuiteRunnerWorker.run(SuiteRunnerWorker.java:86)
                        	at org.testng.TestNG.runSuitesSequentially(TestNG.java:1039)
                        	at org.testng.TestNG.runSuitesLocally(TestNG.java:964)
                        	at org.testng.TestNG.run(TestNG.java:900)
                        	at org.testng.TestNG.privateMain(TestNG.java:1182)
                        	at org.testng.TestNG.main(TestNG.java:1146)
                     </pre>
                  </div>
               </td>
            </tr>
            <tr id="previewdraft_Content.Article_closeBrowser_byStatus_skiped_SKIP8_row"
                class="testMethodStatusSKIP testMethodStatusCONF">
               <td width="100%" class="firstMethodCell">
                  <a onclick="toggleDetailsVisibility('previewdraft_Content.Article_closeBrowser_byStatus_skiped_SKIP8_details')">closeBrowser()</a>
               </td>
               <td nowrap="true">14:08:23</td>
               <td nowrap="true" align="right">0 ms
                  
               </td>
               <td nowrap="true">
                   
                  
               </td>
            </tr>
            <tr>
               <td colspan="4" class="detailsBox">
                  <div id="previewdraft_Content.Article_closeBrowser_byStatus_skiped_SKIP8_details"
                       class="testMethodDetails">
                     <div>
                        <b>Name: </b>closeBrowser
                     </div>
                     <div>
                        <b>Signature: </b>closeBrowser()
                     </div>
                     <div>
                        <b>Start time: </b>14:08:23
                     </div>
                     <div>
                        <b>End time: </b>14:08:23
                     </div>
                     <div>
                        <b>Duration: </b>0 ms
                        
                     </div>
                  </div>
               </td>
            </tr>
            <tr></tr>
            <tr id="previewdraft_Content.Article_previewArticle_byStatus_skiped_SKIP9_row"
                class="testMethodStatusSKIP">
               <td width="100%" class="firstMethodCell">
                  <a onclick="toggleDetailsVisibility('previewdraft_Content.Article_previewArticle_byStatus_skiped_SKIP9_details')">previewArticle()</a>
               </td>
               <td nowrap="true">14:08:23</td>
               <td nowrap="true" align="right">0 ms
                  
               </td>
               <td nowrap="true">
                   
                  
               </td>
            </tr>
            <tr>
               <td colspan="4" class="detailsBox">
                  <div id="previewdraft_Content.Article_previewArticle_byStatus_skiped_SKIP9_details"
                       class="testMethodDetails">
                     <div>
                        <b>Name: </b>previewArticle
                     </div>
                     <div>
                        <b>Signature: </b>previewArticle()
                     </div>
                     <div>
                        <b>Start time: </b>14:08:23
                     </div>
                     <div>
                        <b>End time: </b>14:08:23
                     </div>
                     <div>
                        <b>Duration: </b>0 ms
                        
                     </div>
                  </div>
               </td>
            </tr>
            <tr></tr>
            <tr id="publish_Content.BlogPost_isSkipped_byStatus_skiped_SKIP10_row"
                class="testMethodStatusSKIP testMethodStatusCONF">
               <td width="100%" class="firstMethodCell">
                  <a onclick="toggleDetailsVisibility('publish_Content.BlogPost_isSkipped_byStatus_skiped_SKIP10_details')">isSkipped()</a>
               </td>
               <td nowrap="true">14:08:23</td>
               <td nowrap="true" align="right">0 ms
                  
               </td>
               <td nowrap="true">
                  <a onclick="toggleDetailsVisibility('publish_Content.BlogPost_isSkipped_byStatus_skiped_SKIP10_exception')">org.testng.SkipException: 
                     Test will be Skiped as Run Mode is Set to 'N' in Test Data xls File.
                     
                  </a>
                   
                  
               </td>
            </tr>
            <tr>
               <td colspan="4" class="detailsBox">
                  <div id="publish_Content.BlogPost_isSkipped_byStatus_skiped_SKIP10_details"
                       class="testMethodDetails">
                     <div>
                        <b>Name: </b>isSkipped
                     </div>
                     <div>
                        <b>Signature: </b>isSkipped()
                     </div>
                     <div>
                        <b>Start time: </b>14:08:23
                     </div>
                     <div>
                        <b>End time: </b>14:08:23
                     </div>
                     <div>
                        <b>Duration: </b>0 ms
                        
                     </div>
                  </div>
               </td>
            </tr>
            <tr>
               <td colspan="4" class="detailsBox">
                  <div id="publish_Content.BlogPost_isSkipped_byStatus_skiped_SKIP10_exception"
                       class="testMethodDetails">
                     <pre style="padding: 5px; margin: 0;">org.testng.SkipException: Test will be Skiped as Run Mode is Set to 'N' in Test Data xls File.
                        	at publish_Content.BlogPost.isSkipped(Unknown Source)
                        	at sun.reflect.NativeMethodAccessorImpl.invoke0(Native Method)
                        	at sun.reflect.NativeMethodAccessorImpl.invoke(NativeMethodAccessorImpl.java:39)
                        	at sun.reflect.DelegatingMethodAccessorImpl.invoke(DelegatingMethodAccessorImpl.java:25)
                        	at java.lang.reflect.Method.invoke(Method.java:597)
                        	at org.testng.internal.MethodInvocationHelper.invokeMethod(MethodInvocationHelper.java:76)
                        	at org.testng.internal.Invoker.invokeConfigurationMethod(Invoker.java:525)
                        	at org.testng.internal.Invoker.invokeConfigurations(Invoker.java:202)
                        	at org.testng.internal.Invoker.invokeConfigurations(Invoker.java:130)
                        	at org.testng.TestRunner.beforeRun(TestRunner.java:624)
                        	at org.testng.TestRunner.run(TestRunner.java:592)
                        	at org.testng.SuiteRunner.runTest(SuiteRunner.java:317)
                        	at org.testng.SuiteRunner.runSequentially(SuiteRunner.java:312)
                        	at org.testng.SuiteRunner.privateRun(SuiteRunner.java:274)
                        	at org.testng.SuiteRunner.run(SuiteRunner.java:223)
                        	at org.testng.SuiteRunnerWorker.runSuite(SuiteRunnerWorker.java:52)
                        	at org.testng.SuiteRunnerWorker.run(SuiteRunnerWorker.java:86)
                        	at org.testng.TestNG.runSuitesSequentially(TestNG.java:1039)
                        	at org.testng.TestNG.runSuitesLocally(TestNG.java:964)
                        	at org.testng.TestNG.run(TestNG.java:900)
                        	at org.testng.TestNG.privateMain(TestNG.java:1182)
                        	at org.testng.TestNG.main(TestNG.java:1146)
                     </pre>
                  </div>
               </td>
            </tr>
            <tr id="publish_Content.BlogPost_closeBrowser_byStatus_skiped_SKIP11_row"
                class="testMethodStatusSKIP testMethodStatusCONF">
               <td width="100%" class="firstMethodCell">
                  <a onclick="toggleDetailsVisibility('publish_Content.BlogPost_closeBrowser_byStatus_skiped_SKIP11_details')">closeBrowser()</a>
               </td>
               <td nowrap="true">14:08:23</td>
               <td nowrap="true" align="right">0 ms
                  
               </td>
               <td nowrap="true">
                   
                  
               </td>
            </tr>
            <tr>
               <td colspan="4" class="detailsBox">
                  <div id="publish_Content.BlogPost_closeBrowser_byStatus_skiped_SKIP11_details"
                       class="testMethodDetails">
                     <div>
                        <b>Name: </b>closeBrowser
                     </div>
                     <div>
                        <b>Signature: </b>closeBrowser()
                     </div>
                     <div>
                        <b>Start time: </b>14:08:23
                     </div>
                     <div>
                        <b>End time: </b>14:08:23
                     </div>
                     <div>
                        <b>Duration: </b>0 ms
                        
                     </div>
                  </div>
               </td>
            </tr>
            <tr></tr>
            <tr id="publish_Content.BlogPost_publishBlogPost_byStatus_skiped_SKIP12_row"
                class="testMethodStatusSKIP">
               <td width="100%" class="firstMethodCell">
                  <a onclick="toggleDetailsVisibility('publish_Content.BlogPost_publishBlogPost_byStatus_skiped_SKIP12_details')">publishBlogPost()</a>
               </td>
               <td nowrap="true">14:08:23</td>
               <td nowrap="true" align="right">0 ms
                  
               </td>
               <td nowrap="true">
                   
                  
               </td>
            </tr>
            <tr>
               <td colspan="4" class="detailsBox">
                  <div id="publish_Content.BlogPost_publishBlogPost_byStatus_skiped_SKIP12_details"
                       class="testMethodDetails">
                     <div>
                        <b>Name: </b>publishBlogPost
                     </div>
                     <div>
                        <b>Signature: </b>publishBlogPost()
                     </div>
                     <div>
                        <b>Start time: </b>14:08:23
                     </div>
                     <div>
                        <b>End time: </b>14:08:23
                     </div>
                     <div>
                        <b>Duration: </b>0 ms
                        
                     </div>
                  </div>
               </td>
            </tr>
            <tr></tr>
            <tr id="savedraft_Content.BlogPost_isSkipped_byStatus_skiped_SKIP13_row"
                class="testMethodStatusSKIP testMethodStatusCONF">
               <td width="100%" class="firstMethodCell">
                  <a onclick="toggleDetailsVisibility('savedraft_Content.BlogPost_isSkipped_byStatus_skiped_SKIP13_details')">isSkipped()</a>
               </td>
               <td nowrap="true">14:08:23</td>
               <td nowrap="true" align="right">0 ms
                  
               </td>
               <td nowrap="true">
                  <a onclick="toggleDetailsVisibility('savedraft_Content.BlogPost_isSkipped_byStatus_skiped_SKIP13_exception')">org.testng.SkipException: 
                     Test will be Skiped as Run Mode is Set to 'N' in Test Data xls File.
                     
                  </a>
                   
                  
               </td>
            </tr>
            <tr>
               <td colspan="4" class="detailsBox">
                  <div id="savedraft_Content.BlogPost_isSkipped_byStatus_skiped_SKIP13_details"
                       class="testMethodDetails">
                     <div>
                        <b>Name: </b>isSkipped
                     </div>
                     <div>
                        <b>Signature: </b>isSkipped()
                     </div>
                     <div>
                        <b>Start time: </b>14:08:23
                     </div>
                     <div>
                        <b>End time: </b>14:08:23
                     </div>
                     <div>
                        <b>Duration: </b>0 ms
                        
                     </div>
                  </div>
               </td>
            </tr>
            <tr>
               <td colspan="4" class="detailsBox">
                  <div id="savedraft_Content.BlogPost_isSkipped_byStatus_skiped_SKIP13_exception"
                       class="testMethodDetails">
                     <pre style="padding: 5px; margin: 0;">org.testng.SkipException: Test will be Skiped as Run Mode is Set to 'N' in Test Data xls File.
                        	at savedraft_Content.BlogPost.isSkipped(Unknown Source)
                        	at sun.reflect.NativeMethodAccessorImpl.invoke0(Native Method)
                        	at sun.reflect.NativeMethodAccessorImpl.invoke(NativeMethodAccessorImpl.java:39)
                        	at sun.reflect.DelegatingMethodAccessorImpl.invoke(DelegatingMethodAccessorImpl.java:25)
                        	at java.lang.reflect.Method.invoke(Method.java:597)
                        	at org.testng.internal.MethodInvocationHelper.invokeMethod(MethodInvocationHelper.java:76)
                        	at org.testng.internal.Invoker.invokeConfigurationMethod(Invoker.java:525)
                        	at org.testng.internal.Invoker.invokeConfigurations(Invoker.java:202)
                        	at org.testng.internal.Invoker.invokeConfigurations(Invoker.java:130)
                        	at org.testng.TestRunner.beforeRun(TestRunner.java:624)
                        	at org.testng.TestRunner.run(TestRunner.java:592)
                        	at org.testng.SuiteRunner.runTest(SuiteRunner.java:317)
                        	at org.testng.SuiteRunner.runSequentially(SuiteRunner.java:312)
                        	at org.testng.SuiteRunner.privateRun(SuiteRunner.java:274)
                        	at org.testng.SuiteRunner.run(SuiteRunner.java:223)
                        	at org.testng.SuiteRunnerWorker.runSuite(SuiteRunnerWorker.java:52)
                        	at org.testng.SuiteRunnerWorker.run(SuiteRunnerWorker.java:86)
                        	at org.testng.TestNG.runSuitesSequentially(TestNG.java:1039)
                        	at org.testng.TestNG.runSuitesLocally(TestNG.java:964)
                        	at org.testng.TestNG.run(TestNG.java:900)
                        	at org.testng.TestNG.privateMain(TestNG.java:1182)
                        	at org.testng.TestNG.main(TestNG.java:1146)
                     </pre>
                  </div>
               </td>
            </tr>
            <tr id="savedraft_Content.BlogPost_saveBlogPost_byStatus_skiped_SKIP14_row"
                class="testMethodStatusSKIP">
               <td width="100%" class="firstMethodCell">
                  <a onclick="toggleDetailsVisibility('savedraft_Content.BlogPost_saveBlogPost_byStatus_skiped_SKIP14_details')">saveBlogPost()</a>
               </td>
               <td nowrap="true">14:08:23</td>
               <td nowrap="true" align="right">0 ms
                  
               </td>
               <td nowrap="true">
                   
                  
               </td>
            </tr>
            <tr>
               <td colspan="4" class="detailsBox">
                  <div id="savedraft_Content.BlogPost_saveBlogPost_byStatus_skiped_SKIP14_details"
                       class="testMethodDetails">
                     <div>
                        <b>Name: </b>saveBlogPost
                     </div>
                     <div>
                        <b>Signature: </b>saveBlogPost()
                     </div>
                     <div>
                        <b>Start time: </b>14:08:23
                     </div>
                     <div>
                        <b>End time: </b>14:08:23
                     </div>
                     <div>
                        <b>Duration: </b>0 ms
                        
                     </div>
                  </div>
               </td>
            </tr>
            <tr></tr>
            <tr id="savedraft_Content.BlogPost_closeBrowser_byStatus_skiped_SKIP15_row"
                class="testMethodStatusSKIP testMethodStatusCONF">
               <td width="100%" class="firstMethodCell">
                  <a onclick="toggleDetailsVisibility('savedraft_Content.BlogPost_closeBrowser_byStatus_skiped_SKIP15_details')">closeBrowser()</a>
               </td>
               <td nowrap="true">14:08:23</td>
               <td nowrap="true" align="right">0 ms
                  
               </td>
               <td nowrap="true">
                   
                  
               </td>
            </tr>
            <tr>
               <td colspan="4" class="detailsBox">
                  <div id="savedraft_Content.BlogPost_closeBrowser_byStatus_skiped_SKIP15_details"
                       class="testMethodDetails">
                     <div>
                        <b>Name: </b>closeBrowser
                     </div>
                     <div>
                        <b>Signature: </b>closeBrowser()
                     </div>
                     <div>
                        <b>Start time: </b>14:08:23
                     </div>
                     <div>
                        <b>End time: </b>14:08:23
                     </div>
                     <div>
                        <b>Duration: </b>0 ms
                        
                     </div>
                  </div>
               </td>
            </tr>
            <tr></tr>
            <tr id="publish_Content.Article_isSkipped_byStatus_skiped_SKIP16_row"
                class="testMethodStatusSKIP testMethodStatusCONF">
               <td width="100%" class="firstMethodCell">
                  <a onclick="toggleDetailsVisibility('publish_Content.Article_isSkipped_byStatus_skiped_SKIP16_details')">isSkipped()</a>
               </td>
               <td nowrap="true">14:08:22</td>
               <td nowrap="true" align="right">0 ms
                  
               </td>
               <td nowrap="true">
                  <a onclick="toggleDetailsVisibility('publish_Content.Article_isSkipped_byStatus_skiped_SKIP16_exception')">org.testng.SkipException: 
                     Test will be Skiped as Run Mode is Set to 'N' in Test Data xls File.
                     
                  </a>
                   
                  
               </td>
            </tr>
            <tr>
               <td colspan="4" class="detailsBox">
                  <div id="publish_Content.Article_isSkipped_byStatus_skiped_SKIP16_details"
                       class="testMethodDetails">
                     <div>
                        <b>Name: </b>isSkipped
                     </div>
                     <div>
                        <b>Signature: </b>isSkipped()
                     </div>
                     <div>
                        <b>Start time: </b>14:08:22
                     </div>
                     <div>
                        <b>End time: </b>14:08:22
                     </div>
                     <div>
                        <b>Duration: </b>0 ms
                        
                     </div>
                  </div>
               </td>
            </tr>
            <tr>
               <td colspan="4" class="detailsBox">
                  <div id="publish_Content.Article_isSkipped_byStatus_skiped_SKIP16_exception"
                       class="testMethodDetails">
                     <pre style="padding: 5px; margin: 0;">org.testng.SkipException: Test will be Skiped as Run Mode is Set to 'N' in Test Data xls File.
                        	at publish_Content.Article.isSkipped(Unknown Source)
                        	at sun.reflect.NativeMethodAccessorImpl.invoke0(Native Method)
                        	at sun.reflect.NativeMethodAccessorImpl.invoke(NativeMethodAccessorImpl.java:39)
                        	at sun.reflect.DelegatingMethodAccessorImpl.invoke(DelegatingMethodAccessorImpl.java:25)
                        	at java.lang.reflect.Method.invoke(Method.java:597)
                        	at org.testng.internal.MethodInvocationHelper.invokeMethod(MethodInvocationHelper.java:76)
                        	at org.testng.internal.Invoker.invokeConfigurationMethod(Invoker.java:525)
                        	at org.testng.internal.Invoker.invokeConfigurations(Invoker.java:202)
                        	at org.testng.internal.Invoker.invokeConfigurations(Invoker.java:130)
                        	at org.testng.TestRunner.beforeRun(TestRunner.java:624)
                        	at org.testng.TestRunner.run(TestRunner.java:592)
                        	at org.testng.SuiteRunner.runTest(SuiteRunner.java:317)
                        	at org.testng.SuiteRunner.runSequentially(SuiteRunner.java:312)
                        	at org.testng.SuiteRunner.privateRun(SuiteRunner.java:274)
                        	at org.testng.SuiteRunner.run(SuiteRunner.java:223)
                        	at org.testng.SuiteRunnerWorker.runSuite(SuiteRunnerWorker.java:52)
                        	at org.testng.SuiteRunnerWorker.run(SuiteRunnerWorker.java:86)
                        	at org.testng.TestNG.runSuitesSequentially(TestNG.java:1039)
                        	at org.testng.TestNG.runSuitesLocally(TestNG.java:964)
                        	at org.testng.TestNG.run(TestNG.java:900)
                        	at org.testng.TestNG.privateMain(TestNG.java:1182)
                        	at org.testng.TestNG.main(TestNG.java:1146)
                     </pre>
                  </div>
               </td>
            </tr>
            <tr id="publish_Content.Article_closeBrowser_byStatus_skiped_SKIP17_row"
                class="testMethodStatusSKIP testMethodStatusCONF">
               <td width="100%" class="firstMethodCell">
                  <a onclick="toggleDetailsVisibility('publish_Content.Article_closeBrowser_byStatus_skiped_SKIP17_details')">closeBrowser()</a>
               </td>
               <td nowrap="true">14:08:22</td>
               <td nowrap="true" align="right">0 ms
                  
               </td>
               <td nowrap="true">
                   
                  
               </td>
            </tr>
            <tr>
               <td colspan="4" class="detailsBox">
                  <div id="publish_Content.Article_closeBrowser_byStatus_skiped_SKIP17_details"
                       class="testMethodDetails">
                     <div>
                        <b>Name: </b>closeBrowser
                     </div>
                     <div>
                        <b>Signature: </b>closeBrowser()
                     </div>
                     <div>
                        <b>Start time: </b>14:08:22
                     </div>
                     <div>
                        <b>End time: </b>14:08:22
                     </div>
                     <div>
                        <b>Duration: </b>0 ms
                        
                     </div>
                  </div>
               </td>
            </tr>
            <tr></tr>
            <tr id="publish_Content.Article_publishArticle_byStatus_skiped_SKIP18_row"
                class="testMethodStatusSKIP">
               <td width="100%" class="firstMethodCell">
                  <a onclick="toggleDetailsVisibility('publish_Content.Article_publishArticle_byStatus_skiped_SKIP18_details')">publishArticle()</a>
               </td>
               <td nowrap="true">14:08:22</td>
               <td nowrap="true" align="right">0 ms
                  
               </td>
               <td nowrap="true">
                   
                  
               </td>
            </tr>
            <tr>
               <td colspan="4" class="detailsBox">
                  <div id="publish_Content.Article_publishArticle_byStatus_skiped_SKIP18_details"
                       class="testMethodDetails">
                     <div>
                        <b>Name: </b>publishArticle
                     </div>
                     <div>
                        <b>Signature: </b>publishArticle()
                     </div>
                     <div>
                        <b>Start time: </b>14:08:22
                     </div>
                     <div>
                        <b>End time: </b>14:08:22
                     </div>
                     <div>
                        <b>Duration: </b>0 ms
                        
                     </div>
                  </div>
               </td>
            </tr>
            <tr></tr>
         </table>
      </div>
      <div id="testMethodsByClass" style="display: none;">
         <table class="testMethodsTable" cellpadding="0" cellspacing="0">
            <tr>
               <td colspan="4">
                  <h3 style="display: inline;">previewdraft_Content.Article</h3>
               </td>
            </tr>
            <tr class="methodsTableHeader">
               <td width="100%">Name</td>
               <td nowrap="true">Started</td>
               <td nowrap="true">Duration</td>
               <td>Exception</td>
            </tr>
            <tr id="previewdraft_Content.Article_isSkipped_byClass_SKIP1_row"
                class="testMethodStatusSKIP testMethodStatusCONF">
               <td width="100%" class="firstMethodCell">
                  <a onclick="toggleDetailsVisibility('previewdraft_Content.Article_isSkipped_byClass_SKIP1_details')">isSkipped()</a>
               </td>
               <td nowrap="true">14:08:22</td>
               <td nowrap="true" align="right">0 ms
                  
               </td>
               <td nowrap="true">
                  <a onclick="toggleDetailsVisibility('previewdraft_Content.Article_isSkipped_byClass_SKIP1_exception')">org.testng.SkipException: 
                     Test will be Skiped as Run Mode is Set to 'N' in Test Data xls File.
                     
                  </a>
                   
                  
               </td>
            </tr>
            <tr>
               <td colspan="4" class="detailsBox">
                  <div id="previewdraft_Content.Article_isSkipped_byClass_SKIP1_details"
                       class="testMethodDetails">
                     <div>
                        <b>Name: </b>isSkipped
                     </div>
                     <div>
                        <b>Signature: </b>isSkipped()
                     </div>
                     <div>
                        <b>Start time: </b>14:08:22
                     </div>
                     <div>
                        <b>End time: </b>14:08:22
                     </div>
                     <div>
                        <b>Duration: </b>0 ms
                        
                     </div>
                  </div>
               </td>
            </tr>
            <tr>
               <td colspan="4" class="detailsBox">
                  <div id="previewdraft_Content.Article_isSkipped_byClass_SKIP1_exception"
                       class="testMethodDetails">
                     <pre style="padding: 5px; margin: 0;">org.testng.SkipException: Test will be Skiped as Run Mode is Set to 'N' in Test Data xls File.
                        	at previewdraft_Content.Article.isSkipped(Unknown Source)
                        	at sun.reflect.NativeMethodAccessorImpl.invoke0(Native Method)
                        	at sun.reflect.NativeMethodAccessorImpl.invoke(NativeMethodAccessorImpl.java:39)
                        	at sun.reflect.DelegatingMethodAccessorImpl.invoke(DelegatingMethodAccessorImpl.java:25)
                        	at java.lang.reflect.Method.invoke(Method.java:597)
                        	at org.testng.internal.MethodInvocationHelper.invokeMethod(MethodInvocationHelper.java:76)
                        	at org.testng.internal.Invoker.invokeConfigurationMethod(Invoker.java:525)
                        	at org.testng.internal.Invoker.invokeConfigurations(Invoker.java:202)
                        	at org.testng.internal.Invoker.invokeConfigurations(Invoker.java:130)
                        	at org.testng.TestRunner.beforeRun(TestRunner.java:624)
                        	at org.testng.TestRunner.run(TestRunner.java:592)
                        	at org.testng.SuiteRunner.runTest(SuiteRunner.java:317)
                        	at org.testng.SuiteRunner.runSequentially(SuiteRunner.java:312)
                        	at org.testng.SuiteRunner.privateRun(SuiteRunner.java:274)
                        	at org.testng.SuiteRunner.run(SuiteRunner.java:223)
                        	at org.testng.SuiteRunnerWorker.runSuite(SuiteRunnerWorker.java:52)
                        	at org.testng.SuiteRunnerWorker.run(SuiteRunnerWorker.java:86)
                        	at org.testng.TestNG.runSuitesSequentially(TestNG.java:1039)
                        	at org.testng.TestNG.runSuitesLocally(TestNG.java:964)
                        	at org.testng.TestNG.run(TestNG.java:900)
                        	at org.testng.TestNG.privateMain(TestNG.java:1182)
                        	at org.testng.TestNG.main(TestNG.java:1146)
                     </pre>
                  </div>
               </td>
            </tr>
            <tr id="previewdraft_Content.Article_closeBrowser_byClass_SKIP2_row"
                class="testMethodStatusSKIP testMethodStatusCONF">
               <td width="100%" class="firstMethodCell">
                  <a onclick="toggleDetailsVisibility('previewdraft_Content.Article_closeBrowser_byClass_SKIP2_details')">closeBrowser()</a>
               </td>
               <td nowrap="true">14:08:23</td>
               <td nowrap="true" align="right">0 ms
                  
               </td>
               <td nowrap="true">
                   
                  
               </td>
            </tr>
            <tr>
               <td colspan="4" class="detailsBox">
                  <div id="previewdraft_Content.Article_closeBrowser_byClass_SKIP2_details"
                       class="testMethodDetails">
                     <div>
                        <b>Name: </b>closeBrowser
                     </div>
                     <div>
                        <b>Signature: </b>closeBrowser()
                     </div>
                     <div>
                        <b>Start time: </b>14:08:23
                     </div>
                     <div>
                        <b>End time: </b>14:08:23
                     </div>
                     <div>
                        <b>Duration: </b>0 ms
                        
                     </div>
                  </div>
               </td>
            </tr>
            <tr></tr>
            <tr id="previewdraft_Content.Article_previewArticle_byClass_SKIP3_row"
                class="testMethodStatusSKIP">
               <td width="100%" class="firstMethodCell">
                  <a onclick="toggleDetailsVisibility('previewdraft_Content.Article_previewArticle_byClass_SKIP3_details')">previewArticle()</a>
               </td>
               <td nowrap="true">14:08:23</td>
               <td nowrap="true" align="right">0 ms
                  
               </td>
               <td nowrap="true">
                   
                  
               </td>
            </tr>
            <tr>
               <td colspan="4" class="detailsBox">
                  <div id="previewdraft_Content.Article_previewArticle_byClass_SKIP3_details"
                       class="testMethodDetails">
                     <div>
                        <b>Name: </b>previewArticle
                     </div>
                     <div>
                        <b>Signature: </b>previewArticle()
                     </div>
                     <div>
                        <b>Start time: </b>14:08:23
                     </div>
                     <div>
                        <b>End time: </b>14:08:23
                     </div>
                     <div>
                        <b>Duration: </b>0 ms
                        
                     </div>
                  </div>
               </td>
            </tr>
            <tr></tr>
         </table>
         <br></br>
         <table class="testMethodsTable" cellpadding="0" cellspacing="0">
            <tr>
               <td colspan="4">
                  <h3 style="display: inline;">previewdraft_Content.BlogPost</h3>
               </td>
            </tr>
            <tr class="methodsTableHeader">
               <td width="100%">Name</td>
               <td nowrap="true">Started</td>
               <td nowrap="true">Duration</td>
               <td>Exception</td>
            </tr>
            <tr id="previewdraft_Content.BlogPost_isSkipped_byClass_SKIP1_row"
                class="testMethodStatusSKIP testMethodStatusCONF">
               <td width="100%" class="firstMethodCell">
                  <a onclick="toggleDetailsVisibility('previewdraft_Content.BlogPost_isSkipped_byClass_SKIP1_details')">isSkipped()</a>
               </td>
               <td nowrap="true">14:08:23</td>
               <td nowrap="true" align="right">0 ms
                  
               </td>
               <td nowrap="true">
                  <a onclick="toggleDetailsVisibility('previewdraft_Content.BlogPost_isSkipped_byClass_SKIP1_exception')">org.testng.SkipException: 
                     Test will be Skiped as Run Mode is Set to 'N' in Test Data xls File.
                     
                  </a>
                   
                  
               </td>
            </tr>
            <tr>
               <td colspan="4" class="detailsBox">
                  <div id="previewdraft_Content.BlogPost_isSkipped_byClass_SKIP1_details"
                       class="testMethodDetails">
                     <div>
                        <b>Name: </b>isSkipped
                     </div>
                     <div>
                        <b>Signature: </b>isSkipped()
                     </div>
                     <div>
                        <b>Start time: </b>14:08:23
                     </div>
                     <div>
                        <b>End time: </b>14:08:23
                     </div>
                     <div>
                        <b>Duration: </b>0 ms
                        
                     </div>
                  </div>
               </td>
            </tr>
            <tr>
               <td colspan="4" class="detailsBox">
                  <div id="previewdraft_Content.BlogPost_isSkipped_byClass_SKIP1_exception"
                       class="testMethodDetails">
                     <pre style="padding: 5px; margin: 0;">org.testng.SkipException: Test will be Skiped as Run Mode is Set to 'N' in Test Data xls File.
                        	at previewdraft_Content.BlogPost.isSkipped(Unknown Source)
                        	at sun.reflect.NativeMethodAccessorImpl.invoke0(Native Method)
                        	at sun.reflect.NativeMethodAccessorImpl.invoke(NativeMethodAccessorImpl.java:39)
                        	at sun.reflect.DelegatingMethodAccessorImpl.invoke(DelegatingMethodAccessorImpl.java:25)
                        	at java.lang.reflect.Method.invoke(Method.java:597)
                        	at org.testng.internal.MethodInvocationHelper.invokeMethod(MethodInvocationHelper.java:76)
                        	at org.testng.internal.Invoker.invokeConfigurationMethod(Invoker.java:525)
                        	at org.testng.internal.Invoker.invokeConfigurations(Invoker.java:202)
                        	at org.testng.internal.Invoker.invokeConfigurations(Invoker.java:130)
                        	at org.testng.TestRunner.beforeRun(TestRunner.java:624)
                        	at org.testng.TestRunner.run(TestRunner.java:592)
                        	at org.testng.SuiteRunner.runTest(SuiteRunner.java:317)
                        	at org.testng.SuiteRunner.runSequentially(SuiteRunner.java:312)
                        	at org.testng.SuiteRunner.privateRun(SuiteRunner.java:274)
                        	at org.testng.SuiteRunner.run(SuiteRunner.java:223)
                        	at org.testng.SuiteRunnerWorker.runSuite(SuiteRunnerWorker.java:52)
                        	at org.testng.SuiteRunnerWorker.run(SuiteRunnerWorker.java:86)
                        	at org.testng.TestNG.runSuitesSequentially(TestNG.java:1039)
                        	at org.testng.TestNG.runSuitesLocally(TestNG.java:964)
                        	at org.testng.TestNG.run(TestNG.java:900)
                        	at org.testng.TestNG.privateMain(TestNG.java:1182)
                        	at org.testng.TestNG.main(TestNG.java:1146)
                     </pre>
                  </div>
               </td>
            </tr>
            <tr id="previewdraft_Content.BlogPost_previewBlogPost_byClass_SKIP2_row"
                class="testMethodStatusSKIP">
               <td width="100%" class="firstMethodCell">
                  <a onclick="toggleDetailsVisibility('previewdraft_Content.BlogPost_previewBlogPost_byClass_SKIP2_details')">previewBlogPost()</a>
               </td>
               <td nowrap="true">14:08:23</td>
               <td nowrap="true" align="right">0 ms
                  
               </td>
               <td nowrap="true">
                   
                  
               </td>
            </tr>
            <tr>
               <td colspan="4" class="detailsBox">
                  <div id="previewdraft_Content.BlogPost_previewBlogPost_byClass_SKIP2_details"
                       class="testMethodDetails">
                     <div>
                        <b>Name: </b>previewBlogPost
                     </div>
                     <div>
                        <b>Signature: </b>previewBlogPost()
                     </div>
                     <div>
                        <b>Start time: </b>14:08:23
                     </div>
                     <div>
                        <b>End time: </b>14:08:23
                     </div>
                     <div>
                        <b>Duration: </b>0 ms
                        
                     </div>
                  </div>
               </td>
            </tr>
            <tr></tr>
            <tr id="previewdraft_Content.BlogPost_closeBrowser_byClass_SKIP3_row"
                class="testMethodStatusSKIP testMethodStatusCONF">
               <td width="100%" class="firstMethodCell">
                  <a onclick="toggleDetailsVisibility('previewdraft_Content.BlogPost_closeBrowser_byClass_SKIP3_details')">closeBrowser()</a>
               </td>
               <td nowrap="true">14:08:23</td>
               <td nowrap="true" align="right">0 ms
                  
               </td>
               <td nowrap="true">
                   
                  
               </td>
            </tr>
            <tr>
               <td colspan="4" class="detailsBox">
                  <div id="previewdraft_Content.BlogPost_closeBrowser_byClass_SKIP3_details"
                       class="testMethodDetails">
                     <div>
                        <b>Name: </b>closeBrowser
                     </div>
                     <div>
                        <b>Signature: </b>closeBrowser()
                     </div>
                     <div>
                        <b>Start time: </b>14:08:23
                     </div>
                     <div>
                        <b>End time: </b>14:08:23
                     </div>
                     <div>
                        <b>Duration: </b>0 ms
                        
                     </div>
                  </div>
               </td>
            </tr>
            <tr></tr>
         </table>
         <br></br>
         <table class="testMethodsTable" cellpadding="0" cellspacing="0">
            <tr>
               <td colspan="4">
                  <h3 style="display: inline;">previewdraft_Content.PhotoGallery</h3>
               </td>
            </tr>
            <tr class="methodsTableHeader">
               <td width="100%">Name</td>
               <td nowrap="true">Started</td>
               <td nowrap="true">Duration</td>
               <td>Exception</td>
            </tr>
            <tr id="previewdraft_Content.PhotoGallery_isSkipped_byClass_PASS1_row"
                class="testMethodStatusPASS testMethodStatusCONF">
               <td width="100%" class="firstMethodCell">
                  <a onclick="toggleDetailsVisibility('previewdraft_Content.PhotoGallery_isSkipped_byClass_PASS1_details')">isSkipped()</a>
               </td>
               <td nowrap="true">14:12:52</td>
               <td nowrap="true" align="right">17s
                  
               </td>
               <td nowrap="true">
                   
                  
               </td>
            </tr>
            <tr>
               <td colspan="4" class="detailsBox">
                  <div id="previewdraft_Content.PhotoGallery_isSkipped_byClass_PASS1_details"
                       class="testMethodDetails">
                     <div>
                        <b>Name: </b>isSkipped
                     </div>
                     <div>
                        <b>Signature: </b>isSkipped()
                     </div>
                     <div>
                        <b>Start time: </b>14:12:52
                     </div>
                     <div>
                        <b>End time: </b>14:13:10
                     </div>
                     <div>
                        <b>Duration: </b>17s
                        
                     </div>
                  </div>
               </td>
            </tr>
            <tr></tr>
            <tr id="previewdraft_Content.PhotoGallery_previewPhotoGallery_byClass_FAIL2_row"
                class="testMethodStatusFAIL">
               <td width="100%" class="firstMethodCell">
                  <a onclick="toggleDetailsVisibility('previewdraft_Content.PhotoGallery_previewPhotoGallery_byClass_FAIL2_details')">previewPhotoGallery()</a>
               </td>
               <td nowrap="true">14:13:10</td>
               <td nowrap="true" align="right">2m
                  15s
                  
               </td>
               <td nowrap="true">
                  <a onclick="toggleDetailsVisibility('previewdraft_Content.PhotoGallery_previewPhotoGallery_byClass_FAIL2_exception')">java.lang.Throwable: 
                     Multiple failures (2):
                     
                     Failure 1 of 2:
                     org.openqa.selenium.IllegalLocatorException: Compound class names are not supported. Consider searching for one class name
                     and filtering the results.
                     Build info: version: '2.16.1', revision: '15405', time: '2012-01-05 12:23:54'
                     System info: os.name: 'Windows XP', os.arch: 'x86', os.version: '5.1', java.version: '1.6.0_29-ea'
                     Driver info: driver.version: unknown
                     	at org.openqa.selenium.By.className(By.java:132)
                     	at util.UtilFunction.getWebelement(Unknown Source)
                     	at util.UtilFunction.searchContent(Unknown Source)
                     	at previewdraft_Content.PhotoGallery.previewPhotoGallery(Unknown Source)
                     	at sun.reflect.NativeMethodAccessorImpl.invoke0(Native Method)
                     	at sun.reflect.NativeMethodAccessorImpl.invoke(NativeMethodAccessorImpl.java:39)
                     	at sun.reflect.DelegatingMethodAccessorImpl.invoke(DelegatingMethodAccessorImpl.java:25)
                     	at java.lang.reflect.Method.invoke(Method.java:597)
                     	at org.testng.internal.MethodInvocationHelper.invokeMethod(MethodInvocationHelper.java:76)
                     	at org.testng.internal.Invoker.invokeMethod(Invoker.java:673)
                     	at org.testng.internal.Invoker.invokeTestMethod(Invoker.java:846)
                     	at org.testng.internal.Invoker.invokeTestMethods(Invoker.java:1170)
                     	at org.testng.internal.TestMethodWorker.invokeTestMethods(TestMethodWorker.java:125)
                     	at org.testng.internal.TestMethodWorker.run(TestMethodWorker.java:109)
                     	at org.testng.TestRunner.runWorkers(TestRunner.java:1147)
                     	at org.testng.TestRunner.privateRun(TestRunner.java:749)
                     	at org.testng.TestRunner.run(TestRunner.java:600)
                     	at org.testng.SuiteRunner.runTest(SuiteRunner.java:317)
                     	at org.testng.SuiteRunner.runSequentially(SuiteRunner.java:312)
                     	at org.testng.SuiteRunner.privateRun(SuiteRunner.java:274)
                     	at org.testng.SuiteRunner.run(SuiteRunner.java:223)
                     	at org.testng.SuiteRunnerWorker.runSuite(SuiteRunnerWorker.java:52)
                     	at org.testng.SuiteRunnerWorker.run(SuiteRunnerWorker.java:86)
                     	at org.testng.TestNG.runSuitesSequentially(TestNG.java:1039)
                     	at org.testng.TestNG.runSuitesLocally(TestNG.java:964)
                     	at org.testng.TestNG.run(TestNG.java:900)
                     	at org.testng.TestNG.privateMain(TestNG.java:1182)
                     	at org.testng.TestNG.main(TestNG.java:1146)
                     
                     
                     Failure 2 of 2:
                     java.lang.NullPointerException
                     
                  </a>
                   
                  
               </td>
            </tr>
            <tr>
               <td colspan="4" class="detailsBox">
                  <div id="previewdraft_Content.PhotoGallery_previewPhotoGallery_byClass_FAIL2_details"
                       class="testMethodDetails">
                     <div>
                        <b>Name: </b>previewPhotoGallery
                     </div>
                     <div>
                        <b>Signature: </b>previewPhotoGallery()
                     </div>
                     <div>
                        <b>Start time: </b>14:13:10
                     </div>
                     <div>
                        <b>End time: </b>14:15:25
                     </div>
                     <div>
                        <b>Duration: </b>2m
                        15s
                        
                     </div>
                  </div>
               </td>
            </tr>
            <tr>
               <td colspan="4" class="detailsBox">
                  <div id="previewdraft_Content.PhotoGallery_previewPhotoGallery_byClass_FAIL2_exception"
                       class="testMethodDetails">
                     <pre style="padding: 5px; margin: 0;">java.lang.Throwable: Multiple failures (2):
                        
                        Failure 1 of 2:
                        org.openqa.selenium.IllegalLocatorException: Compound class names are not supported. Consider searching for one class name
                        and filtering the results.
                        Build info: version: '2.16.1', revision: '15405', time: '2012-01-05 12:23:54'
                        System info: os.name: 'Windows XP', os.arch: 'x86', os.version: '5.1', java.version: '1.6.0_29-ea'
                        Driver info: driver.version: unknown
                        	at org.openqa.selenium.By.className(By.java:132)
                        	at util.UtilFunction.getWebelement(Unknown Source)
                        	at util.UtilFunction.searchContent(Unknown Source)
                        	at previewdraft_Content.PhotoGallery.previewPhotoGallery(Unknown Source)
                        	at sun.reflect.NativeMethodAccessorImpl.invoke0(Native Method)
                        	at sun.reflect.NativeMethodAccessorImpl.invoke(NativeMethodAccessorImpl.java:39)
                        	at sun.reflect.DelegatingMethodAccessorImpl.invoke(DelegatingMethodAccessorImpl.java:25)
                        	at java.lang.reflect.Method.invoke(Method.java:597)
                        	at org.testng.internal.MethodInvocationHelper.invokeMethod(MethodInvocationHelper.java:76)
                        	at org.testng.internal.Invoker.invokeMethod(Invoker.java:673)
                        	at org.testng.internal.Invoker.invokeTestMethod(Invoker.java:846)
                        	at org.testng.internal.Invoker.invokeTestMethods(Invoker.java:1170)
                        	at org.testng.internal.TestMethodWorker.invokeTestMethods(TestMethodWorker.java:125)
                        	at org.testng.internal.TestMethodWorker.run(TestMethodWorker.java:109)
                        	at org.testng.TestRunner.runWorkers(TestRunner.java:1147)
                        	at org.testng.TestRunner.privateRun(TestRunner.java:749)
                        	at org.testng.TestRunner.run(TestRunner.java:600)
                        	at org.testng.SuiteRunner.runTest(SuiteRunner.java:317)
                        	at org.testng.SuiteRunner.runSequentially(SuiteRunner.java:312)
                        	at org.testng.SuiteRunner.privateRun(SuiteRunner.java:274)
                        	at org.testng.SuiteRunner.run(SuiteRunner.java:223)
                        	at org.testng.SuiteRunnerWorker.runSuite(SuiteRunnerWorker.java:52)
                        	at org.testng.SuiteRunnerWorker.run(SuiteRunnerWorker.java:86)
                        	at org.testng.TestNG.runSuitesSequentially(TestNG.java:1039)
                        	at org.testng.TestNG.runSuitesLocally(TestNG.java:964)
                        	at org.testng.TestNG.run(TestNG.java:900)
                        	at org.testng.TestNG.privateMain(TestNG.java:1182)
                        	at org.testng.TestNG.main(TestNG.java:1146)
                        
                        
                        Failure 2 of 2:
                        java.lang.NullPointerException
                        	at util.UtilFunction.searchContent(Unknown Source)
                        	at previewdraft_Content.PhotoGallery.previewPhotoGallery(Unknown Source)
                        	at sun.reflect.NativeMethodAccessorImpl.invoke0(Native Method)
                        	at sun.reflect.NativeMethodAccessorImpl.invoke(NativeMethodAccessorImpl.java:39)
                        	at sun.reflect.DelegatingMethodAccessorImpl.invoke(DelegatingMethodAccessorImpl.java:25)
                        	at java.lang.reflect.Method.invoke(Method.java:597)
                        	at org.testng.internal.MethodInvocationHelper.invokeMethod(MethodInvocationHelper.java:76)
                        	at org.testng.internal.Invoker.invokeMethod(Invoker.java:673)
                        	at org.testng.internal.Invoker.invokeTestMethod(Invoker.java:846)
                        	at org.testng.internal.Invoker.invokeTestMethods(Invoker.java:1170)
                        	at org.testng.internal.TestMethodWorker.invokeTestMethods(TestMethodWorker.java:125)
                        	at org.testng.internal.TestMethodWorker.run(TestMethodWorker.java:109)
                        	at org.testng.TestRunner.runWorkers(TestRunner.java:1147)
                        	at org.testng.TestRunner.privateRun(TestRunner.java:749)
                        	at org.testng.TestRunner.run(TestRunner.java:600)
                        	at org.testng.SuiteRunner.runTest(SuiteRunner.java:317)
                        	at org.testng.SuiteRunner.runSequentially(SuiteRunner.java:312)
                        	at org.testng.SuiteRunner.privateRun(SuiteRunner.java:274)
                        	at org.testng.SuiteRunner.run(SuiteRunner.java:223)
                        	at org.testng.SuiteRunnerWorker.runSuite(SuiteRunnerWorker.java:52)
                        	at org.testng.SuiteRunnerWorker.run(SuiteRunnerWorker.java:86)
                        	at org.testng.TestNG.runSuitesSequentially(TestNG.java:1039)
                        	at org.testng.TestNG.runSuitesLocally(TestNG.java:964)
                        	at org.testng.TestNG.run(TestNG.java:900)
                        	at org.testng.TestNG.privateMain(TestNG.java:1182)
                        	at org.testng.TestNG.main(TestNG.java:1146)
                     </pre>
                  </div>
               </td>
            </tr>
            <tr id="previewdraft_Content.PhotoGallery_closeBrowser_byClass_PASS3_row"
                class="testMethodStatusPASS testMethodStatusCONF">
               <td width="100%" class="firstMethodCell">
                  <a onclick="toggleDetailsVisibility('previewdraft_Content.PhotoGallery_closeBrowser_byClass_PASS3_details')">closeBrowser()</a>
               </td>
               <td nowrap="true">14:15:25</td>
               <td nowrap="true" align="right">2s
                  
               </td>
               <td nowrap="true">
                   
                  
               </td>
            </tr>
            <tr>
               <td colspan="4" class="detailsBox">
                  <div id="previewdraft_Content.PhotoGallery_closeBrowser_byClass_PASS3_details"
                       class="testMethodDetails">
                     <div>
                        <b>Name: </b>closeBrowser
                     </div>
                     <div>
                        <b>Signature: </b>closeBrowser()
                     </div>
                     <div>
                        <b>Start time: </b>14:15:25
                     </div>
                     <div>
                        <b>End time: </b>14:15:27
                     </div>
                     <div>
                        <b>Duration: </b>2s
                        
                     </div>
                  </div>
               </td>
            </tr>
            <tr></tr>
         </table>
         <br></br>
         <table class="testMethodsTable" cellpadding="0" cellspacing="0">
            <tr>
               <td colspan="4">
                  <h3 style="display: inline;">publish_Content.Article</h3>
               </td>
            </tr>
            <tr class="methodsTableHeader">
               <td width="100%">Name</td>
               <td nowrap="true">Started</td>
               <td nowrap="true">Duration</td>
               <td>Exception</td>
            </tr>
            <tr id="publish_Content.Article_isSkipped_byClass_SKIP1_row"
                class="testMethodStatusSKIP testMethodStatusCONF">
               <td width="100%" class="firstMethodCell">
                  <a onclick="toggleDetailsVisibility('publish_Content.Article_isSkipped_byClass_SKIP1_details')">isSkipped()</a>
               </td>
               <td nowrap="true">14:08:22</td>
               <td nowrap="true" align="right">0 ms
                  
               </td>
               <td nowrap="true">
                  <a onclick="toggleDetailsVisibility('publish_Content.Article_isSkipped_byClass_SKIP1_exception')">org.testng.SkipException: 
                     Test will be Skiped as Run Mode is Set to 'N' in Test Data xls File.
                     
                  </a>
                   
                  
               </td>
            </tr>
            <tr>
               <td colspan="4" class="detailsBox">
                  <div id="publish_Content.Article_isSkipped_byClass_SKIP1_details"
                       class="testMethodDetails">
                     <div>
                        <b>Name: </b>isSkipped
                     </div>
                     <div>
                        <b>Signature: </b>isSkipped()
                     </div>
                     <div>
                        <b>Start time: </b>14:08:22
                     </div>
                     <div>
                        <b>End time: </b>14:08:22
                     </div>
                     <div>
                        <b>Duration: </b>0 ms
                        
                     </div>
                  </div>
               </td>
            </tr>
            <tr>
               <td colspan="4" class="detailsBox">
                  <div id="publish_Content.Article_isSkipped_byClass_SKIP1_exception"
                       class="testMethodDetails">
                     <pre style="padding: 5px; margin: 0;">org.testng.SkipException: Test will be Skiped as Run Mode is Set to 'N' in Test Data xls File.
                        	at publish_Content.Article.isSkipped(Unknown Source)
                        	at sun.reflect.NativeMethodAccessorImpl.invoke0(Native Method)
                        	at sun.reflect.NativeMethodAccessorImpl.invoke(NativeMethodAccessorImpl.java:39)
                        	at sun.reflect.DelegatingMethodAccessorImpl.invoke(DelegatingMethodAccessorImpl.java:25)
                        	at java.lang.reflect.Method.invoke(Method.java:597)
                        	at org.testng.internal.MethodInvocationHelper.invokeMethod(MethodInvocationHelper.java:76)
                        	at org.testng.internal.Invoker.invokeConfigurationMethod(Invoker.java:525)
                        	at org.testng.internal.Invoker.invokeConfigurations(Invoker.java:202)
                        	at org.testng.internal.Invoker.invokeConfigurations(Invoker.java:130)
                        	at org.testng.TestRunner.beforeRun(TestRunner.java:624)
                        	at org.testng.TestRunner.run(TestRunner.java:592)
                        	at org.testng.SuiteRunner.runTest(SuiteRunner.java:317)
                        	at org.testng.SuiteRunner.runSequentially(SuiteRunner.java:312)
                        	at org.testng.SuiteRunner.privateRun(SuiteRunner.java:274)
                        	at org.testng.SuiteRunner.run(SuiteRunner.java:223)
                        	at org.testng.SuiteRunnerWorker.runSuite(SuiteRunnerWorker.java:52)
                        	at org.testng.SuiteRunnerWorker.run(SuiteRunnerWorker.java:86)
                        	at org.testng.TestNG.runSuitesSequentially(TestNG.java:1039)
                        	at org.testng.TestNG.runSuitesLocally(TestNG.java:964)
                        	at org.testng.TestNG.run(TestNG.java:900)
                        	at org.testng.TestNG.privateMain(TestNG.java:1182)
                        	at org.testng.TestNG.main(TestNG.java:1146)
                     </pre>
                  </div>
               </td>
            </tr>
            <tr id="publish_Content.Article_closeBrowser_byClass_SKIP2_row"
                class="testMethodStatusSKIP testMethodStatusCONF">
               <td width="100%" class="firstMethodCell">
                  <a onclick="toggleDetailsVisibility('publish_Content.Article_closeBrowser_byClass_SKIP2_details')">closeBrowser()</a>
               </td>
               <td nowrap="true">14:08:22</td>
               <td nowrap="true" align="right">0 ms
                  
               </td>
               <td nowrap="true">
                   
                  
               </td>
            </tr>
            <tr>
               <td colspan="4" class="detailsBox">
                  <div id="publish_Content.Article_closeBrowser_byClass_SKIP2_details"
                       class="testMethodDetails">
                     <div>
                        <b>Name: </b>closeBrowser
                     </div>
                     <div>
                        <b>Signature: </b>closeBrowser()
                     </div>
                     <div>
                        <b>Start time: </b>14:08:22
                     </div>
                     <div>
                        <b>End time: </b>14:08:22
                     </div>
                     <div>
                        <b>Duration: </b>0 ms
                        
                     </div>
                  </div>
               </td>
            </tr>
            <tr></tr>
            <tr id="publish_Content.Article_publishArticle_byClass_SKIP3_row"
                class="testMethodStatusSKIP">
               <td width="100%" class="firstMethodCell">
                  <a onclick="toggleDetailsVisibility('publish_Content.Article_publishArticle_byClass_SKIP3_details')">publishArticle()</a>
               </td>
               <td nowrap="true">14:08:22</td>
               <td nowrap="true" align="right">0 ms
                  
               </td>
               <td nowrap="true">
                   
                  
               </td>
            </tr>
            <tr>
               <td colspan="4" class="detailsBox">
                  <div id="publish_Content.Article_publishArticle_byClass_SKIP3_details"
                       class="testMethodDetails">
                     <div>
                        <b>Name: </b>publishArticle
                     </div>
                     <div>
                        <b>Signature: </b>publishArticle()
                     </div>
                     <div>
                        <b>Start time: </b>14:08:22
                     </div>
                     <div>
                        <b>End time: </b>14:08:22
                     </div>
                     <div>
                        <b>Duration: </b>0 ms
                        
                     </div>
                  </div>
               </td>
            </tr>
            <tr></tr>
         </table>
         <br></br>
         <table class="testMethodsTable" cellpadding="0" cellspacing="0">
            <tr>
               <td colspan="4">
                  <h3 style="display: inline;">publish_Content.BlogPost</h3>
               </td>
            </tr>
            <tr class="methodsTableHeader">
               <td width="100%">Name</td>
               <td nowrap="true">Started</td>
               <td nowrap="true">Duration</td>
               <td>Exception</td>
            </tr>
            <tr id="publish_Content.BlogPost_isSkipped_byClass_SKIP1_row"
                class="testMethodStatusSKIP testMethodStatusCONF">
               <td width="100%" class="firstMethodCell">
                  <a onclick="toggleDetailsVisibility('publish_Content.BlogPost_isSkipped_byClass_SKIP1_details')">isSkipped()</a>
               </td>
               <td nowrap="true">14:08:23</td>
               <td nowrap="true" align="right">0 ms
                  
               </td>
               <td nowrap="true">
                  <a onclick="toggleDetailsVisibility('publish_Content.BlogPost_isSkipped_byClass_SKIP1_exception')">org.testng.SkipException: 
                     Test will be Skiped as Run Mode is Set to 'N' in Test Data xls File.
                     
                  </a>
                   
                  
               </td>
            </tr>
            <tr>
               <td colspan="4" class="detailsBox">
                  <div id="publish_Content.BlogPost_isSkipped_byClass_SKIP1_details"
                       class="testMethodDetails">
                     <div>
                        <b>Name: </b>isSkipped
                     </div>
                     <div>
                        <b>Signature: </b>isSkipped()
                     </div>
                     <div>
                        <b>Start time: </b>14:08:23
                     </div>
                     <div>
                        <b>End time: </b>14:08:23
                     </div>
                     <div>
                        <b>Duration: </b>0 ms
                        
                     </div>
                  </div>
               </td>
            </tr>
            <tr>
               <td colspan="4" class="detailsBox">
                  <div id="publish_Content.BlogPost_isSkipped_byClass_SKIP1_exception"
                       class="testMethodDetails">
                     <pre style="padding: 5px; margin: 0;">org.testng.SkipException: Test will be Skiped as Run Mode is Set to 'N' in Test Data xls File.
                        	at publish_Content.BlogPost.isSkipped(Unknown Source)
                        	at sun.reflect.NativeMethodAccessorImpl.invoke0(Native Method)
                        	at sun.reflect.NativeMethodAccessorImpl.invoke(NativeMethodAccessorImpl.java:39)
                        	at sun.reflect.DelegatingMethodAccessorImpl.invoke(DelegatingMethodAccessorImpl.java:25)
                        	at java.lang.reflect.Method.invoke(Method.java:597)
                        	at org.testng.internal.MethodInvocationHelper.invokeMethod(MethodInvocationHelper.java:76)
                        	at org.testng.internal.Invoker.invokeConfigurationMethod(Invoker.java:525)
                        	at org.testng.internal.Invoker.invokeConfigurations(Invoker.java:202)
                        	at org.testng.internal.Invoker.invokeConfigurations(Invoker.java:130)
                        	at org.testng.TestRunner.beforeRun(TestRunner.java:624)
                        	at org.testng.TestRunner.run(TestRunner.java:592)
                        	at org.testng.SuiteRunner.runTest(SuiteRunner.java:317)
                        	at org.testng.SuiteRunner.runSequentially(SuiteRunner.java:312)
                        	at org.testng.SuiteRunner.privateRun(SuiteRunner.java:274)
                        	at org.testng.SuiteRunner.run(SuiteRunner.java:223)
                        	at org.testng.SuiteRunnerWorker.runSuite(SuiteRunnerWorker.java:52)
                        	at org.testng.SuiteRunnerWorker.run(SuiteRunnerWorker.java:86)
                        	at org.testng.TestNG.runSuitesSequentially(TestNG.java:1039)
                        	at org.testng.TestNG.runSuitesLocally(TestNG.java:964)
                        	at org.testng.TestNG.run(TestNG.java:900)
                        	at org.testng.TestNG.privateMain(TestNG.java:1182)
                        	at org.testng.TestNG.main(TestNG.java:1146)
                     </pre>
                  </div>
               </td>
            </tr>
            <tr id="publish_Content.BlogPost_closeBrowser_byClass_SKIP2_row"
                class="testMethodStatusSKIP testMethodStatusCONF">
               <td width="100%" class="firstMethodCell">
                  <a onclick="toggleDetailsVisibility('publish_Content.BlogPost_closeBrowser_byClass_SKIP2_details')">closeBrowser()</a>
               </td>
               <td nowrap="true">14:08:23</td>
               <td nowrap="true" align="right">0 ms
                  
               </td>
               <td nowrap="true">
                   
                  
               </td>
            </tr>
            <tr>
               <td colspan="4" class="detailsBox">
                  <div id="publish_Content.BlogPost_closeBrowser_byClass_SKIP2_details"
                       class="testMethodDetails">
                     <div>
                        <b>Name: </b>closeBrowser
                     </div>
                     <div>
                        <b>Signature: </b>closeBrowser()
                     </div>
                     <div>
                        <b>Start time: </b>14:08:23
                     </div>
                     <div>
                        <b>End time: </b>14:08:23
                     </div>
                     <div>
                        <b>Duration: </b>0 ms
                        
                     </div>
                  </div>
               </td>
            </tr>
            <tr></tr>
            <tr id="publish_Content.BlogPost_publishBlogPost_byClass_SKIP3_row"
                class="testMethodStatusSKIP">
               <td width="100%" class="firstMethodCell">
                  <a onclick="toggleDetailsVisibility('publish_Content.BlogPost_publishBlogPost_byClass_SKIP3_details')">publishBlogPost()</a>
               </td>
               <td nowrap="true">14:08:23</td>
               <td nowrap="true" align="right">0 ms
                  
               </td>
               <td nowrap="true">
                   
                  
               </td>
            </tr>
            <tr>
               <td colspan="4" class="detailsBox">
                  <div id="publish_Content.BlogPost_publishBlogPost_byClass_SKIP3_details"
                       class="testMethodDetails">
                     <div>
                        <b>Name: </b>publishBlogPost
                     </div>
                     <div>
                        <b>Signature: </b>publishBlogPost()
                     </div>
                     <div>
                        <b>Start time: </b>14:08:23
                     </div>
                     <div>
                        <b>End time: </b>14:08:23
                     </div>
                     <div>
                        <b>Duration: </b>0 ms
                        
                     </div>
                  </div>
               </td>
            </tr>
            <tr></tr>
         </table>
         <br></br>
         <table class="testMethodsTable" cellpadding="0" cellspacing="0">
            <tr>
               <td colspan="4">
                  <h3 style="display: inline;">publish_Content.PhotoGallery</h3>
               </td>
            </tr>
            <tr class="methodsTableHeader">
               <td width="100%">Name</td>
               <td nowrap="true">Started</td>
               <td nowrap="true">Duration</td>
               <td>Exception</td>
            </tr>
            <tr id="publish_Content.PhotoGallery_isSkipped_byClass_PASS1_row"
                class="testMethodStatusPASS testMethodStatusCONF">
               <td width="100%" class="firstMethodCell">
                  <a onclick="toggleDetailsVisibility('publish_Content.PhotoGallery_isSkipped_byClass_PASS1_details')">isSkipped()</a>
               </td>
               <td nowrap="true">14:08:23</td>
               <td nowrap="true" align="right">24s
                  
               </td>
               <td nowrap="true">
                   
                  
               </td>
            </tr>
            <tr>
               <td colspan="4" class="detailsBox">
                  <div id="publish_Content.PhotoGallery_isSkipped_byClass_PASS1_details"
                       class="testMethodDetails">
                     <div>
                        <b>Name: </b>isSkipped
                     </div>
                     <div>
                        <b>Signature: </b>isSkipped()
                     </div>
                     <div>
                        <b>Start time: </b>14:08:23
                     </div>
                     <div>
                        <b>End time: </b>14:08:46
                     </div>
                     <div>
                        <b>Duration: </b>24s
                        
                     </div>
                  </div>
               </td>
            </tr>
            <tr></tr>
            <tr id="publish_Content.PhotoGallery_publishPhotoGallery_byClass_FAIL2_row"
                class="testMethodStatusFAIL">
               <td width="100%" class="firstMethodCell">
                  <a onclick="toggleDetailsVisibility('publish_Content.PhotoGallery_publishPhotoGallery_byClass_FAIL2_details')">publishPhotoGallery()</a>
               </td>
               <td nowrap="true">14:08:46</td>
               <td nowrap="true" align="right">2m
                  39s
                  
               </td>
               <td nowrap="true">
                  <a onclick="toggleDetailsVisibility('publish_Content.PhotoGallery_publishPhotoGallery_byClass_FAIL2_exception')">java.lang.Throwable: 
                     Multiple failures (2):
                     
                     Failure 1 of 2:
                     org.openqa.selenium.IllegalLocatorException: Compound class names are not supported. Consider searching for one class name
                     and filtering the results.
                     Build info: version: '2.16.1', revision: '15405', time: '2012-01-05 12:23:54'
                     System info: os.name: 'Windows XP', os.arch: 'x86', os.version: '5.1', java.version: '1.6.0_29-ea'
                     Driver info: driver.version: unknown
                     	at org.openqa.selenium.By.className(By.java:132)
                     	at util.UtilFunction.getWebelement(Unknown Source)
                     	at util.UtilFunction.searchContent(Unknown Source)
                     	at publish_Content.PhotoGallery.publishPhotoGallery(Unknown Source)
                     	at sun.reflect.NativeMethodAccessorImpl.invoke0(Native Method)
                     	at sun.reflect.NativeMethodAccessorImpl.invoke(NativeMethodAccessorImpl.java:39)
                     	at sun.reflect.DelegatingMethodAccessorImpl.invoke(DelegatingMethodAccessorImpl.java:25)
                     	at java.lang.reflect.Method.invoke(Method.java:597)
                     	at org.testng.internal.MethodInvocationHelper.invokeMethod(MethodInvocationHelper.java:76)
                     	at org.testng.internal.Invoker.invokeMethod(Invoker.java:673)
                     	at org.testng.internal.Invoker.invokeTestMethod(Invoker.java:846)
                     	at org.testng.internal.Invoker.invokeTestMethods(Invoker.java:1170)
                     	at org.testng.internal.TestMethodWorker.invokeTestMethods(TestMethodWorker.java:125)
                     	at org.testng.internal.TestMethodWorker.run(TestMethodWorker.java:109)
                     	at org.testng.TestRunner.runWorkers(TestRunner.java:1147)
                     	at org.testng.TestRunner.privateRun(TestRunner.java:749)
                     	at org.testng.TestRunner.run(TestRunner.java:600)
                     	at org.testng.SuiteRunner.runTest(SuiteRunner.java:317)
                     	at org.testng.SuiteRunner.runSequentially(SuiteRunner.java:312)
                     	at org.testng.SuiteRunner.privateRun(SuiteRunner.java:274)
                     	at org.testng.SuiteRunner.run(SuiteRunner.java:223)
                     	at org.testng.SuiteRunnerWorker.runSuite(SuiteRunnerWorker.java:52)
                     	at org.testng.SuiteRunnerWorker.run(SuiteRunnerWorker.java:86)
                     	at org.testng.TestNG.runSuitesSequentially(TestNG.java:1039)
                     	at org.testng.TestNG.runSuitesLocally(TestNG.java:964)
                     	at org.testng.TestNG.run(TestNG.java:900)
                     	at org.testng.TestNG.privateMain(TestNG.java:1182)
                     	at org.testng.TestNG.main(TestNG.java:1146)
                     
                     
                     Failure 2 of 2:
                     java.lang.NullPointerException
                     
                  </a>
                   
                  
               </td>
            </tr>
            <tr>
               <td colspan="4" class="detailsBox">
                  <div id="publish_Content.PhotoGallery_publishPhotoGallery_byClass_FAIL2_details"
                       class="testMethodDetails">
                     <div>
                        <b>Name: </b>publishPhotoGallery
                     </div>
                     <div>
                        <b>Signature: </b>publishPhotoGallery()
                     </div>
                     <div>
                        <b>Start time: </b>14:08:46
                     </div>
                     <div>
                        <b>End time: </b>14:10:26
                     </div>
                     <div>
                        <b>Duration: </b>2m
                        39s
                        
                     </div>
                  </div>
               </td>
            </tr>
            <tr>
               <td colspan="4" class="detailsBox">
                  <div id="publish_Content.PhotoGallery_publishPhotoGallery_byClass_FAIL2_exception"
                       class="testMethodDetails">
                     <pre style="padding: 5px; margin: 0;">java.lang.Throwable: Multiple failures (2):
                        
                        Failure 1 of 2:
                        org.openqa.selenium.IllegalLocatorException: Compound class names are not supported. Consider searching for one class name
                        and filtering the results.
                        Build info: version: '2.16.1', revision: '15405', time: '2012-01-05 12:23:54'
                        System info: os.name: 'Windows XP', os.arch: 'x86', os.version: '5.1', java.version: '1.6.0_29-ea'
                        Driver info: driver.version: unknown
                        	at org.openqa.selenium.By.className(By.java:132)
                        	at util.UtilFunction.getWebelement(Unknown Source)
                        	at util.UtilFunction.searchContent(Unknown Source)
                        	at publish_Content.PhotoGallery.publishPhotoGallery(Unknown Source)
                        	at sun.reflect.NativeMethodAccessorImpl.invoke0(Native Method)
                        	at sun.reflect.NativeMethodAccessorImpl.invoke(NativeMethodAccessorImpl.java:39)
                        	at sun.reflect.DelegatingMethodAccessorImpl.invoke(DelegatingMethodAccessorImpl.java:25)
                        	at java.lang.reflect.Method.invoke(Method.java:597)
                        	at org.testng.internal.MethodInvocationHelper.invokeMethod(MethodInvocationHelper.java:76)
                        	at org.testng.internal.Invoker.invokeMethod(Invoker.java:673)
                        	at org.testng.internal.Invoker.invokeTestMethod(Invoker.java:846)
                        	at org.testng.internal.Invoker.invokeTestMethods(Invoker.java:1170)
                        	at org.testng.internal.TestMethodWorker.invokeTestMethods(TestMethodWorker.java:125)
                        	at org.testng.internal.TestMethodWorker.run(TestMethodWorker.java:109)
                        	at org.testng.TestRunner.runWorkers(TestRunner.java:1147)
                        	at org.testng.TestRunner.privateRun(TestRunner.java:749)
                        	at org.testng.TestRunner.run(TestRunner.java:600)
                        	at org.testng.SuiteRunner.runTest(SuiteRunner.java:317)
                        	at org.testng.SuiteRunner.runSequentially(SuiteRunner.java:312)
                        	at org.testng.SuiteRunner.privateRun(SuiteRunner.java:274)
                        	at org.testng.SuiteRunner.run(SuiteRunner.java:223)
                        	at org.testng.SuiteRunnerWorker.runSuite(SuiteRunnerWorker.java:52)
                        	at org.testng.SuiteRunnerWorker.run(SuiteRunnerWorker.java:86)
                        	at org.testng.TestNG.runSuitesSequentially(TestNG.java:1039)
                        	at org.testng.TestNG.runSuitesLocally(TestNG.java:964)
                        	at org.testng.TestNG.run(TestNG.java:900)
                        	at org.testng.TestNG.privateMain(TestNG.java:1182)
                        	at org.testng.TestNG.main(TestNG.java:1146)
                        
                        
                        Failure 2 of 2:
                        java.lang.NullPointerException
                        	at util.UtilFunction.searchContent(Unknown Source)
                        	at publish_Content.PhotoGallery.publishPhotoGallery(Unknown Source)
                        	at sun.reflect.NativeMethodAccessorImpl.invoke0(Native Method)
                        	at sun.reflect.NativeMethodAccessorImpl.invoke(NativeMethodAccessorImpl.java:39)
                        	at sun.reflect.DelegatingMethodAccessorImpl.invoke(DelegatingMethodAccessorImpl.java:25)
                        	at java.lang.reflect.Method.invoke(Method.java:597)
                        	at org.testng.internal.MethodInvocationHelper.invokeMethod(MethodInvocationHelper.java:76)
                        	at org.testng.internal.Invoker.invokeMethod(Invoker.java:673)
                        	at org.testng.internal.Invoker.invokeTestMethod(Invoker.java:846)
                        	at org.testng.internal.Invoker.invokeTestMethods(Invoker.java:1170)
                        	at org.testng.internal.TestMethodWorker.invokeTestMethods(TestMethodWorker.java:125)
                        	at org.testng.internal.TestMethodWorker.run(TestMethodWorker.java:109)
                        	at org.testng.TestRunner.runWorkers(TestRunner.java:1147)
                        	at org.testng.TestRunner.privateRun(TestRunner.java:749)
                        	at org.testng.TestRunner.run(TestRunner.java:600)
                        	at org.testng.SuiteRunner.runTest(SuiteRunner.java:317)
                        	at org.testng.SuiteRunner.runSequentially(SuiteRunner.java:312)
                        	at org.testng.SuiteRunner.privateRun(SuiteRunner.java:274)
                        	at org.testng.SuiteRunner.run(SuiteRunner.java:223)
                        	at org.testng.SuiteRunnerWorker.runSuite(SuiteRunnerWorker.java:52)
                        	at org.testng.SuiteRunnerWorker.run(SuiteRunnerWorker.java:86)
                        	at org.testng.TestNG.runSuitesSequentially(TestNG.java:1039)
                        	at org.testng.TestNG.runSuitesLocally(TestNG.java:964)
                        	at org.testng.TestNG.run(TestNG.java:900)
                        	at org.testng.TestNG.privateMain(TestNG.java:1182)
                        	at org.testng.TestNG.main(TestNG.java:1146)
                     </pre>
                  </div>
               </td>
            </tr>
            <tr id="publish_Content.PhotoGallery_closeBrowser_byClass_PASS3_row"
                class="testMethodStatusPASS testMethodStatusCONF">
               <td width="100%" class="firstMethodCell">
                  <a onclick="toggleDetailsVisibility('publish_Content.PhotoGallery_closeBrowser_byClass_PASS3_details')">closeBrowser()</a>
               </td>
               <td nowrap="true">14:10:26</td>
               <td nowrap="true" align="right">359 ms
                  
               </td>
               <td nowrap="true">
                   
                  
               </td>
            </tr>
            <tr>
               <td colspan="4" class="detailsBox">
                  <div id="publish_Content.PhotoGallery_closeBrowser_byClass_PASS3_details"
                       class="testMethodDetails">
                     <div>
                        <b>Name: </b>closeBrowser
                     </div>
                     <div>
                        <b>Signature: </b>closeBrowser()
                     </div>
                     <div>
                        <b>Start time: </b>14:10:26
                     </div>
                     <div>
                        <b>End time: </b>14:10:26
                     </div>
                     <div>
                        <b>Duration: </b>359 ms
                        
                     </div>
                  </div>
               </td>
            </tr>
            <tr></tr>
         </table>
         <br></br>
         <table class="testMethodsTable" cellpadding="0" cellspacing="0">
            <tr>
               <td colspan="4">
                  <h3 style="display: inline;">savedraft_Content.Article</h3>
               </td>
            </tr>
            <tr class="methodsTableHeader">
               <td width="100%">Name</td>
               <td nowrap="true">Started</td>
               <td nowrap="true">Duration</td>
               <td>Exception</td>
            </tr>
            <tr id="savedraft_Content.Article_isSkipped_byClass_SKIP1_row"
                class="testMethodStatusSKIP testMethodStatusCONF">
               <td width="100%" class="firstMethodCell">
                  <a onclick="toggleDetailsVisibility('savedraft_Content.Article_isSkipped_byClass_SKIP1_details')">isSkipped()</a>
               </td>
               <td nowrap="true">14:08:22</td>
               <td nowrap="true" align="right">0 ms
                  
               </td>
               <td nowrap="true">
                  <a onclick="toggleDetailsVisibility('savedraft_Content.Article_isSkipped_byClass_SKIP1_exception')">org.testng.SkipException: 
                     Test will be Skiped as Run Mode is Set to 'N' in Test Data xls File.
                     
                  </a>
                   
                  
               </td>
            </tr>
            <tr>
               <td colspan="4" class="detailsBox">
                  <div id="savedraft_Content.Article_isSkipped_byClass_SKIP1_details"
                       class="testMethodDetails">
                     <div>
                        <b>Name: </b>isSkipped
                     </div>
                     <div>
                        <b>Signature: </b>isSkipped()
                     </div>
                     <div>
                        <b>Start time: </b>14:08:22
                     </div>
                     <div>
                        <b>End time: </b>14:08:22
                     </div>
                     <div>
                        <b>Duration: </b>0 ms
                        
                     </div>
                  </div>
               </td>
            </tr>
            <tr>
               <td colspan="4" class="detailsBox">
                  <div id="savedraft_Content.Article_isSkipped_byClass_SKIP1_exception"
                       class="testMethodDetails">
                     <pre style="padding: 5px; margin: 0;">org.testng.SkipException: Test will be Skiped as Run Mode is Set to 'N' in Test Data xls File.
                        	at savedraft_Content.Article.isSkipped(Unknown Source)
                        	at sun.reflect.NativeMethodAccessorImpl.invoke0(Native Method)
                        	at sun.reflect.NativeMethodAccessorImpl.invoke(NativeMethodAccessorImpl.java:39)
                        	at sun.reflect.DelegatingMethodAccessorImpl.invoke(DelegatingMethodAccessorImpl.java:25)
                        	at java.lang.reflect.Method.invoke(Method.java:597)
                        	at org.testng.internal.MethodInvocationHelper.invokeMethod(MethodInvocationHelper.java:76)
                        	at org.testng.internal.Invoker.invokeConfigurationMethod(Invoker.java:525)
                        	at org.testng.internal.Invoker.invokeConfigurations(Invoker.java:202)
                        	at org.testng.internal.Invoker.invokeConfigurations(Invoker.java:130)
                        	at org.testng.TestRunner.beforeRun(TestRunner.java:624)
                        	at org.testng.TestRunner.run(TestRunner.java:592)
                        	at org.testng.SuiteRunner.runTest(SuiteRunner.java:317)
                        	at org.testng.SuiteRunner.runSequentially(SuiteRunner.java:312)
                        	at org.testng.SuiteRunner.privateRun(SuiteRunner.java:274)
                        	at org.testng.SuiteRunner.run(SuiteRunner.java:223)
                        	at org.testng.SuiteRunnerWorker.runSuite(SuiteRunnerWorker.java:52)
                        	at org.testng.SuiteRunnerWorker.run(SuiteRunnerWorker.java:86)
                        	at org.testng.TestNG.runSuitesSequentially(TestNG.java:1039)
                        	at org.testng.TestNG.runSuitesLocally(TestNG.java:964)
                        	at org.testng.TestNG.run(TestNG.java:900)
                        	at org.testng.TestNG.privateMain(TestNG.java:1182)
                        	at org.testng.TestNG.main(TestNG.java:1146)
                     </pre>
                  </div>
               </td>
            </tr>
            <tr id="savedraft_Content.Article_saveArticle_byClass_SKIP2_row"
                class="testMethodStatusSKIP">
               <td width="100%" class="firstMethodCell">
                  <a onclick="toggleDetailsVisibility('savedraft_Content.Article_saveArticle_byClass_SKIP2_details')">saveArticle()</a>
               </td>
               <td nowrap="true">14:08:22</td>
               <td nowrap="true" align="right">0 ms
                  
               </td>
               <td nowrap="true">
                   
                  
               </td>
            </tr>
            <tr>
               <td colspan="4" class="detailsBox">
                  <div id="savedraft_Content.Article_saveArticle_byClass_SKIP2_details"
                       class="testMethodDetails">
                     <div>
                        <b>Name: </b>saveArticle
                     </div>
                     <div>
                        <b>Signature: </b>saveArticle()
                     </div>
                     <div>
                        <b>Start time: </b>14:08:22
                     </div>
                     <div>
                        <b>End time: </b>14:08:22
                     </div>
                     <div>
                        <b>Duration: </b>0 ms
                        
                     </div>
                  </div>
               </td>
            </tr>
            <tr></tr>
            <tr id="savedraft_Content.Article_closeBrowser_byClass_SKIP3_row"
                class="testMethodStatusSKIP testMethodStatusCONF">
               <td width="100%" class="firstMethodCell">
                  <a onclick="toggleDetailsVisibility('savedraft_Content.Article_closeBrowser_byClass_SKIP3_details')">closeBrowser()</a>
               </td>
               <td nowrap="true">14:08:22</td>
               <td nowrap="true" align="right">0 ms
                  
               </td>
               <td nowrap="true">
                   
                  
               </td>
            </tr>
            <tr>
               <td colspan="4" class="detailsBox">
                  <div id="savedraft_Content.Article_closeBrowser_byClass_SKIP3_details"
                       class="testMethodDetails">
                     <div>
                        <b>Name: </b>closeBrowser
                     </div>
                     <div>
                        <b>Signature: </b>closeBrowser()
                     </div>
                     <div>
                        <b>Start time: </b>14:08:22
                     </div>
                     <div>
                        <b>End time: </b>14:08:22
                     </div>
                     <div>
                        <b>Duration: </b>0 ms
                        
                     </div>
                  </div>
               </td>
            </tr>
            <tr></tr>
         </table>
         <br></br>
         <table class="testMethodsTable" cellpadding="0" cellspacing="0">
            <tr>
               <td colspan="4">
                  <h3 style="display: inline;">savedraft_Content.BlogPost</h3>
               </td>
            </tr>
            <tr class="methodsTableHeader">
               <td width="100%">Name</td>
               <td nowrap="true">Started</td>
               <td nowrap="true">Duration</td>
               <td>Exception</td>
            </tr>
            <tr id="savedraft_Content.BlogPost_isSkipped_byClass_SKIP1_row"
                class="testMethodStatusSKIP testMethodStatusCONF">
               <td width="100%" class="firstMethodCell">
                  <a onclick="toggleDetailsVisibility('savedraft_Content.BlogPost_isSkipped_byClass_SKIP1_details')">isSkipped()</a>
               </td>
               <td nowrap="true">14:08:23</td>
               <td nowrap="true" align="right">0 ms
                  
               </td>
               <td nowrap="true">
                  <a onclick="toggleDetailsVisibility('savedraft_Content.BlogPost_isSkipped_byClass_SKIP1_exception')">org.testng.SkipException: 
                     Test will be Skiped as Run Mode is Set to 'N' in Test Data xls File.
                     
                  </a>
                   
                  
               </td>
            </tr>
            <tr>
               <td colspan="4" class="detailsBox">
                  <div id="savedraft_Content.BlogPost_isSkipped_byClass_SKIP1_details"
                       class="testMethodDetails">
                     <div>
                        <b>Name: </b>isSkipped
                     </div>
                     <div>
                        <b>Signature: </b>isSkipped()
                     </div>
                     <div>
                        <b>Start time: </b>14:08:23
                     </div>
                     <div>
                        <b>End time: </b>14:08:23
                     </div>
                     <div>
                        <b>Duration: </b>0 ms
                        
                     </div>
                  </div>
               </td>
            </tr>
            <tr>
               <td colspan="4" class="detailsBox">
                  <div id="savedraft_Content.BlogPost_isSkipped_byClass_SKIP1_exception"
                       class="testMethodDetails">
                     <pre style="padding: 5px; margin: 0;">org.testng.SkipException: Test will be Skiped as Run Mode is Set to 'N' in Test Data xls File.
                        	at savedraft_Content.BlogPost.isSkipped(Unknown Source)
                        	at sun.reflect.NativeMethodAccessorImpl.invoke0(Native Method)
                        	at sun.reflect.NativeMethodAccessorImpl.invoke(NativeMethodAccessorImpl.java:39)
                        	at sun.reflect.DelegatingMethodAccessorImpl.invoke(DelegatingMethodAccessorImpl.java:25)
                        	at java.lang.reflect.Method.invoke(Method.java:597)
                        	at org.testng.internal.MethodInvocationHelper.invokeMethod(MethodInvocationHelper.java:76)
                        	at org.testng.internal.Invoker.invokeConfigurationMethod(Invoker.java:525)
                        	at org.testng.internal.Invoker.invokeConfigurations(Invoker.java:202)
                        	at org.testng.internal.Invoker.invokeConfigurations(Invoker.java:130)
                        	at org.testng.TestRunner.beforeRun(TestRunner.java:624)
                        	at org.testng.TestRunner.run(TestRunner.java:592)
                        	at org.testng.SuiteRunner.runTest(SuiteRunner.java:317)
                        	at org.testng.SuiteRunner.runSequentially(SuiteRunner.java:312)
                        	at org.testng.SuiteRunner.privateRun(SuiteRunner.java:274)
                        	at org.testng.SuiteRunner.run(SuiteRunner.java:223)
                        	at org.testng.SuiteRunnerWorker.runSuite(SuiteRunnerWorker.java:52)
                        	at org.testng.SuiteRunnerWorker.run(SuiteRunnerWorker.java:86)
                        	at org.testng.TestNG.runSuitesSequentially(TestNG.java:1039)
                        	at org.testng.TestNG.runSuitesLocally(TestNG.java:964)
                        	at org.testng.TestNG.run(TestNG.java:900)
                        	at org.testng.TestNG.privateMain(TestNG.java:1182)
                        	at org.testng.TestNG.main(TestNG.java:1146)
                     </pre>
                  </div>
               </td>
            </tr>
            <tr id="savedraft_Content.BlogPost_saveBlogPost_byClass_SKIP2_row"
                class="testMethodStatusSKIP">
               <td width="100%" class="firstMethodCell">
                  <a onclick="toggleDetailsVisibility('savedraft_Content.BlogPost_saveBlogPost_byClass_SKIP2_details')">saveBlogPost()</a>
               </td>
               <td nowrap="true">14:08:23</td>
               <td nowrap="true" align="right">0 ms
                  
               </td>
               <td nowrap="true">
                   
                  
               </td>
            </tr>
            <tr>
               <td colspan="4" class="detailsBox">
                  <div id="savedraft_Content.BlogPost_saveBlogPost_byClass_SKIP2_details"
                       class="testMethodDetails">
                     <div>
                        <b>Name: </b>saveBlogPost
                     </div>
                     <div>
                        <b>Signature: </b>saveBlogPost()
                     </div>
                     <div>
                        <b>Start time: </b>14:08:23
                     </div>
                     <div>
                        <b>End time: </b>14:08:23
                     </div>
                     <div>
                        <b>Duration: </b>0 ms
                        
                     </div>
                  </div>
               </td>
            </tr>
            <tr></tr>
            <tr id="savedraft_Content.BlogPost_closeBrowser_byClass_SKIP3_row"
                class="testMethodStatusSKIP testMethodStatusCONF">
               <td width="100%" class="firstMethodCell">
                  <a onclick="toggleDetailsVisibility('savedraft_Content.BlogPost_closeBrowser_byClass_SKIP3_details')">closeBrowser()</a>
               </td>
               <td nowrap="true">14:08:23</td>
               <td nowrap="true" align="right">0 ms
                  
               </td>
               <td nowrap="true">
                   
                  
               </td>
            </tr>
            <tr>
               <td colspan="4" class="detailsBox">
                  <div id="savedraft_Content.BlogPost_closeBrowser_byClass_SKIP3_details"
                       class="testMethodDetails">
                     <div>
                        <b>Name: </b>closeBrowser
                     </div>
                     <div>
                        <b>Signature: </b>closeBrowser()
                     </div>
                     <div>
                        <b>Start time: </b>14:08:23
                     </div>
                     <div>
                        <b>End time: </b>14:08:23
                     </div>
                     <div>
                        <b>Duration: </b>0 ms
                        
                     </div>
                  </div>
               </td>
            </tr>
            <tr></tr>
         </table>
         <br></br>
         <table class="testMethodsTable" cellpadding="0" cellspacing="0">
            <tr>
               <td colspan="4">
                  <h3 style="display: inline;">savedraft_Content.PhotoGallery</h3>
               </td>
            </tr>
            <tr class="methodsTableHeader">
               <td width="100%">Name</td>
               <td nowrap="true">Started</td>
               <td nowrap="true">Duration</td>
               <td>Exception</td>
            </tr>
            <tr id="savedraft_Content.PhotoGallery_isSkipped_byClass_PASS1_row"
                class="testMethodStatusPASS testMethodStatusCONF">
               <td width="100%" class="firstMethodCell">
                  <a onclick="toggleDetailsVisibility('savedraft_Content.PhotoGallery_isSkipped_byClass_PASS1_details')">isSkipped()</a>
               </td>
               <td nowrap="true">14:10:26</td>
               <td nowrap="true" align="right">22s
                  
               </td>
               <td nowrap="true">
                   
                  
               </td>
            </tr>
            <tr>
               <td colspan="4" class="detailsBox">
                  <div id="savedraft_Content.PhotoGallery_isSkipped_byClass_PASS1_details"
                       class="testMethodDetails">
                     <div>
                        <b>Name: </b>isSkipped
                     </div>
                     <div>
                        <b>Signature: </b>isSkipped()
                     </div>
                     <div>
                        <b>Start time: </b>14:10:26
                     </div>
                     <div>
                        <b>End time: </b>14:10:48
                     </div>
                     <div>
                        <b>Duration: </b>22s
                        
                     </div>
                  </div>
               </td>
            </tr>
            <tr></tr>
            <tr id="savedraft_Content.PhotoGallery_savePhotoGallery_byClass_FAIL2_row"
                class="testMethodStatusFAIL">
               <td width="100%" class="firstMethodCell">
                  <a onclick="toggleDetailsVisibility('savedraft_Content.PhotoGallery_savePhotoGallery_byClass_FAIL2_details')">savePhotoGallery()</a>
               </td>
               <td nowrap="true">14:10:48</td>
               <td nowrap="true" align="right">2m
                  5s
                  
               </td>
               <td nowrap="true">
                  <a onclick="toggleDetailsVisibility('savedraft_Content.PhotoGallery_savePhotoGallery_byClass_FAIL2_exception')">java.lang.Throwable: 
                     Multiple failures (2):
                     
                     Failure 1 of 2:
                     org.openqa.selenium.IllegalLocatorException: Compound class names are not supported. Consider searching for one class name
                     and filtering the results.
                     Build info: version: '2.16.1', revision: '15405', time: '2012-01-05 12:23:54'
                     System info: os.name: 'Windows XP', os.arch: 'x86', os.version: '5.1', java.version: '1.6.0_29-ea'
                     Driver info: driver.version: unknown
                     	at org.openqa.selenium.By.className(By.java:132)
                     	at util.UtilFunction.getWebelement(Unknown Source)
                     	at util.UtilFunction.searchContent(Unknown Source)
                     	at savedraft_Content.PhotoGallery.savePhotoGallery(Unknown Source)
                     	at sun.reflect.NativeMethodAccessorImpl.invoke0(Native Method)
                     	at sun.reflect.NativeMethodAccessorImpl.invoke(NativeMethodAccessorImpl.java:39)
                     	at sun.reflect.DelegatingMethodAccessorImpl.invoke(DelegatingMethodAccessorImpl.java:25)
                     	at java.lang.reflect.Method.invoke(Method.java:597)
                     	at org.testng.internal.MethodInvocationHelper.invokeMethod(MethodInvocationHelper.java:76)
                     	at org.testng.internal.Invoker.invokeMethod(Invoker.java:673)
                     	at org.testng.internal.Invoker.invokeTestMethod(Invoker.java:846)
                     	at org.testng.internal.Invoker.invokeTestMethods(Invoker.java:1170)
                     	at org.testng.internal.TestMethodWorker.invokeTestMethods(TestMethodWorker.java:125)
                     	at org.testng.internal.TestMethodWorker.run(TestMethodWorker.java:109)
                     	at org.testng.TestRunner.runWorkers(TestRunner.java:1147)
                     	at org.testng.TestRunner.privateRun(TestRunner.java:749)
                     	at org.testng.TestRunner.run(TestRunner.java:600)
                     	at org.testng.SuiteRunner.runTest(SuiteRunner.java:317)
                     	at org.testng.SuiteRunner.runSequentially(SuiteRunner.java:312)
                     	at org.testng.SuiteRunner.privateRun(SuiteRunner.java:274)
                     	at org.testng.SuiteRunner.run(SuiteRunner.java:223)
                     	at org.testng.SuiteRunnerWorker.runSuite(SuiteRunnerWorker.java:52)
                     	at org.testng.SuiteRunnerWorker.run(SuiteRunnerWorker.java:86)
                     	at org.testng.TestNG.runSuitesSequentially(TestNG.java:1039)
                     	at org.testng.TestNG.runSuitesLocally(TestNG.java:964)
                     	at org.testng.TestNG.run(TestNG.java:900)
                     	at org.testng.TestNG.privateMain(TestNG.java:1182)
                     	at org.testng.TestNG.main(TestNG.java:1146)
                     
                     
                     Failure 2 of 2:
                     java.lang.NullPointerException
                     
                  </a>
                   
                  
               </td>
            </tr>
            <tr>
               <td colspan="4" class="detailsBox">
                  <div id="savedraft_Content.PhotoGallery_savePhotoGallery_byClass_FAIL2_details"
                       class="testMethodDetails">
                     <div>
                        <b>Name: </b>savePhotoGallery
                     </div>
                     <div>
                        <b>Signature: </b>savePhotoGallery()
                     </div>
                     <div>
                        <b>Start time: </b>14:10:48
                     </div>
                     <div>
                        <b>End time: </b>14:12:52
                     </div>
                     <div>
                        <b>Duration: </b>2m
                        5s
                        
                     </div>
                  </div>
               </td>
            </tr>
            <tr>
               <td colspan="4" class="detailsBox">
                  <div id="savedraft_Content.PhotoGallery_savePhotoGallery_byClass_FAIL2_exception"
                       class="testMethodDetails">
                     <pre style="padding: 5px; margin: 0;">java.lang.Throwable: Multiple failures (2):
                        
                        Failure 1 of 2:
                        org.openqa.selenium.IllegalLocatorException: Compound class names are not supported. Consider searching for one class name
                        and filtering the results.
                        Build info: version: '2.16.1', revision: '15405', time: '2012-01-05 12:23:54'
                        System info: os.name: 'Windows XP', os.arch: 'x86', os.version: '5.1', java.version: '1.6.0_29-ea'
                        Driver info: driver.version: unknown
                        	at org.openqa.selenium.By.className(By.java:132)
                        	at util.UtilFunction.getWebelement(Unknown Source)
                        	at util.UtilFunction.searchContent(Unknown Source)
                        	at savedraft_Content.PhotoGallery.savePhotoGallery(Unknown Source)
                        	at sun.reflect.NativeMethodAccessorImpl.invoke0(Native Method)
                        	at sun.reflect.NativeMethodAccessorImpl.invoke(NativeMethodAccessorImpl.java:39)
                        	at sun.reflect.DelegatingMethodAccessorImpl.invoke(DelegatingMethodAccessorImpl.java:25)
                        	at java.lang.reflect.Method.invoke(Method.java:597)
                        	at org.testng.internal.MethodInvocationHelper.invokeMethod(MethodInvocationHelper.java:76)
                        	at org.testng.internal.Invoker.invokeMethod(Invoker.java:673)
                        	at org.testng.internal.Invoker.invokeTestMethod(Invoker.java:846)
                        	at org.testng.internal.Invoker.invokeTestMethods(Invoker.java:1170)
                        	at org.testng.internal.TestMethodWorker.invokeTestMethods(TestMethodWorker.java:125)
                        	at org.testng.internal.TestMethodWorker.run(TestMethodWorker.java:109)
                        	at org.testng.TestRunner.runWorkers(TestRunner.java:1147)
                        	at org.testng.TestRunner.privateRun(TestRunner.java:749)
                        	at org.testng.TestRunner.run(TestRunner.java:600)
                        	at org.testng.SuiteRunner.runTest(SuiteRunner.java:317)
                        	at org.testng.SuiteRunner.runSequentially(SuiteRunner.java:312)
                        	at org.testng.SuiteRunner.privateRun(SuiteRunner.java:274)
                        	at org.testng.SuiteRunner.run(SuiteRunner.java:223)
                        	at org.testng.SuiteRunnerWorker.runSuite(SuiteRunnerWorker.java:52)
                        	at org.testng.SuiteRunnerWorker.run(SuiteRunnerWorker.java:86)
                        	at org.testng.TestNG.runSuitesSequentially(TestNG.java:1039)
                        	at org.testng.TestNG.runSuitesLocally(TestNG.java:964)
                        	at org.testng.TestNG.run(TestNG.java:900)
                        	at org.testng.TestNG.privateMain(TestNG.java:1182)
                        	at org.testng.TestNG.main(TestNG.java:1146)
                        
                        
                        Failure 2 of 2:
                        java.lang.NullPointerException
                        	at util.UtilFunction.searchContent(Unknown Source)
                        	at savedraft_Content.PhotoGallery.savePhotoGallery(Unknown Source)
                        	at sun.reflect.NativeMethodAccessorImpl.invoke0(Native Method)
                        	at sun.reflect.NativeMethodAccessorImpl.invoke(NativeMethodAccessorImpl.java:39)
                        	at sun.reflect.DelegatingMethodAccessorImpl.invoke(DelegatingMethodAccessorImpl.java:25)
                        	at java.lang.reflect.Method.invoke(Method.java:597)
                        	at org.testng.internal.MethodInvocationHelper.invokeMethod(MethodInvocationHelper.java:76)
                        	at org.testng.internal.Invoker.invokeMethod(Invoker.java:673)
                        	at org.testng.internal.Invoker.invokeTestMethod(Invoker.java:846)
                        	at org.testng.internal.Invoker.invokeTestMethods(Invoker.java:1170)
                        	at org.testng.internal.TestMethodWorker.invokeTestMethods(TestMethodWorker.java:125)
                        	at org.testng.internal.TestMethodWorker.run(TestMethodWorker.java:109)
                        	at org.testng.TestRunner.runWorkers(TestRunner.java:1147)
                        	at org.testng.TestRunner.privateRun(TestRunner.java:749)
                        	at org.testng.TestRunner.run(TestRunner.java:600)
                        	at org.testng.SuiteRunner.runTest(SuiteRunner.java:317)
                        	at org.testng.SuiteRunner.runSequentially(SuiteRunner.java:312)
                        	at org.testng.SuiteRunner.privateRun(SuiteRunner.java:274)
                        	at org.testng.SuiteRunner.run(SuiteRunner.java:223)
                        	at org.testng.SuiteRunnerWorker.runSuite(SuiteRunnerWorker.java:52)
                        	at org.testng.SuiteRunnerWorker.run(SuiteRunnerWorker.java:86)
                        	at org.testng.TestNG.runSuitesSequentially(TestNG.java:1039)
                        	at org.testng.TestNG.runSuitesLocally(TestNG.java:964)
                        	at org.testng.TestNG.run(TestNG.java:900)
                        	at org.testng.TestNG.privateMain(TestNG.java:1182)
                        	at org.testng.TestNG.main(TestNG.java:1146)
                     </pre>
                  </div>
               </td>
            </tr>
            <tr id="savedraft_Content.PhotoGallery_closeBrowser_byClass_PASS3_row"
                class="testMethodStatusPASS testMethodStatusCONF">
               <td width="100%" class="firstMethodCell">
                  <a onclick="toggleDetailsVisibility('savedraft_Content.PhotoGallery_closeBrowser_byClass_PASS3_details')">closeBrowser()</a>
               </td>
               <td nowrap="true">14:12:52</td>
               <td nowrap="true" align="right">203 ms
                  
               </td>
               <td nowrap="true">
                   
                  
               </td>
            </tr>
            <tr>
               <td colspan="4" class="detailsBox">
                  <div id="savedraft_Content.PhotoGallery_closeBrowser_byClass_PASS3_details"
                       class="testMethodDetails">
                     <div>
                        <b>Name: </b>closeBrowser
                     </div>
                     <div>
                        <b>Signature: </b>closeBrowser()
                     </div>
                     <div>
                        <b>Start time: </b>14:12:52
                     </div>
                     <div>
                        <b>End time: </b>14:12:52
                     </div>
                     <div>
                        <b>Duration: </b>203 ms
                        
                     </div>
                  </div>
               </td>
            </tr>
            <tr></tr>
         </table>
         <br></br>
      </div>
      <div style="margin-top: 15px; color: gray; text-align: center; font-size: 9px;">
         Generated with
         
         <a href="http://code.google.com/p/testng-xslt/" style="color: #8888aa;"
            target="_blank">
            TestNG XSLT
            
         </a>
      </div>
   </body>
</html>